2025-10-21 08:51:05.952 +08:00 [INF] TCP服务未启用，数据清理服务将不会启动。
2025-10-21 08:51:06.019 +08:00 [INF] TcpServerService 启动，监听 127.0.0.1:9000
2025-10-21 08:51:06.041 +08:00 [INF] 任务缓存处理器已启动
2025-10-21 08:51:06.131 +08:00 [WRN] Overriding address(es) 'http://localhost:5055'. Binding to endpoints defined via IConfiguration and/or UseKestrel() instead.
2025-10-21 08:51:09.201 +08:00 [WRN] Failed to determine the https port for redirect.
2025-10-21 08:51:36.144 +08:00 [INF] 正在验证用户: admin
2025-10-21 08:51:36.146 +08:00 [INF] 输入的密码: admin123
2025-10-21 08:51:36.147 +08:00 [INF] 数据库中的密码: admin123
2025-10-21 08:51:36.149 +08:00 [INF] 密码验证结果: True
2025-10-21 08:51:36.175 +08:00 [INF] 更新最后登录时间成功
2025-10-21 08:51:36.178 +08:00 [INF] 用户 admin 登录成功
2025-10-21 08:51:36.255 +08:00 [WRN] 查询结果为空
2025-10-21 08:51:45.920 +08:00 [WRN] 查询结果为空
2025-10-21 11:40:40.630 +08:00 [INF] TCP服务未启用，数据清理服务将不会启动。
2025-10-21 11:40:40.690 +08:00 [INF] TcpServerService 启动，监听 127.0.0.1:9000
2025-10-21 11:40:40.713 +08:00 [INF] 任务缓存处理器已启动
2025-10-21 11:40:40.790 +08:00 [WRN] Overriding address(es) 'http://localhost:5055'. Binding to endpoints defined via IConfiguration and/or UseKestrel() instead.
2025-10-21 11:40:44.811 +08:00 [WRN] Failed to determine the https port for redirect.
2025-10-21 11:40:46.945 +08:00 [INF] 正在验证用户: admin
2025-10-21 11:40:46.947 +08:00 [INF] 输入的密码: admin123
2025-10-21 11:40:46.950 +08:00 [INF] 数据库中的密码: admin123
2025-10-21 11:40:46.953 +08:00 [INF] 密码验证结果: True
2025-10-21 11:40:46.979 +08:00 [INF] 更新最后登录时间成功
2025-10-21 11:40:46.982 +08:00 [INF] 用户 admin 登录成功
2025-10-21 11:40:47.054 +08:00 [WRN] 查询结果为空
2025-10-21 11:41:01.196 +08:00 [WRN] 查询结果为空
2025-10-21 11:48:11.712 +08:00 [INF] TCP服务未启用，数据清理服务将不会启动。
2025-10-21 11:48:11.767 +08:00 [INF] TcpServerService 启动，监听 127.0.0.1:9000
2025-10-21 11:48:11.791 +08:00 [INF] 任务缓存处理器已启动
2025-10-21 11:48:11.867 +08:00 [WRN] Overriding address(es) 'http://localhost:5055'. Binding to endpoints defined via IConfiguration and/or UseKestrel() instead.
2025-10-21 11:48:13.658 +08:00 [WRN] Failed to determine the https port for redirect.
2025-10-21 11:48:16.319 +08:00 [INF] 正在验证用户: admin
2025-10-21 11:48:16.322 +08:00 [INF] 输入的密码: admin123
2025-10-21 11:48:16.325 +08:00 [INF] 数据库中的密码: admin123
2025-10-21 11:48:16.328 +08:00 [INF] 密码验证结果: True
2025-10-21 11:48:16.351 +08:00 [INF] 更新最后登录时间成功
2025-10-21 11:48:16.354 +08:00 [INF] 用户 admin 登录成功
2025-10-21 11:48:16.457 +08:00 [WRN] 查询结果为空
2025-10-21 11:48:17.747 +08:00 [WRN] 查询结果为空
2025-10-21 11:48:23.202 +08:00 [WRN] 慢请求检测: GET /DisplayLocation/Index - 2934ms - 来自 ::1
