2026-01-19 13:16:56.488 +08:00 [INF] TCP服务未启用，数据清理服务将不会启动。
2026-01-19 13:16:56.547 +08:00 [INF] TcpServerService 启动，监听 127.0.0.1:9000
2026-01-19 13:16:56.571 +08:00 [INF] 任务缓存处理器已启动
2026-01-19 13:16:56.600 +08:00 [INF] 本次处理 4 个缓存任务
2026-01-19 13:16:56.601 +08:00 [INF] 开始处理缓存任务: Id=150, PalletNumber=20260115151127837, RequestCode=1768461087, RetryCount=5
2026-01-19 13:16:56.625 +08:00 [INF] 完成处理缓存任务: Id=150, PalletNumber=20260115151127837, RequestCode=1768461087
2026-01-19 13:16:56.626 +08:00 [INF] 开始处理缓存任务: Id=151, PalletNumber=20260115151137616, RequestCode=1768461097, RetryCount=5
2026-01-19 13:16:56.628 +08:00 [INF] 完成处理缓存任务: Id=151, PalletNumber=20260115151137616, RequestCode=1768461097
2026-01-19 13:16:56.629 +08:00 [INF] 开始处理缓存任务: Id=152, PalletNumber=20260115151151171, RequestCode=1768461111, RetryCount=13
2026-01-19 13:16:56.632 +08:00 [INF] 检测到点位可用，准备处理缓存任务: RequestCode=1768461111, 起点=06C06, 终点=06A07
2026-01-19 13:16:56.645 +08:00 [INF] 调用AddTaskAsync: PalletNumber=20260115151151171, RequestCode=1768461111, TaskType=manualTask, 起点=06C06, 终点=06A07
2026-01-19 13:16:56.654 +08:00 [INF] 开始处理AddTaskAsync请求: PalletNumber=20260115151151171, RequestCode=1768461111, TaskType=manualTask, 起点=06C06, 终点=06A07, 物料=, 数量=0
2026-01-19 13:16:56.681 +08:00 [INF] 检测到需要拆分的任务（类型2），起点: 06C06
2026-01-19 13:16:56.694 +08:00 [WRN] Overriding address(es) 'http://localhost:5055'. Binding to endpoints defined via IConfiguration and/or UseKestrel() instead.
2026-01-19 13:16:56.703 +08:00 [INF] 开始执行CacheTaskAsync: PalletNumber=20260115151151171, RequestCode=1768461111, 错误信息=中转点 PD002 已被锁定
2026-01-19 13:16:56.707 +08:00 [INF] 发现已存在的缓存任务，将更新而非新增: Id=152, PalletNumber=20260115151151171
2026-01-19 13:16:56.715 +08:00 [INF] 缓存任务已存在，已更新: PalletNumber=20260115151151171, RequestCode=1768461111, 错误信息: 中转点 PD002 已被锁定
2026-01-19 13:16:56.717 +08:00 [INF] CacheTaskAsync完成（更新已存在的缓存任务）
2026-01-19 13:16:56.723 +08:00 [INF] AddTaskAsync返回结果: Status=Success, Message=任务已缓存，等待点位释放后自动处理, FailType=
2026-01-19 13:16:56.736 +08:00 [INF] 缓存任务仍需等待点位释放: PalletNumber=20260115151151171, RequestCode=1768461111, 重试次数: 14
2026-01-19 13:16:56.737 +08:00 [INF] 完成处理缓存任务: Id=152, PalletNumber=20260115151151171, RequestCode=1768461111
2026-01-19 13:16:56.738 +08:00 [INF] 开始处理缓存任务: Id=149, PalletNumber=20260115150330837, RequestCode=1768460610, RetryCount=9
2026-01-19 13:16:56.740 +08:00 [INF] 完成处理缓存任务: Id=149, PalletNumber=20260115150330837, RequestCode=1768460610
2026-01-19 13:17:00.547 +08:00 [WRN] Failed to determine the https port for redirect.
2026-01-19 13:17:10.047 +08:00 [INF] 正在验证用户: admin
2026-01-19 13:17:10.049 +08:00 [INF] 输入的密码: admin123
2026-01-19 13:17:10.051 +08:00 [INF] 数据库中的密码: admin123
2026-01-19 13:17:10.054 +08:00 [INF] 密码验证结果: True
2026-01-19 13:17:10.079 +08:00 [INF] 更新最后登录时间成功
2026-01-19 13:17:10.081 +08:00 [INF] 用户 admin 登录成功
2026-01-19 13:17:56.760 +08:00 [INF] 本次处理 4 个缓存任务
2026-01-19 13:17:56.762 +08:00 [INF] 开始处理缓存任务: Id=150, PalletNumber=20260115151127837, RequestCode=1768461087, RetryCount=5
2026-01-19 13:17:56.767 +08:00 [INF] 完成处理缓存任务: Id=150, PalletNumber=20260115151127837, RequestCode=1768461087
2026-01-19 13:17:56.768 +08:00 [INF] 开始处理缓存任务: Id=151, PalletNumber=20260115151137616, RequestCode=1768461097, RetryCount=5
2026-01-19 13:17:56.770 +08:00 [INF] 完成处理缓存任务: Id=151, PalletNumber=20260115151137616, RequestCode=1768461097
2026-01-19 13:17:56.773 +08:00 [INF] 开始处理缓存任务: Id=152, PalletNumber=20260115151151171, RequestCode=1768461111, RetryCount=14
2026-01-19 13:17:56.778 +08:00 [INF] 检测到点位可用，准备处理缓存任务: RequestCode=1768461111, 起点=06C06, 终点=06A07
2026-01-19 13:17:56.780 +08:00 [INF] 调用AddTaskAsync: PalletNumber=20260115151151171, RequestCode=1768461111, TaskType=manualTask, 起点=06C06, 终点=06A07
2026-01-19 13:17:56.782 +08:00 [INF] 开始处理AddTaskAsync请求: PalletNumber=20260115151151171, RequestCode=1768461111, TaskType=manualTask, 起点=06C06, 终点=06A07, 物料=, 数量=0
2026-01-19 13:17:56.786 +08:00 [INF] 检测到需要拆分的任务（类型2），起点: 06C06
2026-01-19 13:17:56.791 +08:00 [INF] 开始执行CacheTaskAsync: PalletNumber=20260115151151171, RequestCode=1768461111, 错误信息=中转点 PD002 已被锁定
2026-01-19 13:17:56.796 +08:00 [INF] 发现已存在的缓存任务，将更新而非新增: Id=152, PalletNumber=20260115151151171
2026-01-19 13:17:56.800 +08:00 [INF] 缓存任务已存在，已更新: PalletNumber=20260115151151171, RequestCode=1768461111, 错误信息: 中转点 PD002 已被锁定
2026-01-19 13:17:56.802 +08:00 [INF] CacheTaskAsync完成（更新已存在的缓存任务）
2026-01-19 13:17:56.804 +08:00 [INF] AddTaskAsync返回结果: Status=Success, Message=任务已缓存，等待点位释放后自动处理, FailType=
2026-01-19 13:17:56.808 +08:00 [INF] 缓存任务仍需等待点位释放: PalletNumber=20260115151151171, RequestCode=1768461111, 重试次数: 15
2026-01-19 13:17:56.812 +08:00 [INF] 完成处理缓存任务: Id=152, PalletNumber=20260115151151171, RequestCode=1768461111
2026-01-19 13:17:56.822 +08:00 [INF] 开始处理缓存任务: Id=149, PalletNumber=20260115150330837, RequestCode=1768460610, RetryCount=9
2026-01-19 13:17:56.834 +08:00 [INF] 完成处理缓存任务: Id=149, PalletNumber=20260115150330837, RequestCode=1768460610
2026-01-19 13:18:56.837 +08:00 [INF] 本次处理 4 个缓存任务
2026-01-19 13:18:56.838 +08:00 [INF] 开始处理缓存任务: Id=150, PalletNumber=20260115151127837, RequestCode=1768461087, RetryCount=5
2026-01-19 13:18:56.843 +08:00 [INF] 完成处理缓存任务: Id=150, PalletNumber=20260115151127837, RequestCode=1768461087
2026-01-19 13:18:56.844 +08:00 [INF] 开始处理缓存任务: Id=151, PalletNumber=20260115151137616, RequestCode=1768461097, RetryCount=5
2026-01-19 13:18:56.846 +08:00 [INF] 完成处理缓存任务: Id=151, PalletNumber=20260115151137616, RequestCode=1768461097
2026-01-19 13:18:56.847 +08:00 [INF] 开始处理缓存任务: Id=152, PalletNumber=20260115151151171, RequestCode=1768461111, RetryCount=15
2026-01-19 13:18:56.850 +08:00 [INF] 检测到点位可用，准备处理缓存任务: RequestCode=1768461111, 起点=06C06, 终点=06A07
2026-01-19 13:18:56.851 +08:00 [INF] 调用AddTaskAsync: PalletNumber=20260115151151171, RequestCode=1768461111, TaskType=manualTask, 起点=06C06, 终点=06A07
2026-01-19 13:18:56.852 +08:00 [INF] 开始处理AddTaskAsync请求: PalletNumber=20260115151151171, RequestCode=1768461111, TaskType=manualTask, 起点=06C06, 终点=06A07, 物料=, 数量=0
2026-01-19 13:18:56.858 +08:00 [INF] 检测到需要拆分的任务（类型2），起点: 06C06
2026-01-19 13:18:56.862 +08:00 [INF] 开始执行CacheTaskAsync: PalletNumber=20260115151151171, RequestCode=1768461111, 错误信息=中转点 PD002 已被锁定
2026-01-19 13:18:56.865 +08:00 [INF] 发现已存在的缓存任务，将更新而非新增: Id=152, PalletNumber=20260115151151171
2026-01-19 13:18:56.868 +08:00 [INF] 缓存任务已存在，已更新: PalletNumber=20260115151151171, RequestCode=1768461111, 错误信息: 中转点 PD002 已被锁定
2026-01-19 13:18:56.870 +08:00 [INF] CacheTaskAsync完成（更新已存在的缓存任务）
2026-01-19 13:18:56.881 +08:00 [INF] AddTaskAsync返回结果: Status=Success, Message=任务已缓存，等待点位释放后自动处理, FailType=
2026-01-19 13:18:56.885 +08:00 [INF] 缓存任务仍需等待点位释放: PalletNumber=20260115151151171, RequestCode=1768461111, 重试次数: 16
2026-01-19 13:18:56.886 +08:00 [INF] 完成处理缓存任务: Id=152, PalletNumber=20260115151151171, RequestCode=1768461111
2026-01-19 13:18:56.887 +08:00 [INF] 开始处理缓存任务: Id=149, PalletNumber=20260115150330837, RequestCode=1768460610, RetryCount=9
2026-01-19 13:18:56.891 +08:00 [INF] 完成处理缓存任务: Id=149, PalletNumber=20260115150330837, RequestCode=1768460610
2026-01-19 13:19:32.041 +08:00 [INF] 较慢请求: GET /api/connectionstatus - 770ms
2026-01-19 13:19:33.099 +08:00 [WRN] 慢请求检测: GET /Tasks/Index - 1058ms - 来自 ::1
2026-01-19 13:19:42.348 +08:00 [WRN] 慢请求检测: GET /Tasks/Index - 1356ms - 来自 ::1
2026-01-19 13:19:45.335 +08:00 [WRN] 慢请求检测: POST /api/rcs/timeGetTask - 16452ms - 来自 ::1
2026-01-19 13:19:56.906 +08:00 [INF] 本次处理 4 个缓存任务
2026-01-19 13:19:56.907 +08:00 [INF] 开始处理缓存任务: Id=150, PalletNumber=20260115151127837, RequestCode=1768461087, RetryCount=5
2026-01-19 13:19:56.912 +08:00 [INF] 完成处理缓存任务: Id=150, PalletNumber=20260115151127837, RequestCode=1768461087
2026-01-19 13:19:56.913 +08:00 [INF] 开始处理缓存任务: Id=151, PalletNumber=20260115151137616, RequestCode=1768461097, RetryCount=5
2026-01-19 13:19:56.914 +08:00 [INF] 完成处理缓存任务: Id=151, PalletNumber=20260115151137616, RequestCode=1768461097
2026-01-19 13:19:56.915 +08:00 [INF] 开始处理缓存任务: Id=152, PalletNumber=20260115151151171, RequestCode=1768461111, RetryCount=16
2026-01-19 13:19:56.918 +08:00 [INF] 检测到点位可用，准备处理缓存任务: RequestCode=1768461111, 起点=06C06, 终点=06A07
2026-01-19 13:19:56.919 +08:00 [INF] 调用AddTaskAsync: PalletNumber=20260115151151171, RequestCode=1768461111, TaskType=manualTask, 起点=06C06, 终点=06A07
2026-01-19 13:19:56.920 +08:00 [INF] 开始处理AddTaskAsync请求: PalletNumber=20260115151151171, RequestCode=1768461111, TaskType=manualTask, 起点=06C06, 终点=06A07, 物料=, 数量=0
2026-01-19 13:19:56.924 +08:00 [INF] 检测到需要拆分的任务（类型2），起点: 06C06
2026-01-19 13:19:56.927 +08:00 [INF] 开始执行CacheTaskAsync: PalletNumber=20260115151151171, RequestCode=1768461111, 错误信息=中转点 PD002 已被锁定
2026-01-19 13:19:56.930 +08:00 [INF] 发现已存在的缓存任务，将更新而非新增: Id=152, PalletNumber=20260115151151171
2026-01-19 13:19:56.933 +08:00 [INF] 缓存任务已存在，已更新: PalletNumber=20260115151151171, RequestCode=1768461111, 错误信息: 中转点 PD002 已被锁定
2026-01-19 13:19:56.935 +08:00 [INF] CacheTaskAsync完成（更新已存在的缓存任务）
2026-01-19 13:19:56.945 +08:00 [INF] AddTaskAsync返回结果: Status=Success, Message=任务已缓存，等待点位释放后自动处理, FailType=
2026-01-19 13:19:56.949 +08:00 [INF] 缓存任务仍需等待点位释放: PalletNumber=20260115151151171, RequestCode=1768461111, 重试次数: 17
2026-01-19 13:19:56.951 +08:00 [INF] 完成处理缓存任务: Id=152, PalletNumber=20260115151151171, RequestCode=1768461111
2026-01-19 13:19:56.952 +08:00 [INF] 开始处理缓存任务: Id=149, PalletNumber=20260115150330837, RequestCode=1768460610, RetryCount=9
2026-01-19 13:19:56.954 +08:00 [INF] 完成处理缓存任务: Id=149, PalletNumber=20260115150330837, RequestCode=1768460610
2026-01-19 13:21:26.097 +08:00 [WRN] 慢请求检测: POST /api/rcs/timeGetTask - 64434ms - 来自 ::1
2026-01-19 13:21:26.180 +08:00 [INF] 本次处理 4 个缓存任务
2026-01-19 13:21:26.187 +08:00 [INF] 开始处理缓存任务: Id=150, PalletNumber=20260115151127837, RequestCode=1768461087, RetryCount=5
2026-01-19 13:21:26.198 +08:00 [INF] 完成处理缓存任务: Id=150, PalletNumber=20260115151127837, RequestCode=1768461087
2026-01-19 13:21:26.200 +08:00 [INF] 开始处理缓存任务: Id=151, PalletNumber=20260115151137616, RequestCode=1768461097, RetryCount=5
2026-01-19 13:21:26.204 +08:00 [INF] 完成处理缓存任务: Id=151, PalletNumber=20260115151137616, RequestCode=1768461097
2026-01-19 13:21:26.206 +08:00 [INF] 开始处理缓存任务: Id=152, PalletNumber=20260115151151171, RequestCode=1768461111, RetryCount=17
2026-01-19 13:21:26.211 +08:00 [INF] 检测到点位可用，准备处理缓存任务: RequestCode=1768461111, 起点=06C06, 终点=06A07
2026-01-19 13:21:26.213 +08:00 [INF] 调用AddTaskAsync: PalletNumber=20260115151151171, RequestCode=1768461111, TaskType=manualTask, 起点=06C06, 终点=06A07
2026-01-19 13:21:26.222 +08:00 [INF] 开始处理AddTaskAsync请求: PalletNumber=20260115151151171, RequestCode=1768461111, TaskType=manualTask, 起点=06C06, 终点=06A07, 物料=, 数量=0
2026-01-19 13:21:26.233 +08:00 [INF] 检测到需要拆分的任务（类型2），起点: 06C06
2026-01-19 13:21:26.240 +08:00 [INF] 开始执行CacheTaskAsync: PalletNumber=20260115151151171, RequestCode=1768461111, 错误信息=中转点 PD002 已被锁定
2026-01-19 13:21:26.248 +08:00 [INF] 发现已存在的缓存任务，将更新而非新增: Id=152, PalletNumber=20260115151151171
2026-01-19 13:21:26.253 +08:00 [INF] 缓存任务已存在，已更新: PalletNumber=20260115151151171, RequestCode=1768461111, 错误信息: 中转点 PD002 已被锁定
2026-01-19 13:21:26.255 +08:00 [INF] CacheTaskAsync完成（更新已存在的缓存任务）
2026-01-19 13:21:26.259 +08:00 [INF] AddTaskAsync返回结果: Status=Success, Message=任务已缓存，等待点位释放后自动处理, FailType=
2026-01-19 13:21:26.263 +08:00 [INF] 缓存任务仍需等待点位释放: PalletNumber=20260115151151171, RequestCode=1768461111, 重试次数: 18
2026-01-19 13:21:26.265 +08:00 [INF] 完成处理缓存任务: Id=152, PalletNumber=20260115151151171, RequestCode=1768461111
2026-01-19 13:21:26.267 +08:00 [INF] 开始处理缓存任务: Id=149, PalletNumber=20260115150330837, RequestCode=1768460610, RetryCount=9
2026-01-19 13:21:26.271 +08:00 [INF] 完成处理缓存任务: Id=149, PalletNumber=20260115150330837, RequestCode=1768460610
2026-01-19 13:21:34.986 +08:00 [WRN] 慢请求检测: POST /api/rcs/timeGetTask - 2812ms - 来自 ::1
2026-01-19 13:21:48.135 +08:00 [INF] 较慢请求: GET /Tasks/Index - 537ms
2026-01-19 13:21:51.658 +08:00 [INF] 较慢请求: GET /Tasks/Index - 533ms
2026-01-19 13:24:35.975 +08:00 [INF] TCP服务未启用，数据清理服务将不会启动。
2026-01-19 13:24:36.029 +08:00 [INF] TcpServerService 启动，监听 127.0.0.1:9000
2026-01-19 13:24:36.049 +08:00 [INF] 任务缓存处理器已启动
2026-01-19 13:24:36.068 +08:00 [INF] 本次处理 4 个缓存任务
2026-01-19 13:24:36.070 +08:00 [INF] 开始处理缓存任务: Id=150, PalletNumber=20260115151127837, RequestCode=1768461087, RetryCount=5
2026-01-19 13:24:36.093 +08:00 [INF] 完成处理缓存任务: Id=150, PalletNumber=20260115151127837, RequestCode=1768461087
2026-01-19 13:24:36.095 +08:00 [INF] 开始处理缓存任务: Id=151, PalletNumber=20260115151137616, RequestCode=1768461097, RetryCount=5
2026-01-19 13:24:36.097 +08:00 [INF] 完成处理缓存任务: Id=151, PalletNumber=20260115151137616, RequestCode=1768461097
2026-01-19 13:24:36.097 +08:00 [INF] 开始处理缓存任务: Id=152, PalletNumber=20260115151151171, RequestCode=1768461111, RetryCount=18
2026-01-19 13:24:36.100 +08:00 [INF] 检测到点位可用，准备处理缓存任务: RequestCode=1768461111, 起点=06C06, 终点=06A07
2026-01-19 13:24:36.111 +08:00 [INF] 调用AddTaskAsync: PalletNumber=20260115151151171, RequestCode=1768461111, TaskType=manualTask, 起点=06C06, 终点=06A07
2026-01-19 13:24:36.119 +08:00 [INF] 开始处理AddTaskAsync请求: PalletNumber=20260115151151171, RequestCode=1768461111, TaskType=manualTask, 起点=06C06, 终点=06A07, 物料=, 数量=0
2026-01-19 13:24:36.139 +08:00 [WRN] Overriding address(es) 'http://localhost:5055'. Binding to endpoints defined via IConfiguration and/or UseKestrel() instead.
2026-01-19 13:24:36.146 +08:00 [INF] 检测到需要拆分的任务（类型2），起点: 06C06
2026-01-19 13:24:36.167 +08:00 [INF] 开始执行CacheTaskAsync: PalletNumber=20260115151151171, RequestCode=1768461111, 错误信息=中转点 PD002 已被锁定
2026-01-19 13:24:36.172 +08:00 [INF] 发现已存在的缓存任务，将更新而非新增: Id=152, PalletNumber=20260115151151171
2026-01-19 13:24:36.177 +08:00 [INF] 缓存任务已存在，已更新: PalletNumber=20260115151151171, RequestCode=1768461111, 错误信息: 中转点 PD002 已被锁定
2026-01-19 13:24:36.179 +08:00 [INF] CacheTaskAsync完成（更新已存在的缓存任务）
2026-01-19 13:24:36.186 +08:00 [INF] AddTaskAsync返回结果: Status=Success, Message=任务已缓存，等待点位释放后自动处理, FailType=
2026-01-19 13:24:36.202 +08:00 [INF] 缓存任务仍需等待点位释放: PalletNumber=20260115151151171, RequestCode=1768461111, 重试次数: 19
2026-01-19 13:24:36.204 +08:00 [INF] 完成处理缓存任务: Id=152, PalletNumber=20260115151151171, RequestCode=1768461111
2026-01-19 13:24:36.205 +08:00 [INF] 开始处理缓存任务: Id=149, PalletNumber=20260115150330837, RequestCode=1768460610, RetryCount=9
2026-01-19 13:24:36.213 +08:00 [INF] 完成处理缓存任务: Id=149, PalletNumber=20260115150330837, RequestCode=1768460610
2026-01-19 13:24:37.567 +08:00 [WRN] Failed to determine the https port for redirect.
2026-01-19 13:24:38.856 +08:00 [INF] 正在验证用户: admin
2026-01-19 13:24:38.858 +08:00 [INF] 输入的密码: admin123
2026-01-19 13:24:38.864 +08:00 [INF] 数据库中的密码: admin123
2026-01-19 13:24:38.868 +08:00 [INF] 密码验证结果: True
2026-01-19 13:24:38.890 +08:00 [INF] 更新最后登录时间成功
2026-01-19 13:24:38.892 +08:00 [INF] 用户 admin 登录成功
2026-01-19 13:24:50.802 +08:00 [WRN] 慢请求检测: GET /Tasks/Index - 5242ms - 来自 ::1
2026-01-19 13:29:56.046 +08:00 [INF] TCP服务未启用，数据清理服务将不会启动。
2026-01-19 13:29:56.113 +08:00 [INF] TcpServerService 启动，监听 127.0.0.1:9000
2026-01-19 13:29:56.135 +08:00 [INF] 任务缓存处理器已启动
2026-01-19 13:29:56.158 +08:00 [INF] 本次处理 4 个缓存任务
2026-01-19 13:29:56.159 +08:00 [INF] 开始处理缓存任务: Id=150, PalletNumber=20260115151127837, RequestCode=1768461087, RetryCount=5
2026-01-19 13:29:56.181 +08:00 [INF] 完成处理缓存任务: Id=150, PalletNumber=20260115151127837, RequestCode=1768461087
2026-01-19 13:29:56.182 +08:00 [INF] 开始处理缓存任务: Id=151, PalletNumber=20260115151137616, RequestCode=1768461097, RetryCount=5
2026-01-19 13:29:56.184 +08:00 [INF] 完成处理缓存任务: Id=151, PalletNumber=20260115151137616, RequestCode=1768461097
2026-01-19 13:29:56.185 +08:00 [INF] 开始处理缓存任务: Id=152, PalletNumber=20260115151151171, RequestCode=1768461111, RetryCount=19
2026-01-19 13:29:56.192 +08:00 [INF] 检测到点位可用，准备处理缓存任务: RequestCode=1768461111, 起点=06C06, 终点=06A07
2026-01-19 13:29:56.200 +08:00 [INF] 调用AddTaskAsync: PalletNumber=20260115151151171, RequestCode=1768461111, TaskType=manualTask, 起点=06C06, 终点=06A07
2026-01-19 13:29:56.213 +08:00 [INF] 开始处理AddTaskAsync请求: PalletNumber=20260115151151171, RequestCode=1768461111, TaskType=manualTask, 起点=06C06, 终点=06A07, 物料=, 数量=0
2026-01-19 13:29:56.240 +08:00 [INF] 检测到需要拆分的任务（类型2），起点: 06C06
2026-01-19 13:29:56.266 +08:00 [WRN] Overriding address(es) 'http://localhost:5055'. Binding to endpoints defined via IConfiguration and/or UseKestrel() instead.
2026-01-19 13:29:56.275 +08:00 [INF] 开始执行CacheTaskAsync: PalletNumber=20260115151151171, RequestCode=1768461111, 错误信息=中转点 PD002 已被锁定
2026-01-19 13:29:56.280 +08:00 [INF] 发现已存在的缓存任务，将更新而非新增: Id=152, PalletNumber=20260115151151171
2026-01-19 13:29:56.287 +08:00 [INF] 缓存任务已存在，已更新: PalletNumber=20260115151151171, RequestCode=1768461111, 错误信息: 中转点 PD002 已被锁定
2026-01-19 13:29:56.289 +08:00 [INF] CacheTaskAsync完成（更新已存在的缓存任务）
2026-01-19 13:29:56.297 +08:00 [INF] AddTaskAsync返回结果: Status=Success, Message=任务已缓存，等待点位释放后自动处理, FailType=
2026-01-19 13:29:56.312 +08:00 [INF] 缓存任务仍需等待点位释放: PalletNumber=20260115151151171, RequestCode=1768461111, 重试次数: 20
2026-01-19 13:29:56.313 +08:00 [INF] 完成处理缓存任务: Id=152, PalletNumber=20260115151151171, RequestCode=1768461111
2026-01-19 13:29:56.314 +08:00 [INF] 开始处理缓存任务: Id=149, PalletNumber=20260115150330837, RequestCode=1768460610, RetryCount=9
2026-01-19 13:29:56.321 +08:00 [INF] 完成处理缓存任务: Id=149, PalletNumber=20260115150330837, RequestCode=1768460610
2026-01-19 13:29:58.695 +08:00 [WRN] Failed to determine the https port for redirect.
2026-01-19 13:30:12.252 +08:00 [INF] 正在验证用户: admin
2026-01-19 13:30:12.255 +08:00 [INF] 输入的密码: admin123
2026-01-19 13:30:12.259 +08:00 [INF] 数据库中的密码: admin123
2026-01-19 13:30:12.264 +08:00 [INF] 密码验证结果: True
2026-01-19 13:30:12.289 +08:00 [INF] 更新最后登录时间成功
2026-01-19 13:30:12.291 +08:00 [INF] 用户 admin 登录成功
2026-01-19 13:30:56.337 +08:00 [INF] 本次处理 4 个缓存任务
2026-01-19 13:30:56.338 +08:00 [INF] 开始处理缓存任务: Id=150, PalletNumber=20260115151127837, RequestCode=1768461087, RetryCount=5
2026-01-19 13:30:56.351 +08:00 [INF] 完成处理缓存任务: Id=150, PalletNumber=20260115151127837, RequestCode=1768461087
2026-01-19 13:30:56.362 +08:00 [INF] 开始处理缓存任务: Id=151, PalletNumber=20260115151137616, RequestCode=1768461097, RetryCount=5
2026-01-19 13:30:56.365 +08:00 [INF] 完成处理缓存任务: Id=151, PalletNumber=20260115151137616, RequestCode=1768461097
2026-01-19 13:30:56.366 +08:00 [INF] 开始处理缓存任务: Id=152, PalletNumber=20260115151151171, RequestCode=1768461111, RetryCount=20
2026-01-19 13:30:56.370 +08:00 [INF] 检测到点位可用，准备处理缓存任务: RequestCode=1768461111, 起点=06C06, 终点=06A07
2026-01-19 13:30:56.372 +08:00 [INF] 调用AddTaskAsync: PalletNumber=20260115151151171, RequestCode=1768461111, TaskType=manualTask, 起点=06C06, 终点=06A07
2026-01-19 13:30:56.378 +08:00 [INF] 开始处理AddTaskAsync请求: PalletNumber=20260115151151171, RequestCode=1768461111, TaskType=manualTask, 起点=06C06, 终点=06A07, 物料=, 数量=0
2026-01-19 13:30:56.384 +08:00 [INF] 检测到需要拆分的任务（类型2），起点: 06C06
2026-01-19 13:30:56.388 +08:00 [INF] 开始执行CacheTaskAsync: PalletNumber=20260115151151171, RequestCode=1768461111, 错误信息=中转点 PD002 已被锁定
2026-01-19 13:30:56.394 +08:00 [INF] 发现已存在的缓存任务，将更新而非新增: Id=152, PalletNumber=20260115151151171
2026-01-19 13:30:56.397 +08:00 [INF] 缓存任务已存在，已更新: PalletNumber=20260115151151171, RequestCode=1768461111, 错误信息: 中转点 PD002 已被锁定
2026-01-19 13:30:56.402 +08:00 [INF] CacheTaskAsync完成（更新已存在的缓存任务）
2026-01-19 13:30:56.404 +08:00 [INF] AddTaskAsync返回结果: Status=Success, Message=任务已缓存，等待点位释放后自动处理, FailType=
2026-01-19 13:30:56.409 +08:00 [INF] 缓存任务仍需等待点位释放: PalletNumber=20260115151151171, RequestCode=1768461111, 重试次数: 21
2026-01-19 13:30:56.410 +08:00 [INF] 完成处理缓存任务: Id=152, PalletNumber=20260115151151171, RequestCode=1768461111
2026-01-19 13:30:56.411 +08:00 [INF] 开始处理缓存任务: Id=149, PalletNumber=20260115150330837, RequestCode=1768460610, RetryCount=9
2026-01-19 13:30:56.413 +08:00 [INF] 完成处理缓存任务: Id=149, PalletNumber=20260115150330837, RequestCode=1768460610
2026-01-19 13:31:08.762 +08:00 [WRN] 慢请求检测: POST /api/rcs/timeGetTask - 3380ms - 来自 ::1
