2025-11-11 10:27:50.586 +08:00 [INF] TCP服务未启用，数据清理服务将不会启动。
2025-11-11 10:27:50.660 +08:00 [INF] TcpServerService 启动，监听 127.0.0.1:9000
2025-11-11 10:27:50.683 +08:00 [INF] 任务缓存处理器已启动
2025-11-11 10:27:50.804 +08:00 [WRN] Overriding address(es) 'http://localhost:5055'. Binding to endpoints defined via IConfiguration and/or UseKestrel() instead.
2025-11-11 10:27:56.220 +08:00 [WRN] Failed to determine the https port for redirect.
2025-11-11 10:28:12.773 +08:00 [INF] 正在验证用户: admin
2025-11-11 10:28:12.779 +08:00 [INF] 输入的密码: admin123
2025-11-11 10:28:12.783 +08:00 [INF] 数据库中的密码: admin123
2025-11-11 10:28:12.787 +08:00 [INF] 密码验证结果: True
2025-11-11 10:28:12.823 +08:00 [INF] 更新最后登录时间成功
2025-11-11 10:28:12.828 +08:00 [INF] 用户 admin 登录成功
2025-11-11 10:29:35.892 +08:00 [INF] 接收到的任务数据: TaskType=fgHandover, Source=20A01, Target=20A03, Priority=1, RequestCode=1762828175
2025-11-11 10:29:40.192 +08:00 [INF] 较慢请求: GET /Tasks/Index - 591ms
2025-11-11 10:29:45.902 +08:00 [WRN] 慢请求检测: GET /Tasks/Index - 1802ms - 来自 ::1
2025-11-11 10:29:49.409 +08:00 [WRN] 慢请求检测: GET /Tasks/Index - 3056ms - 来自 ::1
2025-11-11 10:30:07.076 +08:00 [WRN] 慢请求检测: GET /Tasks/Index - 16441ms - 来自 ::1
2025-11-11 10:30:08.140 +08:00 [INF] 已锁定储位: 22
2025-11-11 10:30:08.141 +08:00 [WRN] 慢请求检测: GET /Tasks/Index - 1053ms - 来自 ::1
2025-11-11 10:30:11.318 +08:00 [WRN] 慢请求检测: GET /Tasks/Index - 2324ms - 来自 ::1
2025-11-11 10:30:12.219 +08:00 [INF] 较慢请求: GET /Tasks/Index - 900ms
2025-11-11 10:30:13.210 +08:00 [INF] 较慢请求: GET /Tasks/Index - 989ms
2025-11-11 10:30:13.222 +08:00 [INF] 检测到需要拆分的任务（类型2），起点: 20A01
2025-11-11 10:30:16.665 +08:00 [WRN] 慢请求检测: GET /Tasks/Index - 3443ms - 来自 ::1
2025-11-11 10:30:16.702 +08:00 [INF] 已锁定任务起点储位: 20A01
2025-11-11 10:30:16.705 +08:00 [INF] 已锁定小地牛中转点储位: PC009
2025-11-11 10:30:16.708 +08:00 [INF] 已锁定三向车中转点储位: PD009
2025-11-11 10:30:16.714 +08:00 [INF] 已锁定任务终点储位: 20A03
2025-11-11 10:30:16.718 +08:00 [INF] 任务拆分完成（类型2），分组ID: a555b1de-f4a7-4641-8835-388d51ab02e9，第一个任务: 1762828175_1，第二个任务: 1762828175_2
2025-11-11 10:30:16.733 +08:00 [INF] 任务拆分成功，原始任务: 1762828175，生成了 2 个子任务
2025-11-11 10:30:16.738 +08:00 [WRN] 慢请求检测: POST /Tasks/CreateTask - 40923ms - 来自 ::1
2025-11-11 10:30:26.993 +08:00 [INF] 接收到取消任务请求，任务ID: 151992
2025-11-11 10:30:27.023 +08:00 [INF] 拆分任务分组 88bf3179-d52c-4357-9ae8-0af1b66ce378 已成功取消，共取消 2 个任务
2025-11-11 10:30:27.025 +08:00 [INF] 取消任务结果: 成功=True, 消息=拆分任务分组已成功取消，共取消 2 个任务
2025-11-11 10:30:28.129 +08:00 [INF] 接收到取消任务请求，任务ID: 151992
2025-11-11 10:30:28.135 +08:00 [INF] 取消任务结果: 成功=False, 消息=已完成的任务不能取消
2025-11-11 10:30:32.686 +08:00 [INF] 接收到取消任务请求，任务ID: 151990
2025-11-11 10:30:32.692 +08:00 [INF] 拆分任务分组 cdf410dd-d4ae-40a7-924a-f74a9ed63858 已成功取消，共取消 2 个任务
2025-11-11 10:30:32.693 +08:00 [INF] 取消任务结果: 成功=True, 消息=拆分任务分组已成功取消，共取消 2 个任务
2025-11-11 10:30:36.856 +08:00 [INF] 接收到取消任务请求，任务ID: 151988
2025-11-11 10:30:36.873 +08:00 [INF] 拆分任务分组 37001bde-ab46-41ad-917f-f97f01b8d582 已成功取消，共取消 2 个任务
2025-11-11 10:30:36.874 +08:00 [INF] 取消任务结果: 成功=True, 消息=拆分任务分组已成功取消，共取消 2 个任务
2025-11-11 10:30:48.713 +08:00 [INF] 接收到取消任务请求，任务ID: 151995
2025-11-11 10:30:48.719 +08:00 [INF] 拆分任务分组 a555b1de-f4a7-4641-8835-388d51ab02e9 已成功取消，共取消 2 个任务
2025-11-11 10:30:48.721 +08:00 [INF] 取消任务结果: 成功=True, 消息=拆分任务分组已成功取消，共取消 2 个任务
2025-11-11 10:30:49.657 +08:00 [INF] 接收到取消任务请求，任务ID: 151995
2025-11-11 10:30:49.662 +08:00 [INF] 取消任务结果: 成功=False, 消息=已完成的任务不能取消
2025-11-11 10:31:02.772 +08:00 [INF] 接收到的任务数据: TaskType=fgHandover, Source=20A02, Target=20A08, Priority=1, RequestCode=1762828262
2025-11-11 10:31:08.323 +08:00 [WRN] 慢请求检测: GET /Tasks/Index - 1325ms - 来自 ::1
2025-11-11 10:31:09.539 +08:00 [INF] 较慢请求: GET /Tasks/Index - 966ms
2025-11-11 10:31:12.253 +08:00 [WRN] 慢请求检测: GET /Tasks/Index - 1256ms - 来自 ::1
2025-11-11 10:31:15.277 +08:00 [INF] 较慢请求: GET /Tasks/Index - 719ms
2025-11-11 10:31:18.803 +08:00 [WRN] 慢请求检测: GET /Tasks/Index - 1937ms - 来自 ::1
2025-11-11 10:31:20.091 +08:00 [WRN] 慢请求检测: GET /Tasks/Index - 1286ms - 来自 ::1
2025-11-11 10:31:20.665 +08:00 [INF] 已锁定储位: 34
2025-11-11 10:31:20.667 +08:00 [INF] 较慢请求: GET /Tasks/Index - 575ms
2025-11-11 10:31:23.266 +08:00 [INF] 较慢请求: GET /Tasks/Index - 972ms
2025-11-11 10:31:24.524 +08:00 [INF] 检测到需要拆分的任务（类型2），起点: 20A02
2025-11-11 10:31:32.240 +08:00 [WRN] 慢请求检测: GET /Tasks/Index - 5286ms - 来自 ::1
2025-11-11 10:31:34.745 +08:00 [WRN] 慢请求检测: GET /Tasks/Index - 2503ms - 来自 ::1
2025-11-11 10:46:33.142 +08:00 [INF] TCP服务未启用，数据清理服务将不会启动。
2025-11-11 10:46:33.196 +08:00 [INF] TcpServerService 启动，监听 127.0.0.1:9000
2025-11-11 10:46:33.217 +08:00 [INF] 任务缓存处理器已启动
2025-11-11 10:46:33.291 +08:00 [WRN] Overriding address(es) 'http://localhost:5055'. Binding to endpoints defined via IConfiguration and/or UseKestrel() instead.
2025-11-11 10:46:35.190 +08:00 [WRN] Failed to determine the https port for redirect.
2025-11-11 10:46:42.183 +08:00 [INF] 正在验证用户: admin
2025-11-11 10:46:42.186 +08:00 [INF] 输入的密码: admin123
2025-11-11 10:46:42.188 +08:00 [INF] 数据库中的密码: admin123
2025-11-11 10:46:42.190 +08:00 [INF] 密码验证结果: True
2025-11-11 10:46:42.209 +08:00 [INF] 更新最后登录时间成功
2025-11-11 10:46:42.210 +08:00 [INF] 用户 admin 登录成功
2025-11-11 10:47:14.908 +08:00 [INF] 接收到的任务数据: TaskType=fgHandover, Source=20A02, Target=20A05, Priority=1, RequestCode=1762829234
2025-11-11 10:47:18.082 +08:00 [WRN] 慢请求检测: GET /Tasks/Index - 1180ms - 来自 ::1
2025-11-11 10:47:23.132 +08:00 [WRN] 慢请求检测: GET /Tasks/Index - 1576ms - 来自 ::1
2025-11-11 10:47:24.501 +08:00 [WRN] 慢请求检测: GET /api/connectionstatus - 1309ms - 来自 ::1
2025-11-11 10:47:28.280 +08:00 [WRN] 慢请求检测: GET /Tasks/Index - 2250ms - 来自 ::1
2025-11-11 10:47:29.478 +08:00 [WRN] 慢请求检测: GET /Tasks/Index - 1195ms - 来自 ::1
2025-11-11 10:47:29.478 +08:00 [INF] 已锁定储位: 24
2025-11-11 10:47:32.273 +08:00 [WRN] 慢请求检测: GET /Tasks/Index - 2795ms - 来自 ::1
2025-11-11 10:47:34.062 +08:00 [WRN] 慢请求检测: GET /Tasks/Index - 1224ms - 来自 ::1
2025-11-11 10:47:35.216 +08:00 [WRN] 慢请求检测: GET /Tasks/Index - 1149ms - 来自 ::1
2025-11-11 10:47:35.216 +08:00 [INF] 检测到需要拆分的任务（类型2），起点: 20A02
2025-11-11 10:47:36.398 +08:00 [WRN] 慢请求检测: GET /Tasks/Index - 1178ms - 来自 ::1
2025-11-11 10:47:46.072 +08:00 [INF] 较慢请求: GET /Tasks/Index - 695ms
2025-11-11 10:48:01.415 +08:00 [ERR] 任务拆分失败: 终点 24 不存在库位配置中
System.ArgumentException: 终点 24 不存在库位配置中
   at WarehouseManagementSystem.Service.RcsTaskService.SplitTaskType2Async(AddTaskRequest request, IDbConnection connection, IDbTransaction transaction) in E:\NDCProject\AG240101广州舒适刀片\任务管理\Service\RcsTaskService.cs:line 2018
   at WarehouseManagementSystem.Service.RcsTaskService.AddTaskAsync(AddTaskRequest request) in E:\NDCProject\AG240101广州舒适刀片\任务管理\Service\RcsTaskService.cs:line 220
2025-11-11 10:48:01.505 +08:00 [WRN] 慢请求检测: POST /Tasks/CreateTask - 46666ms - 来自 ::1
2025-11-11 10:48:27.695 +08:00 [INF] TCP服务未启用，数据清理服务将不会启动。
2025-11-11 10:48:27.752 +08:00 [INF] TcpServerService 启动，监听 127.0.0.1:9000
2025-11-11 10:48:27.776 +08:00 [INF] 任务缓存处理器已启动
2025-11-11 10:48:27.854 +08:00 [WRN] Overriding address(es) 'http://localhost:5055'. Binding to endpoints defined via IConfiguration and/or UseKestrel() instead.
2025-11-11 10:48:29.645 +08:00 [WRN] Failed to determine the https port for redirect.
2025-11-11 10:48:31.285 +08:00 [INF] 正在验证用户: admin
2025-11-11 10:48:31.291 +08:00 [INF] 输入的密码: admin123
2025-11-11 10:48:31.294 +08:00 [INF] 数据库中的密码: admin123
2025-11-11 10:48:31.297 +08:00 [INF] 密码验证结果: True
2025-11-11 10:48:31.321 +08:00 [INF] 更新最后登录时间成功
2025-11-11 10:48:31.325 +08:00 [INF] 用户 admin 登录成功
2025-11-11 10:49:06.114 +08:00 [INF] 接收到的任务数据: TaskType=fgHandover, Source=20A02, Target=20A06, Priority=1, RequestCode=1762829346
2025-11-11 10:49:09.909 +08:00 [WRN] 慢请求检测: GET /Tasks/Index - 1156ms - 来自 ::1
2025-11-11 10:49:16.737 +08:00 [INF] 较慢请求: GET /Tasks/Index - 858ms
2025-11-11 10:49:17.534 +08:00 [INF] 已锁定储位: PA016
2025-11-11 10:49:20.332 +08:00 [WRN] 慢请求检测: GET /Tasks/Index - 1251ms - 来自 ::1
2025-11-11 10:49:20.344 +08:00 [INF] 检测到需要拆分的任务（类型2），起点: 20A02
2025-11-11 10:49:20.365 +08:00 [INF] 任务已缓存: 1762829346, 错误信息: 中转点 PD009 已被锁定
2025-11-11 10:49:20.372 +08:00 [INF] 任务拆分成功，原始任务: 1762829346，生成了 0 个子任务
2025-11-11 10:49:20.375 +08:00 [WRN] 慢请求检测: POST /Tasks/CreateTask - 14347ms - 来自 ::1
2025-11-11 10:49:27.805 +08:00 [INF] 检测到点位可用，准备处理缓存任务: 1762829346
2025-11-11 10:49:33.947 +08:00 [WRN] 慢请求检测: GET /Tasks/Index - 1475ms - 来自 ::1
2025-11-11 10:49:35.860 +08:00 [WRN] 慢请求检测: GET /Tasks/Index - 1894ms - 来自 ::1
2025-11-11 10:49:37.170 +08:00 [WRN] 慢请求检测: GET /Tasks/Index - 1308ms - 来自 ::1
2025-11-11 10:49:38.078 +08:00 [INF] 较慢请求: GET /Tasks/Index - 907ms
2025-11-11 10:49:39.892 +08:00 [WRN] 慢请求检测: GET /Tasks/Index - 1313ms - 来自 ::1
2025-11-11 10:49:41.218 +08:00 [INF] 已锁定储位: PA024
2025-11-11 10:49:41.219 +08:00 [INF] 较慢请求: GET /Tasks/Index - 652ms
2025-11-11 10:49:43.825 +08:00 [INF] 较慢请求: GET /Tasks/Index - 540ms
2025-11-11 10:49:44.834 +08:00 [INF] 检测到需要拆分的任务（类型2），起点: 20A02
2025-11-11 10:49:46.410 +08:00 [WRN] 慢请求检测: GET /Tasks/Index - 1582ms - 来自 ::1
2025-11-11 10:49:48.071 +08:00 [INF] 较慢请求: GET /Tasks/Index - 732ms
2025-11-11 10:49:50.161 +08:00 [WRN] 慢请求检测: GET /Tasks/Index - 1206ms - 来自 ::1
2025-11-11 10:49:52.623 +08:00 [WRN] 慢请求检测: GET /Tasks/Index - 1357ms - 来自 ::1
2025-11-11 10:49:53.709 +08:00 [WRN] 慢请求检测: GET /Tasks/Index - 1074ms - 来自 ::1
2025-11-11 10:49:53.721 +08:00 [INF] 任务已缓存: 1762829346, 错误信息: 中转点 PD009 已被锁定
2025-11-11 10:49:57.981 +08:00 [INF] 任务拆分成功，原始任务: 1762829346，生成了 0 个子任务
2025-11-11 10:49:58.000 +08:00 [INF] 缓存任务处理成功: 1762829346
2025-11-11 10:50:58.014 +08:00 [INF] 检测到点位可用，准备处理缓存任务: 1762829346
2025-11-11 10:50:58.044 +08:00 [INF] 已锁定储位: PA030
2025-11-11 10:50:58.047 +08:00 [INF] 检测到需要拆分的任务（类型2），起点: 20A02
2025-11-11 10:50:58.062 +08:00 [INF] 已锁定任务起点储位: 20A02
2025-11-11 10:50:58.064 +08:00 [INF] 已锁定小地牛中转点储位: PC009
2025-11-11 10:50:58.065 +08:00 [INF] 已锁定三向车中转点储位: PD009
2025-11-11 10:50:58.066 +08:00 [INF] 已锁定任务终点储位: PA030
2025-11-11 10:50:58.068 +08:00 [INF] 任务拆分完成（类型2），分组ID: 531ee39b-a6a3-4300-b885-177ff9b98ef4，第一个任务: 1762829346_1，第二个任务: 1762829346_2
2025-11-11 10:50:58.078 +08:00 [INF] 任务拆分成功，原始任务: 1762829346，生成了 2 个子任务
2025-11-11 10:50:58.081 +08:00 [INF] 缓存任务处理成功: 1762829346
2025-11-11 10:51:16.031 +08:00 [INF] 接收到取消任务请求，任务ID: 151997
2025-11-11 10:51:16.047 +08:00 [INF] 拆分任务分组 531ee39b-a6a3-4300-b885-177ff9b98ef4 已成功取消，共取消 2 个任务
2025-11-11 10:51:16.049 +08:00 [INF] 取消任务结果: 成功=True, 消息=拆分任务分组已成功取消，共取消 2 个任务
2025-11-11 10:51:16.688 +08:00 [INF] 接收到取消任务请求，任务ID: 151997
2025-11-11 10:51:16.694 +08:00 [INF] 取消任务结果: 成功=False, 消息=已完成的任务不能取消
2025-11-11 10:52:33.595 +08:00 [INF] 接收到的任务数据: TaskType=fgHandover, Source=20A01, Target=20A05, Priority=1, RequestCode=1762829553
2025-11-11 10:52:33.604 +08:00 [INF] 已锁定储位: PA012
2025-11-11 10:52:33.607 +08:00 [INF] 检测到需要拆分的任务（类型2），起点: 20A01
2025-11-11 10:52:33.616 +08:00 [INF] 已锁定任务起点储位: 20A01
2025-11-11 10:52:33.618 +08:00 [INF] 已锁定小地牛中转点储位: PC009
2025-11-11 10:52:33.621 +08:00 [INF] 已锁定三向车中转点储位: PD009
2025-11-11 10:52:33.623 +08:00 [INF] 已锁定任务终点储位: PA012
2025-11-11 10:52:33.625 +08:00 [INF] 任务拆分完成（类型2），分组ID: aa547224-f995-43cc-b5ff-434a40149040，第一个任务: 1762829553_1，第二个任务: 1762829553_2
2025-11-11 10:52:33.630 +08:00 [INF] 任务拆分成功，原始任务: 1762829553，生成了 2 个子任务
2025-11-11 10:53:46.912 +08:00 [INF] 接收到取消任务请求，任务ID: 151998
2025-11-11 11:03:38.964 +08:00 [INF] TCP服务未启用，数据清理服务将不会启动。
2025-11-11 11:03:39.022 +08:00 [INF] TcpServerService 启动，监听 127.0.0.1:9000
2025-11-11 11:03:39.044 +08:00 [INF] 任务缓存处理器已启动
2025-11-11 11:03:39.122 +08:00 [WRN] Overriding address(es) 'http://localhost:5055'. Binding to endpoints defined via IConfiguration and/or UseKestrel() instead.
2025-11-11 11:03:40.791 +08:00 [WRN] Failed to determine the https port for redirect.
2025-11-11 11:03:43.743 +08:00 [INF] 正在验证用户: admin
2025-11-11 11:03:43.746 +08:00 [INF] 输入的密码: admin123
2025-11-11 11:03:43.748 +08:00 [INF] 数据库中的密码: admin123
2025-11-11 11:03:43.749 +08:00 [INF] 密码验证结果: True
2025-11-11 11:03:43.770 +08:00 [INF] 更新最后登录时间成功
2025-11-11 11:03:43.773 +08:00 [INF] 用户 admin 登录成功
2025-11-11 11:03:50.130 +08:00 [INF] 接收到取消任务请求，任务ID: 151998
2025-11-11 11:03:50.848 +08:00 [WRN] 慢请求检测: GET /Tasks/Index - 4213ms - 来自 ::1
2025-11-11 11:03:52.802 +08:00 [WRN] 慢请求检测: GET /Tasks/Index - 1951ms - 来自 ::1
2025-11-11 11:03:56.921 +08:00 [WRN] 慢请求检测: GET /Tasks/Index - 1712ms - 来自 ::1
2025-11-11 11:03:57.790 +08:00 [INF] 较慢请求: GET /Tasks/Index - 868ms
2025-11-11 11:04:02.285 +08:00 [WRN] 慢请求检测: GET /Tasks/Index - 3820ms - 来自 ::1
2025-11-11 11:04:03.746 +08:00 [WRN] 慢请求检测: GET /Tasks/Index - 1445ms - 来自 ::1
2025-11-11 11:04:08.698 +08:00 [WRN] 慢请求检测: GET /Tasks/Index - 3132ms - 来自 ::1
2025-11-11 11:04:10.989 +08:00 [WRN] 慢请求检测: GET /Tasks/Index - 1568ms - 来自 ::1
2025-11-11 11:04:12.964 +08:00 [WRN] 慢请求检测: GET /Tasks/Index - 1972ms - 来自 ::1
2025-11-11 11:04:14.630 +08:00 [INF] 已解锁任务 151998 的起点: 20A01
2025-11-11 11:04:17.172 +08:00 [INF] 已解锁任务 151998 的终点: PD009
2025-11-11 11:04:20.334 +08:00 [INF] 已解锁任务 151999 的起点: PC009
2025-11-11 11:04:20.339 +08:00 [INF] 已解锁任务 151999 的终点: PA012
2025-11-11 11:04:20.345 +08:00 [INF] 拆分任务分组 aa547224-f995-43cc-b5ff-434a40149040 已成功取消，共取消 2 个任务
2025-11-11 11:04:20.349 +08:00 [INF] 取消任务结果: 成功=True, 消息=拆分任务分组已成功取消，共取消 2 个任务
2025-11-11 11:04:20.351 +08:00 [WRN] 慢请求检测: GET /Tasks/Index - 6811ms - 来自 ::1
2025-11-11 11:04:20.372 +08:00 [WRN] 慢请求检测: POST /Tasks/Cancel - 33755ms - 来自 ::1
2025-11-11 11:04:26.665 +08:00 [INF] 较慢请求: GET /Tasks/Index - 504ms
2025-11-11 11:19:07.881 +08:00 [INF] TCP服务未启用，数据清理服务将不会启动。
2025-11-11 11:19:07.935 +08:00 [INF] TcpServerService 启动，监听 127.0.0.1:9000
2025-11-11 11:19:07.956 +08:00 [INF] 任务缓存处理器已启动
2025-11-11 11:19:08.038 +08:00 [WRN] Overriding address(es) 'http://localhost:5055'. Binding to endpoints defined via IConfiguration and/or UseKestrel() instead.
2025-11-11 11:19:10.301 +08:00 [WRN] Failed to determine the https port for redirect.
2025-11-11 11:19:11.788 +08:00 [INF] 正在验证用户: admin
2025-11-11 11:19:11.791 +08:00 [INF] 输入的密码: admin123
2025-11-11 11:19:11.794 +08:00 [INF] 数据库中的密码: admin123
2025-11-11 11:19:11.796 +08:00 [INF] 密码验证结果: True
2025-11-11 11:19:11.821 +08:00 [INF] 更新最后登录时间成功
2025-11-11 11:19:11.823 +08:00 [INF] 用户 admin 登录成功
2025-11-11 11:19:22.465 +08:00 [INF] 接收到的任务数据: TaskType=fgHandover, Source=06B05, Target=06C06, Priority=1, RequestCode=1762831162
2025-11-11 11:19:22.492 +08:00 [INF] 已锁定储位: Name=33, NodeRemark=PA023
2025-11-11 11:19:22.499 +08:00 [INF] 检测到需要拆分的任务（类型2），起点: 06B05
2025-11-11 11:19:22.507 +08:00 [INF] 终点 PA023 已被锁定，将任务缓存
2025-11-11 11:19:22.516 +08:00 [INF] 任务已缓存: 1762831162, 错误信息: 终点 PA023 已被锁定
2025-11-11 11:19:22.522 +08:00 [INF] 拆分任务被缓存，已解锁之前自动分配的储位: 33
2025-11-11 11:20:07.990 +08:00 [INF] 检测到点位可用，准备处理缓存任务: 1762831162
2025-11-11 11:20:13.434 +08:00 [WRN] 慢请求检测: GET /Tasks/Index - 3455ms - 来自 ::1
2025-11-11 11:20:14.711 +08:00 [WRN] 慢请求检测: GET /Tasks/Index - 1273ms - 来自 ::1
2025-11-11 11:20:16.015 +08:00 [INF] 较慢请求: GET /Tasks/Index - 688ms
2025-11-11 11:20:17.743 +08:00 [WRN] 慢请求检测: GET /Tasks/Index - 1333ms - 来自 ::1
2025-11-11 11:20:18.551 +08:00 [INF] 较慢请求: GET /Tasks/Index - 808ms
2025-11-11 11:20:20.205 +08:00 [INF] 较慢请求: GET /Tasks/Index - 915ms
2025-11-11 11:20:20.205 +08:00 [INF] 已锁定储位: Name=32, NodeRemark=PA022
2025-11-11 11:20:23.815 +08:00 [WRN] 慢请求检测: GET /Tasks/Index - 1953ms - 来自 ::1
2025-11-11 11:20:24.732 +08:00 [INF] 检测到需要拆分的任务（类型2），起点: 06B05
2025-11-11 11:20:24.732 +08:00 [INF] 较慢请求: GET /Tasks/Index - 910ms
2025-11-11 11:20:25.487 +08:00 [INF] 终点 PA022 已被锁定，将任务缓存
2025-11-11 11:20:25.513 +08:00 [INF] 任务已缓存: 1762831162, 错误信息: 终点 PA022 已被锁定
2025-11-11 11:25:48.368 +08:00 [INF] TCP服务未启用，数据清理服务将不会启动。
2025-11-11 11:25:48.429 +08:00 [INF] TcpServerService 启动，监听 127.0.0.1:9000
2025-11-11 11:25:48.454 +08:00 [INF] 任务缓存处理器已启动
2025-11-11 11:25:48.495 +08:00 [INF] 检测到点位可用，准备处理缓存任务: 1762831162
2025-11-11 11:25:59.199 +08:00 [WRN] Overriding address(es) 'http://localhost:5055'. Binding to endpoints defined via IConfiguration and/or UseKestrel() instead.
2025-11-11 11:26:03.639 +08:00 [INF] 已锁定储位: Name=25, NodeRemark=PA015
2025-11-11 11:26:10.908 +08:00 [INF] 检测到需要拆分的任务（类型2），起点: 06B05
2025-11-11 11:26:25.522 +08:00 [INF] 已锁定任务起点储位: 06B05
2025-11-11 11:26:25.525 +08:00 [INF] 已锁定小地牛中转点储位: PC002
2025-11-11 11:26:25.526 +08:00 [INF] 已锁定三向车中转点储位: PD002
2025-11-11 11:26:25.528 +08:00 [INF] 已锁定任务终点储位: PA015
2025-11-11 11:26:25.530 +08:00 [INF] 任务拆分完成（类型2），分组ID: 7ded9751-eb03-4e6a-9048-a41d2cb51e2c，第一个任务: 1762831162_1，第二个任务: 1762831162_2
2025-11-11 11:26:25.550 +08:00 [INF] 任务拆分成功，原始任务: 1762831162，生成了 2 个子任务
2025-11-11 11:26:25.555 +08:00 [INF] 缓存任务处理成功: 1762831162
2025-11-11 11:26:25.716 +08:00 [WRN] Failed to determine the https port for redirect.
2025-11-11 11:26:29.260 +08:00 [INF] 正在验证用户: admin
2025-11-11 11:26:29.262 +08:00 [INF] 输入的密码: admin123
2025-11-11 11:26:29.263 +08:00 [INF] 数据库中的密码: admin123
2025-11-11 11:26:29.265 +08:00 [INF] 密码验证结果: True
2025-11-11 11:26:29.288 +08:00 [INF] 更新最后登录时间成功
2025-11-11 11:26:29.289 +08:00 [INF] 用户 admin 登录成功
2025-11-11 11:26:56.112 +08:00 [INF] 接收到取消任务请求，任务ID: 152000
2025-11-11 11:26:56.152 +08:00 [INF] 接收到取消任务请求，任务ID: 152000
2025-11-11 11:26:59.949 +08:00 [WRN] 慢请求检测: GET /Tasks/Index - 3794ms - 来自 ::1
2025-11-11 11:26:59.968 +08:00 [INF] 已解锁任务 152000 的起点: 06B05
2025-11-11 11:26:59.974 +08:00 [INF] 已解锁任务 152000 的终点: PD002
2025-11-11 11:26:59.979 +08:00 [INF] 已解锁任务 152001 的起点: PC002
2025-11-11 11:26:59.984 +08:00 [INF] 已解锁任务 152001 的终点: PA015
2025-11-11 11:26:59.996 +08:00 [INF] 拆分任务分组 7ded9751-eb03-4e6a-9048-a41d2cb51e2c 已成功取消，共取消 2 个任务
2025-11-11 11:27:00.001 +08:00 [INF] 取消任务结果: 成功=True, 消息=拆分任务分组已成功取消，共取消 2 个任务
2025-11-11 11:27:00.001 +08:00 [INF] 已解锁任务 152000 的起点: 06B05
2025-11-11 11:27:00.020 +08:00 [INF] 已解锁任务 152000 的终点: PD002
2025-11-11 11:27:00.027 +08:00 [WRN] 慢请求检测: POST /Tasks/Cancel - 8551ms - 来自 ::1
2025-11-11 11:27:00.035 +08:00 [INF] 已解锁任务 152001 的起点: PC002
2025-11-11 11:27:00.045 +08:00 [INF] 已解锁任务 152001 的终点: PA015
2025-11-11 11:27:00.048 +08:00 [INF] 拆分任务分组 7ded9751-eb03-4e6a-9048-a41d2cb51e2c 已成功取消，共取消 2 个任务
2025-11-11 11:27:00.059 +08:00 [INF] 取消任务结果: 成功=True, 消息=拆分任务分组已成功取消，共取消 2 个任务
2025-11-11 11:27:00.070 +08:00 [WRN] 慢请求检测: POST /Tasks/Cancel - 3919ms - 来自 ::1
2025-11-11 15:25:54.675 +08:00 [INF] TCP服务未启用，数据清理服务将不会启动。
2025-11-11 15:25:54.734 +08:00 [INF] TcpServerService 启动，监听 127.0.0.1:9000
2025-11-11 15:25:54.756 +08:00 [INF] 任务缓存处理器已启动
2025-11-11 15:25:54.861 +08:00 [WRN] Overriding address(es) 'http://localhost:5055'. Binding to endpoints defined via IConfiguration and/or UseKestrel() instead.
2025-11-11 15:25:58.301 +08:00 [WRN] Failed to determine the https port for redirect.
2025-11-11 15:26:00.018 +08:00 [INF] 正在验证用户: admin
2025-11-11 15:26:00.020 +08:00 [INF] 输入的密码: admin123
2025-11-11 15:26:00.023 +08:00 [INF] 数据库中的密码: admin123
2025-11-11 15:26:00.025 +08:00 [INF] 密码验证结果: True
2025-11-11 15:26:00.048 +08:00 [INF] 更新最后登录时间成功
2025-11-11 15:26:00.050 +08:00 [INF] 用户 admin 登录成功
2025-11-11 15:38:31.808 +08:00 [INF] TCP服务未启用，数据清理服务将不会启动。
2025-11-11 15:38:31.863 +08:00 [INF] TcpServerService 启动，监听 127.0.0.1:9000
2025-11-11 15:38:31.885 +08:00 [INF] 任务缓存处理器已启动
2025-11-11 15:38:31.971 +08:00 [WRN] Overriding address(es) 'http://localhost:5055'. Binding to endpoints defined via IConfiguration and/or UseKestrel() instead.
2025-11-11 15:38:34.101 +08:00 [WRN] Failed to determine the https port for redirect.
2025-11-11 15:38:36.442 +08:00 [INF] 正在验证用户: admin
2025-11-11 15:38:36.445 +08:00 [INF] 输入的密码: admin123
2025-11-11 15:38:36.447 +08:00 [INF] 数据库中的密码: admin123
2025-11-11 15:38:36.449 +08:00 [INF] 密码验证结果: True
2025-11-11 15:38:36.468 +08:00 [INF] 更新最后登录时间成功
2025-11-11 15:38:36.471 +08:00 [INF] 用户 admin 登录成功
2025-11-11 15:40:04.827 +08:00 [INF] TCP服务未启用，数据清理服务将不会启动。
2025-11-11 15:40:04.885 +08:00 [INF] TcpServerService 启动，监听 127.0.0.1:9000
2025-11-11 15:40:04.904 +08:00 [INF] 任务缓存处理器已启动
2025-11-11 15:40:04.981 +08:00 [WRN] Overriding address(es) 'http://localhost:5055'. Binding to endpoints defined via IConfiguration and/or UseKestrel() instead.
2025-11-11 15:40:06.808 +08:00 [WRN] Failed to determine the https port for redirect.
2025-11-11 15:40:08.659 +08:00 [INF] 正在验证用户: admin
2025-11-11 15:40:08.661 +08:00 [INF] 输入的密码: admin123
2025-11-11 15:40:08.663 +08:00 [INF] 数据库中的密码: admin123
2025-11-11 15:40:08.666 +08:00 [INF] 密码验证结果: True
2025-11-11 15:40:08.685 +08:00 [INF] 更新最后登录时间成功
2025-11-11 15:40:08.687 +08:00 [INF] 用户 admin 登录成功
2025-11-11 15:42:37.463 +08:00 [INF] TCP服务未启用，数据清理服务将不会启动。
2025-11-11 15:42:37.542 +08:00 [INF] TcpServerService 启动，监听 127.0.0.1:9000
2025-11-11 15:42:37.564 +08:00 [INF] 任务缓存处理器已启动
2025-11-11 15:42:37.634 +08:00 [WRN] Overriding address(es) 'http://localhost:5055'. Binding to endpoints defined via IConfiguration and/or UseKestrel() instead.
2025-11-11 15:42:39.878 +08:00 [WRN] Failed to determine the https port for redirect.
2025-11-11 15:42:41.424 +08:00 [INF] 正在验证用户: admin
2025-11-11 15:42:41.426 +08:00 [INF] 输入的密码: admin123
2025-11-11 15:42:41.428 +08:00 [INF] 数据库中的密码: admin123
2025-11-11 15:42:41.430 +08:00 [INF] 密码验证结果: True
2025-11-11 15:42:41.448 +08:00 [INF] 更新最后登录时间成功
2025-11-11 15:42:41.450 +08:00 [INF] 用户 admin 登录成功
2025-11-11 15:43:24.124 +08:00 [INF] TCP服务未启用，数据清理服务将不会启动。
2025-11-11 15:43:24.185 +08:00 [INF] TcpServerService 启动，监听 127.0.0.1:9000
2025-11-11 15:43:24.206 +08:00 [INF] 任务缓存处理器已启动
2025-11-11 15:43:24.279 +08:00 [WRN] Overriding address(es) 'http://localhost:5055'. Binding to endpoints defined via IConfiguration and/or UseKestrel() instead.
2025-11-11 15:43:26.077 +08:00 [WRN] Failed to determine the https port for redirect.
2025-11-11 15:43:27.580 +08:00 [INF] 正在验证用户: admin
2025-11-11 15:43:27.582 +08:00 [INF] 输入的密码: admin123
2025-11-11 15:43:27.585 +08:00 [INF] 数据库中的密码: admin123
2025-11-11 15:43:27.588 +08:00 [INF] 密码验证结果: True
2025-11-11 15:43:27.606 +08:00 [INF] 更新最后登录时间成功
2025-11-11 15:43:27.607 +08:00 [INF] 用户 admin 登录成功
2025-11-11 16:28:15.764 +08:00 [INF] TCP服务未启用，数据清理服务将不会启动。
2025-11-11 16:28:15.826 +08:00 [INF] TcpServerService 启动，监听 127.0.0.1:9000
2025-11-11 16:28:18.560 +08:00 [INF] 任务缓存处理器已启动
2025-11-11 16:28:26.793 +08:00 [WRN] Overriding address(es) 'http://localhost:5055'. Binding to endpoints defined via IConfiguration and/or UseKestrel() instead.
2025-11-11 16:28:28.674 +08:00 [WRN] Failed to determine the https port for redirect.
2025-11-11 16:28:30.280 +08:00 [INF] 正在验证用户: admin
2025-11-11 16:28:30.283 +08:00 [INF] 输入的密码: admin123
2025-11-11 16:28:30.285 +08:00 [INF] 数据库中的密码: admin123
2025-11-11 16:28:30.287 +08:00 [INF] 密码验证结果: True
2025-11-11 16:28:30.303 +08:00 [INF] 更新最后登录时间成功
2025-11-11 16:28:30.306 +08:00 [INF] 用户 admin 登录成功
2025-11-11 16:29:53.085 +08:00 [WRN] 慢请求检测: GET /Tasks/Index - 1520ms - 来自 ::1
2025-11-11 16:30:12.160 +08:00 [WRN] 慢请求检测: GET /Tasks/Index - 14477ms - 来自 ::1
2025-11-11 16:32:48.282 +08:00 [INF] TCP服务未启用，数据清理服务将不会启动。
2025-11-11 16:32:48.341 +08:00 [INF] TcpServerService 启动，监听 127.0.0.1:9000
2025-11-11 16:32:48.363 +08:00 [INF] 任务缓存处理器已启动
2025-11-11 16:32:52.268 +08:00 [WRN] Overriding address(es) 'http://localhost:5055'. Binding to endpoints defined via IConfiguration and/or UseKestrel() instead.
2025-11-11 16:32:54.072 +08:00 [WRN] Failed to determine the https port for redirect.
2025-11-11 16:32:55.652 +08:00 [INF] 正在验证用户: admin
2025-11-11 16:32:55.655 +08:00 [INF] 输入的密码: admin123
2025-11-11 16:32:55.657 +08:00 [INF] 数据库中的密码: admin123
2025-11-11 16:32:55.658 +08:00 [INF] 密码验证结果: True
2025-11-11 16:32:55.675 +08:00 [INF] 更新最后登录时间成功
2025-11-11 16:32:55.677 +08:00 [INF] 用户 admin 登录成功
