2026-01-15 13:12:42.131 +08:00 [INF] TCP服务未启用，数据清理服务将不会启动。
2026-01-15 13:12:42.186 +08:00 [INF] TcpServerService 启动，监听 127.0.0.1:9000
2026-01-15 13:12:42.206 +08:00 [INF] 任务缓存处理器已启动
2026-01-15 13:12:42.225 +08:00 [INF] 本次处理 1 个缓存任务
2026-01-15 13:12:42.227 +08:00 [INF] 开始处理缓存任务: Id=148, PalletNumber=20251225133124142, RequestCode=1766640684, RetryCount=52
2026-01-15 13:12:42.258 +08:00 [INF] 检测到点位可用，准备处理缓存任务: RequestCode=1766640684, 起点=06B06, 终点=06A07
2026-01-15 13:12:42.270 +08:00 [INF] 调用AddTaskAsync: PalletNumber=20251225133124142, RequestCode=1766640684, TaskType=manualTask, 起点=06B06, 终点=06A07
2026-01-15 13:12:42.278 +08:00 [INF] 开始处理AddTaskAsync请求: PalletNumber=20251225133124142, RequestCode=1766640684, TaskType=manualTask, 起点=06B06, 终点=06A07, 物料=, 数量=0
2026-01-15 13:12:42.307 +08:00 [INF] 检测到需要拆分的任务（类型2），起点: 06B06
2026-01-15 13:12:42.310 +08:00 [WRN] Overriding address(es) 'http://localhost:5055'. Binding to endpoints defined via IConfiguration and/or UseKestrel() instead.
2026-01-15 13:12:42.320 +08:00 [INF] 开始执行CacheTaskAsync: PalletNumber=20251225133124142, RequestCode=1766640684, 错误信息=中转点 PD002 已被锁定
2026-01-15 13:12:42.324 +08:00 [INF] 发现已存在的缓存任务，将更新而非新增: Id=148, PalletNumber=20251225133124142
2026-01-15 13:12:42.331 +08:00 [INF] 缓存任务已存在，已更新: PalletNumber=20251225133124142, RequestCode=1766640684, 错误信息: 中转点 PD002 已被锁定
2026-01-15 13:12:42.333 +08:00 [INF] CacheTaskAsync完成（更新已存在的缓存任务）
2026-01-15 13:12:42.339 +08:00 [INF] AddTaskAsync返回结果: Status=Success, Message=任务已缓存，等待点位释放后自动处理, FailType=
2026-01-15 13:12:42.351 +08:00 [INF] 缓存任务仍需等待点位释放: PalletNumber=20251225133124142, RequestCode=1766640684, 重试次数: 53
2026-01-15 13:12:42.353 +08:00 [INF] 完成处理缓存任务: Id=148, PalletNumber=20251225133124142, RequestCode=1766640684
2026-01-15 13:12:47.493 +08:00 [WRN] Failed to determine the https port for redirect.
2026-01-15 13:12:49.245 +08:00 [INF] 正在验证用户: admin
2026-01-15 13:12:49.247 +08:00 [INF] 输入的密码: admin123
2026-01-15 13:12:49.248 +08:00 [INF] 数据库中的密码: admin123
2026-01-15 13:12:49.253 +08:00 [INF] 密码验证结果: True
2026-01-15 13:12:49.270 +08:00 [INF] 更新最后登录时间成功
2026-01-15 13:12:49.272 +08:00 [INF] 用户 admin 登录成功
2026-01-15 13:13:42.360 +08:00 [INF] 本次处理 1 个缓存任务
2026-01-15 13:13:42.361 +08:00 [INF] 开始处理缓存任务: Id=148, PalletNumber=20251225133124142, RequestCode=1766640684, RetryCount=53
2026-01-15 13:13:42.368 +08:00 [INF] 检测到点位可用，准备处理缓存任务: RequestCode=1766640684, 起点=06B06, 终点=06A07
2026-01-15 13:13:42.369 +08:00 [INF] 调用AddTaskAsync: PalletNumber=20251225133124142, RequestCode=1766640684, TaskType=manualTask, 起点=06B06, 终点=06A07
2026-01-15 13:13:42.371 +08:00 [INF] 开始处理AddTaskAsync请求: PalletNumber=20251225133124142, RequestCode=1766640684, TaskType=manualTask, 起点=06B06, 终点=06A07, 物料=, 数量=0
2026-01-15 13:13:42.375 +08:00 [INF] 检测到需要拆分的任务（类型2），起点: 06B06
2026-01-15 13:13:42.378 +08:00 [INF] 开始执行CacheTaskAsync: PalletNumber=20251225133124142, RequestCode=1766640684, 错误信息=中转点 PD002 已被锁定
2026-01-15 13:13:42.381 +08:00 [INF] 发现已存在的缓存任务，将更新而非新增: Id=148, PalletNumber=20251225133124142
2026-01-15 13:13:42.384 +08:00 [INF] 缓存任务已存在，已更新: PalletNumber=20251225133124142, RequestCode=1766640684, 错误信息: 中转点 PD002 已被锁定
2026-01-15 13:13:42.386 +08:00 [INF] CacheTaskAsync完成（更新已存在的缓存任务）
2026-01-15 13:13:42.399 +08:00 [INF] AddTaskAsync返回结果: Status=Success, Message=任务已缓存，等待点位释放后自动处理, FailType=
2026-01-15 13:13:42.404 +08:00 [INF] 缓存任务仍需等待点位释放: PalletNumber=20251225133124142, RequestCode=1766640684, 重试次数: 54
2026-01-15 13:13:42.406 +08:00 [INF] 完成处理缓存任务: Id=148, PalletNumber=20251225133124142, RequestCode=1766640684
2026-01-15 13:14:42.421 +08:00 [INF] 本次处理 1 个缓存任务
2026-01-15 13:14:42.422 +08:00 [INF] 开始处理缓存任务: Id=148, PalletNumber=20251225133124142, RequestCode=1766640684, RetryCount=54
2026-01-15 13:14:42.427 +08:00 [INF] 检测到点位可用，准备处理缓存任务: RequestCode=1766640684, 起点=06B06, 终点=06A07
2026-01-15 13:14:42.428 +08:00 [INF] 调用AddTaskAsync: PalletNumber=20251225133124142, RequestCode=1766640684, TaskType=manualTask, 起点=06B06, 终点=06A07
2026-01-15 13:14:42.429 +08:00 [INF] 开始处理AddTaskAsync请求: PalletNumber=20251225133124142, RequestCode=1766640684, TaskType=manualTask, 起点=06B06, 终点=06A07, 物料=, 数量=0
2026-01-15 13:14:42.434 +08:00 [INF] 检测到需要拆分的任务（类型2），起点: 06B06
2026-01-15 13:14:42.437 +08:00 [INF] 开始执行CacheTaskAsync: PalletNumber=20251225133124142, RequestCode=1766640684, 错误信息=中转点 PD002 已被锁定
2026-01-15 13:14:42.441 +08:00 [INF] 发现已存在的缓存任务，将更新而非新增: Id=148, PalletNumber=20251225133124142
2026-01-15 13:14:42.445 +08:00 [INF] 缓存任务已存在，已更新: PalletNumber=20251225133124142, RequestCode=1766640684, 错误信息: 中转点 PD002 已被锁定
2026-01-15 13:14:42.447 +08:00 [INF] CacheTaskAsync完成（更新已存在的缓存任务）
2026-01-15 13:14:42.448 +08:00 [INF] AddTaskAsync返回结果: Status=Success, Message=任务已缓存，等待点位释放后自动处理, FailType=
2026-01-15 13:14:42.452 +08:00 [INF] 缓存任务仍需等待点位释放: PalletNumber=20251225133124142, RequestCode=1766640684, 重试次数: 55
2026-01-15 13:14:42.453 +08:00 [INF] 完成处理缓存任务: Id=148, PalletNumber=20251225133124142, RequestCode=1766640684
2026-01-15 13:15:42.476 +08:00 [INF] 本次处理 1 个缓存任务
2026-01-15 13:15:42.480 +08:00 [INF] 开始处理缓存任务: Id=148, PalletNumber=20251225133124142, RequestCode=1766640684, RetryCount=55
2026-01-15 13:15:42.490 +08:00 [INF] 检测到点位可用，准备处理缓存任务: RequestCode=1766640684, 起点=06B06, 终点=06A07
2026-01-15 13:15:42.492 +08:00 [INF] 调用AddTaskAsync: PalletNumber=20251225133124142, RequestCode=1766640684, TaskType=manualTask, 起点=06B06, 终点=06A07
2026-01-15 13:15:42.501 +08:00 [INF] 开始处理AddTaskAsync请求: PalletNumber=20251225133124142, RequestCode=1766640684, TaskType=manualTask, 起点=06B06, 终点=06A07, 物料=, 数量=0
2026-01-15 13:15:42.507 +08:00 [INF] 检测到需要拆分的任务（类型2），起点: 06B06
2026-01-15 13:15:42.513 +08:00 [INF] 开始执行CacheTaskAsync: PalletNumber=20251225133124142, RequestCode=1766640684, 错误信息=中转点 PD002 已被锁定
2026-01-15 13:15:42.526 +08:00 [INF] 发现已存在的缓存任务，将更新而非新增: Id=148, PalletNumber=20251225133124142
2026-01-15 13:15:42.540 +08:00 [INF] 缓存任务已存在，已更新: PalletNumber=20251225133124142, RequestCode=1766640684, 错误信息: 中转点 PD002 已被锁定
2026-01-15 13:15:42.545 +08:00 [INF] CacheTaskAsync完成（更新已存在的缓存任务）
2026-01-15 13:15:42.547 +08:00 [INF] AddTaskAsync返回结果: Status=Success, Message=任务已缓存，等待点位释放后自动处理, FailType=
2026-01-15 13:15:42.556 +08:00 [INF] 缓存任务仍需等待点位释放: PalletNumber=20251225133124142, RequestCode=1766640684, 重试次数: 56
2026-01-15 13:15:42.562 +08:00 [INF] 完成处理缓存任务: Id=148, PalletNumber=20251225133124142, RequestCode=1766640684
2026-01-15 13:16:54.629 +08:00 [INF] TCP服务未启用，数据清理服务将不会启动。
2026-01-15 13:16:54.692 +08:00 [INF] TcpServerService 启动，监听 127.0.0.1:9000
2026-01-15 13:16:54.713 +08:00 [INF] 任务缓存处理器已启动
2026-01-15 13:16:54.732 +08:00 [INF] 本次处理 1 个缓存任务
2026-01-15 13:16:54.733 +08:00 [INF] 开始处理缓存任务: Id=148, PalletNumber=20251225133124142, RequestCode=1766640684, RetryCount=56
2026-01-15 13:16:54.756 +08:00 [INF] 检测到点位可用，准备处理缓存任务: RequestCode=1766640684, 起点=06B06, 终点=06A07
2026-01-15 13:16:54.770 +08:00 [INF] 调用AddTaskAsync: PalletNumber=20251225133124142, RequestCode=1766640684, TaskType=manualTask, 起点=06B06, 终点=06A07
2026-01-15 13:16:54.777 +08:00 [INF] 开始处理AddTaskAsync请求: PalletNumber=20251225133124142, RequestCode=1766640684, TaskType=manualTask, 起点=06B06, 终点=06A07, 物料=, 数量=0
2026-01-15 13:16:54.805 +08:00 [WRN] Overriding address(es) 'http://localhost:5055'. Binding to endpoints defined via IConfiguration and/or UseKestrel() instead.
2026-01-15 13:16:54.812 +08:00 [INF] 检测到需要拆分的任务（类型2），起点: 06B06
2026-01-15 13:16:54.830 +08:00 [INF] 开始执行CacheTaskAsync: PalletNumber=20251225133124142, RequestCode=1766640684, 错误信息=中转点 PD002 已被锁定
2026-01-15 13:16:54.837 +08:00 [INF] 发现已存在的缓存任务，将更新而非新增: Id=148, PalletNumber=20251225133124142
2026-01-15 13:16:54.845 +08:00 [INF] 缓存任务已存在，已更新: PalletNumber=20251225133124142, RequestCode=1766640684, 错误信息: 中转点 PD002 已被锁定
2026-01-15 13:16:54.847 +08:00 [INF] CacheTaskAsync完成（更新已存在的缓存任务）
2026-01-15 13:16:54.854 +08:00 [INF] AddTaskAsync返回结果: Status=Success, Message=任务已缓存，等待点位释放后自动处理, FailType=
2026-01-15 13:16:54.867 +08:00 [INF] 缓存任务仍需等待点位释放: PalletNumber=20251225133124142, RequestCode=1766640684, 重试次数: 57
2026-01-15 13:16:54.869 +08:00 [INF] 完成处理缓存任务: Id=148, PalletNumber=20251225133124142, RequestCode=1766640684
2026-01-15 13:16:56.376 +08:00 [WRN] Failed to determine the https port for redirect.
2026-01-15 13:17:54.887 +08:00 [INF] 本次处理 1 个缓存任务
2026-01-15 13:17:54.892 +08:00 [INF] 开始处理缓存任务: Id=148, PalletNumber=20251225133124142, RequestCode=1766640684, RetryCount=57
2026-01-15 13:17:54.903 +08:00 [INF] 检测到点位可用，准备处理缓存任务: RequestCode=1766640684, 起点=06B06, 终点=06A07
2026-01-15 13:17:54.905 +08:00 [INF] 调用AddTaskAsync: PalletNumber=20251225133124142, RequestCode=1766640684, TaskType=manualTask, 起点=06B06, 终点=06A07
2026-01-15 13:17:54.906 +08:00 [INF] 开始处理AddTaskAsync请求: PalletNumber=20251225133124142, RequestCode=1766640684, TaskType=manualTask, 起点=06B06, 终点=06A07, 物料=, 数量=0
2026-01-15 13:17:54.910 +08:00 [INF] 检测到需要拆分的任务（类型2），起点: 06B06
2026-01-15 13:17:54.913 +08:00 [INF] 开始执行CacheTaskAsync: PalletNumber=20251225133124142, RequestCode=1766640684, 错误信息=中转点 PD002 已被锁定
2026-01-15 13:17:54.916 +08:00 [INF] 发现已存在的缓存任务，将更新而非新增: Id=148, PalletNumber=20251225133124142
2026-01-15 13:17:54.918 +08:00 [INF] 缓存任务已存在，已更新: PalletNumber=20251225133124142, RequestCode=1766640684, 错误信息: 中转点 PD002 已被锁定
2026-01-15 13:17:54.920 +08:00 [INF] CacheTaskAsync完成（更新已存在的缓存任务）
2026-01-15 13:17:54.922 +08:00 [INF] AddTaskAsync返回结果: Status=Success, Message=任务已缓存，等待点位释放后自动处理, FailType=
2026-01-15 13:17:54.925 +08:00 [INF] 缓存任务仍需等待点位释放: PalletNumber=20251225133124142, RequestCode=1766640684, 重试次数: 58
2026-01-15 13:17:54.926 +08:00 [INF] 完成处理缓存任务: Id=148, PalletNumber=20251225133124142, RequestCode=1766640684
2026-01-15 13:18:04.186 +08:00 [INF] 正在验证用户: admin
2026-01-15 13:18:04.188 +08:00 [INF] 输入的密码: admin123
2026-01-15 13:18:04.189 +08:00 [INF] 数据库中的密码: admin123
2026-01-15 13:18:04.191 +08:00 [INF] 密码验证结果: True
2026-01-15 13:18:04.210 +08:00 [INF] 更新最后登录时间成功
2026-01-15 13:18:04.213 +08:00 [INF] 用户 admin 登录成功
2026-01-15 13:18:54.933 +08:00 [INF] 本次处理 1 个缓存任务
2026-01-15 13:18:54.934 +08:00 [INF] 开始处理缓存任务: Id=148, PalletNumber=20251225133124142, RequestCode=1766640684, RetryCount=58
2026-01-15 13:18:54.938 +08:00 [INF] 检测到点位可用，准备处理缓存任务: RequestCode=1766640684, 起点=06B06, 终点=06A07
2026-01-15 13:18:54.940 +08:00 [INF] 调用AddTaskAsync: PalletNumber=20251225133124142, RequestCode=1766640684, TaskType=manualTask, 起点=06B06, 终点=06A07
2026-01-15 13:18:54.941 +08:00 [INF] 开始处理AddTaskAsync请求: PalletNumber=20251225133124142, RequestCode=1766640684, TaskType=manualTask, 起点=06B06, 终点=06A07, 物料=, 数量=0
2026-01-15 13:18:54.945 +08:00 [INF] 检测到需要拆分的任务（类型2），起点: 06B06
2026-01-15 13:18:54.948 +08:00 [INF] 开始执行CacheTaskAsync: PalletNumber=20251225133124142, RequestCode=1766640684, 错误信息=中转点 PD002 已被锁定
2026-01-15 13:18:54.951 +08:00 [INF] 发现已存在的缓存任务，将更新而非新增: Id=148, PalletNumber=20251225133124142
2026-01-15 13:18:54.954 +08:00 [INF] 缓存任务已存在，已更新: PalletNumber=20251225133124142, RequestCode=1766640684, 错误信息: 中转点 PD002 已被锁定
2026-01-15 13:18:54.956 +08:00 [INF] CacheTaskAsync完成（更新已存在的缓存任务）
2026-01-15 13:18:54.957 +08:00 [INF] AddTaskAsync返回结果: Status=Success, Message=任务已缓存，等待点位释放后自动处理, FailType=
2026-01-15 13:18:54.960 +08:00 [INF] 缓存任务仍需等待点位释放: PalletNumber=20251225133124142, RequestCode=1766640684, 重试次数: 59
2026-01-15 13:18:54.961 +08:00 [INF] 完成处理缓存任务: Id=148, PalletNumber=20251225133124142, RequestCode=1766640684
2026-01-15 13:19:54.964 +08:00 [INF] 本次处理 1 个缓存任务
2026-01-15 13:19:54.966 +08:00 [INF] 开始处理缓存任务: Id=148, PalletNumber=20251225133124142, RequestCode=1766640684, RetryCount=59
2026-01-15 13:19:54.971 +08:00 [INF] 检测到点位可用，准备处理缓存任务: RequestCode=1766640684, 起点=06B06, 终点=06A07
2026-01-15 13:19:54.972 +08:00 [INF] 调用AddTaskAsync: PalletNumber=20251225133124142, RequestCode=1766640684, TaskType=manualTask, 起点=06B06, 终点=06A07
2026-01-15 13:19:54.974 +08:00 [INF] 开始处理AddTaskAsync请求: PalletNumber=20251225133124142, RequestCode=1766640684, TaskType=manualTask, 起点=06B06, 终点=06A07, 物料=, 数量=0
2026-01-15 13:19:54.978 +08:00 [INF] 检测到需要拆分的任务（类型2），起点: 06B06
2026-01-15 13:19:54.981 +08:00 [INF] 开始执行CacheTaskAsync: PalletNumber=20251225133124142, RequestCode=1766640684, 错误信息=中转点 PD002 已被锁定
2026-01-15 13:19:54.984 +08:00 [INF] 发现已存在的缓存任务，将更新而非新增: Id=148, PalletNumber=20251225133124142
2026-01-15 13:19:54.987 +08:00 [INF] 缓存任务已存在，已更新: PalletNumber=20251225133124142, RequestCode=1766640684, 错误信息: 中转点 PD002 已被锁定
2026-01-15 13:19:54.989 +08:00 [INF] CacheTaskAsync完成（更新已存在的缓存任务）
2026-01-15 13:19:54.990 +08:00 [INF] AddTaskAsync返回结果: Status=Success, Message=任务已缓存，等待点位释放后自动处理, FailType=
2026-01-15 13:19:54.993 +08:00 [INF] 缓存任务仍需等待点位释放: PalletNumber=20251225133124142, RequestCode=1766640684, 重试次数: 60
2026-01-15 13:19:54.994 +08:00 [INF] 完成处理缓存任务: Id=148, PalletNumber=20251225133124142, RequestCode=1766640684
2026-01-15 13:20:55.001 +08:00 [INF] 本次处理 1 个缓存任务
2026-01-15 13:20:55.003 +08:00 [INF] 开始处理缓存任务: Id=148, PalletNumber=20251225133124142, RequestCode=1766640684, RetryCount=60
2026-01-15 13:20:55.009 +08:00 [INF] 检测到点位可用，准备处理缓存任务: RequestCode=1766640684, 起点=06B06, 终点=06A07
2026-01-15 13:20:55.011 +08:00 [INF] 调用AddTaskAsync: PalletNumber=20251225133124142, RequestCode=1766640684, TaskType=manualTask, 起点=06B06, 终点=06A07
2026-01-15 13:20:55.012 +08:00 [INF] 开始处理AddTaskAsync请求: PalletNumber=20251225133124142, RequestCode=1766640684, TaskType=manualTask, 起点=06B06, 终点=06A07, 物料=, 数量=0
2026-01-15 13:20:55.016 +08:00 [INF] 检测到需要拆分的任务（类型2），起点: 06B06
2026-01-15 13:20:55.019 +08:00 [INF] 开始执行CacheTaskAsync: PalletNumber=20251225133124142, RequestCode=1766640684, 错误信息=中转点 PD002 已被锁定
2026-01-15 13:20:55.023 +08:00 [INF] 发现已存在的缓存任务，将更新而非新增: Id=148, PalletNumber=20251225133124142
2026-01-15 13:20:55.026 +08:00 [INF] 缓存任务已存在，已更新: PalletNumber=20251225133124142, RequestCode=1766640684, 错误信息: 中转点 PD002 已被锁定
2026-01-15 13:20:55.031 +08:00 [INF] CacheTaskAsync完成（更新已存在的缓存任务）
2026-01-15 13:20:55.044 +08:00 [INF] AddTaskAsync返回结果: Status=Success, Message=任务已缓存，等待点位释放后自动处理, FailType=
2026-01-15 13:20:55.048 +08:00 [INF] 缓存任务仍需等待点位释放: PalletNumber=20251225133124142, RequestCode=1766640684, 重试次数: 61
2026-01-15 13:20:55.049 +08:00 [INF] 完成处理缓存任务: Id=148, PalletNumber=20251225133124142, RequestCode=1766640684
2026-01-15 13:21:55.066 +08:00 [INF] 本次处理 1 个缓存任务
2026-01-15 13:21:55.067 +08:00 [INF] 开始处理缓存任务: Id=148, PalletNumber=20251225133124142, RequestCode=1766640684, RetryCount=61
2026-01-15 13:21:55.072 +08:00 [INF] 检测到点位可用，准备处理缓存任务: RequestCode=1766640684, 起点=06B06, 终点=06A07
2026-01-15 13:21:55.073 +08:00 [INF] 调用AddTaskAsync: PalletNumber=20251225133124142, RequestCode=1766640684, TaskType=manualTask, 起点=06B06, 终点=06A07
2026-01-15 13:21:55.074 +08:00 [INF] 开始处理AddTaskAsync请求: PalletNumber=20251225133124142, RequestCode=1766640684, TaskType=manualTask, 起点=06B06, 终点=06A07, 物料=, 数量=0
2026-01-15 13:21:55.079 +08:00 [INF] 检测到需要拆分的任务（类型2），起点: 06B06
2026-01-15 13:21:55.082 +08:00 [INF] 开始执行CacheTaskAsync: PalletNumber=20251225133124142, RequestCode=1766640684, 错误信息=中转点 PD002 已被锁定
2026-01-15 13:21:55.085 +08:00 [INF] 发现已存在的缓存任务，将更新而非新增: Id=148, PalletNumber=20251225133124142
2026-01-15 13:21:55.088 +08:00 [INF] 缓存任务已存在，已更新: PalletNumber=20251225133124142, RequestCode=1766640684, 错误信息: 中转点 PD002 已被锁定
2026-01-15 13:21:55.091 +08:00 [INF] CacheTaskAsync完成（更新已存在的缓存任务）
2026-01-15 13:21:55.102 +08:00 [INF] AddTaskAsync返回结果: Status=Success, Message=任务已缓存，等待点位释放后自动处理, FailType=
2026-01-15 13:21:55.106 +08:00 [INF] 缓存任务仍需等待点位释放: PalletNumber=20251225133124142, RequestCode=1766640684, 重试次数: 62
2026-01-15 13:21:55.107 +08:00 [INF] 完成处理缓存任务: Id=148, PalletNumber=20251225133124142, RequestCode=1766640684
2026-01-15 13:22:55.122 +08:00 [INF] 本次处理 1 个缓存任务
2026-01-15 13:22:55.123 +08:00 [INF] 开始处理缓存任务: Id=148, PalletNumber=20251225133124142, RequestCode=1766640684, RetryCount=62
2026-01-15 13:22:55.128 +08:00 [INF] 检测到点位可用，准备处理缓存任务: RequestCode=1766640684, 起点=06B06, 终点=06A07
2026-01-15 13:22:55.129 +08:00 [INF] 调用AddTaskAsync: PalletNumber=20251225133124142, RequestCode=1766640684, TaskType=manualTask, 起点=06B06, 终点=06A07
2026-01-15 13:22:55.131 +08:00 [INF] 开始处理AddTaskAsync请求: PalletNumber=20251225133124142, RequestCode=1766640684, TaskType=manualTask, 起点=06B06, 终点=06A07, 物料=, 数量=0
2026-01-15 13:22:55.134 +08:00 [INF] 检测到需要拆分的任务（类型2），起点: 06B06
2026-01-15 13:22:55.138 +08:00 [INF] 开始执行CacheTaskAsync: PalletNumber=20251225133124142, RequestCode=1766640684, 错误信息=中转点 PD002 已被锁定
2026-01-15 13:22:55.141 +08:00 [INF] 发现已存在的缓存任务，将更新而非新增: Id=148, PalletNumber=20251225133124142
2026-01-15 13:22:55.144 +08:00 [INF] 缓存任务已存在，已更新: PalletNumber=20251225133124142, RequestCode=1766640684, 错误信息: 中转点 PD002 已被锁定
2026-01-15 13:22:55.145 +08:00 [INF] CacheTaskAsync完成（更新已存在的缓存任务）
2026-01-15 13:22:55.157 +08:00 [INF] AddTaskAsync返回结果: Status=Success, Message=任务已缓存，等待点位释放后自动处理, FailType=
2026-01-15 13:22:55.161 +08:00 [INF] 缓存任务仍需等待点位释放: PalletNumber=20251225133124142, RequestCode=1766640684, 重试次数: 63
2026-01-15 13:22:55.162 +08:00 [INF] 完成处理缓存任务: Id=148, PalletNumber=20251225133124142, RequestCode=1766640684
2026-01-15 15:03:06.848 +08:00 [INF] TCP服务未启用，数据清理服务将不会启动。
2026-01-15 15:03:06.900 +08:00 [INF] TcpServerService 启动，监听 127.0.0.1:9000
2026-01-15 15:03:06.920 +08:00 [INF] 任务缓存处理器已启动
2026-01-15 15:03:06.945 +08:00 [INF] 本次处理 1 个缓存任务
2026-01-15 15:03:06.946 +08:00 [INF] 开始处理缓存任务: Id=148, PalletNumber=20251225133124142, RequestCode=1766640684, RetryCount=63
2026-01-15 15:03:06.967 +08:00 [INF] 检测到点位可用，准备处理缓存任务: RequestCode=1766640684, 起点=06B06, 终点=06A07
2026-01-15 15:03:06.979 +08:00 [INF] 调用AddTaskAsync: PalletNumber=20251225133124142, RequestCode=1766640684, TaskType=manualTask, 起点=06B06, 终点=06A07
2026-01-15 15:03:06.988 +08:00 [INF] 开始处理AddTaskAsync请求: PalletNumber=20251225133124142, RequestCode=1766640684, TaskType=manualTask, 起点=06B06, 终点=06A07, 物料=, 数量=0
2026-01-15 15:03:07.007 +08:00 [WRN] Overriding address(es) 'http://localhost:5055'. Binding to endpoints defined via IConfiguration and/or UseKestrel() instead.
2026-01-15 15:03:07.016 +08:00 [INF] 检测到需要拆分的任务（类型2），起点: 06B06
2026-01-15 15:03:07.029 +08:00 [INF] 开始执行CacheTaskAsync: PalletNumber=20251225133124142, RequestCode=1766640684, 错误信息=中转点 PD002 已被锁定
2026-01-15 15:03:07.034 +08:00 [INF] 发现已存在的缓存任务，将更新而非新增: Id=148, PalletNumber=20251225133124142
2026-01-15 15:03:07.041 +08:00 [INF] 缓存任务已存在，已更新: PalletNumber=20251225133124142, RequestCode=1766640684, 错误信息: 中转点 PD002 已被锁定
2026-01-15 15:03:07.043 +08:00 [INF] CacheTaskAsync完成（更新已存在的缓存任务）
2026-01-15 15:03:07.050 +08:00 [INF] AddTaskAsync返回结果: Status=Success, Message=任务已缓存，等待点位释放后自动处理, FailType=
2026-01-15 15:03:07.063 +08:00 [INF] 缓存任务仍需等待点位释放: PalletNumber=20251225133124142, RequestCode=1766640684, 重试次数: 64
2026-01-15 15:03:07.065 +08:00 [INF] 完成处理缓存任务: Id=148, PalletNumber=20251225133124142, RequestCode=1766640684
2026-01-15 15:03:08.476 +08:00 [WRN] Failed to determine the https port for redirect.
2026-01-15 15:03:11.366 +08:00 [INF] 正在验证用户: admin
2026-01-15 15:03:11.369 +08:00 [INF] 输入的密码: admin123
2026-01-15 15:03:11.373 +08:00 [INF] 数据库中的密码: admin123
2026-01-15 15:03:11.377 +08:00 [INF] 密码验证结果: True
2026-01-15 15:03:11.393 +08:00 [INF] 更新最后登录时间成功
2026-01-15 15:03:11.394 +08:00 [INF] 用户 admin 登录成功
2026-01-15 15:03:30.831 +08:00 [INF] 接收到的任务数据: TaskType=manualTask, Source=06C05, Target=06C06, Priority=1, RequestCode=1768460610
2026-01-15 15:03:30.832 +08:00 [INF] 开始处理AddTaskAsync请求: PalletNumber=, RequestCode=1768460610, TaskType=manualTask, 起点=06C05, 终点=06C06, 物料=, 数量=0
2026-01-15 15:03:30.837 +08:00 [INF] PalletNumber 为空，已自动生成时间戳: 20260115150330837
2026-01-15 15:03:30.841 +08:00 [INF] 检测到需要拆分的任务（类型2），起点: 06C05
2026-01-15 15:03:30.846 +08:00 [INF] 开始执行CacheTaskAsync: PalletNumber=20260115150330837, RequestCode=1768460610, 错误信息=中转点 PD002 已被锁定
2026-01-15 15:03:30.849 +08:00 [INF] 准备插入新的缓存任务记录: PalletNumber=20260115150330837, RequestCode=1768460610
2026-01-15 15:03:30.858 +08:00 [INF] 任务已缓存: RequestCode=1768460610, PalletNumber=20260115150330837, 错误信息: 中转点 PD002 已被锁定
2026-01-15 15:03:30.861 +08:00 [INF] CacheTaskAsync完成（新增缓存任务）
2026-01-15 15:04:07.093 +08:00 [INF] 本次处理 1 个缓存任务
2026-01-15 15:04:07.095 +08:00 [INF] 开始处理缓存任务: Id=149, PalletNumber=20260115150330837, RequestCode=1768460610, RetryCount=0
2026-01-15 15:04:07.099 +08:00 [INF] 检测到点位可用，准备处理缓存任务: RequestCode=1768460610, 起点=06C05, 终点=06C06
2026-01-15 15:04:07.100 +08:00 [INF] 调用AddTaskAsync: PalletNumber=20260115150330837, RequestCode=1768460610, TaskType=manualTask, 起点=06C05, 终点=06C06
2026-01-15 15:04:07.102 +08:00 [INF] 开始处理AddTaskAsync请求: PalletNumber=20260115150330837, RequestCode=1768460610, TaskType=manualTask, 起点=06C05, 终点=06C06, 物料=, 数量=0
2026-01-15 15:04:07.108 +08:00 [INF] 检测到需要拆分的任务（类型2），起点: 06C05
2026-01-15 15:04:07.112 +08:00 [INF] 开始执行CacheTaskAsync: PalletNumber=20260115150330837, RequestCode=1768460610, 错误信息=中转点 PD002 已被锁定
2026-01-15 15:04:07.117 +08:00 [INF] 发现已存在的缓存任务，将更新而非新增: Id=149, PalletNumber=20260115150330837
2026-01-15 15:04:07.119 +08:00 [INF] 缓存任务已存在，已更新: PalletNumber=20260115150330837, RequestCode=1768460610, 错误信息: 中转点 PD002 已被锁定
2026-01-15 15:04:07.123 +08:00 [INF] CacheTaskAsync完成（更新已存在的缓存任务）
2026-01-15 15:04:07.125 +08:00 [INF] AddTaskAsync返回结果: Status=Success, Message=任务已缓存，等待点位释放后自动处理, FailType=
2026-01-15 15:04:07.129 +08:00 [INF] 缓存任务仍需等待点位释放: PalletNumber=20260115150330837, RequestCode=1768460610, 重试次数: 1
2026-01-15 15:04:07.130 +08:00 [INF] 完成处理缓存任务: Id=149, PalletNumber=20260115150330837, RequestCode=1768460610
2026-01-15 15:05:10.973 +08:00 [INF] 本次处理 1 个缓存任务
2026-01-15 15:05:11.020 +08:00 [INF] 开始处理缓存任务: Id=149, PalletNumber=20260115150330837, RequestCode=1768460610, RetryCount=1
2026-01-15 15:05:11.028 +08:00 [INF] 检测到点位可用，准备处理缓存任务: RequestCode=1768460610, 起点=06C05, 终点=06C06
2026-01-15 15:05:11.030 +08:00 [INF] 调用AddTaskAsync: PalletNumber=20260115150330837, RequestCode=1768460610, TaskType=manualTask, 起点=06C05, 终点=06C06
2026-01-15 15:05:11.031 +08:00 [INF] 开始处理AddTaskAsync请求: PalletNumber=20260115150330837, RequestCode=1768460610, TaskType=manualTask, 起点=06C05, 终点=06C06, 物料=, 数量=0
2026-01-15 15:05:11.035 +08:00 [INF] 检测到需要拆分的任务（类型2），起点: 06C05
2026-01-15 15:05:11.038 +08:00 [INF] 开始执行CacheTaskAsync: PalletNumber=20260115150330837, RequestCode=1768460610, 错误信息=中转点 PD002 已被锁定
2026-01-15 15:05:11.042 +08:00 [INF] 发现已存在的缓存任务，将更新而非新增: Id=149, PalletNumber=20260115150330837
2026-01-15 15:05:11.044 +08:00 [INF] 缓存任务已存在，已更新: PalletNumber=20260115150330837, RequestCode=1768460610, 错误信息: 中转点 PD002 已被锁定
2026-01-15 15:05:11.046 +08:00 [INF] CacheTaskAsync完成（更新已存在的缓存任务）
2026-01-15 15:05:11.047 +08:00 [INF] AddTaskAsync返回结果: Status=Success, Message=任务已缓存，等待点位释放后自动处理, FailType=
2026-01-15 15:05:11.050 +08:00 [INF] 缓存任务仍需等待点位释放: PalletNumber=20260115150330837, RequestCode=1768460610, 重试次数: 2
2026-01-15 15:05:11.051 +08:00 [INF] 完成处理缓存任务: Id=149, PalletNumber=20260115150330837, RequestCode=1768460610
2026-01-15 15:08:55.889 +08:00 [INF] TCP服务未启用，数据清理服务将不会启动。
2026-01-15 15:08:55.946 +08:00 [INF] TcpServerService 启动，监听 127.0.0.1:9000
2026-01-15 15:08:55.966 +08:00 [INF] 任务缓存处理器已启动
2026-01-15 15:08:57.623 +08:00 [INF] 本次处理 1 个缓存任务
2026-01-15 15:08:57.625 +08:00 [INF] 开始处理缓存任务: Id=149, PalletNumber=20260115150330837, RequestCode=1768460610, RetryCount=2
2026-01-15 15:08:57.649 +08:00 [INF] 检测到点位可用，准备处理缓存任务: RequestCode=1768460610, 起点=06C05, 终点=06C06
2026-01-15 15:08:57.663 +08:00 [INF] 调用AddTaskAsync: PalletNumber=20260115150330837, RequestCode=1768460610, TaskType=manualTask, 起点=06C05, 终点=06C06
2026-01-15 15:08:58.887 +08:00 [INF] 开始处理AddTaskAsync请求: PalletNumber=20260115150330837, RequestCode=1768460610, TaskType=manualTask, 起点=06C05, 终点=06C06, 物料=, 数量=0
2026-01-15 15:09:37.110 +08:00 [WRN] Overriding address(es) 'http://localhost:5055'. Binding to endpoints defined via IConfiguration and/or UseKestrel() instead.
2026-01-15 15:09:47.336 +08:00 [INF] 检测到需要拆分的任务（类型2），起点: 06C05
2026-01-15 15:09:48.083 +08:00 [INF] 开始执行CacheTaskAsync: PalletNumber=20260115150330837, RequestCode=1768460610, 错误信息=中转点 PD002 已被锁定
2026-01-15 15:09:48.087 +08:00 [INF] 发现已存在的缓存任务，将更新而非新增: Id=149, PalletNumber=20260115150330837
2026-01-15 15:09:48.092 +08:00 [INF] 缓存任务已存在，已更新: PalletNumber=20260115150330837, RequestCode=1768460610, 错误信息: 中转点 PD002 已被锁定
2026-01-15 15:09:48.094 +08:00 [INF] CacheTaskAsync完成（更新已存在的缓存任务）
2026-01-15 15:10:01.186 +08:00 [INF] AddTaskAsync返回结果: Status=Success, Message=任务已缓存，等待点位释放后自动处理, FailType=
2026-01-15 15:10:01.199 +08:00 [INF] 缓存任务仍需等待点位释放: PalletNumber=20260115150330837, RequestCode=1768460610, 重试次数: 3
2026-01-15 15:10:01.200 +08:00 [INF] 完成处理缓存任务: Id=149, PalletNumber=20260115150330837, RequestCode=1768460610
2026-01-15 15:11:11.634 +08:00 [INF] TCP服务未启用，数据清理服务将不会启动。
2026-01-15 15:11:11.701 +08:00 [INF] TcpServerService 启动，监听 127.0.0.1:9000
2026-01-15 15:11:11.723 +08:00 [INF] 任务缓存处理器已启动
2026-01-15 15:11:11.740 +08:00 [INF] 本次处理 1 个缓存任务
2026-01-15 15:11:11.741 +08:00 [INF] 开始处理缓存任务: Id=149, PalletNumber=20260115150330837, RequestCode=1768460610, RetryCount=3
2026-01-15 15:11:11.762 +08:00 [INF] 检测到点位可用，准备处理缓存任务: RequestCode=1768460610, 起点=06C05, 终点=06C06
2026-01-15 15:11:11.772 +08:00 [INF] 调用AddTaskAsync: PalletNumber=20260115150330837, RequestCode=1768460610, TaskType=manualTask, 起点=06C05, 终点=06C06
2026-01-15 15:11:15.731 +08:00 [INF] 开始处理AddTaskAsync请求: PalletNumber=20260115150330837, RequestCode=1768460610, TaskType=manualTask, 起点=06C05, 终点=06C06, 物料=, 数量=0
2026-01-15 15:11:15.757 +08:00 [WRN] Overriding address(es) 'http://localhost:5055'. Binding to endpoints defined via IConfiguration and/or UseKestrel() instead.
2026-01-15 15:11:15.763 +08:00 [INF] 检测到需要拆分的任务（类型2），起点: 06C05
2026-01-15 15:11:15.776 +08:00 [INF] 开始执行CacheTaskAsync: PalletNumber=20260115150330837, RequestCode=1768460610, 错误信息=中转点 PD002 已被锁定
2026-01-15 15:11:15.780 +08:00 [INF] 发现已存在的缓存任务，将更新而非新增: Id=149, PalletNumber=20260115150330837
2026-01-15 15:11:15.786 +08:00 [INF] 缓存任务已存在，已更新: PalletNumber=20260115150330837, RequestCode=1768460610, 错误信息: 中转点 PD002 已被锁定
2026-01-15 15:11:15.788 +08:00 [INF] CacheTaskAsync完成（更新已存在的缓存任务）
2026-01-15 15:11:15.794 +08:00 [INF] AddTaskAsync返回结果: Status=Success, Message=任务已缓存，等待点位释放后自动处理, FailType=
2026-01-15 15:11:15.814 +08:00 [INF] 缓存任务仍需等待点位释放: PalletNumber=20260115150330837, RequestCode=1768460610, 重试次数: 4
2026-01-15 15:11:15.815 +08:00 [INF] 完成处理缓存任务: Id=149, PalletNumber=20260115150330837, RequestCode=1768460610
2026-01-15 15:11:17.429 +08:00 [WRN] Failed to determine the https port for redirect.
2026-01-15 15:11:19.213 +08:00 [INF] 正在验证用户: admin
2026-01-15 15:11:19.215 +08:00 [INF] 输入的密码: admin123
2026-01-15 15:11:19.218 +08:00 [INF] 数据库中的密码: admin123
2026-01-15 15:11:19.222 +08:00 [INF] 密码验证结果: True
2026-01-15 15:11:19.237 +08:00 [INF] 更新最后登录时间成功
2026-01-15 15:11:19.238 +08:00 [INF] 用户 admin 登录成功
2026-01-15 15:11:27.830 +08:00 [INF] 接收到的任务数据: TaskType=manualTask, Source=06B05, Target=06C06, Priority=1, RequestCode=1768461087
2026-01-15 15:11:27.832 +08:00 [INF] 开始处理AddTaskAsync请求: PalletNumber=, RequestCode=1768461087, TaskType=manualTask, 起点=06B05, 终点=06C06, 物料=, 数量=0
2026-01-15 15:11:27.837 +08:00 [INF] PalletNumber 为空，已自动生成时间戳: 20260115151127837
2026-01-15 15:11:27.842 +08:00 [INF] 检测到需要拆分的任务（类型2），起点: 06B05
2026-01-15 15:11:27.846 +08:00 [INF] 开始执行CacheTaskAsync: PalletNumber=20260115151127837, RequestCode=1768461087, 错误信息=中转点 PD002 已被锁定
2026-01-15 15:11:27.852 +08:00 [INF] 准备插入新的缓存任务记录: PalletNumber=20260115151127837, RequestCode=1768461087
2026-01-15 15:11:27.860 +08:00 [INF] 任务已缓存: RequestCode=1768461087, PalletNumber=20260115151127837, 错误信息: 中转点 PD002 已被锁定
2026-01-15 15:11:27.862 +08:00 [INF] CacheTaskAsync完成（新增缓存任务）
2026-01-15 15:11:37.610 +08:00 [INF] 接收到的任务数据: TaskType=manualTask, Source=06C05, Target=06B07, Priority=1, RequestCode=1768461097
2026-01-15 15:11:37.611 +08:00 [INF] 开始处理AddTaskAsync请求: PalletNumber=, RequestCode=1768461097, TaskType=manualTask, 起点=06C05, 终点=06B07, 物料=, 数量=0
2026-01-15 15:11:37.616 +08:00 [INF] PalletNumber 为空，已自动生成时间戳: 20260115151137616
2026-01-15 15:11:37.620 +08:00 [INF] 检测到需要拆分的任务（类型2），起点: 06C05
2026-01-15 15:11:37.623 +08:00 [INF] 开始执行CacheTaskAsync: PalletNumber=20260115151137616, RequestCode=1768461097, 错误信息=中转点 PD002 已被锁定
2026-01-15 15:11:37.628 +08:00 [INF] 准备插入新的缓存任务记录: PalletNumber=20260115151137616, RequestCode=1768461097
2026-01-15 15:11:37.631 +08:00 [INF] 任务已缓存: RequestCode=1768461097, PalletNumber=20260115151137616, 错误信息: 中转点 PD002 已被锁定
2026-01-15 15:11:37.633 +08:00 [INF] CacheTaskAsync完成（新增缓存任务）
2026-01-15 15:11:51.162 +08:00 [INF] 接收到的任务数据: TaskType=manualTask, Source=06C06, Target=06A07, Priority=1, RequestCode=1768461111
2026-01-15 15:11:51.163 +08:00 [INF] 开始处理AddTaskAsync请求: PalletNumber=, RequestCode=1768461111, TaskType=manualTask, 起点=06C06, 终点=06A07, 物料=, 数量=0
2026-01-15 15:11:51.171 +08:00 [INF] PalletNumber 为空，已自动生成时间戳: 20260115151151171
2026-01-15 15:11:51.174 +08:00 [INF] 检测到需要拆分的任务（类型2），起点: 06C06
2026-01-15 15:11:51.178 +08:00 [INF] 开始执行CacheTaskAsync: PalletNumber=20260115151151171, RequestCode=1768461111, 错误信息=中转点 PD002 已被锁定
2026-01-15 15:11:51.181 +08:00 [INF] 准备插入新的缓存任务记录: PalletNumber=20260115151151171, RequestCode=1768461111
2026-01-15 15:11:51.183 +08:00 [INF] 任务已缓存: RequestCode=1768461111, PalletNumber=20260115151151171, 错误信息: 中转点 PD002 已被锁定
2026-01-15 15:11:51.185 +08:00 [INF] CacheTaskAsync完成（新增缓存任务）
2026-01-15 15:12:15.826 +08:00 [INF] 本次处理 4 个缓存任务
2026-01-15 15:12:15.827 +08:00 [INF] 开始处理缓存任务: Id=150, PalletNumber=20260115151127837, RequestCode=1768461087, RetryCount=0
2026-01-15 15:12:15.831 +08:00 [INF] 检测到点位可用，准备处理缓存任务: RequestCode=1768461087, 起点=06B05, 终点=06C06
2026-01-15 15:12:15.832 +08:00 [INF] 调用AddTaskAsync: PalletNumber=20260115151127837, RequestCode=1768461087, TaskType=manualTask, 起点=06B05, 终点=06C06
2026-01-15 15:12:15.834 +08:00 [INF] 开始处理AddTaskAsync请求: PalletNumber=20260115151127837, RequestCode=1768461087, TaskType=manualTask, 起点=06B05, 终点=06C06, 物料=, 数量=0
2026-01-15 15:12:15.841 +08:00 [INF] 检测到需要拆分的任务（类型2），起点: 06B05
2026-01-15 15:12:15.845 +08:00 [INF] 开始执行CacheTaskAsync: PalletNumber=20260115151127837, RequestCode=1768461087, 错误信息=中转点 PD002 已被锁定
2026-01-15 15:12:15.848 +08:00 [INF] 发现已存在的缓存任务，将更新而非新增: Id=150, PalletNumber=20260115151127837
2026-01-15 15:12:15.851 +08:00 [INF] 缓存任务已存在，已更新: PalletNumber=20260115151127837, RequestCode=1768461087, 错误信息: 中转点 PD002 已被锁定
2026-01-15 15:12:15.853 +08:00 [INF] CacheTaskAsync完成（更新已存在的缓存任务）
2026-01-15 15:12:15.864 +08:00 [INF] AddTaskAsync返回结果: Status=Success, Message=任务已缓存，等待点位释放后自动处理, FailType=
2026-01-15 15:12:15.868 +08:00 [INF] 缓存任务仍需等待点位释放: PalletNumber=20260115151127837, RequestCode=1768461087, 重试次数: 1
2026-01-15 15:12:15.869 +08:00 [INF] 完成处理缓存任务: Id=150, PalletNumber=20260115151127837, RequestCode=1768461087
2026-01-15 15:12:15.872 +08:00 [INF] 开始处理缓存任务: Id=151, PalletNumber=20260115151137616, RequestCode=1768461097, RetryCount=0
2026-01-15 15:12:15.876 +08:00 [INF] 检测到点位可用，准备处理缓存任务: RequestCode=1768461097, 起点=06C05, 终点=06B07
2026-01-15 15:12:15.877 +08:00 [INF] 调用AddTaskAsync: PalletNumber=20260115151137616, RequestCode=1768461097, TaskType=manualTask, 起点=06C05, 终点=06B07
2026-01-15 15:12:15.880 +08:00 [INF] 开始处理AddTaskAsync请求: PalletNumber=20260115151137616, RequestCode=1768461097, TaskType=manualTask, 起点=06C05, 终点=06B07, 物料=, 数量=0
2026-01-15 15:12:15.883 +08:00 [INF] 检测到需要拆分的任务（类型2），起点: 06C05
2026-01-15 15:12:15.887 +08:00 [INF] 开始执行CacheTaskAsync: PalletNumber=20260115151137616, RequestCode=1768461097, 错误信息=中转点 PD002 已被锁定
2026-01-15 15:12:15.891 +08:00 [INF] 发现已存在的缓存任务，将更新而非新增: Id=151, PalletNumber=20260115151137616
2026-01-15 15:12:15.893 +08:00 [INF] 缓存任务已存在，已更新: PalletNumber=20260115151137616, RequestCode=1768461097, 错误信息: 中转点 PD002 已被锁定
2026-01-15 15:12:15.895 +08:00 [INF] CacheTaskAsync完成（更新已存在的缓存任务）
2026-01-15 15:12:15.897 +08:00 [INF] AddTaskAsync返回结果: Status=Success, Message=任务已缓存，等待点位释放后自动处理, FailType=
2026-01-15 15:12:15.899 +08:00 [INF] 缓存任务仍需等待点位释放: PalletNumber=20260115151137616, RequestCode=1768461097, 重试次数: 1
2026-01-15 15:12:15.900 +08:00 [INF] 完成处理缓存任务: Id=151, PalletNumber=20260115151137616, RequestCode=1768461097
2026-01-15 15:12:15.902 +08:00 [INF] 开始处理缓存任务: Id=152, PalletNumber=20260115151151171, RequestCode=1768461111, RetryCount=0
2026-01-15 15:12:15.905 +08:00 [INF] 检测到点位可用，准备处理缓存任务: RequestCode=1768461111, 起点=06C06, 终点=06A07
2026-01-15 15:12:15.907 +08:00 [INF] 调用AddTaskAsync: PalletNumber=20260115151151171, RequestCode=1768461111, TaskType=manualTask, 起点=06C06, 终点=06A07
2026-01-15 15:12:15.909 +08:00 [INF] 开始处理AddTaskAsync请求: PalletNumber=20260115151151171, RequestCode=1768461111, TaskType=manualTask, 起点=06C06, 终点=06A07, 物料=, 数量=0
2026-01-15 15:12:15.914 +08:00 [INF] 检测到需要拆分的任务（类型2），起点: 06C06
2026-01-15 15:12:15.916 +08:00 [INF] 开始执行CacheTaskAsync: PalletNumber=20260115151151171, RequestCode=1768461111, 错误信息=中转点 PD002 已被锁定
2026-01-15 15:12:15.921 +08:00 [INF] 发现已存在的缓存任务，将更新而非新增: Id=152, PalletNumber=20260115151151171
2026-01-15 15:12:15.924 +08:00 [INF] 缓存任务已存在，已更新: PalletNumber=20260115151151171, RequestCode=1768461111, 错误信息: 中转点 PD002 已被锁定
2026-01-15 15:12:15.926 +08:00 [INF] CacheTaskAsync完成（更新已存在的缓存任务）
2026-01-15 15:12:15.928 +08:00 [INF] AddTaskAsync返回结果: Status=Success, Message=任务已缓存，等待点位释放后自动处理, FailType=
2026-01-15 15:12:15.929 +08:00 [INF] 缓存任务仍需等待点位释放: PalletNumber=20260115151151171, RequestCode=1768461111, 重试次数: 1
2026-01-15 15:12:15.931 +08:00 [INF] 完成处理缓存任务: Id=152, PalletNumber=20260115151151171, RequestCode=1768461111
2026-01-15 15:12:15.932 +08:00 [INF] 开始处理缓存任务: Id=149, PalletNumber=20260115150330837, RequestCode=1768460610, RetryCount=4
2026-01-15 15:12:15.934 +08:00 [INF] 检测到点位可用，准备处理缓存任务: RequestCode=1768460610, 起点=06C05, 终点=06C06
2026-01-15 15:12:15.936 +08:00 [INF] 调用AddTaskAsync: PalletNumber=20260115150330837, RequestCode=1768460610, TaskType=manualTask, 起点=06C05, 终点=06C06
2026-01-15 15:12:15.937 +08:00 [INF] 开始处理AddTaskAsync请求: PalletNumber=20260115150330837, RequestCode=1768460610, TaskType=manualTask, 起点=06C05, 终点=06C06, 物料=, 数量=0
2026-01-15 15:12:15.941 +08:00 [INF] 检测到需要拆分的任务（类型2），起点: 06C05
2026-01-15 15:12:15.943 +08:00 [INF] 开始执行CacheTaskAsync: PalletNumber=20260115150330837, RequestCode=1768460610, 错误信息=中转点 PD002 已被锁定
2026-01-15 15:12:15.947 +08:00 [INF] 发现已存在的缓存任务，将更新而非新增: Id=149, PalletNumber=20260115150330837
2026-01-15 15:12:15.949 +08:00 [INF] 缓存任务已存在，已更新: PalletNumber=20260115150330837, RequestCode=1768460610, 错误信息: 中转点 PD002 已被锁定
2026-01-15 15:12:15.951 +08:00 [INF] CacheTaskAsync完成（更新已存在的缓存任务）
2026-01-15 15:12:15.953 +08:00 [INF] AddTaskAsync返回结果: Status=Success, Message=任务已缓存，等待点位释放后自动处理, FailType=
2026-01-15 15:12:15.954 +08:00 [INF] 缓存任务仍需等待点位释放: PalletNumber=20260115150330837, RequestCode=1768460610, 重试次数: 5
2026-01-15 15:12:15.955 +08:00 [INF] 完成处理缓存任务: Id=149, PalletNumber=20260115150330837, RequestCode=1768460610
2026-01-15 15:12:19.189 +08:00 [INF] 接收到的任务数据: TaskType=manualTask, Source=06C05, Target=06B05, Priority=1, RequestCode=1768461139
2026-01-15 15:12:19.191 +08:00 [INF] 开始处理AddTaskAsync请求: PalletNumber=, RequestCode=1768461139, TaskType=manualTask, 起点=06C05, 终点=06B05, 物料=, 数量=0
2026-01-15 15:12:19.194 +08:00 [INF] PalletNumber 为空，已自动生成时间戳: 20260115151219194
2026-01-15 15:12:19.199 +08:00 [INF] 检测到需要拆分的任务（类型2），起点: 06C05
2026-01-15 15:12:19.202 +08:00 [INF] 开始执行CacheTaskAsync: PalletNumber=20260115151219194, RequestCode=1768461139, 错误信息=中转点 PD002 已被锁定
2026-01-15 15:12:19.205 +08:00 [INF] 准备插入新的缓存任务记录: PalletNumber=20260115151219194, RequestCode=1768461139
2026-01-15 15:12:19.207 +08:00 [INF] 任务已缓存: RequestCode=1768461139, PalletNumber=20260115151219194, 错误信息: 中转点 PD002 已被锁定
2026-01-15 15:12:19.209 +08:00 [INF] CacheTaskAsync完成（新增缓存任务）
2026-01-15 15:13:15.974 +08:00 [INF] 本次处理 5 个缓存任务
2026-01-15 15:13:15.976 +08:00 [INF] 开始处理缓存任务: Id=153, PalletNumber=20260115151219194, RequestCode=1768461139, RetryCount=0
2026-01-15 15:13:15.980 +08:00 [INF] 检测到点位可用，准备处理缓存任务: RequestCode=1768461139, 起点=06C05, 终点=06B05
2026-01-15 15:13:15.981 +08:00 [INF] 调用AddTaskAsync: PalletNumber=20260115151219194, RequestCode=1768461139, TaskType=manualTask, 起点=06C05, 终点=06B05
2026-01-15 15:13:15.982 +08:00 [INF] 开始处理AddTaskAsync请求: PalletNumber=20260115151219194, RequestCode=1768461139, TaskType=manualTask, 起点=06C05, 终点=06B05, 物料=, 数量=0
2026-01-15 15:13:15.987 +08:00 [INF] 检测到需要拆分的任务（类型2），起点: 06C05
2026-01-15 15:13:15.990 +08:00 [INF] 开始执行CacheTaskAsync: PalletNumber=20260115151219194, RequestCode=1768461139, 错误信息=中转点 PD002 已被锁定
2026-01-15 15:13:15.993 +08:00 [INF] 发现已存在的缓存任务，将更新而非新增: Id=153, PalletNumber=20260115151219194
2026-01-15 15:13:15.996 +08:00 [INF] 缓存任务已存在，已更新: PalletNumber=20260115151219194, RequestCode=1768461139, 错误信息: 中转点 PD002 已被锁定
2026-01-15 15:13:15.999 +08:00 [INF] CacheTaskAsync完成（更新已存在的缓存任务）
2026-01-15 15:13:16.002 +08:00 [INF] AddTaskAsync返回结果: Status=Success, Message=任务已缓存，等待点位释放后自动处理, FailType=
2026-01-15 15:13:16.005 +08:00 [INF] 缓存任务仍需等待点位释放: PalletNumber=20260115151219194, RequestCode=1768461139, 重试次数: 1
2026-01-15 15:13:16.006 +08:00 [INF] 完成处理缓存任务: Id=153, PalletNumber=20260115151219194, RequestCode=1768461139
2026-01-15 15:13:16.008 +08:00 [INF] 开始处理缓存任务: Id=150, PalletNumber=20260115151127837, RequestCode=1768461087, RetryCount=1
2026-01-15 15:13:16.011 +08:00 [INF] 检测到点位可用，准备处理缓存任务: RequestCode=1768461087, 起点=06B05, 终点=06C06
2026-01-15 15:13:16.012 +08:00 [INF] 调用AddTaskAsync: PalletNumber=20260115151127837, RequestCode=1768461087, TaskType=manualTask, 起点=06B05, 终点=06C06
2026-01-15 15:13:16.014 +08:00 [INF] 开始处理AddTaskAsync请求: PalletNumber=20260115151127837, RequestCode=1768461087, TaskType=manualTask, 起点=06B05, 终点=06C06, 物料=, 数量=0
2026-01-15 15:13:16.018 +08:00 [INF] 检测到需要拆分的任务（类型2），起点: 06B05
2026-01-15 15:13:16.020 +08:00 [INF] 开始执行CacheTaskAsync: PalletNumber=20260115151127837, RequestCode=1768461087, 错误信息=中转点 PD002 已被锁定
2026-01-15 15:13:16.023 +08:00 [INF] 发现已存在的缓存任务，将更新而非新增: Id=150, PalletNumber=20260115151127837
2026-01-15 15:13:16.025 +08:00 [INF] 缓存任务已存在，已更新: PalletNumber=20260115151127837, RequestCode=1768461087, 错误信息: 中转点 PD002 已被锁定
2026-01-15 15:13:16.028 +08:00 [INF] CacheTaskAsync完成（更新已存在的缓存任务）
2026-01-15 15:13:16.029 +08:00 [INF] AddTaskAsync返回结果: Status=Success, Message=任务已缓存，等待点位释放后自动处理, FailType=
2026-01-15 15:13:16.031 +08:00 [INF] 缓存任务仍需等待点位释放: PalletNumber=20260115151127837, RequestCode=1768461087, 重试次数: 2
2026-01-15 15:13:16.032 +08:00 [INF] 完成处理缓存任务: Id=150, PalletNumber=20260115151127837, RequestCode=1768461087
2026-01-15 15:13:16.034 +08:00 [INF] 开始处理缓存任务: Id=151, PalletNumber=20260115151137616, RequestCode=1768461097, RetryCount=1
2026-01-15 15:13:16.037 +08:00 [INF] 检测到点位可用，准备处理缓存任务: RequestCode=1768461097, 起点=06C05, 终点=06B07
2026-01-15 15:13:16.038 +08:00 [INF] 调用AddTaskAsync: PalletNumber=20260115151137616, RequestCode=1768461097, TaskType=manualTask, 起点=06C05, 终点=06B07
2026-01-15 15:13:16.040 +08:00 [INF] 开始处理AddTaskAsync请求: PalletNumber=20260115151137616, RequestCode=1768461097, TaskType=manualTask, 起点=06C05, 终点=06B07, 物料=, 数量=0
2026-01-15 15:13:16.046 +08:00 [INF] 检测到需要拆分的任务（类型2），起点: 06C05
2026-01-15 15:13:16.049 +08:00 [INF] 开始执行CacheTaskAsync: PalletNumber=20260115151137616, RequestCode=1768461097, 错误信息=中转点 PD002 已被锁定
2026-01-15 15:13:16.051 +08:00 [INF] 发现已存在的缓存任务，将更新而非新增: Id=151, PalletNumber=20260115151137616
2026-01-15 15:13:16.053 +08:00 [INF] 缓存任务已存在，已更新: PalletNumber=20260115151137616, RequestCode=1768461097, 错误信息: 中转点 PD002 已被锁定
2026-01-15 15:13:16.055 +08:00 [INF] CacheTaskAsync完成（更新已存在的缓存任务）
2026-01-15 15:13:16.058 +08:00 [INF] AddTaskAsync返回结果: Status=Success, Message=任务已缓存，等待点位释放后自动处理, FailType=
2026-01-15 15:13:16.061 +08:00 [INF] 缓存任务仍需等待点位释放: PalletNumber=20260115151137616, RequestCode=1768461097, 重试次数: 2
2026-01-15 15:13:16.062 +08:00 [INF] 完成处理缓存任务: Id=151, PalletNumber=20260115151137616, RequestCode=1768461097
2026-01-15 15:13:16.063 +08:00 [INF] 开始处理缓存任务: Id=152, PalletNumber=20260115151151171, RequestCode=1768461111, RetryCount=1
2026-01-15 15:13:16.068 +08:00 [INF] 检测到点位可用，准备处理缓存任务: RequestCode=1768461111, 起点=06C06, 终点=06A07
2026-01-15 15:13:16.069 +08:00 [INF] 调用AddTaskAsync: PalletNumber=20260115151151171, RequestCode=1768461111, TaskType=manualTask, 起点=06C06, 终点=06A07
2026-01-15 15:13:16.074 +08:00 [INF] 开始处理AddTaskAsync请求: PalletNumber=20260115151151171, RequestCode=1768461111, TaskType=manualTask, 起点=06C06, 终点=06A07, 物料=, 数量=0
2026-01-15 15:13:16.079 +08:00 [INF] 检测到需要拆分的任务（类型2），起点: 06C06
2026-01-15 15:13:16.081 +08:00 [INF] 开始执行CacheTaskAsync: PalletNumber=20260115151151171, RequestCode=1768461111, 错误信息=中转点 PD002 已被锁定
2026-01-15 15:13:16.084 +08:00 [INF] 发现已存在的缓存任务，将更新而非新增: Id=152, PalletNumber=20260115151151171
2026-01-15 15:13:16.085 +08:00 [INF] 缓存任务已存在，已更新: PalletNumber=20260115151151171, RequestCode=1768461111, 错误信息: 中转点 PD002 已被锁定
2026-01-15 15:13:16.087 +08:00 [INF] CacheTaskAsync完成（更新已存在的缓存任务）
2026-01-15 15:13:16.089 +08:00 [INF] AddTaskAsync返回结果: Status=Success, Message=任务已缓存，等待点位释放后自动处理, FailType=
2026-01-15 15:13:16.091 +08:00 [INF] 缓存任务仍需等待点位释放: PalletNumber=20260115151151171, RequestCode=1768461111, 重试次数: 2
2026-01-15 15:13:16.093 +08:00 [INF] 完成处理缓存任务: Id=152, PalletNumber=20260115151151171, RequestCode=1768461111
2026-01-15 15:13:16.094 +08:00 [INF] 开始处理缓存任务: Id=149, PalletNumber=20260115150330837, RequestCode=1768460610, RetryCount=5
2026-01-15 15:13:16.096 +08:00 [INF] 检测到点位可用，准备处理缓存任务: RequestCode=1768460610, 起点=06C05, 终点=06C06
2026-01-15 15:13:16.097 +08:00 [INF] 调用AddTaskAsync: PalletNumber=20260115150330837, RequestCode=1768460610, TaskType=manualTask, 起点=06C05, 终点=06C06
2026-01-15 15:13:16.098 +08:00 [INF] 开始处理AddTaskAsync请求: PalletNumber=20260115150330837, RequestCode=1768460610, TaskType=manualTask, 起点=06C05, 终点=06C06, 物料=, 数量=0
2026-01-15 15:13:16.102 +08:00 [INF] 检测到需要拆分的任务（类型2），起点: 06C05
2026-01-15 15:13:16.104 +08:00 [INF] 开始执行CacheTaskAsync: PalletNumber=20260115150330837, RequestCode=1768460610, 错误信息=中转点 PD002 已被锁定
2026-01-15 15:13:16.106 +08:00 [INF] 发现已存在的缓存任务，将更新而非新增: Id=149, PalletNumber=20260115150330837
2026-01-15 15:13:16.109 +08:00 [INF] 缓存任务已存在，已更新: PalletNumber=20260115150330837, RequestCode=1768460610, 错误信息: 中转点 PD002 已被锁定
2026-01-15 15:13:16.110 +08:00 [INF] CacheTaskAsync完成（更新已存在的缓存任务）
2026-01-15 15:13:16.111 +08:00 [INF] AddTaskAsync返回结果: Status=Success, Message=任务已缓存，等待点位释放后自动处理, FailType=
2026-01-15 15:13:16.113 +08:00 [INF] 缓存任务仍需等待点位释放: PalletNumber=20260115150330837, RequestCode=1768460610, 重试次数: 6
2026-01-15 15:13:16.114 +08:00 [INF] 完成处理缓存任务: Id=149, PalletNumber=20260115150330837, RequestCode=1768460610
2026-01-15 15:40:38.997 +08:00 [INF] TCP服务未启用，数据清理服务将不会启动。
2026-01-15 15:40:39.050 +08:00 [INF] TcpServerService 启动，监听 127.0.0.1:9000
2026-01-15 15:40:39.071 +08:00 [INF] 任务缓存处理器已启动
2026-01-15 15:40:39.096 +08:00 [INF] 本次处理 5 个缓存任务
2026-01-15 15:40:39.098 +08:00 [INF] 开始处理缓存任务: Id=153, PalletNumber=20260115151219194, RequestCode=1768461139, RetryCount=1
2026-01-15 15:40:39.118 +08:00 [INF] 检测到点位可用，准备处理缓存任务: RequestCode=1768461139, 起点=06C05, 终点=06B05
2026-01-15 15:40:39.130 +08:00 [INF] 调用AddTaskAsync: PalletNumber=20260115151219194, RequestCode=1768461139, TaskType=manualTask, 起点=06C05, 终点=06B05
2026-01-15 15:40:39.138 +08:00 [INF] 开始处理AddTaskAsync请求: PalletNumber=20260115151219194, RequestCode=1768461139, TaskType=manualTask, 起点=06C05, 终点=06B05, 物料=, 数量=0
2026-01-15 15:40:39.158 +08:00 [WRN] Overriding address(es) 'http://localhost:5055'. Binding to endpoints defined via IConfiguration and/or UseKestrel() instead.
2026-01-15 15:40:39.163 +08:00 [INF] 检测到需要拆分的任务（类型2），起点: 06C05
2026-01-15 15:40:39.177 +08:00 [INF] 开始执行CacheTaskAsync: PalletNumber=20260115151219194, RequestCode=1768461139, 错误信息=中转点 PD002 已被锁定
2026-01-15 15:40:39.181 +08:00 [INF] 发现已存在的缓存任务，将更新而非新增: Id=153, PalletNumber=20260115151219194
2026-01-15 15:40:39.196 +08:00 [INF] 缓存任务已存在，已更新: PalletNumber=20260115151219194, RequestCode=1768461139, 错误信息: 中转点 PD002 已被锁定
2026-01-15 15:40:39.198 +08:00 [INF] CacheTaskAsync完成（更新已存在的缓存任务）
2026-01-15 15:40:39.204 +08:00 [INF] AddTaskAsync返回结果: Status=Success, Message=任务已缓存，等待点位释放后自动处理, FailType=
2026-01-15 15:40:39.217 +08:00 [INF] 缓存任务仍需等待点位释放: PalletNumber=20260115151219194, RequestCode=1768461139, 重试次数: 2
2026-01-15 15:40:39.218 +08:00 [INF] 完成处理缓存任务: Id=153, PalletNumber=20260115151219194, RequestCode=1768461139
2026-01-15 15:40:39.220 +08:00 [INF] 开始处理缓存任务: Id=150, PalletNumber=20260115151127837, RequestCode=1768461087, RetryCount=2
2026-01-15 15:40:39.224 +08:00 [INF] 检测到点位可用，准备处理缓存任务: RequestCode=1768461087, 起点=06B05, 终点=06C06
2026-01-15 15:40:39.225 +08:00 [INF] 调用AddTaskAsync: PalletNumber=20260115151127837, RequestCode=1768461087, TaskType=manualTask, 起点=06B05, 终点=06C06
2026-01-15 15:40:39.227 +08:00 [INF] 开始处理AddTaskAsync请求: PalletNumber=20260115151127837, RequestCode=1768461087, TaskType=manualTask, 起点=06B05, 终点=06C06, 物料=, 数量=0
2026-01-15 15:40:39.233 +08:00 [INF] 检测到需要拆分的任务（类型2），起点: 06B05
2026-01-15 15:40:39.236 +08:00 [INF] 开始执行CacheTaskAsync: PalletNumber=20260115151127837, RequestCode=1768461087, 错误信息=中转点 PD002 已被锁定
2026-01-15 15:40:39.238 +08:00 [INF] 发现已存在的缓存任务，将更新而非新增: Id=150, PalletNumber=20260115151127837
2026-01-15 15:40:39.240 +08:00 [INF] 缓存任务已存在，已更新: PalletNumber=20260115151127837, RequestCode=1768461087, 错误信息: 中转点 PD002 已被锁定
2026-01-15 15:40:39.242 +08:00 [INF] CacheTaskAsync完成（更新已存在的缓存任务）
2026-01-15 15:40:39.245 +08:00 [INF] AddTaskAsync返回结果: Status=Success, Message=任务已缓存，等待点位释放后自动处理, FailType=
2026-01-15 15:40:39.247 +08:00 [INF] 缓存任务仍需等待点位释放: PalletNumber=20260115151127837, RequestCode=1768461087, 重试次数: 3
2026-01-15 15:40:39.248 +08:00 [INF] 完成处理缓存任务: Id=150, PalletNumber=20260115151127837, RequestCode=1768461087
2026-01-15 15:40:39.249 +08:00 [INF] 开始处理缓存任务: Id=151, PalletNumber=20260115151137616, RequestCode=1768461097, RetryCount=2
2026-01-15 15:40:39.252 +08:00 [INF] 检测到点位可用，准备处理缓存任务: RequestCode=1768461097, 起点=06C05, 终点=06B07
2026-01-15 15:40:39.253 +08:00 [INF] 调用AddTaskAsync: PalletNumber=20260115151137616, RequestCode=1768461097, TaskType=manualTask, 起点=06C05, 终点=06B07
2026-01-15 15:40:39.255 +08:00 [INF] 开始处理AddTaskAsync请求: PalletNumber=20260115151137616, RequestCode=1768461097, TaskType=manualTask, 起点=06C05, 终点=06B07, 物料=, 数量=0
2026-01-15 15:40:39.259 +08:00 [INF] 检测到需要拆分的任务（类型2），起点: 06C05
2026-01-15 15:40:39.262 +08:00 [INF] 开始执行CacheTaskAsync: PalletNumber=20260115151137616, RequestCode=1768461097, 错误信息=中转点 PD002 已被锁定
2026-01-15 15:40:39.265 +08:00 [INF] 发现已存在的缓存任务，将更新而非新增: Id=151, PalletNumber=20260115151137616
2026-01-15 15:40:39.267 +08:00 [INF] 缓存任务已存在，已更新: PalletNumber=20260115151137616, RequestCode=1768461097, 错误信息: 中转点 PD002 已被锁定
2026-01-15 15:40:39.269 +08:00 [INF] CacheTaskAsync完成（更新已存在的缓存任务）
2026-01-15 15:40:39.271 +08:00 [INF] AddTaskAsync返回结果: Status=Success, Message=任务已缓存，等待点位释放后自动处理, FailType=
2026-01-15 15:40:39.273 +08:00 [INF] 缓存任务仍需等待点位释放: PalletNumber=20260115151137616, RequestCode=1768461097, 重试次数: 3
2026-01-15 15:40:39.274 +08:00 [INF] 完成处理缓存任务: Id=151, PalletNumber=20260115151137616, RequestCode=1768461097
2026-01-15 15:40:39.277 +08:00 [INF] 开始处理缓存任务: Id=152, PalletNumber=20260115151151171, RequestCode=1768461111, RetryCount=2
2026-01-15 15:40:39.281 +08:00 [INF] 检测到点位可用，准备处理缓存任务: RequestCode=1768461111, 起点=06C06, 终点=06A07
2026-01-15 15:40:39.282 +08:00 [INF] 调用AddTaskAsync: PalletNumber=20260115151151171, RequestCode=1768461111, TaskType=manualTask, 起点=06C06, 终点=06A07
2026-01-15 15:40:39.283 +08:00 [INF] 开始处理AddTaskAsync请求: PalletNumber=20260115151151171, RequestCode=1768461111, TaskType=manualTask, 起点=06C06, 终点=06A07, 物料=, 数量=0
2026-01-15 15:40:39.287 +08:00 [INF] 检测到需要拆分的任务（类型2），起点: 06C06
2026-01-15 15:40:39.290 +08:00 [INF] 开始执行CacheTaskAsync: PalletNumber=20260115151151171, RequestCode=1768461111, 错误信息=中转点 PD002 已被锁定
2026-01-15 15:40:39.292 +08:00 [INF] 发现已存在的缓存任务，将更新而非新增: Id=152, PalletNumber=20260115151151171
2026-01-15 15:40:39.294 +08:00 [INF] 缓存任务已存在，已更新: PalletNumber=20260115151151171, RequestCode=1768461111, 错误信息: 中转点 PD002 已被锁定
2026-01-15 15:40:39.297 +08:00 [INF] CacheTaskAsync完成（更新已存在的缓存任务）
2026-01-15 15:40:39.298 +08:00 [INF] AddTaskAsync返回结果: Status=Success, Message=任务已缓存，等待点位释放后自动处理, FailType=
2026-01-15 15:40:39.300 +08:00 [INF] 缓存任务仍需等待点位释放: PalletNumber=20260115151151171, RequestCode=1768461111, 重试次数: 3
2026-01-15 15:40:39.301 +08:00 [INF] 完成处理缓存任务: Id=152, PalletNumber=20260115151151171, RequestCode=1768461111
2026-01-15 15:40:39.302 +08:00 [INF] 开始处理缓存任务: Id=149, PalletNumber=20260115150330837, RequestCode=1768460610, RetryCount=6
2026-01-15 15:40:39.305 +08:00 [INF] 检测到点位可用，准备处理缓存任务: RequestCode=1768460610, 起点=06C05, 终点=06C06
2026-01-15 15:40:39.306 +08:00 [INF] 调用AddTaskAsync: PalletNumber=20260115150330837, RequestCode=1768460610, TaskType=manualTask, 起点=06C05, 终点=06C06
2026-01-15 15:40:39.308 +08:00 [INF] 开始处理AddTaskAsync请求: PalletNumber=20260115150330837, RequestCode=1768460610, TaskType=manualTask, 起点=06C05, 终点=06C06, 物料=, 数量=0
2026-01-15 15:40:39.314 +08:00 [INF] 检测到需要拆分的任务（类型2），起点: 06C05
2026-01-15 15:40:39.316 +08:00 [INF] 开始执行CacheTaskAsync: PalletNumber=20260115150330837, RequestCode=1768460610, 错误信息=中转点 PD002 已被锁定
2026-01-15 15:40:39.318 +08:00 [INF] 发现已存在的缓存任务，将更新而非新增: Id=149, PalletNumber=20260115150330837
2026-01-15 15:40:39.320 +08:00 [INF] 缓存任务已存在，已更新: PalletNumber=20260115150330837, RequestCode=1768460610, 错误信息: 中转点 PD002 已被锁定
2026-01-15 15:40:39.321 +08:00 [INF] CacheTaskAsync完成（更新已存在的缓存任务）
2026-01-15 15:40:39.322 +08:00 [INF] AddTaskAsync返回结果: Status=Success, Message=任务已缓存，等待点位释放后自动处理, FailType=
2026-01-15 15:40:39.324 +08:00 [INF] 缓存任务仍需等待点位释放: PalletNumber=20260115150330837, RequestCode=1768460610, 重试次数: 7
2026-01-15 15:40:39.325 +08:00 [INF] 完成处理缓存任务: Id=149, PalletNumber=20260115150330837, RequestCode=1768460610
2026-01-15 15:40:40.735 +08:00 [WRN] Failed to determine the https port for redirect.
2026-01-15 15:40:43.877 +08:00 [INF] 正在验证用户: admin
2026-01-15 15:40:43.878 +08:00 [INF] 输入的密码: admin123
2026-01-15 15:40:43.880 +08:00 [INF] 数据库中的密码: admin123
2026-01-15 15:40:43.881 +08:00 [INF] 密码验证结果: True
2026-01-15 15:40:43.895 +08:00 [INF] 更新最后登录时间成功
2026-01-15 15:40:43.897 +08:00 [INF] 用户 admin 登录成功
2026-01-15 15:41:39.334 +08:00 [INF] 本次处理 5 个缓存任务
2026-01-15 15:41:39.336 +08:00 [INF] 开始处理缓存任务: Id=153, PalletNumber=20260115151219194, RequestCode=1768461139, RetryCount=2
2026-01-15 15:41:39.340 +08:00 [INF] 检测到点位可用，准备处理缓存任务: RequestCode=1768461139, 起点=06C05, 终点=06B05
2026-01-15 15:41:39.342 +08:00 [INF] 调用AddTaskAsync: PalletNumber=20260115151219194, RequestCode=1768461139, TaskType=manualTask, 起点=06C05, 终点=06B05
2026-01-15 15:41:39.345 +08:00 [INF] 开始处理AddTaskAsync请求: PalletNumber=20260115151219194, RequestCode=1768461139, TaskType=manualTask, 起点=06C05, 终点=06B05, 物料=, 数量=0
2026-01-15 15:41:39.348 +08:00 [INF] 检测到需要拆分的任务（类型2），起点: 06C05
2026-01-15 15:41:39.352 +08:00 [INF] 开始执行CacheTaskAsync: PalletNumber=20260115151219194, RequestCode=1768461139, 错误信息=中转点 PD002 已被锁定
2026-01-15 15:41:39.355 +08:00 [INF] 发现已存在的缓存任务，将更新而非新增: Id=153, PalletNumber=20260115151219194
2026-01-15 15:41:39.359 +08:00 [INF] 缓存任务已存在，已更新: PalletNumber=20260115151219194, RequestCode=1768461139, 错误信息: 中转点 PD002 已被锁定
2026-01-15 15:41:39.363 +08:00 [INF] CacheTaskAsync完成（更新已存在的缓存任务）
2026-01-15 15:41:39.368 +08:00 [INF] AddTaskAsync返回结果: Status=Success, Message=任务已缓存，等待点位释放后自动处理, FailType=
2026-01-15 15:41:39.373 +08:00 [INF] 缓存任务仍需等待点位释放: PalletNumber=20260115151219194, RequestCode=1768461139, 重试次数: 3
2026-01-15 15:41:39.375 +08:00 [INF] 完成处理缓存任务: Id=153, PalletNumber=20260115151219194, RequestCode=1768461139
2026-01-15 15:41:39.376 +08:00 [INF] 开始处理缓存任务: Id=150, PalletNumber=20260115151127837, RequestCode=1768461087, RetryCount=3
2026-01-15 15:41:39.379 +08:00 [INF] 检测到点位可用，准备处理缓存任务: RequestCode=1768461087, 起点=06B05, 终点=06C06
2026-01-15 15:41:39.380 +08:00 [INF] 调用AddTaskAsync: PalletNumber=20260115151127837, RequestCode=1768461087, TaskType=manualTask, 起点=06B05, 终点=06C06
2026-01-15 15:41:39.382 +08:00 [INF] 开始处理AddTaskAsync请求: PalletNumber=20260115151127837, RequestCode=1768461087, TaskType=manualTask, 起点=06B05, 终点=06C06, 物料=, 数量=0
2026-01-15 15:41:39.386 +08:00 [INF] 检测到需要拆分的任务（类型2），起点: 06B05
2026-01-15 15:41:39.389 +08:00 [INF] 开始执行CacheTaskAsync: PalletNumber=20260115151127837, RequestCode=1768461087, 错误信息=中转点 PD002 已被锁定
2026-01-15 15:41:39.392 +08:00 [INF] 发现已存在的缓存任务，将更新而非新增: Id=150, PalletNumber=20260115151127837
2026-01-15 15:41:39.394 +08:00 [INF] 缓存任务已存在，已更新: PalletNumber=20260115151127837, RequestCode=1768461087, 错误信息: 中转点 PD002 已被锁定
2026-01-15 15:41:39.396 +08:00 [INF] CacheTaskAsync完成（更新已存在的缓存任务）
2026-01-15 15:41:39.397 +08:00 [INF] AddTaskAsync返回结果: Status=Success, Message=任务已缓存，等待点位释放后自动处理, FailType=
2026-01-15 15:41:39.400 +08:00 [INF] 缓存任务仍需等待点位释放: PalletNumber=20260115151127837, RequestCode=1768461087, 重试次数: 4
2026-01-15 15:41:39.401 +08:00 [INF] 完成处理缓存任务: Id=150, PalletNumber=20260115151127837, RequestCode=1768461087
2026-01-15 15:41:39.402 +08:00 [INF] 开始处理缓存任务: Id=151, PalletNumber=20260115151137616, RequestCode=1768461097, RetryCount=3
2026-01-15 15:41:39.404 +08:00 [INF] 检测到点位可用，准备处理缓存任务: RequestCode=1768461097, 起点=06C05, 终点=06B07
2026-01-15 15:41:39.405 +08:00 [INF] 调用AddTaskAsync: PalletNumber=20260115151137616, RequestCode=1768461097, TaskType=manualTask, 起点=06C05, 终点=06B07
2026-01-15 15:41:39.406 +08:00 [INF] 开始处理AddTaskAsync请求: PalletNumber=20260115151137616, RequestCode=1768461097, TaskType=manualTask, 起点=06C05, 终点=06B07, 物料=, 数量=0
2026-01-15 15:41:39.410 +08:00 [INF] 检测到需要拆分的任务（类型2），起点: 06C05
2026-01-15 15:41:39.413 +08:00 [INF] 开始执行CacheTaskAsync: PalletNumber=20260115151137616, RequestCode=1768461097, 错误信息=中转点 PD002 已被锁定
2026-01-15 15:41:39.415 +08:00 [INF] 发现已存在的缓存任务，将更新而非新增: Id=151, PalletNumber=20260115151137616
2026-01-15 15:41:39.417 +08:00 [INF] 缓存任务已存在，已更新: PalletNumber=20260115151137616, RequestCode=1768461097, 错误信息: 中转点 PD002 已被锁定
2026-01-15 15:41:39.419 +08:00 [INF] CacheTaskAsync完成（更新已存在的缓存任务）
2026-01-15 15:41:39.421 +08:00 [INF] AddTaskAsync返回结果: Status=Success, Message=任务已缓存，等待点位释放后自动处理, FailType=
2026-01-15 15:41:39.422 +08:00 [INF] 缓存任务仍需等待点位释放: PalletNumber=20260115151137616, RequestCode=1768461097, 重试次数: 4
2026-01-15 15:41:39.423 +08:00 [INF] 完成处理缓存任务: Id=151, PalletNumber=20260115151137616, RequestCode=1768461097
2026-01-15 15:41:39.424 +08:00 [INF] 开始处理缓存任务: Id=152, PalletNumber=20260115151151171, RequestCode=1768461111, RetryCount=3
2026-01-15 15:41:39.427 +08:00 [INF] 检测到点位可用，准备处理缓存任务: RequestCode=1768461111, 起点=06C06, 终点=06A07
2026-01-15 15:41:39.428 +08:00 [INF] 调用AddTaskAsync: PalletNumber=20260115151151171, RequestCode=1768461111, TaskType=manualTask, 起点=06C06, 终点=06A07
2026-01-15 15:41:39.429 +08:00 [INF] 开始处理AddTaskAsync请求: PalletNumber=20260115151151171, RequestCode=1768461111, TaskType=manualTask, 起点=06C06, 终点=06A07, 物料=, 数量=0
2026-01-15 15:41:39.436 +08:00 [INF] 检测到需要拆分的任务（类型2），起点: 06C06
2026-01-15 15:41:39.440 +08:00 [INF] 开始执行CacheTaskAsync: PalletNumber=20260115151151171, RequestCode=1768461111, 错误信息=中转点 PD002 已被锁定
2026-01-15 15:41:39.456 +08:00 [INF] 发现已存在的缓存任务，将更新而非新增: Id=152, PalletNumber=20260115151151171
2026-01-15 15:41:39.465 +08:00 [INF] 缓存任务已存在，已更新: PalletNumber=20260115151151171, RequestCode=1768461111, 错误信息: 中转点 PD002 已被锁定
2026-01-15 15:41:39.478 +08:00 [INF] CacheTaskAsync完成（更新已存在的缓存任务）
2026-01-15 15:41:39.484 +08:00 [INF] AddTaskAsync返回结果: Status=Success, Message=任务已缓存，等待点位释放后自动处理, FailType=
2026-01-15 15:41:39.487 +08:00 [INF] 缓存任务仍需等待点位释放: PalletNumber=20260115151151171, RequestCode=1768461111, 重试次数: 4
2026-01-15 15:41:39.490 +08:00 [INF] 完成处理缓存任务: Id=152, PalletNumber=20260115151151171, RequestCode=1768461111
2026-01-15 15:41:39.492 +08:00 [INF] 开始处理缓存任务: Id=149, PalletNumber=20260115150330837, RequestCode=1768460610, RetryCount=7
2026-01-15 15:41:39.496 +08:00 [INF] 检测到点位可用，准备处理缓存任务: RequestCode=1768460610, 起点=06C05, 终点=06C06
2026-01-15 15:41:39.497 +08:00 [INF] 调用AddTaskAsync: PalletNumber=20260115150330837, RequestCode=1768460610, TaskType=manualTask, 起点=06C05, 终点=06C06
2026-01-15 15:41:39.499 +08:00 [INF] 开始处理AddTaskAsync请求: PalletNumber=20260115150330837, RequestCode=1768460610, TaskType=manualTask, 起点=06C05, 终点=06C06, 物料=, 数量=0
2026-01-15 15:41:39.505 +08:00 [INF] 检测到需要拆分的任务（类型2），起点: 06C05
2026-01-15 15:41:39.507 +08:00 [INF] 开始执行CacheTaskAsync: PalletNumber=20260115150330837, RequestCode=1768460610, 错误信息=中转点 PD002 已被锁定
2026-01-15 15:41:39.510 +08:00 [INF] 发现已存在的缓存任务，将更新而非新增: Id=149, PalletNumber=20260115150330837
2026-01-15 15:41:39.512 +08:00 [INF] 缓存任务已存在，已更新: PalletNumber=20260115150330837, RequestCode=1768460610, 错误信息: 中转点 PD002 已被锁定
2026-01-15 15:41:39.514 +08:00 [INF] CacheTaskAsync完成（更新已存在的缓存任务）
2026-01-15 15:41:39.516 +08:00 [INF] AddTaskAsync返回结果: Status=Success, Message=任务已缓存，等待点位释放后自动处理, FailType=
2026-01-15 15:41:39.519 +08:00 [INF] 缓存任务仍需等待点位释放: PalletNumber=20260115150330837, RequestCode=1768460610, 重试次数: 8
2026-01-15 15:41:39.520 +08:00 [INF] 完成处理缓存任务: Id=149, PalletNumber=20260115150330837, RequestCode=1768460610
2026-01-15 15:42:39.534 +08:00 [INF] 本次处理 5 个缓存任务
2026-01-15 15:42:39.536 +08:00 [INF] 开始处理缓存任务: Id=153, PalletNumber=20260115151219194, RequestCode=1768461139, RetryCount=3
2026-01-15 15:42:39.543 +08:00 [INF] 检测到点位可用，准备处理缓存任务: RequestCode=1768461139, 起点=06C05, 终点=06B05
2026-01-15 15:42:39.546 +08:00 [INF] 调用AddTaskAsync: PalletNumber=20260115151219194, RequestCode=1768461139, TaskType=manualTask, 起点=06C05, 终点=06B05
2026-01-15 15:42:39.551 +08:00 [INF] 开始处理AddTaskAsync请求: PalletNumber=20260115151219194, RequestCode=1768461139, TaskType=manualTask, 起点=06C05, 终点=06B05, 物料=, 数量=0
2026-01-15 15:42:39.561 +08:00 [INF] 检测到需要拆分的任务（类型2），起点: 06C05
2026-01-15 15:42:39.565 +08:00 [INF] 开始执行CacheTaskAsync: PalletNumber=20260115151219194, RequestCode=1768461139, 错误信息=中转点 PD002 已被锁定
2026-01-15 15:42:39.572 +08:00 [INF] 发现已存在的缓存任务，将更新而非新增: Id=153, PalletNumber=20260115151219194
2026-01-15 15:42:39.578 +08:00 [INF] 缓存任务已存在，已更新: PalletNumber=20260115151219194, RequestCode=1768461139, 错误信息: 中转点 PD002 已被锁定
2026-01-15 15:42:39.580 +08:00 [INF] CacheTaskAsync完成（更新已存在的缓存任务）
2026-01-15 15:42:39.584 +08:00 [INF] AddTaskAsync返回结果: Status=Success, Message=任务已缓存，等待点位释放后自动处理, FailType=
2026-01-15 15:42:39.590 +08:00 [INF] 缓存任务仍需等待点位释放: PalletNumber=20260115151219194, RequestCode=1768461139, 重试次数: 4
2026-01-15 15:42:52.250 +08:00 [INF] TCP服务未启用，数据清理服务将不会启动。
2026-01-15 15:42:52.302 +08:00 [INF] TcpServerService 启动，监听 127.0.0.1:9000
2026-01-15 15:42:52.322 +08:00 [INF] 任务缓存处理器已启动
2026-01-15 15:42:52.339 +08:00 [INF] 本次处理 5 个缓存任务
2026-01-15 15:42:52.341 +08:00 [INF] 开始处理缓存任务: Id=153, PalletNumber=20260115151219194, RequestCode=1768461139, RetryCount=4
2026-01-15 15:42:52.365 +08:00 [INF] 检测到点位可用，准备处理缓存任务: RequestCode=1768461139, 起点=06C05, 终点=06B05
2026-01-15 15:42:52.377 +08:00 [INF] 调用AddTaskAsync: PalletNumber=20260115151219194, RequestCode=1768461139, TaskType=manualTask, 起点=06C05, 终点=06B05
2026-01-15 15:42:52.383 +08:00 [INF] 开始处理AddTaskAsync请求: PalletNumber=20260115151219194, RequestCode=1768461139, TaskType=manualTask, 起点=06C05, 终点=06B05, 物料=, 数量=0
2026-01-15 15:42:52.403 +08:00 [WRN] Overriding address(es) 'http://localhost:5055'. Binding to endpoints defined via IConfiguration and/or UseKestrel() instead.
2026-01-15 15:42:52.408 +08:00 [INF] 检测到需要拆分的任务（类型2），起点: 06C05
2026-01-15 15:42:52.424 +08:00 [INF] 开始执行CacheTaskAsync: PalletNumber=20260115151219194, RequestCode=1768461139, 错误信息=中转点 PD002 已被锁定
2026-01-15 15:42:52.427 +08:00 [INF] 发现已存在的缓存任务，将更新而非新增: Id=153, PalletNumber=20260115151219194
2026-01-15 15:42:52.430 +08:00 [INF] 缓存任务已存在，已更新: PalletNumber=20260115151219194, RequestCode=1768461139, 错误信息: 中转点 PD002 已被锁定
2026-01-15 15:42:52.433 +08:00 [INF] CacheTaskAsync完成（更新已存在的缓存任务）
2026-01-15 15:42:52.439 +08:00 [INF] AddTaskAsync返回结果: Status=Success, Message=任务已缓存，等待点位释放后自动处理, FailType=
2026-01-15 15:42:52.450 +08:00 [INF] 缓存任务仍需等待点位释放: PalletNumber=20260115151219194, RequestCode=1768461139, 重试次数: 5
2026-01-15 15:42:52.451 +08:00 [INF] 完成处理缓存任务: Id=153, PalletNumber=20260115151219194, RequestCode=1768461139
2026-01-15 15:42:52.453 +08:00 [INF] 开始处理缓存任务: Id=150, PalletNumber=20260115151127837, RequestCode=1768461087, RetryCount=4
2026-01-15 15:42:52.455 +08:00 [INF] 检测到点位可用，准备处理缓存任务: RequestCode=1768461087, 起点=06B05, 终点=06C06
2026-01-15 15:42:52.456 +08:00 [INF] 调用AddTaskAsync: PalletNumber=20260115151127837, RequestCode=1768461087, TaskType=manualTask, 起点=06B05, 终点=06C06
2026-01-15 15:42:52.457 +08:00 [INF] 开始处理AddTaskAsync请求: PalletNumber=20260115151127837, RequestCode=1768461087, TaskType=manualTask, 起点=06B05, 终点=06C06, 物料=, 数量=0
2026-01-15 15:42:52.461 +08:00 [INF] 检测到需要拆分的任务（类型2），起点: 06B05
2026-01-15 15:42:52.464 +08:00 [INF] 开始执行CacheTaskAsync: PalletNumber=20260115151127837, RequestCode=1768461087, 错误信息=中转点 PD002 已被锁定
2026-01-15 15:42:52.466 +08:00 [INF] 发现已存在的缓存任务，将更新而非新增: Id=150, PalletNumber=20260115151127837
2026-01-15 15:42:52.468 +08:00 [INF] 缓存任务已存在，已更新: PalletNumber=20260115151127837, RequestCode=1768461087, 错误信息: 中转点 PD002 已被锁定
2026-01-15 15:42:52.470 +08:00 [INF] CacheTaskAsync完成（更新已存在的缓存任务）
2026-01-15 15:42:52.471 +08:00 [INF] AddTaskAsync返回结果: Status=Success, Message=任务已缓存，等待点位释放后自动处理, FailType=
2026-01-15 15:42:52.473 +08:00 [INF] 缓存任务仍需等待点位释放: PalletNumber=20260115151127837, RequestCode=1768461087, 重试次数: 5
2026-01-15 15:42:52.474 +08:00 [INF] 完成处理缓存任务: Id=150, PalletNumber=20260115151127837, RequestCode=1768461087
2026-01-15 15:42:52.475 +08:00 [INF] 开始处理缓存任务: Id=151, PalletNumber=20260115151137616, RequestCode=1768461097, RetryCount=4
2026-01-15 15:42:52.477 +08:00 [INF] 检测到点位可用，准备处理缓存任务: RequestCode=1768461097, 起点=06C05, 终点=06B07
2026-01-15 15:42:52.479 +08:00 [INF] 调用AddTaskAsync: PalletNumber=20260115151137616, RequestCode=1768461097, TaskType=manualTask, 起点=06C05, 终点=06B07
2026-01-15 15:42:52.480 +08:00 [INF] 开始处理AddTaskAsync请求: PalletNumber=20260115151137616, RequestCode=1768461097, TaskType=manualTask, 起点=06C05, 终点=06B07, 物料=, 数量=0
2026-01-15 15:42:52.484 +08:00 [INF] 检测到需要拆分的任务（类型2），起点: 06C05
2026-01-15 15:42:52.486 +08:00 [INF] 开始执行CacheTaskAsync: PalletNumber=20260115151137616, RequestCode=1768461097, 错误信息=中转点 PD002 已被锁定
2026-01-15 15:42:52.488 +08:00 [INF] 发现已存在的缓存任务，将更新而非新增: Id=151, PalletNumber=20260115151137616
2026-01-15 15:42:52.490 +08:00 [INF] 缓存任务已存在，已更新: PalletNumber=20260115151137616, RequestCode=1768461097, 错误信息: 中转点 PD002 已被锁定
2026-01-15 15:42:52.492 +08:00 [INF] CacheTaskAsync完成（更新已存在的缓存任务）
2026-01-15 15:42:52.493 +08:00 [INF] AddTaskAsync返回结果: Status=Success, Message=任务已缓存，等待点位释放后自动处理, FailType=
2026-01-15 15:42:52.494 +08:00 [INF] 缓存任务仍需等待点位释放: PalletNumber=20260115151137616, RequestCode=1768461097, 重试次数: 5
2026-01-15 15:42:52.495 +08:00 [INF] 完成处理缓存任务: Id=151, PalletNumber=20260115151137616, RequestCode=1768461097
2026-01-15 15:42:52.497 +08:00 [INF] 开始处理缓存任务: Id=152, PalletNumber=20260115151151171, RequestCode=1768461111, RetryCount=4
2026-01-15 15:42:52.499 +08:00 [INF] 检测到点位可用，准备处理缓存任务: RequestCode=1768461111, 起点=06C06, 终点=06A07
2026-01-15 15:42:52.500 +08:00 [INF] 调用AddTaskAsync: PalletNumber=20260115151151171, RequestCode=1768461111, TaskType=manualTask, 起点=06C06, 终点=06A07
2026-01-15 15:42:52.502 +08:00 [INF] 开始处理AddTaskAsync请求: PalletNumber=20260115151151171, RequestCode=1768461111, TaskType=manualTask, 起点=06C06, 终点=06A07, 物料=, 数量=0
2026-01-15 15:42:52.505 +08:00 [INF] 检测到需要拆分的任务（类型2），起点: 06C06
2026-01-15 15:42:52.508 +08:00 [INF] 开始执行CacheTaskAsync: PalletNumber=20260115151151171, RequestCode=1768461111, 错误信息=中转点 PD002 已被锁定
2026-01-15 15:42:52.510 +08:00 [INF] 发现已存在的缓存任务，将更新而非新增: Id=152, PalletNumber=20260115151151171
2026-01-15 15:42:52.514 +08:00 [INF] 缓存任务已存在，已更新: PalletNumber=20260115151151171, RequestCode=1768461111, 错误信息: 中转点 PD002 已被锁定
2026-01-15 15:42:52.516 +08:00 [INF] CacheTaskAsync完成（更新已存在的缓存任务）
2026-01-15 15:42:52.517 +08:00 [INF] AddTaskAsync返回结果: Status=Success, Message=任务已缓存，等待点位释放后自动处理, FailType=
2026-01-15 15:42:52.519 +08:00 [INF] 缓存任务仍需等待点位释放: PalletNumber=20260115151151171, RequestCode=1768461111, 重试次数: 5
2026-01-15 15:42:52.520 +08:00 [INF] 完成处理缓存任务: Id=152, PalletNumber=20260115151151171, RequestCode=1768461111
2026-01-15 15:42:52.521 +08:00 [INF] 开始处理缓存任务: Id=149, PalletNumber=20260115150330837, RequestCode=1768460610, RetryCount=8
2026-01-15 15:42:52.523 +08:00 [INF] 检测到点位可用，准备处理缓存任务: RequestCode=1768460610, 起点=06C05, 终点=06C06
2026-01-15 15:42:52.524 +08:00 [INF] 调用AddTaskAsync: PalletNumber=20260115150330837, RequestCode=1768460610, TaskType=manualTask, 起点=06C05, 终点=06C06
2026-01-15 15:42:52.525 +08:00 [INF] 开始处理AddTaskAsync请求: PalletNumber=20260115150330837, RequestCode=1768460610, TaskType=manualTask, 起点=06C05, 终点=06C06, 物料=, 数量=0
2026-01-15 15:42:52.533 +08:00 [INF] 检测到需要拆分的任务（类型2），起点: 06C05
2026-01-15 15:42:52.540 +08:00 [INF] 开始执行CacheTaskAsync: PalletNumber=20260115150330837, RequestCode=1768460610, 错误信息=中转点 PD002 已被锁定
2026-01-15 15:42:52.543 +08:00 [INF] 发现已存在的缓存任务，将更新而非新增: Id=149, PalletNumber=20260115150330837
2026-01-15 15:42:52.545 +08:00 [INF] 缓存任务已存在，已更新: PalletNumber=20260115150330837, RequestCode=1768460610, 错误信息: 中转点 PD002 已被锁定
2026-01-15 15:42:52.547 +08:00 [INF] CacheTaskAsync完成（更新已存在的缓存任务）
2026-01-15 15:42:52.549 +08:00 [INF] AddTaskAsync返回结果: Status=Success, Message=任务已缓存，等待点位释放后自动处理, FailType=
2026-01-15 15:42:52.551 +08:00 [INF] 缓存任务仍需等待点位释放: PalletNumber=20260115150330837, RequestCode=1768460610, 重试次数: 9
2026-01-15 15:42:52.552 +08:00 [INF] 完成处理缓存任务: Id=149, PalletNumber=20260115150330837, RequestCode=1768460610
2026-01-15 15:42:53.773 +08:00 [WRN] Failed to determine the https port for redirect.
2026-01-15 15:43:34.438 +08:00 [INF] 正在验证用户: admin
2026-01-15 15:43:34.444 +08:00 [INF] 输入的密码: admin123
2026-01-15 15:43:34.445 +08:00 [INF] 数据库中的密码: admin123
2026-01-15 15:43:34.450 +08:00 [INF] 密码验证结果: True
2026-01-15 15:43:34.464 +08:00 [INF] 更新最后登录时间成功
2026-01-15 15:43:34.466 +08:00 [INF] 用户 admin 登录成功
2026-01-15 15:43:37.359 +08:00 [INF] 接收到取消任务请求，任务ID: 152072
2026-01-15 15:43:37.383 +08:00 [INF] 已解锁任务 152072 的起点: 06A05
2026-01-15 15:43:37.386 +08:00 [INF] 已解锁任务 152072 的终点: PD002
2026-01-15 15:43:37.391 +08:00 [INF] 已解锁任务 152073 的起点: PC002
2026-01-15 15:43:37.394 +08:00 [INF] 已解锁任务 152073 的终点: 06A06
2026-01-15 15:43:37.395 +08:00 [INF] 拆分任务分组 e82a83f4-e03b-44cd-a78d-e6a04824ceb8 已成功取消，共取消 2 个任务
2026-01-15 15:43:37.397 +08:00 [INF] 取消任务结果: 成功=True, 消息=拆分任务分组已成功取消，共取消 2 个任务
2026-01-15 15:43:39.425 +08:00 [INF] 接收到取消任务请求，任务ID: 152073
2026-01-15 15:43:39.430 +08:00 [INF] 取消任务结果: 成功=False, 消息=已完成的任务不能取消
2026-01-15 15:43:52.559 +08:00 [INF] 本次处理 5 个缓存任务
2026-01-15 15:43:52.560 +08:00 [INF] 开始处理缓存任务: Id=153, PalletNumber=20260115151219194, RequestCode=1768461139, RetryCount=5
2026-01-15 15:43:52.565 +08:00 [INF] 检测到点位可用，准备处理缓存任务: RequestCode=1768461139, 起点=06C05, 终点=06B05
2026-01-15 15:43:52.566 +08:00 [INF] 调用AddTaskAsync: PalletNumber=20260115151219194, RequestCode=1768461139, TaskType=manualTask, 起点=06C05, 终点=06B05
2026-01-15 15:43:52.567 +08:00 [INF] 开始处理AddTaskAsync请求: PalletNumber=20260115151219194, RequestCode=1768461139, TaskType=manualTask, 起点=06C05, 终点=06B05, 物料=, 数量=0
2026-01-15 15:43:52.572 +08:00 [INF] 检测到需要拆分的任务（类型2），起点: 06C05
2026-01-15 15:43:52.582 +08:00 [INF] 已锁定任务起点储位: 06C05
2026-01-15 15:43:52.584 +08:00 [INF] 已锁定小地牛中转点储位: PC002
2026-01-15 15:43:52.585 +08:00 [INF] 已锁定三向车中转点储位: PD002
2026-01-15 15:43:52.587 +08:00 [INF] 已锁定任务终点储位: 06B05
2026-01-15 15:43:52.588 +08:00 [INF] 任务拆分完成（类型2），分组ID: 835852e9-d26b-450d-ac04-1659e51f4a7c，第一个任务: 1768461139_1，第二个任务: 1768461139_2
2026-01-15 15:43:52.601 +08:00 [INF] 任务拆分成功，原始任务: 1768461139，生成了 2 个子任务
2026-01-15 15:43:52.602 +08:00 [INF] AddTaskAsync返回结果: Status=Success, Message=任务拆分成功，生成了 2 个子任务, FailType=
2026-01-15 15:43:52.606 +08:00 [INF] 缓存任务处理成功: PalletNumber=20260115151219194, RequestCode=1768461139
2026-01-15 15:43:52.607 +08:00 [INF] 完成处理缓存任务: Id=153, PalletNumber=20260115151219194, RequestCode=1768461139
2026-01-15 15:43:52.608 +08:00 [INF] 开始处理缓存任务: Id=150, PalletNumber=20260115151127837, RequestCode=1768461087, RetryCount=5
2026-01-15 15:43:52.610 +08:00 [INF] 完成处理缓存任务: Id=150, PalletNumber=20260115151127837, RequestCode=1768461087
2026-01-15 15:43:52.611 +08:00 [INF] 开始处理缓存任务: Id=151, PalletNumber=20260115151137616, RequestCode=1768461097, RetryCount=5
2026-01-15 15:43:52.612 +08:00 [INF] 完成处理缓存任务: Id=151, PalletNumber=20260115151137616, RequestCode=1768461097
2026-01-15 15:43:52.614 +08:00 [INF] 开始处理缓存任务: Id=152, PalletNumber=20260115151151171, RequestCode=1768461111, RetryCount=5
2026-01-15 15:43:52.616 +08:00 [INF] 检测到点位可用，准备处理缓存任务: RequestCode=1768461111, 起点=06C06, 终点=06A07
2026-01-15 15:43:52.618 +08:00 [INF] 调用AddTaskAsync: PalletNumber=20260115151151171, RequestCode=1768461111, TaskType=manualTask, 起点=06C06, 终点=06A07
2026-01-15 15:43:52.619 +08:00 [INF] 开始处理AddTaskAsync请求: PalletNumber=20260115151151171, RequestCode=1768461111, TaskType=manualTask, 起点=06C06, 终点=06A07, 物料=, 数量=0
2026-01-15 15:43:52.623 +08:00 [INF] 检测到需要拆分的任务（类型2），起点: 06C06
2026-01-15 15:43:52.625 +08:00 [INF] 开始执行CacheTaskAsync: PalletNumber=20260115151151171, RequestCode=1768461111, 错误信息=中转点 PD002 已被锁定
2026-01-15 15:43:52.628 +08:00 [INF] 发现已存在的缓存任务，将更新而非新增: Id=152, PalletNumber=20260115151151171
2026-01-15 15:43:52.631 +08:00 [INF] 缓存任务已存在，已更新: PalletNumber=20260115151151171, RequestCode=1768461111, 错误信息: 中转点 PD002 已被锁定
2026-01-15 15:43:52.633 +08:00 [INF] CacheTaskAsync完成（更新已存在的缓存任务）
2026-01-15 15:43:52.634 +08:00 [INF] AddTaskAsync返回结果: Status=Success, Message=任务已缓存，等待点位释放后自动处理, FailType=
2026-01-15 15:43:52.638 +08:00 [INF] 缓存任务仍需等待点位释放: PalletNumber=20260115151151171, RequestCode=1768461111, 重试次数: 6
2026-01-15 15:43:52.639 +08:00 [INF] 完成处理缓存任务: Id=152, PalletNumber=20260115151151171, RequestCode=1768461111
2026-01-15 15:43:52.641 +08:00 [INF] 开始处理缓存任务: Id=149, PalletNumber=20260115150330837, RequestCode=1768460610, RetryCount=9
2026-01-15 15:43:52.643 +08:00 [INF] 完成处理缓存任务: Id=149, PalletNumber=20260115150330837, RequestCode=1768460610
2026-01-15 15:44:52.660 +08:00 [INF] 本次处理 4 个缓存任务
2026-01-15 15:44:52.662 +08:00 [INF] 开始处理缓存任务: Id=150, PalletNumber=20260115151127837, RequestCode=1768461087, RetryCount=5
2026-01-15 15:44:52.667 +08:00 [INF] 完成处理缓存任务: Id=150, PalletNumber=20260115151127837, RequestCode=1768461087
2026-01-15 15:44:52.668 +08:00 [INF] 开始处理缓存任务: Id=151, PalletNumber=20260115151137616, RequestCode=1768461097, RetryCount=5
2026-01-15 15:44:52.670 +08:00 [INF] 完成处理缓存任务: Id=151, PalletNumber=20260115151137616, RequestCode=1768461097
2026-01-15 15:44:52.671 +08:00 [INF] 开始处理缓存任务: Id=152, PalletNumber=20260115151151171, RequestCode=1768461111, RetryCount=6
2026-01-15 15:44:52.673 +08:00 [INF] 检测到点位可用，准备处理缓存任务: RequestCode=1768461111, 起点=06C06, 终点=06A07
2026-01-15 15:44:52.674 +08:00 [INF] 调用AddTaskAsync: PalletNumber=20260115151151171, RequestCode=1768461111, TaskType=manualTask, 起点=06C06, 终点=06A07
2026-01-15 15:44:52.675 +08:00 [INF] 开始处理AddTaskAsync请求: PalletNumber=20260115151151171, RequestCode=1768461111, TaskType=manualTask, 起点=06C06, 终点=06A07, 物料=, 数量=0
2026-01-15 15:44:52.679 +08:00 [INF] 检测到需要拆分的任务（类型2），起点: 06C06
2026-01-15 15:44:52.682 +08:00 [INF] 开始执行CacheTaskAsync: PalletNumber=20260115151151171, RequestCode=1768461111, 错误信息=中转点 PD002 已被锁定
2026-01-15 15:44:52.685 +08:00 [INF] 发现已存在的缓存任务，将更新而非新增: Id=152, PalletNumber=20260115151151171
2026-01-15 15:44:52.688 +08:00 [INF] 缓存任务已存在，已更新: PalletNumber=20260115151151171, RequestCode=1768461111, 错误信息: 中转点 PD002 已被锁定
2026-01-15 15:44:52.690 +08:00 [INF] CacheTaskAsync完成（更新已存在的缓存任务）
2026-01-15 15:44:52.691 +08:00 [INF] AddTaskAsync返回结果: Status=Success, Message=任务已缓存，等待点位释放后自动处理, FailType=
2026-01-15 15:44:52.694 +08:00 [INF] 缓存任务仍需等待点位释放: PalletNumber=20260115151151171, RequestCode=1768461111, 重试次数: 7
2026-01-15 15:44:52.695 +08:00 [INF] 完成处理缓存任务: Id=152, PalletNumber=20260115151151171, RequestCode=1768461111
2026-01-15 15:44:52.696 +08:00 [INF] 开始处理缓存任务: Id=149, PalletNumber=20260115150330837, RequestCode=1768460610, RetryCount=9
2026-01-15 15:44:52.698 +08:00 [INF] 完成处理缓存任务: Id=149, PalletNumber=20260115150330837, RequestCode=1768460610
2026-01-15 15:45:52.702 +08:00 [INF] 本次处理 4 个缓存任务
2026-01-15 15:45:52.704 +08:00 [INF] 开始处理缓存任务: Id=150, PalletNumber=20260115151127837, RequestCode=1768461087, RetryCount=5
2026-01-15 15:45:52.708 +08:00 [INF] 完成处理缓存任务: Id=150, PalletNumber=20260115151127837, RequestCode=1768461087
2026-01-15 15:45:52.709 +08:00 [INF] 开始处理缓存任务: Id=151, PalletNumber=20260115151137616, RequestCode=1768461097, RetryCount=5
2026-01-15 15:45:52.711 +08:00 [INF] 完成处理缓存任务: Id=151, PalletNumber=20260115151137616, RequestCode=1768461097
2026-01-15 15:45:52.712 +08:00 [INF] 开始处理缓存任务: Id=152, PalletNumber=20260115151151171, RequestCode=1768461111, RetryCount=7
2026-01-15 15:45:52.715 +08:00 [INF] 检测到点位可用，准备处理缓存任务: RequestCode=1768461111, 起点=06C06, 终点=06A07
2026-01-15 15:45:52.715 +08:00 [INF] 调用AddTaskAsync: PalletNumber=20260115151151171, RequestCode=1768461111, TaskType=manualTask, 起点=06C06, 终点=06A07
2026-01-15 15:45:52.716 +08:00 [INF] 开始处理AddTaskAsync请求: PalletNumber=20260115151151171, RequestCode=1768461111, TaskType=manualTask, 起点=06C06, 终点=06A07, 物料=, 数量=0
2026-01-15 15:45:52.721 +08:00 [INF] 检测到需要拆分的任务（类型2），起点: 06C06
2026-01-15 15:45:52.724 +08:00 [INF] 开始执行CacheTaskAsync: PalletNumber=20260115151151171, RequestCode=1768461111, 错误信息=中转点 PD002 已被锁定
2026-01-15 15:45:52.727 +08:00 [INF] 发现已存在的缓存任务，将更新而非新增: Id=152, PalletNumber=20260115151151171
2026-01-15 15:45:52.731 +08:00 [INF] 缓存任务已存在，已更新: PalletNumber=20260115151151171, RequestCode=1768461111, 错误信息: 中转点 PD002 已被锁定
2026-01-15 15:45:52.733 +08:00 [INF] CacheTaskAsync完成（更新已存在的缓存任务）
2026-01-15 15:45:52.743 +08:00 [INF] AddTaskAsync返回结果: Status=Success, Message=任务已缓存，等待点位释放后自动处理, FailType=
2026-01-15 15:45:52.746 +08:00 [INF] 缓存任务仍需等待点位释放: PalletNumber=20260115151151171, RequestCode=1768461111, 重试次数: 8
2026-01-15 15:45:52.748 +08:00 [INF] 完成处理缓存任务: Id=152, PalletNumber=20260115151151171, RequestCode=1768461111
2026-01-15 15:45:52.749 +08:00 [INF] 开始处理缓存任务: Id=149, PalletNumber=20260115150330837, RequestCode=1768460610, RetryCount=9
2026-01-15 15:45:52.751 +08:00 [INF] 完成处理缓存任务: Id=149, PalletNumber=20260115150330837, RequestCode=1768460610
2026-01-15 15:46:52.760 +08:00 [INF] 本次处理 4 个缓存任务
2026-01-15 15:46:52.762 +08:00 [INF] 开始处理缓存任务: Id=150, PalletNumber=20260115151127837, RequestCode=1768461087, RetryCount=5
2026-01-15 15:46:52.766 +08:00 [INF] 完成处理缓存任务: Id=150, PalletNumber=20260115151127837, RequestCode=1768461087
2026-01-15 15:46:52.767 +08:00 [INF] 开始处理缓存任务: Id=151, PalletNumber=20260115151137616, RequestCode=1768461097, RetryCount=5
2026-01-15 15:46:52.769 +08:00 [INF] 完成处理缓存任务: Id=151, PalletNumber=20260115151137616, RequestCode=1768461097
2026-01-15 15:46:52.770 +08:00 [INF] 开始处理缓存任务: Id=152, PalletNumber=20260115151151171, RequestCode=1768461111, RetryCount=8
2026-01-15 15:46:52.772 +08:00 [INF] 检测到点位可用，准备处理缓存任务: RequestCode=1768461111, 起点=06C06, 终点=06A07
2026-01-15 15:46:52.773 +08:00 [INF] 调用AddTaskAsync: PalletNumber=20260115151151171, RequestCode=1768461111, TaskType=manualTask, 起点=06C06, 终点=06A07
2026-01-15 15:46:52.774 +08:00 [INF] 开始处理AddTaskAsync请求: PalletNumber=20260115151151171, RequestCode=1768461111, TaskType=manualTask, 起点=06C06, 终点=06A07, 物料=, 数量=0
2026-01-15 15:46:52.778 +08:00 [INF] 检测到需要拆分的任务（类型2），起点: 06C06
2026-01-15 15:46:52.781 +08:00 [INF] 开始执行CacheTaskAsync: PalletNumber=20260115151151171, RequestCode=1768461111, 错误信息=中转点 PD002 已被锁定
2026-01-15 15:46:52.784 +08:00 [INF] 发现已存在的缓存任务，将更新而非新增: Id=152, PalletNumber=20260115151151171
2026-01-15 15:46:52.788 +08:00 [INF] 缓存任务已存在，已更新: PalletNumber=20260115151151171, RequestCode=1768461111, 错误信息: 中转点 PD002 已被锁定
2026-01-15 15:46:52.790 +08:00 [INF] CacheTaskAsync完成（更新已存在的缓存任务）
2026-01-15 15:46:52.801 +08:00 [INF] AddTaskAsync返回结果: Status=Success, Message=任务已缓存，等待点位释放后自动处理, FailType=
2026-01-15 15:46:52.806 +08:00 [INF] 缓存任务仍需等待点位释放: PalletNumber=20260115151151171, RequestCode=1768461111, 重试次数: 9
2026-01-15 15:46:52.807 +08:00 [INF] 完成处理缓存任务: Id=152, PalletNumber=20260115151151171, RequestCode=1768461111
2026-01-15 15:46:52.809 +08:00 [INF] 开始处理缓存任务: Id=149, PalletNumber=20260115150330837, RequestCode=1768460610, RetryCount=9
2026-01-15 15:46:52.811 +08:00 [INF] 完成处理缓存任务: Id=149, PalletNumber=20260115150330837, RequestCode=1768460610
2026-01-15 15:47:52.823 +08:00 [INF] 本次处理 4 个缓存任务
2026-01-15 15:47:52.825 +08:00 [INF] 开始处理缓存任务: Id=150, PalletNumber=20260115151127837, RequestCode=1768461087, RetryCount=5
2026-01-15 15:47:52.830 +08:00 [INF] 完成处理缓存任务: Id=150, PalletNumber=20260115151127837, RequestCode=1768461087
2026-01-15 15:47:52.831 +08:00 [INF] 开始处理缓存任务: Id=151, PalletNumber=20260115151137616, RequestCode=1768461097, RetryCount=5
2026-01-15 15:47:52.834 +08:00 [INF] 完成处理缓存任务: Id=151, PalletNumber=20260115151137616, RequestCode=1768461097
2026-01-15 15:47:52.835 +08:00 [INF] 开始处理缓存任务: Id=152, PalletNumber=20260115151151171, RequestCode=1768461111, RetryCount=9
2026-01-15 15:47:52.837 +08:00 [INF] 检测到点位可用，准备处理缓存任务: RequestCode=1768461111, 起点=06C06, 终点=06A07
2026-01-15 15:47:52.838 +08:00 [INF] 调用AddTaskAsync: PalletNumber=20260115151151171, RequestCode=1768461111, TaskType=manualTask, 起点=06C06, 终点=06A07
2026-01-15 15:47:52.839 +08:00 [INF] 开始处理AddTaskAsync请求: PalletNumber=20260115151151171, RequestCode=1768461111, TaskType=manualTask, 起点=06C06, 终点=06A07, 物料=, 数量=0
2026-01-15 15:47:52.843 +08:00 [INF] 检测到需要拆分的任务（类型2），起点: 06C06
2026-01-15 15:47:52.846 +08:00 [INF] 开始执行CacheTaskAsync: PalletNumber=20260115151151171, RequestCode=1768461111, 错误信息=中转点 PD002 已被锁定
2026-01-15 15:47:52.849 +08:00 [INF] 发现已存在的缓存任务，将更新而非新增: Id=152, PalletNumber=20260115151151171
2026-01-15 15:47:52.852 +08:00 [INF] 缓存任务已存在，已更新: PalletNumber=20260115151151171, RequestCode=1768461111, 错误信息: 中转点 PD002 已被锁定
2026-01-15 15:47:52.855 +08:00 [INF] CacheTaskAsync完成（更新已存在的缓存任务）
2026-01-15 15:47:52.866 +08:00 [INF] AddTaskAsync返回结果: Status=Success, Message=任务已缓存，等待点位释放后自动处理, FailType=
2026-01-15 15:47:52.871 +08:00 [INF] 缓存任务仍需等待点位释放: PalletNumber=20260115151151171, RequestCode=1768461111, 重试次数: 10
2026-01-15 15:47:52.876 +08:00 [INF] 完成处理缓存任务: Id=152, PalletNumber=20260115151151171, RequestCode=1768461111
2026-01-15 15:47:52.877 +08:00 [INF] 开始处理缓存任务: Id=149, PalletNumber=20260115150330837, RequestCode=1768460610, RetryCount=9
2026-01-15 15:47:52.879 +08:00 [INF] 完成处理缓存任务: Id=149, PalletNumber=20260115150330837, RequestCode=1768460610
2026-01-15 15:48:52.888 +08:00 [INF] 本次处理 4 个缓存任务
2026-01-15 15:48:52.890 +08:00 [INF] 开始处理缓存任务: Id=150, PalletNumber=20260115151127837, RequestCode=1768461087, RetryCount=5
2026-01-15 15:48:52.894 +08:00 [INF] 完成处理缓存任务: Id=150, PalletNumber=20260115151127837, RequestCode=1768461087
2026-01-15 15:48:52.895 +08:00 [INF] 开始处理缓存任务: Id=151, PalletNumber=20260115151137616, RequestCode=1768461097, RetryCount=5
2026-01-15 15:48:52.897 +08:00 [INF] 完成处理缓存任务: Id=151, PalletNumber=20260115151137616, RequestCode=1768461097
2026-01-15 15:48:52.898 +08:00 [INF] 开始处理缓存任务: Id=152, PalletNumber=20260115151151171, RequestCode=1768461111, RetryCount=10
2026-01-15 15:48:52.900 +08:00 [INF] 检测到点位可用，准备处理缓存任务: RequestCode=1768461111, 起点=06C06, 终点=06A07
2026-01-15 15:48:52.901 +08:00 [INF] 调用AddTaskAsync: PalletNumber=20260115151151171, RequestCode=1768461111, TaskType=manualTask, 起点=06C06, 终点=06A07
2026-01-15 15:48:52.902 +08:00 [INF] 开始处理AddTaskAsync请求: PalletNumber=20260115151151171, RequestCode=1768461111, TaskType=manualTask, 起点=06C06, 终点=06A07, 物料=, 数量=0
2026-01-15 15:48:52.908 +08:00 [INF] 检测到需要拆分的任务（类型2），起点: 06C06
2026-01-15 15:48:52.911 +08:00 [INF] 开始执行CacheTaskAsync: PalletNumber=20260115151151171, RequestCode=1768461111, 错误信息=中转点 PD002 已被锁定
2026-01-15 15:48:52.914 +08:00 [INF] 发现已存在的缓存任务，将更新而非新增: Id=152, PalletNumber=20260115151151171
2026-01-15 15:48:52.916 +08:00 [INF] 缓存任务已存在，已更新: PalletNumber=20260115151151171, RequestCode=1768461111, 错误信息: 中转点 PD002 已被锁定
2026-01-15 15:48:52.918 +08:00 [INF] CacheTaskAsync完成（更新已存在的缓存任务）
2026-01-15 15:48:52.929 +08:00 [INF] AddTaskAsync返回结果: Status=Success, Message=任务已缓存，等待点位释放后自动处理, FailType=
2026-01-15 15:48:52.933 +08:00 [INF] 缓存任务仍需等待点位释放: PalletNumber=20260115151151171, RequestCode=1768461111, 重试次数: 11
2026-01-15 15:48:52.934 +08:00 [INF] 完成处理缓存任务: Id=152, PalletNumber=20260115151151171, RequestCode=1768461111
2026-01-15 15:48:52.935 +08:00 [INF] 开始处理缓存任务: Id=149, PalletNumber=20260115150330837, RequestCode=1768460610, RetryCount=9
2026-01-15 15:48:52.937 +08:00 [INF] 完成处理缓存任务: Id=149, PalletNumber=20260115150330837, RequestCode=1768460610
2026-01-15 15:49:52.950 +08:00 [INF] 本次处理 4 个缓存任务
2026-01-15 15:49:52.952 +08:00 [INF] 开始处理缓存任务: Id=150, PalletNumber=20260115151127837, RequestCode=1768461087, RetryCount=5
2026-01-15 15:49:52.957 +08:00 [INF] 完成处理缓存任务: Id=150, PalletNumber=20260115151127837, RequestCode=1768461087
2026-01-15 15:49:52.958 +08:00 [INF] 开始处理缓存任务: Id=151, PalletNumber=20260115151137616, RequestCode=1768461097, RetryCount=5
2026-01-15 15:49:52.961 +08:00 [INF] 完成处理缓存任务: Id=151, PalletNumber=20260115151137616, RequestCode=1768461097
2026-01-15 15:49:52.962 +08:00 [INF] 开始处理缓存任务: Id=152, PalletNumber=20260115151151171, RequestCode=1768461111, RetryCount=11
2026-01-15 15:49:52.964 +08:00 [INF] 检测到点位可用，准备处理缓存任务: RequestCode=1768461111, 起点=06C06, 终点=06A07
2026-01-15 15:49:52.965 +08:00 [INF] 调用AddTaskAsync: PalletNumber=20260115151151171, RequestCode=1768461111, TaskType=manualTask, 起点=06C06, 终点=06A07
2026-01-15 15:49:52.966 +08:00 [INF] 开始处理AddTaskAsync请求: PalletNumber=20260115151151171, RequestCode=1768461111, TaskType=manualTask, 起点=06C06, 终点=06A07, 物料=, 数量=0
2026-01-15 15:49:52.970 +08:00 [INF] 检测到需要拆分的任务（类型2），起点: 06C06
2026-01-15 15:49:52.973 +08:00 [INF] 开始执行CacheTaskAsync: PalletNumber=20260115151151171, RequestCode=1768461111, 错误信息=中转点 PD002 已被锁定
2026-01-15 15:49:52.977 +08:00 [INF] 发现已存在的缓存任务，将更新而非新增: Id=152, PalletNumber=20260115151151171
2026-01-15 15:49:52.980 +08:00 [INF] 缓存任务已存在，已更新: PalletNumber=20260115151151171, RequestCode=1768461111, 错误信息: 中转点 PD002 已被锁定
2026-01-15 15:49:52.983 +08:00 [INF] CacheTaskAsync完成（更新已存在的缓存任务）
2026-01-15 15:49:52.995 +08:00 [INF] AddTaskAsync返回结果: Status=Success, Message=任务已缓存，等待点位释放后自动处理, FailType=
2026-01-15 15:49:52.999 +08:00 [INF] 缓存任务仍需等待点位释放: PalletNumber=20260115151151171, RequestCode=1768461111, 重试次数: 12
2026-01-15 15:49:53.000 +08:00 [INF] 完成处理缓存任务: Id=152, PalletNumber=20260115151151171, RequestCode=1768461111
2026-01-15 15:49:53.001 +08:00 [INF] 开始处理缓存任务: Id=149, PalletNumber=20260115150330837, RequestCode=1768460610, RetryCount=9
2026-01-15 15:49:53.003 +08:00 [INF] 完成处理缓存任务: Id=149, PalletNumber=20260115150330837, RequestCode=1768460610
2026-01-15 15:50:53.013 +08:00 [INF] 本次处理 4 个缓存任务
2026-01-15 15:50:53.014 +08:00 [INF] 开始处理缓存任务: Id=150, PalletNumber=20260115151127837, RequestCode=1768461087, RetryCount=5
2026-01-15 15:50:53.021 +08:00 [INF] 完成处理缓存任务: Id=150, PalletNumber=20260115151127837, RequestCode=1768461087
2026-01-15 15:50:53.023 +08:00 [INF] 开始处理缓存任务: Id=151, PalletNumber=20260115151137616, RequestCode=1768461097, RetryCount=5
2026-01-15 15:50:53.025 +08:00 [INF] 完成处理缓存任务: Id=151, PalletNumber=20260115151137616, RequestCode=1768461097
2026-01-15 15:50:53.026 +08:00 [INF] 开始处理缓存任务: Id=152, PalletNumber=20260115151151171, RequestCode=1768461111, RetryCount=12
2026-01-15 15:50:53.029 +08:00 [INF] 检测到点位可用，准备处理缓存任务: RequestCode=1768461111, 起点=06C06, 终点=06A07
2026-01-15 15:50:53.029 +08:00 [INF] 调用AddTaskAsync: PalletNumber=20260115151151171, RequestCode=1768461111, TaskType=manualTask, 起点=06C06, 终点=06A07
2026-01-15 15:50:53.030 +08:00 [INF] 开始处理AddTaskAsync请求: PalletNumber=20260115151151171, RequestCode=1768461111, TaskType=manualTask, 起点=06C06, 终点=06A07, 物料=, 数量=0
2026-01-15 15:50:53.034 +08:00 [INF] 检测到需要拆分的任务（类型2），起点: 06C06
2026-01-15 15:50:53.037 +08:00 [INF] 开始执行CacheTaskAsync: PalletNumber=20260115151151171, RequestCode=1768461111, 错误信息=中转点 PD002 已被锁定
2026-01-15 15:50:53.042 +08:00 [INF] 发现已存在的缓存任务，将更新而非新增: Id=152, PalletNumber=20260115151151171
2026-01-15 15:50:53.045 +08:00 [INF] 缓存任务已存在，已更新: PalletNumber=20260115151151171, RequestCode=1768461111, 错误信息: 中转点 PD002 已被锁定
2026-01-15 15:50:53.047 +08:00 [INF] CacheTaskAsync完成（更新已存在的缓存任务）
2026-01-15 15:50:53.058 +08:00 [INF] AddTaskAsync返回结果: Status=Success, Message=任务已缓存，等待点位释放后自动处理, FailType=
2026-01-15 15:50:53.062 +08:00 [INF] 缓存任务仍需等待点位释放: PalletNumber=20260115151151171, RequestCode=1768461111, 重试次数: 13
2026-01-15 15:50:53.063 +08:00 [INF] 完成处理缓存任务: Id=152, PalletNumber=20260115151151171, RequestCode=1768461111
2026-01-15 15:50:53.064 +08:00 [INF] 开始处理缓存任务: Id=149, PalletNumber=20260115150330837, RequestCode=1768460610, RetryCount=9
2026-01-15 15:50:53.066 +08:00 [INF] 完成处理缓存任务: Id=149, PalletNumber=20260115150330837, RequestCode=1768460610
