2025-10-13 16:16:43.709 +08:00 [INF] TCP服务未启用，数据清理服务将不会启动。
2025-10-13 16:16:43.779 +08:00 [INF] TcpServerService 启动，监听 127.0.0.1:9000
2025-10-13 16:16:43.895 +08:00 [WRN] Overriding address(es) 'http://localhost:5055'. Binding to endpoints defined via IConfiguration and/or UseKestrel() instead.
2025-10-13 16:16:49.996 +08:00 [WRN] Failed to determine the https port for redirect.
2025-10-13 16:17:01.250 +08:00 [INF] 正在验证用户: admin
2025-10-13 16:17:01.253 +08:00 [INF] 输入的密码: admin123
2025-10-13 16:17:01.254 +08:00 [INF] 数据库中的密码: admin123
2025-10-13 16:17:01.256 +08:00 [INF] 密码验证结果: True
2025-10-13 16:17:01.275 +08:00 [INF] 更新最后登录时间成功
2025-10-13 16:17:01.277 +08:00 [INF] 用户 admin 登录成功
2025-10-13 16:17:01.349 +08:00 [WRN] 查询结果为空
2025-10-13 17:13:52.131 +08:00 [INF] TCP服务未启用，数据清理服务将不会启动。
2025-10-13 17:13:52.194 +08:00 [INF] TcpServerService 启动，监听 127.0.0.1:9000
2025-10-13 17:13:52.290 +08:00 [WRN] Overriding address(es) 'http://localhost:5055'. Binding to endpoints defined via IConfiguration and/or UseKestrel() instead.
2025-10-13 17:13:54.306 +08:00 [WRN] Failed to determine the https port for redirect.
2025-10-13 17:13:56.242 +08:00 [INF] 正在验证用户: admin
2025-10-13 17:13:56.244 +08:00 [INF] 输入的密码: admin123
2025-10-13 17:13:56.245 +08:00 [INF] 数据库中的密码: admin123
2025-10-13 17:13:56.246 +08:00 [INF] 密码验证结果: True
2025-10-13 17:13:56.267 +08:00 [INF] 更新最后登录时间成功
2025-10-13 17:13:56.270 +08:00 [INF] 用户 admin 登录成功
2025-10-13 17:13:56.340 +08:00 [WRN] 查询结果为空
2025-10-13 17:22:32.233 +08:00 [INF] TCP服务未启用，数据清理服务将不会启动。
2025-10-13 17:22:32.306 +08:00 [INF] TcpServerService 启动，监听 127.0.0.1:9000
2025-10-13 17:22:32.410 +08:00 [WRN] Overriding address(es) 'http://localhost:5055'. Binding to endpoints defined via IConfiguration and/or UseKestrel() instead.
2025-10-13 17:22:34.339 +08:00 [WRN] Failed to determine the https port for redirect.
2025-10-13 17:22:37.905 +08:00 [INF] 正在验证用户: admin
2025-10-13 17:22:37.907 +08:00 [INF] 输入的密码: admin123
2025-10-13 17:22:37.909 +08:00 [INF] 数据库中的密码: admin123
2025-10-13 17:22:37.910 +08:00 [INF] 密码验证结果: True
2025-10-13 17:22:37.930 +08:00 [INF] 更新最后登录时间成功
2025-10-13 17:22:37.932 +08:00 [INF] 用户 admin 登录成功
2025-10-13 17:22:38.011 +08:00 [WRN] 查询结果为空
2025-10-13 17:26:31.009 +08:00 [INF] TCP服务未启用，数据清理服务将不会启动。
2025-10-13 17:26:31.063 +08:00 [INF] TcpServerService 启动，监听 127.0.0.1:9000
2025-10-13 17:26:31.148 +08:00 [WRN] Overriding address(es) 'http://localhost:5055'. Binding to endpoints defined via IConfiguration and/or UseKestrel() instead.
2025-10-13 17:26:33.431 +08:00 [WRN] Failed to determine the https port for redirect.
2025-10-13 17:26:49.933 +08:00 [INF] 正在验证用户: admin
2025-10-13 17:26:49.935 +08:00 [INF] 输入的密码: admin123
2025-10-13 17:26:49.937 +08:00 [INF] 数据库中的密码: admin123
2025-10-13 17:26:49.939 +08:00 [INF] 密码验证结果: True
2025-10-13 17:26:49.958 +08:00 [INF] 更新最后登录时间成功
2025-10-13 17:26:49.959 +08:00 [INF] 用户 admin 登录成功
2025-10-13 17:26:50.032 +08:00 [WRN] 查询结果为空
2025-10-13 17:29:48.241 +08:00 [INF] TCP服务未启用，数据清理服务将不会启动。
2025-10-13 17:29:48.337 +08:00 [INF] TcpServerService 启动，监听 127.0.0.1:9000
2025-10-13 17:29:48.443 +08:00 [WRN] Overriding address(es) 'http://localhost:5055'. Binding to endpoints defined via IConfiguration and/or UseKestrel() instead.
2025-10-13 17:29:50.411 +08:00 [WRN] Failed to determine the https port for redirect.
2025-10-13 17:29:51.884 +08:00 [INF] 正在验证用户: admin
2025-10-13 17:29:51.887 +08:00 [INF] 输入的密码: admin123
2025-10-13 17:29:51.890 +08:00 [INF] 数据库中的密码: admin123
2025-10-13 17:29:51.892 +08:00 [INF] 密码验证结果: True
2025-10-13 17:29:51.914 +08:00 [INF] 更新最后登录时间成功
2025-10-13 17:29:51.916 +08:00 [INF] 用户 admin 登录成功
2025-10-13 17:29:52.006 +08:00 [WRN] 查询结果为空
2025-10-13 17:32:34.346 +08:00 [INF] TCP服务未启用，数据清理服务将不会启动。
2025-10-13 17:32:34.409 +08:00 [INF] TcpServerService 启动，监听 127.0.0.1:9000
2025-10-13 17:32:34.496 +08:00 [WRN] Overriding address(es) 'http://localhost:5055'. Binding to endpoints defined via IConfiguration and/or UseKestrel() instead.
2025-10-13 17:32:36.225 +08:00 [WRN] Failed to determine the https port for redirect.
2025-10-13 17:32:37.750 +08:00 [INF] 正在验证用户: admin
2025-10-13 17:32:37.760 +08:00 [INF] 输入的密码: admin123
2025-10-13 17:32:37.765 +08:00 [INF] 数据库中的密码: admin123
2025-10-13 17:32:37.768 +08:00 [INF] 密码验证结果: True
2025-10-13 17:32:37.789 +08:00 [INF] 更新最后登录时间成功
2025-10-13 17:32:37.791 +08:00 [INF] 用户 admin 登录成功
2025-10-13 17:32:37.872 +08:00 [WRN] 查询结果为空
2025-10-13 17:39:30.285 +08:00 [INF] TCP服务未启用，数据清理服务将不会启动。
2025-10-13 17:39:30.342 +08:00 [INF] TcpServerService 启动，监听 127.0.0.1:9000
2025-10-13 17:39:30.421 +08:00 [WRN] Overriding address(es) 'http://localhost:5055'. Binding to endpoints defined via IConfiguration and/or UseKestrel() instead.
2025-10-13 17:39:32.005 +08:00 [WRN] Failed to determine the https port for redirect.
2025-10-13 17:39:35.277 +08:00 [INF] 正在验证用户: admin
2025-10-13 17:39:35.279 +08:00 [INF] 输入的密码: admin123
2025-10-13 17:39:35.280 +08:00 [INF] 数据库中的密码: admin123
2025-10-13 17:39:35.282 +08:00 [INF] 密码验证结果: True
2025-10-13 17:39:35.302 +08:00 [INF] 更新最后登录时间成功
2025-10-13 17:39:35.305 +08:00 [INF] 用户 admin 登录成功
2025-10-13 17:39:35.376 +08:00 [WRN] 查询结果为空
2025-10-13 17:42:15.199 +08:00 [INF] TCP服务未启用，数据清理服务将不会启动。
2025-10-13 17:42:15.255 +08:00 [INF] TcpServerService 启动，监听 127.0.0.1:9000
2025-10-13 17:42:15.338 +08:00 [WRN] Overriding address(es) 'http://localhost:5055'. Binding to endpoints defined via IConfiguration and/or UseKestrel() instead.
2025-10-13 17:42:16.930 +08:00 [WRN] Failed to determine the https port for redirect.
