2026-01-13 08:20:47.086 +08:00 [INF] TCP服务未启用，数据清理服务将不会启动。
2026-01-13 08:20:47.143 +08:00 [INF] TcpServerService 启动，监听 127.0.0.1:9000
2026-01-13 08:20:47.164 +08:00 [INF] 任务缓存处理器已启动
2026-01-13 08:20:47.191 +08:00 [INF] 本次处理 1 个缓存任务
2026-01-13 08:20:47.192 +08:00 [INF] 开始处理缓存任务: Id=148, PalletNumber=20251225133124142, RequestCode=1766640684, RetryCount=18
2026-01-13 08:20:47.214 +08:00 [INF] 检测到点位可用，准备处理缓存任务: RequestCode=1766640684, 起点=06B06, 终点=06A07
2026-01-13 08:20:47.226 +08:00 [INF] 调用AddTaskAsync: PalletNumber=20251225133124142, RequestCode=1766640684, TaskType=manualTask, 起点=06B06, 终点=06A07
2026-01-13 08:20:47.233 +08:00 [INF] 开始处理AddTaskAsync请求: PalletNumber=20251225133124142, RequestCode=1766640684, TaskType=manualTask, 起点=06B06, 终点=06A07, 物料=, 数量=0
2026-01-13 08:20:47.250 +08:00 [INF] 检测到需要拆分的任务（类型2），起点: 06B06
2026-01-13 08:20:47.270 +08:00 [WRN] Overriding address(es) 'http://localhost:5055'. Binding to endpoints defined via IConfiguration and/or UseKestrel() instead.
2026-01-13 08:20:47.275 +08:00 [INF] 开始执行CacheTaskAsync: PalletNumber=20251225133124142, RequestCode=1766640684, 错误信息=中转点 PD002 已被锁定
2026-01-13 08:20:47.279 +08:00 [INF] 发现已存在的缓存任务，将更新而非新增: Id=148, PalletNumber=20251225133124142
2026-01-13 08:20:47.288 +08:00 [INF] 缓存任务已存在，已更新: PalletNumber=20251225133124142, RequestCode=1766640684, 错误信息: 中转点 PD002 已被锁定
2026-01-13 08:20:47.290 +08:00 [INF] CacheTaskAsync完成（更新已存在的缓存任务）
2026-01-13 08:20:47.297 +08:00 [INF] AddTaskAsync返回结果: Status=Success, Message=任务已缓存，等待点位释放后自动处理, FailType=
2026-01-13 08:20:47.315 +08:00 [INF] 缓存任务仍需等待点位释放: PalletNumber=20251225133124142, RequestCode=1766640684, 重试次数: 19
2026-01-13 08:20:47.316 +08:00 [INF] 完成处理缓存任务: Id=148, PalletNumber=20251225133124142, RequestCode=1766640684
2026-01-13 08:20:51.153 +08:00 [WRN] Failed to determine the https port for redirect.
2026-01-13 08:20:55.382 +08:00 [INF] 正在验证用户: admin
2026-01-13 08:20:55.383 +08:00 [INF] 输入的密码: admin123
2026-01-13 08:20:55.385 +08:00 [INF] 数据库中的密码: admin123
2026-01-13 08:20:55.386 +08:00 [INF] 密码验证结果: True
2026-01-13 08:20:55.400 +08:00 [INF] 更新最后登录时间成功
2026-01-13 08:20:55.402 +08:00 [INF] 用户 admin 登录成功
2026-01-13 08:21:47.320 +08:00 [INF] 本次处理 1 个缓存任务
2026-01-13 08:21:47.321 +08:00 [INF] 开始处理缓存任务: Id=148, PalletNumber=20251225133124142, RequestCode=1766640684, RetryCount=19
2026-01-13 08:21:47.326 +08:00 [INF] 检测到点位可用，准备处理缓存任务: RequestCode=1766640684, 起点=06B06, 终点=06A07
2026-01-13 08:21:47.327 +08:00 [INF] 调用AddTaskAsync: PalletNumber=20251225133124142, RequestCode=1766640684, TaskType=manualTask, 起点=06B06, 终点=06A07
2026-01-13 08:21:47.328 +08:00 [INF] 开始处理AddTaskAsync请求: PalletNumber=20251225133124142, RequestCode=1766640684, TaskType=manualTask, 起点=06B06, 终点=06A07, 物料=, 数量=0
2026-01-13 08:21:47.332 +08:00 [INF] 检测到需要拆分的任务（类型2），起点: 06B06
2026-01-13 08:21:47.347 +08:00 [INF] 开始执行CacheTaskAsync: PalletNumber=20251225133124142, RequestCode=1766640684, 错误信息=中转点 PD002 已被锁定
2026-01-13 08:21:47.350 +08:00 [INF] 发现已存在的缓存任务，将更新而非新增: Id=148, PalletNumber=20251225133124142
2026-01-13 08:21:47.353 +08:00 [INF] 缓存任务已存在，已更新: PalletNumber=20251225133124142, RequestCode=1766640684, 错误信息: 中转点 PD002 已被锁定
2026-01-13 08:21:47.355 +08:00 [INF] CacheTaskAsync完成（更新已存在的缓存任务）
2026-01-13 08:21:47.356 +08:00 [INF] AddTaskAsync返回结果: Status=Success, Message=任务已缓存，等待点位释放后自动处理, FailType=
2026-01-13 08:21:47.359 +08:00 [INF] 缓存任务仍需等待点位释放: PalletNumber=20251225133124142, RequestCode=1766640684, 重试次数: 20
2026-01-13 08:21:47.360 +08:00 [INF] 完成处理缓存任务: Id=148, PalletNumber=20251225133124142, RequestCode=1766640684
2026-01-13 08:22:47.373 +08:00 [INF] 本次处理 1 个缓存任务
2026-01-13 08:22:47.374 +08:00 [INF] 开始处理缓存任务: Id=148, PalletNumber=20251225133124142, RequestCode=1766640684, RetryCount=20
2026-01-13 08:22:47.380 +08:00 [INF] 检测到点位可用，准备处理缓存任务: RequestCode=1766640684, 起点=06B06, 终点=06A07
2026-01-13 08:22:47.381 +08:00 [INF] 调用AddTaskAsync: PalletNumber=20251225133124142, RequestCode=1766640684, TaskType=manualTask, 起点=06B06, 终点=06A07
2026-01-13 08:22:47.384 +08:00 [INF] 开始处理AddTaskAsync请求: PalletNumber=20251225133124142, RequestCode=1766640684, TaskType=manualTask, 起点=06B06, 终点=06A07, 物料=, 数量=0
2026-01-13 08:22:47.391 +08:00 [INF] 检测到需要拆分的任务（类型2），起点: 06B06
2026-01-13 08:22:47.394 +08:00 [INF] 开始执行CacheTaskAsync: PalletNumber=20251225133124142, RequestCode=1766640684, 错误信息=中转点 PD002 已被锁定
2026-01-13 08:22:47.397 +08:00 [INF] 发现已存在的缓存任务，将更新而非新增: Id=148, PalletNumber=20251225133124142
2026-01-13 08:22:47.399 +08:00 [INF] 缓存任务已存在，已更新: PalletNumber=20251225133124142, RequestCode=1766640684, 错误信息: 中转点 PD002 已被锁定
2026-01-13 08:22:47.402 +08:00 [INF] CacheTaskAsync完成（更新已存在的缓存任务）
2026-01-13 08:22:47.414 +08:00 [INF] AddTaskAsync返回结果: Status=Success, Message=任务已缓存，等待点位释放后自动处理, FailType=
2026-01-13 08:22:47.419 +08:00 [INF] 缓存任务仍需等待点位释放: PalletNumber=20251225133124142, RequestCode=1766640684, 重试次数: 21
2026-01-13 08:22:47.420 +08:00 [INF] 完成处理缓存任务: Id=148, PalletNumber=20251225133124142, RequestCode=1766640684
2026-01-13 08:23:47.430 +08:00 [INF] 本次处理 1 个缓存任务
2026-01-13 08:23:47.431 +08:00 [INF] 开始处理缓存任务: Id=148, PalletNumber=20251225133124142, RequestCode=1766640684, RetryCount=21
2026-01-13 08:23:47.436 +08:00 [INF] 检测到点位可用，准备处理缓存任务: RequestCode=1766640684, 起点=06B06, 终点=06A07
2026-01-13 08:23:47.437 +08:00 [INF] 调用AddTaskAsync: PalletNumber=20251225133124142, RequestCode=1766640684, TaskType=manualTask, 起点=06B06, 终点=06A07
2026-01-13 08:23:47.439 +08:00 [INF] 开始处理AddTaskAsync请求: PalletNumber=20251225133124142, RequestCode=1766640684, TaskType=manualTask, 起点=06B06, 终点=06A07, 物料=, 数量=0
2026-01-13 08:23:47.442 +08:00 [INF] 检测到需要拆分的任务（类型2），起点: 06B06
2026-01-13 08:23:47.445 +08:00 [INF] 开始执行CacheTaskAsync: PalletNumber=20251225133124142, RequestCode=1766640684, 错误信息=中转点 PD002 已被锁定
2026-01-13 08:23:47.448 +08:00 [INF] 发现已存在的缓存任务，将更新而非新增: Id=148, PalletNumber=20251225133124142
2026-01-13 08:23:47.451 +08:00 [INF] 缓存任务已存在，已更新: PalletNumber=20251225133124142, RequestCode=1766640684, 错误信息: 中转点 PD002 已被锁定
2026-01-13 08:23:47.453 +08:00 [INF] CacheTaskAsync完成（更新已存在的缓存任务）
2026-01-13 08:23:47.472 +08:00 [INF] AddTaskAsync返回结果: Status=Success, Message=任务已缓存，等待点位释放后自动处理, FailType=
2026-01-13 08:23:47.476 +08:00 [INF] 缓存任务仍需等待点位释放: PalletNumber=20251225133124142, RequestCode=1766640684, 重试次数: 22
2026-01-13 08:23:47.477 +08:00 [INF] 完成处理缓存任务: Id=148, PalletNumber=20251225133124142, RequestCode=1766640684
2026-01-13 08:24:47.485 +08:00 [INF] 本次处理 1 个缓存任务
2026-01-13 08:24:47.487 +08:00 [INF] 开始处理缓存任务: Id=148, PalletNumber=20251225133124142, RequestCode=1766640684, RetryCount=22
2026-01-13 08:24:47.491 +08:00 [INF] 检测到点位可用，准备处理缓存任务: RequestCode=1766640684, 起点=06B06, 终点=06A07
2026-01-13 08:24:47.492 +08:00 [INF] 调用AddTaskAsync: PalletNumber=20251225133124142, RequestCode=1766640684, TaskType=manualTask, 起点=06B06, 终点=06A07
2026-01-13 08:24:47.493 +08:00 [INF] 开始处理AddTaskAsync请求: PalletNumber=20251225133124142, RequestCode=1766640684, TaskType=manualTask, 起点=06B06, 终点=06A07, 物料=, 数量=0
2026-01-13 08:24:47.497 +08:00 [INF] 检测到需要拆分的任务（类型2），起点: 06B06
2026-01-13 08:24:47.500 +08:00 [INF] 开始执行CacheTaskAsync: PalletNumber=20251225133124142, RequestCode=1766640684, 错误信息=中转点 PD002 已被锁定
2026-01-13 08:24:47.503 +08:00 [INF] 发现已存在的缓存任务，将更新而非新增: Id=148, PalletNumber=20251225133124142
2026-01-13 08:24:47.506 +08:00 [INF] 缓存任务已存在，已更新: PalletNumber=20251225133124142, RequestCode=1766640684, 错误信息: 中转点 PD002 已被锁定
2026-01-13 08:24:47.507 +08:00 [INF] CacheTaskAsync完成（更新已存在的缓存任务）
2026-01-13 08:24:47.518 +08:00 [INF] AddTaskAsync返回结果: Status=Success, Message=任务已缓存，等待点位释放后自动处理, FailType=
2026-01-13 08:24:47.522 +08:00 [INF] 缓存任务仍需等待点位释放: PalletNumber=20251225133124142, RequestCode=1766640684, 重试次数: 23
2026-01-13 08:24:47.523 +08:00 [INF] 完成处理缓存任务: Id=148, PalletNumber=20251225133124142, RequestCode=1766640684
2026-01-13 08:25:47.539 +08:00 [INF] 本次处理 1 个缓存任务
2026-01-13 08:25:47.540 +08:00 [INF] 开始处理缓存任务: Id=148, PalletNumber=20251225133124142, RequestCode=1766640684, RetryCount=23
2026-01-13 08:25:47.546 +08:00 [INF] 检测到点位可用，准备处理缓存任务: RequestCode=1766640684, 起点=06B06, 终点=06A07
2026-01-13 08:25:47.547 +08:00 [INF] 调用AddTaskAsync: PalletNumber=20251225133124142, RequestCode=1766640684, TaskType=manualTask, 起点=06B06, 终点=06A07
2026-01-13 08:25:47.549 +08:00 [INF] 开始处理AddTaskAsync请求: PalletNumber=20251225133124142, RequestCode=1766640684, TaskType=manualTask, 起点=06B06, 终点=06A07, 物料=, 数量=0
2026-01-13 08:25:47.553 +08:00 [INF] 检测到需要拆分的任务（类型2），起点: 06B06
2026-01-13 08:25:47.556 +08:00 [INF] 开始执行CacheTaskAsync: PalletNumber=20251225133124142, RequestCode=1766640684, 错误信息=中转点 PD002 已被锁定
2026-01-13 08:25:47.559 +08:00 [INF] 发现已存在的缓存任务，将更新而非新增: Id=148, PalletNumber=20251225133124142
2026-01-13 08:25:47.562 +08:00 [INF] 缓存任务已存在，已更新: PalletNumber=20251225133124142, RequestCode=1766640684, 错误信息: 中转点 PD002 已被锁定
2026-01-13 08:25:47.564 +08:00 [INF] CacheTaskAsync完成（更新已存在的缓存任务）
2026-01-13 08:25:47.565 +08:00 [INF] AddTaskAsync返回结果: Status=Success, Message=任务已缓存，等待点位释放后自动处理, FailType=
2026-01-13 08:25:47.567 +08:00 [INF] 缓存任务仍需等待点位释放: PalletNumber=20251225133124142, RequestCode=1766640684, 重试次数: 24
2026-01-13 08:25:47.569 +08:00 [INF] 完成处理缓存任务: Id=148, PalletNumber=20251225133124142, RequestCode=1766640684
2026-01-13 08:26:47.582 +08:00 [INF] 本次处理 1 个缓存任务
2026-01-13 08:26:47.584 +08:00 [INF] 开始处理缓存任务: Id=148, PalletNumber=20251225133124142, RequestCode=1766640684, RetryCount=24
2026-01-13 08:26:47.589 +08:00 [INF] 检测到点位可用，准备处理缓存任务: RequestCode=1766640684, 起点=06B06, 终点=06A07
2026-01-13 08:26:47.590 +08:00 [INF] 调用AddTaskAsync: PalletNumber=20251225133124142, RequestCode=1766640684, TaskType=manualTask, 起点=06B06, 终点=06A07
2026-01-13 08:26:47.592 +08:00 [INF] 开始处理AddTaskAsync请求: PalletNumber=20251225133124142, RequestCode=1766640684, TaskType=manualTask, 起点=06B06, 终点=06A07, 物料=, 数量=0
2026-01-13 08:26:47.595 +08:00 [INF] 检测到需要拆分的任务（类型2），起点: 06B06
2026-01-13 08:26:47.598 +08:00 [INF] 开始执行CacheTaskAsync: PalletNumber=20251225133124142, RequestCode=1766640684, 错误信息=中转点 PD002 已被锁定
2026-01-13 08:26:47.601 +08:00 [INF] 发现已存在的缓存任务，将更新而非新增: Id=148, PalletNumber=20251225133124142
2026-01-13 08:26:47.604 +08:00 [INF] 缓存任务已存在，已更新: PalletNumber=20251225133124142, RequestCode=1766640684, 错误信息: 中转点 PD002 已被锁定
2026-01-13 08:26:47.606 +08:00 [INF] CacheTaskAsync完成（更新已存在的缓存任务）
2026-01-13 08:26:47.607 +08:00 [INF] AddTaskAsync返回结果: Status=Success, Message=任务已缓存，等待点位释放后自动处理, FailType=
2026-01-13 08:26:47.610 +08:00 [INF] 缓存任务仍需等待点位释放: PalletNumber=20251225133124142, RequestCode=1766640684, 重试次数: 25
2026-01-13 08:26:47.611 +08:00 [INF] 完成处理缓存任务: Id=148, PalletNumber=20251225133124142, RequestCode=1766640684
2026-01-13 08:27:47.625 +08:00 [INF] 本次处理 1 个缓存任务
2026-01-13 08:27:47.626 +08:00 [INF] 开始处理缓存任务: Id=148, PalletNumber=20251225133124142, RequestCode=1766640684, RetryCount=25
2026-01-13 08:27:47.630 +08:00 [INF] 检测到点位可用，准备处理缓存任务: RequestCode=1766640684, 起点=06B06, 终点=06A07
2026-01-13 08:27:47.631 +08:00 [INF] 调用AddTaskAsync: PalletNumber=20251225133124142, RequestCode=1766640684, TaskType=manualTask, 起点=06B06, 终点=06A07
2026-01-13 08:27:47.633 +08:00 [INF] 开始处理AddTaskAsync请求: PalletNumber=20251225133124142, RequestCode=1766640684, TaskType=manualTask, 起点=06B06, 终点=06A07, 物料=, 数量=0
2026-01-13 08:27:47.637 +08:00 [INF] 检测到需要拆分的任务（类型2），起点: 06B06
2026-01-13 08:27:47.641 +08:00 [INF] 开始执行CacheTaskAsync: PalletNumber=20251225133124142, RequestCode=1766640684, 错误信息=中转点 PD002 已被锁定
2026-01-13 08:27:47.644 +08:00 [INF] 发现已存在的缓存任务，将更新而非新增: Id=148, PalletNumber=20251225133124142
2026-01-13 08:27:47.647 +08:00 [INF] 缓存任务已存在，已更新: PalletNumber=20251225133124142, RequestCode=1766640684, 错误信息: 中转点 PD002 已被锁定
2026-01-13 08:27:47.649 +08:00 [INF] CacheTaskAsync完成（更新已存在的缓存任务）
2026-01-13 08:27:47.650 +08:00 [INF] AddTaskAsync返回结果: Status=Success, Message=任务已缓存，等待点位释放后自动处理, FailType=
2026-01-13 08:27:47.654 +08:00 [INF] 缓存任务仍需等待点位释放: PalletNumber=20251225133124142, RequestCode=1766640684, 重试次数: 26
2026-01-13 08:27:47.655 +08:00 [INF] 完成处理缓存任务: Id=148, PalletNumber=20251225133124142, RequestCode=1766640684
2026-01-13 08:28:47.672 +08:00 [INF] 本次处理 1 个缓存任务
2026-01-13 08:28:47.673 +08:00 [INF] 开始处理缓存任务: Id=148, PalletNumber=20251225133124142, RequestCode=1766640684, RetryCount=26
2026-01-13 08:28:47.679 +08:00 [INF] 检测到点位可用，准备处理缓存任务: RequestCode=1766640684, 起点=06B06, 终点=06A07
2026-01-13 08:28:47.680 +08:00 [INF] 调用AddTaskAsync: PalletNumber=20251225133124142, RequestCode=1766640684, TaskType=manualTask, 起点=06B06, 终点=06A07
2026-01-13 08:28:47.686 +08:00 [INF] 开始处理AddTaskAsync请求: PalletNumber=20251225133124142, RequestCode=1766640684, TaskType=manualTask, 起点=06B06, 终点=06A07, 物料=, 数量=0
2026-01-13 08:28:47.694 +08:00 [INF] 检测到需要拆分的任务（类型2），起点: 06B06
2026-01-13 08:28:47.704 +08:00 [INF] 开始执行CacheTaskAsync: PalletNumber=20251225133124142, RequestCode=1766640684, 错误信息=中转点 PD002 已被锁定
2026-01-13 08:28:47.711 +08:00 [INF] 发现已存在的缓存任务，将更新而非新增: Id=148, PalletNumber=20251225133124142
2026-01-13 08:28:47.716 +08:00 [INF] 缓存任务已存在，已更新: PalletNumber=20251225133124142, RequestCode=1766640684, 错误信息: 中转点 PD002 已被锁定
2026-01-13 08:28:47.721 +08:00 [INF] CacheTaskAsync完成（更新已存在的缓存任务）
2026-01-13 08:28:47.725 +08:00 [INF] AddTaskAsync返回结果: Status=Success, Message=任务已缓存，等待点位释放后自动处理, FailType=
2026-01-13 08:28:47.731 +08:00 [INF] 缓存任务仍需等待点位释放: PalletNumber=20251225133124142, RequestCode=1766640684, 重试次数: 27
2026-01-13 08:28:47.732 +08:00 [INF] 完成处理缓存任务: Id=148, PalletNumber=20251225133124142, RequestCode=1766640684
2026-01-13 08:29:47.748 +08:00 [INF] 本次处理 1 个缓存任务
2026-01-13 08:29:47.750 +08:00 [INF] 开始处理缓存任务: Id=148, PalletNumber=20251225133124142, RequestCode=1766640684, RetryCount=27
2026-01-13 08:29:47.755 +08:00 [INF] 检测到点位可用，准备处理缓存任务: RequestCode=1766640684, 起点=06B06, 终点=06A07
2026-01-13 08:29:47.756 +08:00 [INF] 调用AddTaskAsync: PalletNumber=20251225133124142, RequestCode=1766640684, TaskType=manualTask, 起点=06B06, 终点=06A07
2026-01-13 08:29:47.758 +08:00 [INF] 开始处理AddTaskAsync请求: PalletNumber=20251225133124142, RequestCode=1766640684, TaskType=manualTask, 起点=06B06, 终点=06A07, 物料=, 数量=0
2026-01-13 08:29:47.762 +08:00 [INF] 检测到需要拆分的任务（类型2），起点: 06B06
2026-01-13 08:29:47.765 +08:00 [INF] 开始执行CacheTaskAsync: PalletNumber=20251225133124142, RequestCode=1766640684, 错误信息=中转点 PD002 已被锁定
2026-01-13 08:29:47.768 +08:00 [INF] 发现已存在的缓存任务，将更新而非新增: Id=148, PalletNumber=20251225133124142
2026-01-13 08:29:47.771 +08:00 [INF] 缓存任务已存在，已更新: PalletNumber=20251225133124142, RequestCode=1766640684, 错误信息: 中转点 PD002 已被锁定
2026-01-13 08:29:47.773 +08:00 [INF] CacheTaskAsync完成（更新已存在的缓存任务）
2026-01-13 08:29:47.784 +08:00 [INF] AddTaskAsync返回结果: Status=Success, Message=任务已缓存，等待点位释放后自动处理, FailType=
2026-01-13 08:29:47.788 +08:00 [INF] 缓存任务仍需等待点位释放: PalletNumber=20251225133124142, RequestCode=1766640684, 重试次数: 28
2026-01-13 08:29:47.789 +08:00 [INF] 完成处理缓存任务: Id=148, PalletNumber=20251225133124142, RequestCode=1766640684
2026-01-13 08:30:47.804 +08:00 [INF] 本次处理 1 个缓存任务
2026-01-13 08:30:47.806 +08:00 [INF] 开始处理缓存任务: Id=148, PalletNumber=20251225133124142, RequestCode=1766640684, RetryCount=28
2026-01-13 08:30:47.811 +08:00 [INF] 检测到点位可用，准备处理缓存任务: RequestCode=1766640684, 起点=06B06, 终点=06A07
2026-01-13 08:30:47.812 +08:00 [INF] 调用AddTaskAsync: PalletNumber=20251225133124142, RequestCode=1766640684, TaskType=manualTask, 起点=06B06, 终点=06A07
2026-01-13 08:30:47.813 +08:00 [INF] 开始处理AddTaskAsync请求: PalletNumber=20251225133124142, RequestCode=1766640684, TaskType=manualTask, 起点=06B06, 终点=06A07, 物料=, 数量=0
2026-01-13 08:30:47.817 +08:00 [INF] 检测到需要拆分的任务（类型2），起点: 06B06
2026-01-13 08:30:47.821 +08:00 [INF] 开始执行CacheTaskAsync: PalletNumber=20251225133124142, RequestCode=1766640684, 错误信息=中转点 PD002 已被锁定
2026-01-13 08:30:47.824 +08:00 [INF] 发现已存在的缓存任务，将更新而非新增: Id=148, PalletNumber=20251225133124142
2026-01-13 08:30:47.827 +08:00 [INF] 缓存任务已存在，已更新: PalletNumber=20251225133124142, RequestCode=1766640684, 错误信息: 中转点 PD002 已被锁定
2026-01-13 08:30:47.829 +08:00 [INF] CacheTaskAsync完成（更新已存在的缓存任务）
2026-01-13 08:30:47.840 +08:00 [INF] AddTaskAsync返回结果: Status=Success, Message=任务已缓存，等待点位释放后自动处理, FailType=
2026-01-13 08:30:47.843 +08:00 [INF] 缓存任务仍需等待点位释放: PalletNumber=20251225133124142, RequestCode=1766640684, 重试次数: 29
2026-01-13 08:30:47.844 +08:00 [INF] 完成处理缓存任务: Id=148, PalletNumber=20251225133124142, RequestCode=1766640684
2026-01-13 08:31:15.433 +08:00 [INF] TCP服务未启用，数据清理服务将不会启动。
2026-01-13 08:31:15.486 +08:00 [INF] TcpServerService 启动，监听 127.0.0.1:9000
2026-01-13 08:31:15.506 +08:00 [INF] 任务缓存处理器已启动
2026-01-13 08:31:15.529 +08:00 [INF] 本次处理 1 个缓存任务
2026-01-13 08:31:15.530 +08:00 [INF] 开始处理缓存任务: Id=148, PalletNumber=20251225133124142, RequestCode=1766640684, RetryCount=29
2026-01-13 08:31:15.548 +08:00 [INF] 检测到点位可用，准备处理缓存任务: RequestCode=1766640684, 起点=06B06, 终点=06A07
2026-01-13 08:31:15.555 +08:00 [INF] 调用AddTaskAsync: PalletNumber=20251225133124142, RequestCode=1766640684, TaskType=manualTask, 起点=06B06, 终点=06A07
2026-01-13 08:31:15.567 +08:00 [INF] 开始处理AddTaskAsync请求: PalletNumber=20251225133124142, RequestCode=1766640684, TaskType=manualTask, 起点=06B06, 终点=06A07, 物料=, 数量=0
2026-01-13 08:31:15.592 +08:00 [WRN] Overriding address(es) 'http://localhost:5055'. Binding to endpoints defined via IConfiguration and/or UseKestrel() instead.
2026-01-13 08:31:15.594 +08:00 [INF] 检测到需要拆分的任务（类型2），起点: 06B06
2026-01-13 08:31:15.611 +08:00 [INF] 开始执行CacheTaskAsync: PalletNumber=20251225133124142, RequestCode=1766640684, 错误信息=中转点 PD002 已被锁定
2026-01-13 08:31:15.614 +08:00 [INF] 发现已存在的缓存任务，将更新而非新增: Id=148, PalletNumber=20251225133124142
2026-01-13 08:31:15.618 +08:00 [INF] 缓存任务已存在，已更新: PalletNumber=20251225133124142, RequestCode=1766640684, 错误信息: 中转点 PD002 已被锁定
2026-01-13 08:31:15.620 +08:00 [INF] CacheTaskAsync完成（更新已存在的缓存任务）
2026-01-13 08:31:15.625 +08:00 [INF] AddTaskAsync返回结果: Status=Success, Message=任务已缓存，等待点位释放后自动处理, FailType=
2026-01-13 08:31:15.635 +08:00 [INF] 缓存任务仍需等待点位释放: PalletNumber=20251225133124142, RequestCode=1766640684, 重试次数: 30
2026-01-13 08:31:15.636 +08:00 [INF] 完成处理缓存任务: Id=148, PalletNumber=20251225133124142, RequestCode=1766640684
2026-01-13 08:31:17.111 +08:00 [WRN] Failed to determine the https port for redirect.
2026-01-13 08:31:59.656 +08:00 [INF] 正在验证用户: admin
2026-01-13 08:31:59.658 +08:00 [INF] 输入的密码: admin123
2026-01-13 08:31:59.659 +08:00 [INF] 数据库中的密码: admin123
2026-01-13 08:31:59.660 +08:00 [INF] 密码验证结果: True
2026-01-13 08:31:59.682 +08:00 [INF] 更新最后登录时间成功
2026-01-13 08:31:59.683 +08:00 [INF] 用户 admin 登录成功
2026-01-13 08:32:16.812 +08:00 [WRN] 慢请求检测: GET /Tasks/Index - 8437ms - 来自 ::1
2026-01-13 08:32:17.132 +08:00 [INF] 本次处理 1 个缓存任务
2026-01-13 08:32:17.492 +08:00 [INF] 开始处理缓存任务: Id=148, PalletNumber=20251225133124142, RequestCode=1766640684, RetryCount=30
2026-01-13 08:32:18.304 +08:00 [INF] 检测到点位可用，准备处理缓存任务: RequestCode=1766640684, 起点=06B06, 终点=06A07
2026-01-13 08:32:18.307 +08:00 [INF] 调用AddTaskAsync: PalletNumber=20251225133124142, RequestCode=1766640684, TaskType=manualTask, 起点=06B06, 终点=06A07
2026-01-13 08:32:18.321 +08:00 [INF] 开始处理AddTaskAsync请求: PalletNumber=20251225133124142, RequestCode=1766640684, TaskType=manualTask, 起点=06B06, 终点=06A07, 物料=, 数量=0
2026-01-13 08:32:19.169 +08:00 [INF] 检测到需要拆分的任务（类型2），起点: 06B06
2026-01-13 08:32:19.189 +08:00 [INF] 开始执行CacheTaskAsync: PalletNumber=20251225133124142, RequestCode=1766640684, 错误信息=中转点 PD002 已被锁定
2026-01-13 08:32:19.203 +08:00 [INF] 发现已存在的缓存任务，将更新而非新增: Id=148, PalletNumber=20251225133124142
2026-01-13 08:32:21.069 +08:00 [INF] 缓存任务已存在，已更新: PalletNumber=20251225133124142, RequestCode=1766640684, 错误信息: 中转点 PD002 已被锁定
2026-01-13 08:32:21.109 +08:00 [INF] CacheTaskAsync完成（更新已存在的缓存任务）
2026-01-13 08:32:21.122 +08:00 [INF] AddTaskAsync返回结果: Status=Success, Message=任务已缓存，等待点位释放后自动处理, FailType=
2026-01-13 08:32:22.107 +08:00 [INF] 缓存任务仍需等待点位释放: PalletNumber=20251225133124142, RequestCode=1766640684, 重试次数: 31
2026-01-13 08:32:22.109 +08:00 [INF] 完成处理缓存任务: Id=148, PalletNumber=20251225133124142, RequestCode=1766640684
2026-01-13 08:32:22.139 +08:00 [INF] 缓存任务 148 已设置为优先执行，优先级: 10
2026-01-13 08:32:22.140 +08:00 [INF] 较慢请求: GET /Tasks/Index - 533ms
2026-01-13 08:32:23.913 +08:00 [WRN] 慢请求检测: POST /Tasks/PrioritizeCachedTask - 16741ms - 来自 ::1
2026-01-13 08:33:01.893 +08:00 [INF] 缓存任务 148 已设置为优先执行，优先级: 10
2026-01-13 08:33:01.895 +08:00 [WRN] 慢请求检测: POST /Tasks/PrioritizeCachedTask - 4511ms - 来自 ::1
2026-01-13 08:33:22.118 +08:00 [INF] 本次处理 1 个缓存任务
2026-01-13 08:33:22.120 +08:00 [INF] 开始处理缓存任务: Id=148, PalletNumber=20251225133124142, RequestCode=1766640684, RetryCount=31
2026-01-13 08:33:22.127 +08:00 [INF] 检测到点位可用，准备处理缓存任务: RequestCode=1766640684, 起点=06B06, 终点=06A07
2026-01-13 08:33:22.128 +08:00 [INF] 调用AddTaskAsync: PalletNumber=20251225133124142, RequestCode=1766640684, TaskType=manualTask, 起点=06B06, 终点=06A07
2026-01-13 08:33:22.133 +08:00 [INF] 开始处理AddTaskAsync请求: PalletNumber=20251225133124142, RequestCode=1766640684, TaskType=manualTask, 起点=06B06, 终点=06A07, 物料=, 数量=0
2026-01-13 08:33:22.137 +08:00 [INF] 检测到需要拆分的任务（类型2），起点: 06B06
2026-01-13 08:33:22.141 +08:00 [INF] 开始执行CacheTaskAsync: PalletNumber=20251225133124142, RequestCode=1766640684, 错误信息=中转点 PD002 已被锁定
2026-01-13 08:33:22.145 +08:00 [INF] 发现已存在的缓存任务，将更新而非新增: Id=148, PalletNumber=20251225133124142
2026-01-13 08:33:22.148 +08:00 [INF] 缓存任务已存在，已更新: PalletNumber=20251225133124142, RequestCode=1766640684, 错误信息: 中转点 PD002 已被锁定
2026-01-13 08:33:22.150 +08:00 [INF] CacheTaskAsync完成（更新已存在的缓存任务）
2026-01-13 08:33:22.151 +08:00 [INF] AddTaskAsync返回结果: Status=Success, Message=任务已缓存，等待点位释放后自动处理, FailType=
2026-01-13 08:33:22.154 +08:00 [INF] 缓存任务仍需等待点位释放: PalletNumber=20251225133124142, RequestCode=1766640684, 重试次数: 32
2026-01-13 08:33:22.155 +08:00 [INF] 完成处理缓存任务: Id=148, PalletNumber=20251225133124142, RequestCode=1766640684
2026-01-13 08:34:22.164 +08:00 [INF] 本次处理 1 个缓存任务
2026-01-13 08:34:22.165 +08:00 [INF] 开始处理缓存任务: Id=148, PalletNumber=20251225133124142, RequestCode=1766640684, RetryCount=32
2026-01-13 08:34:22.170 +08:00 [INF] 检测到点位可用，准备处理缓存任务: RequestCode=1766640684, 起点=06B06, 终点=06A07
2026-01-13 08:34:22.171 +08:00 [INF] 调用AddTaskAsync: PalletNumber=20251225133124142, RequestCode=1766640684, TaskType=manualTask, 起点=06B06, 终点=06A07
2026-01-13 08:34:22.172 +08:00 [INF] 开始处理AddTaskAsync请求: PalletNumber=20251225133124142, RequestCode=1766640684, TaskType=manualTask, 起点=06B06, 终点=06A07, 物料=, 数量=0
2026-01-13 08:34:22.176 +08:00 [INF] 检测到需要拆分的任务（类型2），起点: 06B06
2026-01-13 08:34:22.180 +08:00 [INF] 开始执行CacheTaskAsync: PalletNumber=20251225133124142, RequestCode=1766640684, 错误信息=中转点 PD002 已被锁定
2026-01-13 08:34:22.183 +08:00 [INF] 发现已存在的缓存任务，将更新而非新增: Id=148, PalletNumber=20251225133124142
2026-01-13 08:34:22.186 +08:00 [INF] 缓存任务已存在，已更新: PalletNumber=20251225133124142, RequestCode=1766640684, 错误信息: 中转点 PD002 已被锁定
2026-01-13 08:34:22.188 +08:00 [INF] CacheTaskAsync完成（更新已存在的缓存任务）
2026-01-13 08:34:22.199 +08:00 [INF] AddTaskAsync返回结果: Status=Success, Message=任务已缓存，等待点位释放后自动处理, FailType=
2026-01-13 08:34:22.203 +08:00 [INF] 缓存任务仍需等待点位释放: PalletNumber=20251225133124142, RequestCode=1766640684, 重试次数: 33
2026-01-13 08:34:22.203 +08:00 [INF] 完成处理缓存任务: Id=148, PalletNumber=20251225133124142, RequestCode=1766640684
2026-01-13 08:34:30.062 +08:00 [INF] TCP服务未启用，数据清理服务将不会启动。
2026-01-13 08:34:30.112 +08:00 [INF] TcpServerService 启动，监听 127.0.0.1:9000
2026-01-13 08:34:30.131 +08:00 [INF] 任务缓存处理器已启动
2026-01-13 08:34:30.148 +08:00 [INF] 本次处理 1 个缓存任务
2026-01-13 08:34:30.150 +08:00 [INF] 开始处理缓存任务: Id=148, PalletNumber=20251225133124142, RequestCode=1766640684, RetryCount=33
2026-01-13 08:34:30.171 +08:00 [INF] 检测到点位可用，准备处理缓存任务: RequestCode=1766640684, 起点=06B06, 终点=06A07
2026-01-13 08:34:30.181 +08:00 [INF] 调用AddTaskAsync: PalletNumber=20251225133124142, RequestCode=1766640684, TaskType=manualTask, 起点=06B06, 终点=06A07
2026-01-13 08:34:30.192 +08:00 [INF] 开始处理AddTaskAsync请求: PalletNumber=20251225133124142, RequestCode=1766640684, TaskType=manualTask, 起点=06B06, 终点=06A07, 物料=, 数量=0
2026-01-13 08:34:30.219 +08:00 [INF] 检测到需要拆分的任务（类型2），起点: 06B06
2026-01-13 08:34:30.220 +08:00 [WRN] Overriding address(es) 'http://localhost:5055'. Binding to endpoints defined via IConfiguration and/or UseKestrel() instead.
2026-01-13 08:34:30.230 +08:00 [INF] 开始执行CacheTaskAsync: PalletNumber=20251225133124142, RequestCode=1766640684, 错误信息=中转点 PD002 已被锁定
2026-01-13 08:34:30.233 +08:00 [INF] 发现已存在的缓存任务，将更新而非新增: Id=148, PalletNumber=20251225133124142
2026-01-13 08:34:30.238 +08:00 [INF] 缓存任务已存在，已更新: PalletNumber=20251225133124142, RequestCode=1766640684, 错误信息: 中转点 PD002 已被锁定
2026-01-13 08:34:30.239 +08:00 [INF] CacheTaskAsync完成（更新已存在的缓存任务）
2026-01-13 08:34:30.245 +08:00 [INF] AddTaskAsync返回结果: Status=Success, Message=任务已缓存，等待点位释放后自动处理, FailType=
2026-01-13 08:34:30.256 +08:00 [INF] 缓存任务仍需等待点位释放: PalletNumber=20251225133124142, RequestCode=1766640684, 重试次数: 34
2026-01-13 08:34:30.257 +08:00 [INF] 完成处理缓存任务: Id=148, PalletNumber=20251225133124142, RequestCode=1766640684
2026-01-13 08:34:31.853 +08:00 [WRN] Failed to determine the https port for redirect.
2026-01-13 08:34:33.467 +08:00 [INF] 正在验证用户: admin
2026-01-13 08:34:33.468 +08:00 [INF] 输入的密码: admin123
2026-01-13 08:34:33.472 +08:00 [INF] 数据库中的密码: admin123
2026-01-13 08:34:33.473 +08:00 [INF] 密码验证结果: True
2026-01-13 08:34:33.488 +08:00 [INF] 更新最后登录时间成功
2026-01-13 08:34:33.489 +08:00 [INF] 用户 admin 登录成功
2026-01-13 08:34:37.195 +08:00 [INF] 缓存任务 148 已设置为优先执行，优先级: 10
2026-01-13 08:35:30.276 +08:00 [INF] 本次处理 1 个缓存任务
2026-01-13 08:35:30.278 +08:00 [INF] 开始处理缓存任务: Id=148, PalletNumber=20251225133124142, RequestCode=1766640684, RetryCount=34
2026-01-13 08:35:30.284 +08:00 [INF] 检测到点位可用，准备处理缓存任务: RequestCode=1766640684, 起点=06B06, 终点=06A07
2026-01-13 08:35:30.285 +08:00 [INF] 调用AddTaskAsync: PalletNumber=20251225133124142, RequestCode=1766640684, TaskType=manualTask, 起点=06B06, 终点=06A07
2026-01-13 08:35:30.286 +08:00 [INF] 开始处理AddTaskAsync请求: PalletNumber=20251225133124142, RequestCode=1766640684, TaskType=manualTask, 起点=06B06, 终点=06A07, 物料=, 数量=0
2026-01-13 08:35:30.290 +08:00 [INF] 检测到需要拆分的任务（类型2），起点: 06B06
2026-01-13 08:35:30.294 +08:00 [INF] 开始执行CacheTaskAsync: PalletNumber=20251225133124142, RequestCode=1766640684, 错误信息=中转点 PD002 已被锁定
2026-01-13 08:35:30.297 +08:00 [INF] 发现已存在的缓存任务，将更新而非新增: Id=148, PalletNumber=20251225133124142
2026-01-13 08:35:30.301 +08:00 [INF] 缓存任务已存在，已更新: PalletNumber=20251225133124142, RequestCode=1766640684, 错误信息: 中转点 PD002 已被锁定
2026-01-13 08:35:30.303 +08:00 [INF] CacheTaskAsync完成（更新已存在的缓存任务）
2026-01-13 08:35:30.314 +08:00 [INF] AddTaskAsync返回结果: Status=Success, Message=任务已缓存，等待点位释放后自动处理, FailType=
2026-01-13 08:35:30.319 +08:00 [INF] 缓存任务仍需等待点位释放: PalletNumber=20251225133124142, RequestCode=1766640684, 重试次数: 35
2026-01-13 08:35:30.320 +08:00 [INF] 完成处理缓存任务: Id=148, PalletNumber=20251225133124142, RequestCode=1766640684
2026-01-13 08:36:30.325 +08:00 [INF] 本次处理 1 个缓存任务
2026-01-13 08:36:30.326 +08:00 [INF] 开始处理缓存任务: Id=148, PalletNumber=20251225133124142, RequestCode=1766640684, RetryCount=35
2026-01-13 08:36:30.331 +08:00 [INF] 检测到点位可用，准备处理缓存任务: RequestCode=1766640684, 起点=06B06, 终点=06A07
2026-01-13 08:36:30.332 +08:00 [INF] 调用AddTaskAsync: PalletNumber=20251225133124142, RequestCode=1766640684, TaskType=manualTask, 起点=06B06, 终点=06A07
2026-01-13 08:36:30.334 +08:00 [INF] 开始处理AddTaskAsync请求: PalletNumber=20251225133124142, RequestCode=1766640684, TaskType=manualTask, 起点=06B06, 终点=06A07, 物料=, 数量=0
2026-01-13 08:36:30.338 +08:00 [INF] 检测到需要拆分的任务（类型2），起点: 06B06
2026-01-13 08:36:30.341 +08:00 [INF] 开始执行CacheTaskAsync: PalletNumber=20251225133124142, RequestCode=1766640684, 错误信息=中转点 PD002 已被锁定
2026-01-13 08:36:30.345 +08:00 [INF] 发现已存在的缓存任务，将更新而非新增: Id=148, PalletNumber=20251225133124142
2026-01-13 08:36:30.348 +08:00 [INF] 缓存任务已存在，已更新: PalletNumber=20251225133124142, RequestCode=1766640684, 错误信息: 中转点 PD002 已被锁定
2026-01-13 08:36:30.350 +08:00 [INF] CacheTaskAsync完成（更新已存在的缓存任务）
2026-01-13 08:36:30.361 +08:00 [INF] AddTaskAsync返回结果: Status=Success, Message=任务已缓存，等待点位释放后自动处理, FailType=
2026-01-13 08:36:30.365 +08:00 [INF] 缓存任务仍需等待点位释放: PalletNumber=20251225133124142, RequestCode=1766640684, 重试次数: 36
2026-01-13 08:36:30.366 +08:00 [INF] 完成处理缓存任务: Id=148, PalletNumber=20251225133124142, RequestCode=1766640684
2026-01-13 08:37:30.371 +08:00 [INF] 本次处理 1 个缓存任务
2026-01-13 08:37:30.373 +08:00 [INF] 开始处理缓存任务: Id=148, PalletNumber=20251225133124142, RequestCode=1766640684, RetryCount=36
2026-01-13 08:37:30.378 +08:00 [INF] 检测到点位可用，准备处理缓存任务: RequestCode=1766640684, 起点=06B06, 终点=06A07
2026-01-13 08:37:30.379 +08:00 [INF] 调用AddTaskAsync: PalletNumber=20251225133124142, RequestCode=1766640684, TaskType=manualTask, 起点=06B06, 终点=06A07
2026-01-13 08:37:30.380 +08:00 [INF] 开始处理AddTaskAsync请求: PalletNumber=20251225133124142, RequestCode=1766640684, TaskType=manualTask, 起点=06B06, 终点=06A07, 物料=, 数量=0
2026-01-13 08:37:30.385 +08:00 [INF] 检测到需要拆分的任务（类型2），起点: 06B06
2026-01-13 08:37:30.390 +08:00 [INF] 开始执行CacheTaskAsync: PalletNumber=20251225133124142, RequestCode=1766640684, 错误信息=中转点 PD002 已被锁定
2026-01-13 08:37:30.393 +08:00 [INF] 发现已存在的缓存任务，将更新而非新增: Id=148, PalletNumber=20251225133124142
2026-01-13 08:37:30.396 +08:00 [INF] 缓存任务已存在，已更新: PalletNumber=20251225133124142, RequestCode=1766640684, 错误信息: 中转点 PD002 已被锁定
2026-01-13 08:37:30.399 +08:00 [INF] CacheTaskAsync完成（更新已存在的缓存任务）
2026-01-13 08:37:30.400 +08:00 [INF] AddTaskAsync返回结果: Status=Success, Message=任务已缓存，等待点位释放后自动处理, FailType=
2026-01-13 08:37:30.404 +08:00 [INF] 缓存任务仍需等待点位释放: PalletNumber=20251225133124142, RequestCode=1766640684, 重试次数: 37
2026-01-13 08:37:30.405 +08:00 [INF] 完成处理缓存任务: Id=148, PalletNumber=20251225133124142, RequestCode=1766640684
2026-01-13 08:38:30.418 +08:00 [INF] 本次处理 1 个缓存任务
2026-01-13 08:38:30.420 +08:00 [INF] 开始处理缓存任务: Id=148, PalletNumber=20251225133124142, RequestCode=1766640684, RetryCount=37
2026-01-13 08:38:30.427 +08:00 [INF] 检测到点位可用，准备处理缓存任务: RequestCode=1766640684, 起点=06B06, 终点=06A07
2026-01-13 08:38:30.428 +08:00 [INF] 调用AddTaskAsync: PalletNumber=20251225133124142, RequestCode=1766640684, TaskType=manualTask, 起点=06B06, 终点=06A07
2026-01-13 08:38:30.434 +08:00 [INF] 开始处理AddTaskAsync请求: PalletNumber=20251225133124142, RequestCode=1766640684, TaskType=manualTask, 起点=06B06, 终点=06A07, 物料=, 数量=0
2026-01-13 08:38:30.442 +08:00 [INF] 检测到需要拆分的任务（类型2），起点: 06B06
2026-01-13 08:38:30.445 +08:00 [INF] 开始执行CacheTaskAsync: PalletNumber=20251225133124142, RequestCode=1766640684, 错误信息=中转点 PD002 已被锁定
2026-01-13 08:38:30.451 +08:00 [INF] 发现已存在的缓存任务，将更新而非新增: Id=148, PalletNumber=20251225133124142
2026-01-13 08:38:30.455 +08:00 [INF] 缓存任务已存在，已更新: PalletNumber=20251225133124142, RequestCode=1766640684, 错误信息: 中转点 PD002 已被锁定
2026-01-13 08:38:30.460 +08:00 [INF] CacheTaskAsync完成（更新已存在的缓存任务）
2026-01-13 08:38:30.473 +08:00 [INF] AddTaskAsync返回结果: Status=Success, Message=任务已缓存，等待点位释放后自动处理, FailType=
2026-01-13 08:38:30.477 +08:00 [INF] 缓存任务仍需等待点位释放: PalletNumber=20251225133124142, RequestCode=1766640684, 重试次数: 38
2026-01-13 08:38:30.478 +08:00 [INF] 完成处理缓存任务: Id=148, PalletNumber=20251225133124142, RequestCode=1766640684
2026-01-13 08:39:30.493 +08:00 [INF] 本次处理 1 个缓存任务
2026-01-13 08:39:30.494 +08:00 [INF] 开始处理缓存任务: Id=148, PalletNumber=20251225133124142, RequestCode=1766640684, RetryCount=38
2026-01-13 08:39:30.500 +08:00 [INF] 检测到点位可用，准备处理缓存任务: RequestCode=1766640684, 起点=06B06, 终点=06A07
2026-01-13 08:39:30.501 +08:00 [INF] 调用AddTaskAsync: PalletNumber=20251225133124142, RequestCode=1766640684, TaskType=manualTask, 起点=06B06, 终点=06A07
2026-01-13 08:39:30.502 +08:00 [INF] 开始处理AddTaskAsync请求: PalletNumber=20251225133124142, RequestCode=1766640684, TaskType=manualTask, 起点=06B06, 终点=06A07, 物料=, 数量=0
2026-01-13 08:39:30.507 +08:00 [INF] 检测到需要拆分的任务（类型2），起点: 06B06
2026-01-13 08:39:30.511 +08:00 [INF] 开始执行CacheTaskAsync: PalletNumber=20251225133124142, RequestCode=1766640684, 错误信息=中转点 PD002 已被锁定
2026-01-13 08:39:30.515 +08:00 [INF] 发现已存在的缓存任务，将更新而非新增: Id=148, PalletNumber=20251225133124142
2026-01-13 08:39:30.518 +08:00 [INF] 缓存任务已存在，已更新: PalletNumber=20251225133124142, RequestCode=1766640684, 错误信息: 中转点 PD002 已被锁定
2026-01-13 08:39:30.520 +08:00 [INF] CacheTaskAsync完成（更新已存在的缓存任务）
2026-01-13 08:39:30.530 +08:00 [INF] AddTaskAsync返回结果: Status=Success, Message=任务已缓存，等待点位释放后自动处理, FailType=
2026-01-13 08:39:30.534 +08:00 [INF] 缓存任务仍需等待点位释放: PalletNumber=20251225133124142, RequestCode=1766640684, 重试次数: 39
2026-01-13 08:39:30.535 +08:00 [INF] 完成处理缓存任务: Id=148, PalletNumber=20251225133124142, RequestCode=1766640684
2026-01-13 08:40:30.540 +08:00 [INF] 本次处理 1 个缓存任务
2026-01-13 08:40:30.541 +08:00 [INF] 开始处理缓存任务: Id=148, PalletNumber=20251225133124142, RequestCode=1766640684, RetryCount=39
2026-01-13 08:40:30.547 +08:00 [INF] 检测到点位可用，准备处理缓存任务: RequestCode=1766640684, 起点=06B06, 终点=06A07
2026-01-13 08:40:30.548 +08:00 [INF] 调用AddTaskAsync: PalletNumber=20251225133124142, RequestCode=1766640684, TaskType=manualTask, 起点=06B06, 终点=06A07
2026-01-13 08:40:30.549 +08:00 [INF] 开始处理AddTaskAsync请求: PalletNumber=20251225133124142, RequestCode=1766640684, TaskType=manualTask, 起点=06B06, 终点=06A07, 物料=, 数量=0
2026-01-13 08:40:30.553 +08:00 [INF] 检测到需要拆分的任务（类型2），起点: 06B06
2026-01-13 08:40:30.556 +08:00 [INF] 开始执行CacheTaskAsync: PalletNumber=20251225133124142, RequestCode=1766640684, 错误信息=中转点 PD002 已被锁定
2026-01-13 08:40:30.559 +08:00 [INF] 发现已存在的缓存任务，将更新而非新增: Id=148, PalletNumber=20251225133124142
2026-01-13 08:40:30.562 +08:00 [INF] 缓存任务已存在，已更新: PalletNumber=20251225133124142, RequestCode=1766640684, 错误信息: 中转点 PD002 已被锁定
2026-01-13 08:40:30.564 +08:00 [INF] CacheTaskAsync完成（更新已存在的缓存任务）
2026-01-13 08:40:30.575 +08:00 [INF] AddTaskAsync返回结果: Status=Success, Message=任务已缓存，等待点位释放后自动处理, FailType=
2026-01-13 08:40:30.578 +08:00 [INF] 缓存任务仍需等待点位释放: PalletNumber=20251225133124142, RequestCode=1766640684, 重试次数: 40
2026-01-13 08:40:30.579 +08:00 [INF] 完成处理缓存任务: Id=148, PalletNumber=20251225133124142, RequestCode=1766640684
2026-01-13 08:41:30.586 +08:00 [INF] 本次处理 1 个缓存任务
2026-01-13 08:41:30.587 +08:00 [INF] 开始处理缓存任务: Id=148, PalletNumber=20251225133124142, RequestCode=1766640684, RetryCount=40
2026-01-13 08:41:30.593 +08:00 [INF] 检测到点位可用，准备处理缓存任务: RequestCode=1766640684, 起点=06B06, 终点=06A07
2026-01-13 08:41:30.594 +08:00 [INF] 调用AddTaskAsync: PalletNumber=20251225133124142, RequestCode=1766640684, TaskType=manualTask, 起点=06B06, 终点=06A07
2026-01-13 08:41:30.596 +08:00 [INF] 开始处理AddTaskAsync请求: PalletNumber=20251225133124142, RequestCode=1766640684, TaskType=manualTask, 起点=06B06, 终点=06A07, 物料=, 数量=0
2026-01-13 08:41:30.600 +08:00 [INF] 检测到需要拆分的任务（类型2），起点: 06B06
2026-01-13 08:41:30.604 +08:00 [INF] 开始执行CacheTaskAsync: PalletNumber=20251225133124142, RequestCode=1766640684, 错误信息=中转点 PD002 已被锁定
2026-01-13 08:41:30.607 +08:00 [INF] 发现已存在的缓存任务，将更新而非新增: Id=148, PalletNumber=20251225133124142
2026-01-13 08:41:30.610 +08:00 [INF] 缓存任务已存在，已更新: PalletNumber=20251225133124142, RequestCode=1766640684, 错误信息: 中转点 PD002 已被锁定
2026-01-13 08:41:30.611 +08:00 [INF] CacheTaskAsync完成（更新已存在的缓存任务）
2026-01-13 08:41:30.623 +08:00 [INF] AddTaskAsync返回结果: Status=Success, Message=任务已缓存，等待点位释放后自动处理, FailType=
2026-01-13 08:41:30.627 +08:00 [INF] 缓存任务仍需等待点位释放: PalletNumber=20251225133124142, RequestCode=1766640684, 重试次数: 41
2026-01-13 08:41:30.628 +08:00 [INF] 完成处理缓存任务: Id=148, PalletNumber=20251225133124142, RequestCode=1766640684
2026-01-13 08:42:30.637 +08:00 [INF] 本次处理 1 个缓存任务
2026-01-13 08:42:30.640 +08:00 [INF] 开始处理缓存任务: Id=148, PalletNumber=20251225133124142, RequestCode=1766640684, RetryCount=41
2026-01-13 08:42:30.646 +08:00 [INF] 检测到点位可用，准备处理缓存任务: RequestCode=1766640684, 起点=06B06, 终点=06A07
2026-01-13 08:42:30.647 +08:00 [INF] 调用AddTaskAsync: PalletNumber=20251225133124142, RequestCode=1766640684, TaskType=manualTask, 起点=06B06, 终点=06A07
2026-01-13 08:42:30.648 +08:00 [INF] 开始处理AddTaskAsync请求: PalletNumber=20251225133124142, RequestCode=1766640684, TaskType=manualTask, 起点=06B06, 终点=06A07, 物料=, 数量=0
2026-01-13 08:42:30.652 +08:00 [INF] 检测到需要拆分的任务（类型2），起点: 06B06
2026-01-13 08:42:30.656 +08:00 [INF] 开始执行CacheTaskAsync: PalletNumber=20251225133124142, RequestCode=1766640684, 错误信息=中转点 PD002 已被锁定
2026-01-13 08:42:30.658 +08:00 [INF] 发现已存在的缓存任务，将更新而非新增: Id=148, PalletNumber=20251225133124142
2026-01-13 08:42:30.661 +08:00 [INF] 缓存任务已存在，已更新: PalletNumber=20251225133124142, RequestCode=1766640684, 错误信息: 中转点 PD002 已被锁定
2026-01-13 08:42:30.664 +08:00 [INF] CacheTaskAsync完成（更新已存在的缓存任务）
2026-01-13 08:42:30.675 +08:00 [INF] AddTaskAsync返回结果: Status=Success, Message=任务已缓存，等待点位释放后自动处理, FailType=
2026-01-13 08:42:30.681 +08:00 [INF] 缓存任务仍需等待点位释放: PalletNumber=20251225133124142, RequestCode=1766640684, 重试次数: 42
2026-01-13 08:42:30.682 +08:00 [INF] 完成处理缓存任务: Id=148, PalletNumber=20251225133124142, RequestCode=1766640684
2026-01-13 08:43:30.696 +08:00 [INF] 本次处理 1 个缓存任务
2026-01-13 08:43:30.697 +08:00 [INF] 开始处理缓存任务: Id=148, PalletNumber=20251225133124142, RequestCode=1766640684, RetryCount=42
2026-01-13 08:43:30.705 +08:00 [INF] 检测到点位可用，准备处理缓存任务: RequestCode=1766640684, 起点=06B06, 终点=06A07
2026-01-13 08:43:30.706 +08:00 [INF] 调用AddTaskAsync: PalletNumber=20251225133124142, RequestCode=1766640684, TaskType=manualTask, 起点=06B06, 终点=06A07
2026-01-13 08:43:30.707 +08:00 [INF] 开始处理AddTaskAsync请求: PalletNumber=20251225133124142, RequestCode=1766640684, TaskType=manualTask, 起点=06B06, 终点=06A07, 物料=, 数量=0
2026-01-13 08:43:30.711 +08:00 [INF] 检测到需要拆分的任务（类型2），起点: 06B06
2026-01-13 08:43:30.714 +08:00 [INF] 开始执行CacheTaskAsync: PalletNumber=20251225133124142, RequestCode=1766640684, 错误信息=中转点 PD002 已被锁定
2026-01-13 08:43:30.716 +08:00 [INF] 发现已存在的缓存任务，将更新而非新增: Id=148, PalletNumber=20251225133124142
2026-01-13 08:43:30.719 +08:00 [INF] 缓存任务已存在，已更新: PalletNumber=20251225133124142, RequestCode=1766640684, 错误信息: 中转点 PD002 已被锁定
2026-01-13 08:43:30.721 +08:00 [INF] CacheTaskAsync完成（更新已存在的缓存任务）
2026-01-13 08:43:30.732 +08:00 [INF] AddTaskAsync返回结果: Status=Success, Message=任务已缓存，等待点位释放后自动处理, FailType=
2026-01-13 08:43:30.737 +08:00 [INF] 缓存任务仍需等待点位释放: PalletNumber=20251225133124142, RequestCode=1766640684, 重试次数: 43
2026-01-13 08:43:30.738 +08:00 [INF] 完成处理缓存任务: Id=148, PalletNumber=20251225133124142, RequestCode=1766640684
2026-01-13 08:44:30.744 +08:00 [INF] 本次处理 1 个缓存任务
2026-01-13 08:44:30.745 +08:00 [INF] 开始处理缓存任务: Id=148, PalletNumber=20251225133124142, RequestCode=1766640684, RetryCount=43
2026-01-13 08:44:30.750 +08:00 [INF] 检测到点位可用，准备处理缓存任务: RequestCode=1766640684, 起点=06B06, 终点=06A07
2026-01-13 08:44:30.751 +08:00 [INF] 调用AddTaskAsync: PalletNumber=20251225133124142, RequestCode=1766640684, TaskType=manualTask, 起点=06B06, 终点=06A07
2026-01-13 08:44:30.753 +08:00 [INF] 开始处理AddTaskAsync请求: PalletNumber=20251225133124142, RequestCode=1766640684, TaskType=manualTask, 起点=06B06, 终点=06A07, 物料=, 数量=0
2026-01-13 08:44:30.758 +08:00 [INF] 检测到需要拆分的任务（类型2），起点: 06B06
2026-01-13 08:44:30.761 +08:00 [INF] 开始执行CacheTaskAsync: PalletNumber=20251225133124142, RequestCode=1766640684, 错误信息=中转点 PD002 已被锁定
2026-01-13 08:44:30.765 +08:00 [INF] 发现已存在的缓存任务，将更新而非新增: Id=148, PalletNumber=20251225133124142
2026-01-13 08:44:30.768 +08:00 [INF] 缓存任务已存在，已更新: PalletNumber=20251225133124142, RequestCode=1766640684, 错误信息: 中转点 PD002 已被锁定
2026-01-13 08:44:30.769 +08:00 [INF] CacheTaskAsync完成（更新已存在的缓存任务）
2026-01-13 08:44:30.771 +08:00 [INF] AddTaskAsync返回结果: Status=Success, Message=任务已缓存，等待点位释放后自动处理, FailType=
2026-01-13 08:44:30.774 +08:00 [INF] 缓存任务仍需等待点位释放: PalletNumber=20251225133124142, RequestCode=1766640684, 重试次数: 44
2026-01-13 08:44:30.775 +08:00 [INF] 完成处理缓存任务: Id=148, PalletNumber=20251225133124142, RequestCode=1766640684
2026-01-13 08:45:30.789 +08:00 [INF] 本次处理 1 个缓存任务
2026-01-13 08:45:30.790 +08:00 [INF] 开始处理缓存任务: Id=148, PalletNumber=20251225133124142, RequestCode=1766640684, RetryCount=44
2026-01-13 08:45:30.795 +08:00 [INF] 检测到点位可用，准备处理缓存任务: RequestCode=1766640684, 起点=06B06, 终点=06A07
2026-01-13 08:45:30.796 +08:00 [INF] 调用AddTaskAsync: PalletNumber=20251225133124142, RequestCode=1766640684, TaskType=manualTask, 起点=06B06, 终点=06A07
2026-01-13 08:45:30.797 +08:00 [INF] 开始处理AddTaskAsync请求: PalletNumber=20251225133124142, RequestCode=1766640684, TaskType=manualTask, 起点=06B06, 终点=06A07, 物料=, 数量=0
2026-01-13 08:45:30.801 +08:00 [INF] 检测到需要拆分的任务（类型2），起点: 06B06
2026-01-13 08:45:30.804 +08:00 [INF] 开始执行CacheTaskAsync: PalletNumber=20251225133124142, RequestCode=1766640684, 错误信息=中转点 PD002 已被锁定
2026-01-13 08:45:30.807 +08:00 [INF] 发现已存在的缓存任务，将更新而非新增: Id=148, PalletNumber=20251225133124142
2026-01-13 08:45:30.810 +08:00 [INF] 缓存任务已存在，已更新: PalletNumber=20251225133124142, RequestCode=1766640684, 错误信息: 中转点 PD002 已被锁定
2026-01-13 08:45:30.812 +08:00 [INF] CacheTaskAsync完成（更新已存在的缓存任务）
2026-01-13 08:45:30.813 +08:00 [INF] AddTaskAsync返回结果: Status=Success, Message=任务已缓存，等待点位释放后自动处理, FailType=
2026-01-13 08:45:30.816 +08:00 [INF] 缓存任务仍需等待点位释放: PalletNumber=20251225133124142, RequestCode=1766640684, 重试次数: 45
2026-01-13 08:45:30.818 +08:00 [INF] 完成处理缓存任务: Id=148, PalletNumber=20251225133124142, RequestCode=1766640684
2026-01-13 08:46:30.822 +08:00 [INF] 本次处理 1 个缓存任务
2026-01-13 08:46:30.823 +08:00 [INF] 开始处理缓存任务: Id=148, PalletNumber=20251225133124142, RequestCode=1766640684, RetryCount=45
2026-01-13 08:46:30.828 +08:00 [INF] 检测到点位可用，准备处理缓存任务: RequestCode=1766640684, 起点=06B06, 终点=06A07
2026-01-13 08:46:30.829 +08:00 [INF] 调用AddTaskAsync: PalletNumber=20251225133124142, RequestCode=1766640684, TaskType=manualTask, 起点=06B06, 终点=06A07
2026-01-13 08:46:30.830 +08:00 [INF] 开始处理AddTaskAsync请求: PalletNumber=20251225133124142, RequestCode=1766640684, TaskType=manualTask, 起点=06B06, 终点=06A07, 物料=, 数量=0
2026-01-13 08:46:30.834 +08:00 [INF] 检测到需要拆分的任务（类型2），起点: 06B06
2026-01-13 08:46:30.838 +08:00 [INF] 开始执行CacheTaskAsync: PalletNumber=20251225133124142, RequestCode=1766640684, 错误信息=中转点 PD002 已被锁定
2026-01-13 08:46:30.841 +08:00 [INF] 发现已存在的缓存任务，将更新而非新增: Id=148, PalletNumber=20251225133124142
2026-01-13 08:46:30.844 +08:00 [INF] 缓存任务已存在，已更新: PalletNumber=20251225133124142, RequestCode=1766640684, 错误信息: 中转点 PD002 已被锁定
2026-01-13 08:46:30.845 +08:00 [INF] CacheTaskAsync完成（更新已存在的缓存任务）
2026-01-13 08:46:30.857 +08:00 [INF] AddTaskAsync返回结果: Status=Success, Message=任务已缓存，等待点位释放后自动处理, FailType=
2026-01-13 08:46:30.861 +08:00 [INF] 缓存任务仍需等待点位释放: PalletNumber=20251225133124142, RequestCode=1766640684, 重试次数: 46
2026-01-13 08:46:30.862 +08:00 [INF] 完成处理缓存任务: Id=148, PalletNumber=20251225133124142, RequestCode=1766640684
2026-01-13 08:47:30.871 +08:00 [INF] 本次处理 1 个缓存任务
2026-01-13 08:47:30.873 +08:00 [INF] 开始处理缓存任务: Id=148, PalletNumber=20251225133124142, RequestCode=1766640684, RetryCount=46
2026-01-13 08:47:30.878 +08:00 [INF] 检测到点位可用，准备处理缓存任务: RequestCode=1766640684, 起点=06B06, 终点=06A07
2026-01-13 08:47:30.879 +08:00 [INF] 调用AddTaskAsync: PalletNumber=20251225133124142, RequestCode=1766640684, TaskType=manualTask, 起点=06B06, 终点=06A07
2026-01-13 08:47:30.880 +08:00 [INF] 开始处理AddTaskAsync请求: PalletNumber=20251225133124142, RequestCode=1766640684, TaskType=manualTask, 起点=06B06, 终点=06A07, 物料=, 数量=0
2026-01-13 08:47:30.885 +08:00 [INF] 检测到需要拆分的任务（类型2），起点: 06B06
2026-01-13 08:47:30.889 +08:00 [INF] 开始执行CacheTaskAsync: PalletNumber=20251225133124142, RequestCode=1766640684, 错误信息=中转点 PD002 已被锁定
2026-01-13 08:47:30.892 +08:00 [INF] 发现已存在的缓存任务，将更新而非新增: Id=148, PalletNumber=20251225133124142
2026-01-13 08:47:30.894 +08:00 [INF] 缓存任务已存在，已更新: PalletNumber=20251225133124142, RequestCode=1766640684, 错误信息: 中转点 PD002 已被锁定
2026-01-13 08:47:30.896 +08:00 [INF] CacheTaskAsync完成（更新已存在的缓存任务）
2026-01-13 08:47:30.906 +08:00 [INF] AddTaskAsync返回结果: Status=Success, Message=任务已缓存，等待点位释放后自动处理, FailType=
2026-01-13 08:47:30.910 +08:00 [INF] 缓存任务仍需等待点位释放: PalletNumber=20251225133124142, RequestCode=1766640684, 重试次数: 47
2026-01-13 08:47:30.911 +08:00 [INF] 完成处理缓存任务: Id=148, PalletNumber=20251225133124142, RequestCode=1766640684
2026-01-13 08:48:30.916 +08:00 [INF] 本次处理 1 个缓存任务
2026-01-13 08:48:30.917 +08:00 [INF] 开始处理缓存任务: Id=148, PalletNumber=20251225133124142, RequestCode=1766640684, RetryCount=47
2026-01-13 08:48:30.922 +08:00 [INF] 检测到点位可用，准备处理缓存任务: RequestCode=1766640684, 起点=06B06, 终点=06A07
2026-01-13 08:48:30.924 +08:00 [INF] 调用AddTaskAsync: PalletNumber=20251225133124142, RequestCode=1766640684, TaskType=manualTask, 起点=06B06, 终点=06A07
2026-01-13 08:48:30.925 +08:00 [INF] 开始处理AddTaskAsync请求: PalletNumber=20251225133124142, RequestCode=1766640684, TaskType=manualTask, 起点=06B06, 终点=06A07, 物料=, 数量=0
2026-01-13 08:48:30.930 +08:00 [INF] 检测到需要拆分的任务（类型2），起点: 06B06
2026-01-13 08:48:30.933 +08:00 [INF] 开始执行CacheTaskAsync: PalletNumber=20251225133124142, RequestCode=1766640684, 错误信息=中转点 PD002 已被锁定
2026-01-13 08:48:30.937 +08:00 [INF] 发现已存在的缓存任务，将更新而非新增: Id=148, PalletNumber=20251225133124142
2026-01-13 08:48:30.940 +08:00 [INF] 缓存任务已存在，已更新: PalletNumber=20251225133124142, RequestCode=1766640684, 错误信息: 中转点 PD002 已被锁定
2026-01-13 08:48:30.942 +08:00 [INF] CacheTaskAsync完成（更新已存在的缓存任务）
2026-01-13 08:48:30.953 +08:00 [INF] AddTaskAsync返回结果: Status=Success, Message=任务已缓存，等待点位释放后自动处理, FailType=
2026-01-13 08:48:30.957 +08:00 [INF] 缓存任务仍需等待点位释放: PalletNumber=20251225133124142, RequestCode=1766640684, 重试次数: 48
2026-01-13 08:48:30.958 +08:00 [INF] 完成处理缓存任务: Id=148, PalletNumber=20251225133124142, RequestCode=1766640684
2026-01-13 08:49:30.972 +08:00 [INF] 本次处理 1 个缓存任务
2026-01-13 08:49:30.974 +08:00 [INF] 开始处理缓存任务: Id=148, PalletNumber=20251225133124142, RequestCode=1766640684, RetryCount=48
2026-01-13 08:49:30.982 +08:00 [INF] 检测到点位可用，准备处理缓存任务: RequestCode=1766640684, 起点=06B06, 终点=06A07
2026-01-13 08:49:30.984 +08:00 [INF] 调用AddTaskAsync: PalletNumber=20251225133124142, RequestCode=1766640684, TaskType=manualTask, 起点=06B06, 终点=06A07
2026-01-13 08:49:30.987 +08:00 [INF] 开始处理AddTaskAsync请求: PalletNumber=20251225133124142, RequestCode=1766640684, TaskType=manualTask, 起点=06B06, 终点=06A07, 物料=, 数量=0
2026-01-13 08:49:30.994 +08:00 [INF] 检测到需要拆分的任务（类型2），起点: 06B06
2026-01-13 08:49:31.005 +08:00 [INF] 开始执行CacheTaskAsync: PalletNumber=20251225133124142, RequestCode=1766640684, 错误信息=中转点 PD002 已被锁定
2026-01-13 08:49:31.011 +08:00 [INF] 发现已存在的缓存任务，将更新而非新增: Id=148, PalletNumber=20251225133124142
2026-01-13 08:49:31.016 +08:00 [INF] 缓存任务已存在，已更新: PalletNumber=20251225133124142, RequestCode=1766640684, 错误信息: 中转点 PD002 已被锁定
2026-01-13 08:49:31.023 +08:00 [INF] CacheTaskAsync完成（更新已存在的缓存任务）
2026-01-13 08:49:31.050 +08:00 [INF] AddTaskAsync返回结果: Status=Success, Message=任务已缓存，等待点位释放后自动处理, FailType=
2026-01-13 08:49:31.065 +08:00 [INF] 缓存任务仍需等待点位释放: PalletNumber=20251225133124142, RequestCode=1766640684, 重试次数: 49
2026-01-13 08:49:31.066 +08:00 [INF] 完成处理缓存任务: Id=148, PalletNumber=20251225133124142, RequestCode=1766640684
2026-01-13 08:50:31.072 +08:00 [INF] 本次处理 1 个缓存任务
2026-01-13 08:50:31.073 +08:00 [INF] 开始处理缓存任务: Id=148, PalletNumber=20251225133124142, RequestCode=1766640684, RetryCount=49
2026-01-13 08:50:31.080 +08:00 [INF] 检测到点位可用，准备处理缓存任务: RequestCode=1766640684, 起点=06B06, 终点=06A07
2026-01-13 08:50:31.081 +08:00 [INF] 调用AddTaskAsync: PalletNumber=20251225133124142, RequestCode=1766640684, TaskType=manualTask, 起点=06B06, 终点=06A07
2026-01-13 08:50:31.082 +08:00 [INF] 开始处理AddTaskAsync请求: PalletNumber=20251225133124142, RequestCode=1766640684, TaskType=manualTask, 起点=06B06, 终点=06A07, 物料=, 数量=0
2026-01-13 08:50:31.087 +08:00 [INF] 检测到需要拆分的任务（类型2），起点: 06B06
2026-01-13 08:50:31.092 +08:00 [INF] 开始执行CacheTaskAsync: PalletNumber=20251225133124142, RequestCode=1766640684, 错误信息=中转点 PD002 已被锁定
2026-01-13 08:50:31.096 +08:00 [INF] 发现已存在的缓存任务，将更新而非新增: Id=148, PalletNumber=20251225133124142
2026-01-13 08:50:31.100 +08:00 [INF] 缓存任务已存在，已更新: PalletNumber=20251225133124142, RequestCode=1766640684, 错误信息: 中转点 PD002 已被锁定
2026-01-13 08:50:31.102 +08:00 [INF] CacheTaskAsync完成（更新已存在的缓存任务）
2026-01-13 08:50:31.105 +08:00 [INF] AddTaskAsync返回结果: Status=Success, Message=任务已缓存，等待点位释放后自动处理, FailType=
2026-01-13 08:50:31.109 +08:00 [INF] 缓存任务仍需等待点位释放: PalletNumber=20251225133124142, RequestCode=1766640684, 重试次数: 50
2026-01-13 08:50:31.110 +08:00 [INF] 完成处理缓存任务: Id=148, PalletNumber=20251225133124142, RequestCode=1766640684
2026-01-13 08:51:42.093 +08:00 [INF] TCP服务未启用，数据清理服务将不会启动。
2026-01-13 08:51:42.142 +08:00 [INF] TcpServerService 启动，监听 127.0.0.1:9000
2026-01-13 08:51:42.163 +08:00 [INF] 任务缓存处理器已启动
2026-01-13 08:51:42.189 +08:00 [INF] 本次处理 1 个缓存任务
2026-01-13 08:51:42.191 +08:00 [INF] 开始处理缓存任务: Id=148, PalletNumber=20251225133124142, RequestCode=1766640684, RetryCount=50
2026-01-13 08:51:42.207 +08:00 [INF] 检测到点位可用，准备处理缓存任务: RequestCode=1766640684, 起点=06B06, 终点=06A07
2026-01-13 08:51:42.219 +08:00 [INF] 调用AddTaskAsync: PalletNumber=20251225133124142, RequestCode=1766640684, TaskType=manualTask, 起点=06B06, 终点=06A07
2026-01-13 08:51:42.229 +08:00 [INF] 开始处理AddTaskAsync请求: PalletNumber=20251225133124142, RequestCode=1766640684, TaskType=manualTask, 起点=06B06, 终点=06A07, 物料=, 数量=0
2026-01-13 08:51:42.245 +08:00 [WRN] Overriding address(es) 'http://localhost:5055'. Binding to endpoints defined via IConfiguration and/or UseKestrel() instead.
2026-01-13 08:51:42.253 +08:00 [INF] 检测到需要拆分的任务（类型2），起点: 06B06
2026-01-13 08:51:42.266 +08:00 [INF] 开始执行CacheTaskAsync: PalletNumber=20251225133124142, RequestCode=1766640684, 错误信息=中转点 PD002 已被锁定
2026-01-13 08:51:42.270 +08:00 [INF] 发现已存在的缓存任务，将更新而非新增: Id=148, PalletNumber=20251225133124142
2026-01-13 08:51:42.275 +08:00 [INF] 缓存任务已存在，已更新: PalletNumber=20251225133124142, RequestCode=1766640684, 错误信息: 中转点 PD002 已被锁定
2026-01-13 08:51:42.278 +08:00 [INF] CacheTaskAsync完成（更新已存在的缓存任务）
2026-01-13 08:51:42.285 +08:00 [INF] AddTaskAsync返回结果: Status=Success, Message=任务已缓存，等待点位释放后自动处理, FailType=
2026-01-13 08:51:42.297 +08:00 [INF] 缓存任务仍需等待点位释放: PalletNumber=20251225133124142, RequestCode=1766640684, 重试次数: 51
2026-01-13 08:51:42.299 +08:00 [INF] 完成处理缓存任务: Id=148, PalletNumber=20251225133124142, RequestCode=1766640684
2026-01-13 08:51:44.089 +08:00 [WRN] Failed to determine the https port for redirect.
2026-01-13 08:51:46.974 +08:00 [INF] 正在验证用户: admin
2026-01-13 08:51:46.975 +08:00 [INF] 输入的密码: admin123
2026-01-13 08:51:46.977 +08:00 [INF] 数据库中的密码: admin123
2026-01-13 08:51:46.978 +08:00 [INF] 密码验证结果: True
2026-01-13 08:51:46.994 +08:00 [INF] 更新最后登录时间成功
2026-01-13 08:51:46.996 +08:00 [INF] 用户 admin 登录成功
2026-01-13 15:51:34.229 +08:00 [INF] TCP服务未启用，数据清理服务将不会启动。
2026-01-13 15:51:34.289 +08:00 [INF] TcpServerService 启动，监听 127.0.0.1:9000
2026-01-13 15:51:34.312 +08:00 [INF] 任务缓存处理器已启动
2026-01-13 15:51:34.343 +08:00 [INF] 本次处理 1 个缓存任务
2026-01-13 15:51:34.345 +08:00 [INF] 开始处理缓存任务: Id=148, PalletNumber=20251225133124142, RequestCode=1766640684, RetryCount=51
2026-01-13 15:51:34.368 +08:00 [INF] 检测到点位可用，准备处理缓存任务: RequestCode=1766640684, 起点=06B06, 终点=06A07
2026-01-13 15:51:34.381 +08:00 [INF] 调用AddTaskAsync: PalletNumber=20251225133124142, RequestCode=1766640684, TaskType=manualTask, 起点=06B06, 终点=06A07
2026-01-13 15:51:34.390 +08:00 [INF] 开始处理AddTaskAsync请求: PalletNumber=20251225133124142, RequestCode=1766640684, TaskType=manualTask, 起点=06B06, 终点=06A07, 物料=, 数量=0
2026-01-13 15:51:34.414 +08:00 [INF] 检测到需要拆分的任务（类型2），起点: 06B06
2026-01-13 15:51:34.426 +08:00 [WRN] Overriding address(es) 'http://localhost:5055'. Binding to endpoints defined via IConfiguration and/or UseKestrel() instead.
2026-01-13 15:51:34.434 +08:00 [INF] 开始执行CacheTaskAsync: PalletNumber=20251225133124142, RequestCode=1766640684, 错误信息=中转点 PD002 已被锁定
2026-01-13 15:51:34.438 +08:00 [INF] 发现已存在的缓存任务，将更新而非新增: Id=148, PalletNumber=20251225133124142
2026-01-13 15:51:34.446 +08:00 [INF] 缓存任务已存在，已更新: PalletNumber=20251225133124142, RequestCode=1766640684, 错误信息: 中转点 PD002 已被锁定
2026-01-13 15:51:34.448 +08:00 [INF] CacheTaskAsync完成（更新已存在的缓存任务）
2026-01-13 15:51:34.457 +08:00 [INF] AddTaskAsync返回结果: Status=Success, Message=任务已缓存，等待点位释放后自动处理, FailType=
2026-01-13 15:51:34.471 +08:00 [INF] 缓存任务仍需等待点位释放: PalletNumber=20251225133124142, RequestCode=1766640684, 重试次数: 52
2026-01-13 15:51:34.473 +08:00 [INF] 完成处理缓存任务: Id=148, PalletNumber=20251225133124142, RequestCode=1766640684
2026-01-13 15:51:37.239 +08:00 [WRN] Failed to determine the https port for redirect.
2026-01-13 15:51:40.328 +08:00 [INF] 正在验证用户: admin
2026-01-13 15:51:40.330 +08:00 [INF] 输入的密码: admin123
2026-01-13 15:51:40.332 +08:00 [INF] 数据库中的密码: admin123
2026-01-13 15:51:40.336 +08:00 [INF] 密码验证结果: True
2026-01-13 15:51:40.361 +08:00 [INF] 更新最后登录时间成功
2026-01-13 15:51:40.363 +08:00 [INF] 用户 admin 登录成功
