2026-03-31 08:44:56.441 +08:00 [INF] TCP服务未启用，数据清理服务将不会启动。
2026-03-31 08:44:56.496 +08:00 [INF] TcpServerService 启动，监听 127.0.0.1:9000
2026-03-31 08:44:56.524 +08:00 [INF] 缓存任务处理器已启动
2026-03-31 08:45:02.313 +08:00 [INF] 按调度策略选出3条缓存任务。最近完成任务类型=null，最近完成货架=null
2026-03-31 08:45:05.690 +08:00 [INF] 开始处理缓存任务。Id=157，托盘号=20260325155316809，任务号=1774425196，重试次数=1，任务类型标识=0，货架标识=06
2026-03-31 08:45:08.893 +08:00 [WRN] Overriding address(es) 'http://localhost:5055'. Binding to endpoints defined via IConfiguration and/or UseKestrel() instead.
2026-03-31 08:45:08.907 +08:00 [INF] 缓存任务起点终点校验通过，准备调用AddTaskAsync。任务号=1774425196，起点=06A06，终点=06B07
2026-03-31 08:45:08.914 +08:00 [INF] 调用AddTaskAsync。托盘号=20260325155316809，任务号=1774425196，任务类型=manualTask，起点=06A06，终点=06B07，任务类型标识=0，货架标识=06
2026-03-31 08:45:08.925 +08:00 [INF] 开始处理AddTaskAsync请求: PalletNumber=20260325155316809, RequestCode=1774425196, TaskType=manualTask, 起点=06A06, 终点=06B07, 物料=, 数量=0
2026-03-31 08:45:08.940 +08:00 [INF] 检测到需要拆分的任务（类型2），起点: 06A06
2026-03-31 08:45:08.955 +08:00 [INF] 开始执行CacheTaskAsync: PalletNumber=20260325155316809, RequestCode=1774425196, 错误信息=中转点 PD002 已被锁定
2026-03-31 08:45:08.959 +08:00 [INF] 发现已存在的缓存任务，将更新而非新增: Id=157, PalletNumber=20260325155316809
2026-03-31 08:45:08.965 +08:00 [INF] 缓存任务已存在，已更新: PalletNumber=20260325155316809, RequestCode=1774425196, 错误信息: 中转点 PD002 已被锁定
2026-03-31 08:45:08.966 +08:00 [INF] CacheTaskAsync完成（更新已存在的缓存任务）
2026-03-31 08:45:08.972 +08:00 [INF] AddTaskAsync返回结果。状态=Success，消息=任务已缓存，等待点位释放后自动处理，失败类型=null
2026-03-31 08:45:08.979 +08:00 [INF] 缓存任务继续保留等待重试。托盘号=20260325155316809，任务号=1774425196，重试次数=2
2026-03-31 08:45:08.981 +08:00 [INF] 缓存任务处理完成。Id=157，托盘号=20260325155316809，任务号=1774425196
2026-03-31 08:45:08.983 +08:00 [INF] 开始处理缓存任务。Id=158，托盘号=20260325155339364，任务号=1774425219，重试次数=1，任务类型标识=0，货架标识=06
2026-03-31 08:45:08.988 +08:00 [INF] 缓存任务起点终点校验通过，准备调用AddTaskAsync。任务号=1774425219，起点=06C06，终点=06A07
2026-03-31 08:45:08.989 +08:00 [INF] 调用AddTaskAsync。托盘号=20260325155339364，任务号=1774425219，任务类型=manualTask，起点=06C06，终点=06A07，任务类型标识=0，货架标识=06
2026-03-31 08:45:08.995 +08:00 [INF] 开始处理AddTaskAsync请求: PalletNumber=20260325155339364, RequestCode=1774425219, TaskType=manualTask, 起点=06C06, 终点=06A07, 物料=, 数量=0
2026-03-31 08:45:08.998 +08:00 [INF] 检测到需要拆分的任务（类型2），起点: 06C06
2026-03-31 08:45:09.005 +08:00 [INF] 开始执行CacheTaskAsync: PalletNumber=20260325155339364, RequestCode=1774425219, 错误信息=中转点 PD002 已被锁定
2026-03-31 08:45:09.008 +08:00 [INF] 发现已存在的缓存任务，将更新而非新增: Id=158, PalletNumber=20260325155339364
2026-03-31 08:45:09.010 +08:00 [INF] 缓存任务已存在，已更新: PalletNumber=20260325155339364, RequestCode=1774425219, 错误信息: 中转点 PD002 已被锁定
2026-03-31 08:45:09.012 +08:00 [INF] CacheTaskAsync完成（更新已存在的缓存任务）
2026-03-31 08:45:09.014 +08:00 [INF] AddTaskAsync返回结果。状态=Success，消息=任务已缓存，等待点位释放后自动处理，失败类型=null
2026-03-31 08:45:09.016 +08:00 [INF] 缓存任务继续保留等待重试。托盘号=20260325155339364，任务号=1774425219，重试次数=2
2026-03-31 08:45:09.018 +08:00 [INF] 缓存任务处理完成。Id=158，托盘号=20260325155339364，任务号=1774425219
2026-03-31 08:45:09.019 +08:00 [INF] 开始处理缓存任务。Id=159，托盘号=20260325155440794，任务号=1774425259，重试次数=0，任务类型标识=0，货架标识=06
2026-03-31 08:45:09.025 +08:00 [INF] 缓存任务起点终点校验通过，准备调用AddTaskAsync。任务号=1774425259，起点=06A15，终点=06A11
2026-03-31 08:45:09.027 +08:00 [INF] 调用AddTaskAsync。托盘号=20260325155440794，任务号=1774425259，任务类型=manualTask，起点=06A15，终点=06A11，任务类型标识=0，货架标识=06
2026-03-31 08:45:09.030 +08:00 [INF] 开始处理AddTaskAsync请求: PalletNumber=20260325155440794, RequestCode=1774425259, TaskType=manualTask, 起点=06A15, 终点=06A11, 物料=, 数量=0
2026-03-31 08:45:09.034 +08:00 [INF] 检测到需要拆分的任务（类型2），起点: 06A15
2026-03-31 08:45:09.037 +08:00 [INF] 开始执行CacheTaskAsync: PalletNumber=20260325155440794, RequestCode=1774425259, 错误信息=中转点 PD002 已被锁定
2026-03-31 08:45:09.041 +08:00 [INF] 发现已存在的缓存任务，将更新而非新增: Id=159, PalletNumber=20260325155440794
2026-03-31 08:45:09.043 +08:00 [INF] 缓存任务已存在，已更新: PalletNumber=20260325155440794, RequestCode=1774425259, 错误信息: 中转点 PD002 已被锁定
2026-03-31 08:45:09.045 +08:00 [INF] CacheTaskAsync完成（更新已存在的缓存任务）
2026-03-31 08:45:09.046 +08:00 [INF] AddTaskAsync返回结果。状态=Success，消息=任务已缓存，等待点位释放后自动处理，失败类型=null
2026-03-31 08:45:09.048 +08:00 [INF] 缓存任务继续保留等待重试。托盘号=20260325155440794，任务号=1774425259，重试次数=1
2026-03-31 08:45:09.050 +08:00 [INF] 缓存任务处理完成。Id=159，托盘号=20260325155440794，任务号=1774425259
2026-03-31 08:45:12.317 +08:00 [WRN] Failed to determine the https port for redirect.
2026-03-31 08:45:13.987 +08:00 [INF] 正在验证用户: admin
2026-03-31 08:45:13.991 +08:00 [INF] 输入的密码: admin123
2026-03-31 08:45:13.998 +08:00 [INF] 数据库中的密码: admin123
2026-03-31 08:45:14.005 +08:00 [INF] 密码验证结果: True
2026-03-31 08:45:14.031 +08:00 [INF] 更新最后登录时间成功
2026-03-31 08:45:14.032 +08:00 [INF] 用户 admin 登录成功
