2026-03-24 14:03:49.709 +08:00 [INF] TCP服务未启用，数据清理服务将不会启动。
2026-03-24 14:03:49.785 +08:00 [INF] TcpServerService 启动，监听 127.0.0.1:9000
2026-03-24 14:03:49.812 +08:00 [INF] Task cache processor started.
2026-03-24 14:03:50.025 +08:00 [ERR] Error while processing cached task collection.
Microsoft.Data.SqlClient.SqlException (0x80131904): 列名 'TaskIdentification' 无效。
列名 'TaskIdentification' 无效。
列名 'ShelvesIdentification' 无效。
列名 'ShelvesIdentification' 无效。
列名 'ShelvesIdentification' 无效。
   at Microsoft.Data.SqlClient.SqlCommand.<>c.<ExecuteDbDataReaderAsync>b__188_0(Task`1 result)
   at System.Threading.Tasks.ContinuationResultTaskFromResultTask`2.InnerInvoke()
   at System.Threading.Tasks.Task.<>c.<.cctor>b__272_0(Object obj)
   at System.Threading.ExecutionContext.RunInternal(ExecutionContext executionContext, ContextCallback callback, Object state)
--- End of stack trace from previous location ---
   at System.Threading.ExecutionContext.RunInternal(ExecutionContext executionContext, ContextCallback callback, Object state)
   at System.Threading.Tasks.Task.ExecuteWithThreadLocal(Task& currentTaskSlot, Thread threadPoolThread)
--- End of stack trace from previous location ---
   at Dapper.SqlMapper.QueryAsync[T](IDbConnection cnn, Type effectiveType, CommandDefinition command) in /_/Dapper/SqlMapper.Async.cs:line 434
   at WarehouseManagementSystem.Service.TaskCacheProcessor.GetCandidateCachedTasksAsync(IDbConnection connection, LastCompletedTaskContext dispatchContext) in E:\NDCProject\AG240101广州舒适刀片\任务管理\Service\TaskCacheProcessor.cs:line 289
   at WarehouseManagementSystem.Service.TaskCacheProcessor.ProcessCachedTasks(CancellationToken stoppingToken) in E:\NDCProject\AG240101广州舒适刀片\任务管理\Service\TaskCacheProcessor.cs:line 102
ClientConnectionId:8108bf32-0a14-4095-bed8-d0acd0c13974
Error Number:207,State:1,Class:16
2026-03-24 14:03:50.099 +08:00 [WRN] Overriding address(es) 'http://localhost:5055'. Binding to endpoints defined via IConfiguration and/or UseKestrel() instead.
2026-03-24 14:03:58.763 +08:00 [WRN] Failed to determine the https port for redirect.
2026-03-24 14:04:00.701 +08:00 [INF] 正在验证用户: admin
2026-03-24 14:04:00.707 +08:00 [INF] 输入的密码: admin123
2026-03-24 14:04:00.721 +08:00 [INF] 数据库中的密码: admin123
2026-03-24 14:04:00.731 +08:00 [INF] 密码验证结果: True
2026-03-24 14:04:00.773 +08:00 [INF] 更新最后登录时间成功
2026-03-24 14:04:00.777 +08:00 [INF] 用户 admin 登录成功
2026-03-24 14:04:48.847 +08:00 [INF] 调用AddTask接口: RequestCode=TASK202603240001, PalletNumber=PALLET0001, TaskType=stockIn, SourceBin=PA001, DestBin=D001, TaskIdentification=1, ShelvesIdentification=D1
2026-03-24 14:04:55.896 +08:00 [WRN] 慢请求检测: GET /Tasks/Index - 2011ms - 来自 ::1
2026-03-24 14:04:56.123 +08:00 [ERR] Error while processing cached task collection.
Microsoft.Data.SqlClient.SqlException (0x80131904): 列名 'TaskIdentification' 无效。
列名 'TaskIdentification' 无效。
列名 'ShelvesIdentification' 无效。
列名 'ShelvesIdentification' 无效。
列名 'ShelvesIdentification' 无效。
   at Microsoft.Data.SqlClient.SqlCommand.<>c.<ExecuteDbDataReaderAsync>b__188_0(Task`1 result)
   at System.Threading.Tasks.ContinuationResultTaskFromResultTask`2.InnerInvoke()
   at System.Threading.Tasks.Task.<>c.<.cctor>b__272_0(Object obj)
   at System.Threading.ExecutionContext.RunInternal(ExecutionContext executionContext, ContextCallback callback, Object state)
--- End of stack trace from previous location ---
   at System.Threading.ExecutionContext.RunInternal(ExecutionContext executionContext, ContextCallback callback, Object state)
   at System.Threading.Tasks.Task.ExecuteWithThreadLocal(Task& currentTaskSlot, Thread threadPoolThread)
--- End of stack trace from previous location ---
   at Dapper.SqlMapper.QueryAsync[T](IDbConnection cnn, Type effectiveType, CommandDefinition command) in /_/Dapper/SqlMapper.Async.cs:line 434
   at WarehouseManagementSystem.Service.TaskCacheProcessor.GetCandidateCachedTasksAsync(IDbConnection connection, LastCompletedTaskContext dispatchContext) in E:\NDCProject\AG240101广州舒适刀片\任务管理\Service\TaskCacheProcessor.cs:line 289
   at WarehouseManagementSystem.Service.TaskCacheProcessor.ProcessCachedTasks(CancellationToken stoppingToken) in E:\NDCProject\AG240101广州舒适刀片\任务管理\Service\TaskCacheProcessor.cs:line 102
ClientConnectionId:01a3ab06-f643-489b-a673-6f20daf34b97
Error Number:207,State:1,Class:16
2026-03-24 14:04:56.124 +08:00 [INF] 开始处理AddTaskAsync请求: PalletNumber=PALLET0001, RequestCode=TASK202603240001, TaskType=stockIn, 起点=PA001, 终点=D001, 物料=MAT001, 数量=1
2026-03-24 14:04:57.200 +08:00 [INF] 较慢请求: GET /Tasks/Index - 586ms
2026-03-24 14:05:02.831 +08:00 [WRN] 慢请求检测: GET /Tasks/Index - 1077ms - 来自 ::1
2026-03-24 14:05:05.519 +08:00 [INF] 检测到需要拆分的任务（类型1），起点: PA001
2026-03-24 14:05:15.006 +08:00 [ERR] 任务拆分失败: 终点 D001 不存在库位配置中
System.ArgumentException: 终点 D001 不存在库位配置中
   at WarehouseManagementSystem.Service.RcsTaskService.SplitTaskType1Async(AddTaskRequest request, IDbConnection connection, IDbTransaction transaction) in E:\NDCProject\AG240101广州舒适刀片\任务管理\Service\RcsTaskService.cs:line 1844
   at WarehouseManagementSystem.Service.RcsTaskService.AddTaskAsync(AddTaskRequest request) in E:\NDCProject\AG240101广州舒适刀片\任务管理\Service\RcsTaskService.cs:line 144
2026-03-24 14:05:15.027 +08:00 [INF] AddTask接口调用成功，返回：{"suNum":"PALLET0001","callTime":"2026-03-24T14:04:57Z","status":"Fail","failType":107,"message":"任务拆分失败: 终点 D001 不存在库位配置中","$type":"TaskResponse"}
2026-03-24 14:05:15.057 +08:00 [WRN] 慢请求检测: POST /api/rcs/addTask - 30617ms - 来自 ::1
2026-03-24 14:05:56.220 +08:00 [ERR] Error while processing cached task collection.
Microsoft.Data.SqlClient.SqlException (0x80131904): 列名 'TaskIdentification' 无效。
列名 'TaskIdentification' 无效。
列名 'ShelvesIdentification' 无效。
列名 'ShelvesIdentification' 无效。
列名 'ShelvesIdentification' 无效。
   at Microsoft.Data.SqlClient.SqlCommand.<>c.<ExecuteDbDataReaderAsync>b__188_0(Task`1 result)
   at System.Threading.Tasks.ContinuationResultTaskFromResultTask`2.InnerInvoke()
   at System.Threading.Tasks.Task.<>c.<.cctor>b__272_0(Object obj)
   at System.Threading.ExecutionContext.RunInternal(ExecutionContext executionContext, ContextCallback callback, Object state)
--- End of stack trace from previous location ---
   at System.Threading.ExecutionContext.RunInternal(ExecutionContext executionContext, ContextCallback callback, Object state)
   at System.Threading.Tasks.Task.ExecuteWithThreadLocal(Task& currentTaskSlot, Thread threadPoolThread)
--- End of stack trace from previous location ---
   at Dapper.SqlMapper.QueryAsync[T](IDbConnection cnn, Type effectiveType, CommandDefinition command) in /_/Dapper/SqlMapper.Async.cs:line 434
   at WarehouseManagementSystem.Service.TaskCacheProcessor.GetCandidateCachedTasksAsync(IDbConnection connection, LastCompletedTaskContext dispatchContext) in E:\NDCProject\AG240101广州舒适刀片\任务管理\Service\TaskCacheProcessor.cs:line 289
   at WarehouseManagementSystem.Service.TaskCacheProcessor.ProcessCachedTasks(CancellationToken stoppingToken) in E:\NDCProject\AG240101广州舒适刀片\任务管理\Service\TaskCacheProcessor.cs:line 102
ClientConnectionId:8108bf32-0a14-4095-bed8-d0acd0c13974
Error Number:207,State:1,Class:16
2026-03-24 14:06:04.029 +08:00 [INF] 调用AddTask接口: RequestCode=TASK202603240001, PalletNumber=PALLET0001, TaskType=stockIn, SourceBin=PA011, DestBin=PA030, TaskIdentification=1, ShelvesIdentification=D1
2026-03-24 14:06:06.449 +08:00 [INF] 开始处理AddTaskAsync请求: PalletNumber=PALLET0001, RequestCode=TASK202603240001, TaskType=stockIn, 起点=PA011, 终点=PA030, 物料=MAT001, 数量=1
2026-03-24 14:06:12.512 +08:00 [INF] 检测到需要拆分的任务（类型1），起点: PA011
2026-03-24 14:06:18.255 +08:00 [ERR] 任务拆分失败: 终点站点 40 没有对应的小地牛中转点
System.ArgumentException: 终点站点 40 没有对应的小地牛中转点
   at WarehouseManagementSystem.Service.RcsTaskService.SplitTaskType1Async(AddTaskRequest request, IDbConnection connection, IDbTransaction transaction) in E:\NDCProject\AG240101广州舒适刀片\任务管理\Service\RcsTaskService.cs:line 1863
   at WarehouseManagementSystem.Service.RcsTaskService.AddTaskAsync(AddTaskRequest request) in E:\NDCProject\AG240101广州舒适刀片\任务管理\Service\RcsTaskService.cs:line 144
2026-03-24 14:06:18.333 +08:00 [INF] AddTask接口调用成功，返回：{"suNum":"PALLET0001","callTime":"2026-03-24T14:06:06Z","status":"Fail","failType":107,"message":"任务拆分失败: 终点站点 40 没有对应的小地牛中转点","$type":"TaskResponse"}
2026-03-24 14:06:18.349 +08:00 [WRN] 慢请求检测: POST /api/rcs/addTask - 16458ms - 来自 ::1
2026-03-24 14:06:56.332 +08:00 [ERR] Error while processing cached task collection.
Microsoft.Data.SqlClient.SqlException (0x80131904): 列名 'TaskIdentification' 无效。
列名 'TaskIdentification' 无效。
列名 'ShelvesIdentification' 无效。
列名 'ShelvesIdentification' 无效。
列名 'ShelvesIdentification' 无效。
   at Microsoft.Data.SqlClient.SqlCommand.<>c.<ExecuteDbDataReaderAsync>b__188_0(Task`1 result)
   at System.Threading.Tasks.ContinuationResultTaskFromResultTask`2.InnerInvoke()
   at System.Threading.Tasks.Task.<>c.<.cctor>b__272_0(Object obj)
   at System.Threading.ExecutionContext.RunInternal(ExecutionContext executionContext, ContextCallback callback, Object state)
--- End of stack trace from previous location ---
   at System.Threading.ExecutionContext.RunInternal(ExecutionContext executionContext, ContextCallback callback, Object state)
   at System.Threading.Tasks.Task.ExecuteWithThreadLocal(Task& currentTaskSlot, Thread threadPoolThread)
--- End of stack trace from previous location ---
   at Dapper.SqlMapper.QueryAsync[T](IDbConnection cnn, Type effectiveType, CommandDefinition command) in /_/Dapper/SqlMapper.Async.cs:line 434
   at WarehouseManagementSystem.Service.TaskCacheProcessor.GetCandidateCachedTasksAsync(IDbConnection connection, LastCompletedTaskContext dispatchContext) in E:\NDCProject\AG240101广州舒适刀片\任务管理\Service\TaskCacheProcessor.cs:line 289
   at WarehouseManagementSystem.Service.TaskCacheProcessor.ProcessCachedTasks(CancellationToken stoppingToken) in E:\NDCProject\AG240101广州舒适刀片\任务管理\Service\TaskCacheProcessor.cs:line 102
ClientConnectionId:8d66cd41-5118-411d-9a18-fdf90dfca497
Error Number:207,State:1,Class:16
2026-03-24 14:07:23.796 +08:00 [INF] 调用AddTask接口: RequestCode=TASK202603240001, PalletNumber=PALLET0001, TaskType=stockIn, SourceBin=06C20, DestBin=PA025, TaskIdentification=1, ShelvesIdentification=D1
2026-03-24 14:07:25.984 +08:00 [INF] 开始处理AddTaskAsync请求: PalletNumber=PALLET0001, RequestCode=TASK202603240001, TaskType=stockIn, 起点=06C20, 终点=PA025, 物料=MAT001, 数量=1
2026-03-24 14:07:33.548 +08:00 [INF] 检测到需要拆分的任务（类型2），起点: 06C20
2026-03-24 14:07:34.595 +08:00 [INF] 开始执行CacheTaskAsync: PalletNumber=PALLET0001, RequestCode=TASK202603240001, 错误信息=中转点 PD002 已被锁定
2026-03-24 14:07:34.602 +08:00 [INF] 准备插入新的缓存任务记录: PalletNumber=PALLET0001, RequestCode=TASK202603240001
2026-03-24 14:07:34.636 +08:00 [ERR] 缓存任务失败: 列名 'TaskIdentification' 无效。
列名 'ShelvesIdentification' 无效。
Microsoft.Data.SqlClient.SqlException (0x80131904): 列名 'TaskIdentification' 无效。
列名 'ShelvesIdentification' 无效。
   at Microsoft.Data.SqlClient.SqlConnection.OnError(SqlException exception, Boolean breakConnection, Action`1 wrapCloseInAction)
   at Microsoft.Data.SqlClient.TdsParser.ThrowExceptionAndWarning(TdsParserStateObject stateObj, Boolean callerHasConnectionLock, Boolean asyncClose)
   at Microsoft.Data.SqlClient.TdsParser.TryRun(RunBehavior runBehavior, SqlCommand cmdHandler, SqlDataReader dataStream, BulkCopySimpleResultSet bulkCopyHandler, TdsParserStateObject stateObj, Boolean& dataReady)
   at Microsoft.Data.SqlClient.SqlCommand.FinishExecuteReader(SqlDataReader ds, RunBehavior runBehavior, String resetOptionsString, Boolean isInternal, Boolean forDescribeParameterEncryption, Boolean shouldCacheForAlwaysEncrypted)
   at Microsoft.Data.SqlClient.SqlCommand.CompleteAsyncExecuteReader(Boolean isInternal, Boolean forDescribeParameterEncryption)
   at Microsoft.Data.SqlClient.SqlCommand.InternalEndExecuteNonQuery(IAsyncResult asyncResult, Boolean isInternal, String endMethod)
   at Microsoft.Data.SqlClient.SqlCommand.EndExecuteNonQueryInternal(IAsyncResult asyncResult)
   at Microsoft.Data.SqlClient.SqlCommand.EndExecuteNonQueryAsync(IAsyncResult asyncResult)
   at System.Threading.Tasks.TaskFactory`1.FromAsyncCoreLogic(IAsyncResult iar, Func`2 endFunction, Action`1 endAction, Task`1 promise, Boolean requiresSynchronization)
--- End of stack trace from previous location ---
   at Dapper.SqlMapper.ExecuteImplAsync(IDbConnection cnn, CommandDefinition command, Object param) in /_/Dapper/SqlMapper.Async.cs:line 662
   at WarehouseManagementSystem.Service.RcsTaskService.CacheTaskAsync(AddTaskRequest request, IDbConnection connection, IDbTransaction transaction, String errorMessage) in E:\NDCProject\AG240101广州舒适刀片\任务管理\Service\RcsTaskService.cs:line 737
ClientConnectionId:8d66cd41-5118-411d-9a18-fdf90dfca497
Error Number:207,State:1,Class:16
2026-03-24 14:17:04.652 +08:00 [INF] TCP服务未启用，数据清理服务将不会启动。
2026-03-24 14:17:04.728 +08:00 [INF] TcpServerService 启动，监听 127.0.0.1:9000
2026-03-24 14:17:04.753 +08:00 [INF] Task cache processor started.
2026-03-24 14:17:04.810 +08:00 [INF] Selected 4 cached tasks by dispatch strategy. LastFinishedTaskIdentification=null, LastFinishedShelvesIdentification=null
2026-03-24 14:17:04.813 +08:00 [INF] Processing cached task. Id=149, PalletNumber=20260115150330837, RequestCode=1768460610, RetryCount=9, TaskIdentification=null, ShelvesIdentification=null
2026-03-24 14:17:04.838 +08:00 [INF] Finished cached task processing. Id=149, PalletNumber=20260115150330837, RequestCode=1768460610
2026-03-24 14:17:04.844 +08:00 [INF] Processing cached task. Id=150, PalletNumber=20260115151127837, RequestCode=1768461087, RetryCount=5, TaskIdentification=null, ShelvesIdentification=null
2026-03-24 14:17:04.864 +08:00 [INF] Finished cached task processing. Id=150, PalletNumber=20260115151127837, RequestCode=1768461087
2026-03-24 14:17:04.867 +08:00 [WRN] Overriding address(es) 'http://localhost:5055'. Binding to endpoints defined via IConfiguration and/or UseKestrel() instead.
2026-03-24 14:17:04.867 +08:00 [INF] Processing cached task. Id=151, PalletNumber=20260115151137616, RequestCode=1768461097, RetryCount=5, TaskIdentification=null, ShelvesIdentification=null
2026-03-24 14:17:04.873 +08:00 [INF] Finished cached task processing. Id=151, PalletNumber=20260115151137616, RequestCode=1768461097
2026-03-24 14:17:04.875 +08:00 [INF] Processing cached task. Id=154, PalletNumber=20260323114233122, RequestCode=1774237349, RetryCount=14, TaskIdentification=null, ShelvesIdentification=null
2026-03-24 14:17:04.888 +08:00 [INF] Calling AddTaskAsync. PalletNumber=20260323114233122, RequestCode=1774237349, TaskType=rmHandover, SourceBin=06B06, DestBin=06B13, TaskIdentification=null, ShelvesIdentification=null
2026-03-24 14:17:27.316 +08:00 [INF] 开始处理AddTaskAsync请求: PalletNumber=20260323114233122, RequestCode=1774237349, TaskType=rmHandover, 起点=06B06, 终点=06B13, 物料=, 数量=0
2026-03-24 14:17:36.039 +08:00 [INF] 检测到需要拆分的任务（类型2），起点: 06B06
2026-03-24 14:17:36.938 +08:00 [INF] 开始执行CacheTaskAsync: PalletNumber=20260323114233122, RequestCode=1774237349, 错误信息=中转点 PD002 已被锁定
2026-03-24 14:17:36.946 +08:00 [INF] 发现已存在的缓存任务，将更新而非新增: Id=154, PalletNumber=20260323114233122
2026-03-24 14:17:36.958 +08:00 [INF] 缓存任务已存在，已更新: PalletNumber=20260323114233122, RequestCode=1774237349, 错误信息: 中转点 PD002 已被锁定
2026-03-24 14:17:36.966 +08:00 [INF] CacheTaskAsync完成（更新已存在的缓存任务）
2026-03-24 14:17:47.625 +08:00 [INF] AddTaskAsync returned. Status=Success, Message=任务已缓存，等待点位释放后自动处理, FailType=null
2026-03-24 14:17:47.638 +08:00 [INF] Cached task stays pending. PalletNumber=20260323114233122, RequestCode=1774237349, RetryCount=15
2026-03-24 14:17:47.641 +08:00 [INF] Finished cached task processing. Id=154, PalletNumber=20260323114233122, RequestCode=1774237349
2026-03-24 14:17:47.894 +08:00 [WRN] Failed to determine the https port for redirect.
2026-03-24 14:18:04.049 +08:00 [INF] 正在验证用户: admin
2026-03-24 14:18:04.054 +08:00 [INF] 输入的密码: admin123
2026-03-24 14:18:04.065 +08:00 [INF] 数据库中的密码: admin123
2026-03-24 14:18:04.077 +08:00 [INF] 密码验证结果: True
2026-03-24 14:18:04.103 +08:00 [INF] 更新最后登录时间成功
2026-03-24 14:18:04.106 +08:00 [INF] 用户 admin 登录成功
2026-03-24 14:18:58.702 +08:00 [INF] 调用AddTask接口: RequestCode=TASK202603240001, PalletNumber=PALLET0001, TaskType=stockIn, SourceBin=06C20, DestBin=PA025, TaskIdentification=1, ShelvesIdentification=D1
2026-03-24 14:19:02.040 +08:00 [INF] 开始处理AddTaskAsync请求: PalletNumber=PALLET0001, RequestCode=TASK202603240001, TaskType=stockIn, 起点=06C20, 终点=PA025, 物料=MAT001, 数量=1
2026-03-24 14:19:02.080 +08:00 [INF] 检测到需要拆分的任务（类型2），起点: 06C20
2026-03-24 14:19:02.087 +08:00 [INF] 开始执行CacheTaskAsync: PalletNumber=PALLET0001, RequestCode=TASK202603240001, 错误信息=中转点 PD002 已被锁定
2026-03-24 14:19:02.096 +08:00 [INF] 准备插入新的缓存任务记录: PalletNumber=PALLET0001, RequestCode=TASK202603240001
2026-03-24 14:19:02.106 +08:00 [INF] 任务已缓存: RequestCode=TASK202603240001, PalletNumber=PALLET0001, 错误信息: 中转点 PD002 已被锁定
2026-03-24 14:19:02.108 +08:00 [INF] CacheTaskAsync完成（新增缓存任务）
2026-03-24 14:19:02.114 +08:00 [INF] AddTask接口调用成功，返回：{"suNum":"PALLET0001","callTime":"2026-03-24T14:19:02Z","status":"Success","failType":null,"message":"任务已缓存，等待点位释放后自动处理","$type":"TaskResponse"}
2026-03-24 14:19:02.139 +08:00 [WRN] 慢请求检测: POST /api/rcs/addTask - 3498ms - 来自 ::1
2026-03-24 14:20:06.929 +08:00 [INF] Cached task count is low. Wait 10s before dispatch selection. PendingCount=1
2026-03-24 14:20:24.443 +08:00 [INF] Selected 1 cached tasks by dispatch strategy. LastFinishedTaskIdentification=null, LastFinishedShelvesIdentification=null
2026-03-24 14:20:26.904 +08:00 [INF] Processing cached task. Id=155, PalletNumber=PALLET0001, RequestCode=TASK202603240001, RetryCount=0, TaskIdentification=1, ShelvesIdentification=D1
2026-03-24 14:20:34.076 +08:00 [INF] Calling AddTaskAsync. PalletNumber=PALLET0001, RequestCode=TASK202603240001, TaskType=stockIn, SourceBin=06C20, DestBin=PA025, TaskIdentification=1, ShelvesIdentification=D1
2026-03-24 14:20:34.805 +08:00 [INF] 开始处理AddTaskAsync请求: PalletNumber=PALLET0001, RequestCode=TASK202603240001, TaskType=stockIn, 起点=06C20, 终点=PA025, 物料=MAT001, 数量=1
2026-03-24 14:20:34.842 +08:00 [INF] 检测到需要拆分的任务（类型2），起点: 06C20
2026-03-24 14:20:34.863 +08:00 [INF] 开始执行CacheTaskAsync: PalletNumber=PALLET0001, RequestCode=TASK202603240001, 错误信息=中转点 PD002 已被锁定
2026-03-24 14:20:34.868 +08:00 [INF] 发现已存在的缓存任务，将更新而非新增: Id=155, PalletNumber=PALLET0001
2026-03-24 14:20:34.873 +08:00 [INF] 缓存任务已存在，已更新: PalletNumber=PALLET0001, RequestCode=TASK202603240001, 错误信息: 中转点 PD002 已被锁定
2026-03-24 14:20:34.875 +08:00 [INF] CacheTaskAsync完成（更新已存在的缓存任务）
2026-03-24 14:20:35.372 +08:00 [INF] AddTaskAsync returned. Status=Success, Message=任务已缓存，等待点位释放后自动处理, FailType=null
2026-03-24 14:20:37.965 +08:00 [INF] Cached task stays pending. PalletNumber=PALLET0001, RequestCode=TASK202603240001, RetryCount=1
2026-03-24 14:20:40.358 +08:00 [INF] Finished cached task processing. Id=155, PalletNumber=PALLET0001, RequestCode=TASK202603240001
2026-03-24 14:24:46.674 +08:00 [INF] TCP服务未启用，数据清理服务将不会启动。
2026-03-24 14:24:46.753 +08:00 [INF] TcpServerService 启动，监听 127.0.0.1:9000
2026-03-24 14:24:46.778 +08:00 [INF] 缓存任务处理器已启动
2026-03-24 14:24:50.783 +08:00 [INF] 缓存任务数量较少，调度前等待10秒。当前待处理数量=1
2026-03-24 14:24:50.867 +08:00 [WRN] Overriding address(es) 'http://localhost:5055'. Binding to endpoints defined via IConfiguration and/or UseKestrel() instead.
2026-03-24 14:24:53.233 +08:00 [WRN] Failed to determine the https port for redirect.
2026-03-24 14:24:55.032 +08:00 [INF] 正在验证用户: admin
2026-03-24 14:24:55.038 +08:00 [INF] 输入的密码: admin123
2026-03-24 14:24:55.042 +08:00 [INF] 数据库中的密码: admin123
2026-03-24 14:24:55.046 +08:00 [INF] 密码验证结果: True
2026-03-24 14:24:55.073 +08:00 [INF] 更新最后登录时间成功
2026-03-24 14:24:55.077 +08:00 [INF] 用户 admin 登录成功
2026-03-24 14:24:55.168 +08:00 [WRN] 查询结果为空
2026-03-24 14:25:00.587 +08:00 [WRN] 查询结果为空
2026-03-24 14:25:00.810 +08:00 [INF] 按调度策略选出1条缓存任务。最近完成任务类型=null，最近完成货架=null
2026-03-24 14:25:00.813 +08:00 [INF] 开始处理缓存任务。Id=155，托盘号=PALLET0001，任务号=TASK202603240001，重试次数=1，任务类型标识=1，货架标识=D1
2026-03-24 14:25:00.835 +08:00 [INF] 调用AddTaskAsync。托盘号=PALLET0001，任务号=TASK202603240001，任务类型=stockIn，起点=06C20，终点=PA025，任务类型标识=1，货架标识=D1
2026-03-24 14:25:00.846 +08:00 [INF] 开始处理AddTaskAsync请求: PalletNumber=PALLET0001, RequestCode=TASK202603240001, TaskType=stockIn, 起点=06C20, 终点=PA025, 物料=MAT001, 数量=1
2026-03-24 14:25:00.865 +08:00 [INF] 检测到需要拆分的任务（类型2），起点: 06C20
2026-03-24 14:25:00.881 +08:00 [INF] 开始执行CacheTaskAsync: PalletNumber=PALLET0001, RequestCode=TASK202603240001, 错误信息=中转点 PD002 已被锁定
2026-03-24 14:25:00.886 +08:00 [INF] 发现已存在的缓存任务，将更新而非新增: Id=155, PalletNumber=PALLET0001
2026-03-24 14:25:00.891 +08:00 [INF] 缓存任务已存在，已更新: PalletNumber=PALLET0001, RequestCode=TASK202603240001, 错误信息: 中转点 PD002 已被锁定
2026-03-24 14:25:00.895 +08:00 [INF] CacheTaskAsync完成（更新已存在的缓存任务）
2026-03-24 14:25:00.913 +08:00 [INF] AddTaskAsync返回结果。状态=Success，消息=任务已缓存，等待点位释放后自动处理，失败类型=null
2026-03-24 14:25:00.921 +08:00 [INF] 缓存任务继续保留等待重试。托盘号=PALLET0001，任务号=TASK202603240001，重试次数=2
2026-03-24 14:25:00.925 +08:00 [INF] 缓存任务处理完成。Id=155，托盘号=PALLET0001，任务号=TASK202603240001
2026-03-24 14:25:05.577 +08:00 [WRN] 查询结果为空
2026-03-24 14:25:10.576 +08:00 [WRN] 查询结果为空
2026-03-24 14:25:15.577 +08:00 [WRN] 查询结果为空
2026-03-24 14:25:20.576 +08:00 [WRN] 查询结果为空
2026-03-24 14:25:25.576 +08:00 [WRN] 查询结果为空
2026-03-24 14:25:30.580 +08:00 [WRN] 查询结果为空
2026-03-24 14:25:35.119 +08:00 [INF] 同步操作中转点: 72 -> 597, 锁定状态: false
2026-03-24 14:26:00.941 +08:00 [INF] 缓存任务数量较少，调度前等待10秒。当前待处理数量=1
2026-03-24 14:26:10.959 +08:00 [INF] 按调度策略选出1条缓存任务。最近完成任务类型=null，最近完成货架=null
2026-03-24 14:26:10.962 +08:00 [INF] 开始处理缓存任务。Id=155，托盘号=PALLET0001，任务号=TASK202603240001，重试次数=2，任务类型标识=1，货架标识=D1
2026-03-24 14:26:10.971 +08:00 [INF] 调用AddTaskAsync。托盘号=PALLET0001，任务号=TASK202603240001，任务类型=stockIn，起点=06C20，终点=PA025，任务类型标识=1，货架标识=D1
2026-03-24 14:26:10.978 +08:00 [INF] 开始处理AddTaskAsync请求: PalletNumber=PALLET0001, RequestCode=TASK202603240001, TaskType=stockIn, 起点=06C20, 终点=PA025, 物料=MAT001, 数量=1
2026-03-24 14:26:10.989 +08:00 [INF] 检测到需要拆分的任务（类型2），起点: 06C20
2026-03-24 14:26:11.046 +08:00 [INF] 已锁定任务起点储位: 06C20
2026-03-24 14:26:11.048 +08:00 [INF] 已锁定小地牛中转点储位: PC002
2026-03-24 14:26:11.052 +08:00 [INF] 已锁定三向车中转点储位: PD002
2026-03-24 14:26:11.055 +08:00 [INF] 已锁定任务终点储位: PA021
2026-03-24 14:26:11.060 +08:00 [INF] 任务拆分完成（类型2），分组ID: becb6b9a-1f84-430c-9d49-f955bd59981d，第一个任务: TASK202603240001_1，第二个任务: TASK202603240001_2
2026-03-24 14:26:11.083 +08:00 [INF] 任务拆分成功，原始任务: TASK202603240001，生成了 2 个子任务
2026-03-24 14:26:11.086 +08:00 [INF] AddTaskAsync返回结果。状态=Success，消息=任务拆分成功，生成了 2 个子任务，失败类型=null
2026-03-24 14:26:11.092 +08:00 [INF] 缓存任务下发成功。托盘号=PALLET0001，任务号=TASK202603240001
2026-03-24 14:26:11.095 +08:00 [INF] 缓存任务处理完成。Id=155，托盘号=PALLET0001，任务号=TASK202603240001
2026-03-24 14:27:52.805 +08:00 [INF] 同步操作中转点: 72 -> 597, 锁定状态: false
2026-03-24 14:28:00.938 +08:00 [INF] 调用AddTask接口: RequestCode=TASK202603240001, PalletNumber=PALLET0001, TaskType=stockIn, SourceBin=06C20, DestBin=PA025, TaskIdentification=1, ShelvesIdentification=D1
2026-03-24 14:28:00.945 +08:00 [INF] 开始处理AddTaskAsync请求: PalletNumber=PALLET0001, RequestCode=TASK202603240001, TaskType=stockIn, 起点=06C20, 终点=PA025, 物料=MAT001, 数量=1
2026-03-24 14:28:00.956 +08:00 [INF] 检测到需要拆分的任务（类型2），起点: 06C20
2026-03-24 14:28:00.960 +08:00 [INF] 起点 06C20 已被锁定，将任务缓存
2026-03-24 14:28:00.962 +08:00 [INF] 开始执行CacheTaskAsync: PalletNumber=PALLET0001, RequestCode=TASK202603240001, 错误信息=起点 06C20 已被锁定
2026-03-24 14:28:00.972 +08:00 [INF] 准备插入新的缓存任务记录: PalletNumber=PALLET0001, RequestCode=TASK202603240001
2026-03-24 14:28:00.981 +08:00 [INF] 任务已缓存: RequestCode=TASK202603240001, PalletNumber=PALLET0001, 错误信息: 起点 06C20 已被锁定
2026-03-24 14:28:00.983 +08:00 [INF] CacheTaskAsync完成（新增缓存任务）
2026-03-24 14:28:00.991 +08:00 [INF] AddTask接口调用成功，返回：{"suNum":"PALLET0001","callTime":"2026-03-24T14:28:00Z","status":"Success","failType":null,"message":"任务已缓存，等待点位释放后自动处理","$type":"TaskResponse"}
2026-03-24 14:28:11.129 +08:00 [INF] 缓存任务数量较少，调度前等待10秒。当前待处理数量=1
2026-03-24 14:28:21.154 +08:00 [INF] 按调度策略选出1条缓存任务。最近完成任务类型=null，最近完成货架=null
2026-03-24 14:28:21.157 +08:00 [INF] 开始处理缓存任务。Id=156，托盘号=PALLET0001，任务号=TASK202603240001，重试次数=0，任务类型标识=1，货架标识=D1
2026-03-24 14:28:21.192 +08:00 [INF] 缓存任务处理完成。Id=156，托盘号=PALLET0001，任务号=TASK202603240001
2026-03-24 14:28:25.630 +08:00 [WRN] 查询结果为空
2026-03-24 14:28:28.090 +08:00 [WRN] 查询结果为空
2026-03-24 14:28:31.019 +08:00 [WRN] 查询结果为空
2026-03-24 14:28:35.882 +08:00 [WRN] 查询结果为空
2026-03-24 14:28:41.054 +08:00 [WRN] 查询结果为空
2026-03-24 14:28:46.053 +08:00 [WRN] 查询结果为空
2026-03-24 14:28:51.052 +08:00 [WRN] 查询结果为空
2026-03-24 14:28:56.053 +08:00 [WRN] 查询结果为空
2026-03-24 14:29:01.057 +08:00 [WRN] 查询结果为空
2026-03-24 14:29:06.799 +08:00 [WRN] 查询结果为空
2026-03-24 14:29:10.164 +08:00 [WRN] 查询结果为空
2026-03-24 14:29:21.208 +08:00 [INF] 缓存任务数量较少，调度前等待10秒。当前待处理数量=1
2026-03-24 14:29:31.217 +08:00 [INF] 按调度策略选出1条缓存任务。最近完成任务类型=null，最近完成货架=null
2026-03-24 14:29:31.220 +08:00 [INF] 开始处理缓存任务。Id=156，托盘号=PALLET0001，任务号=TASK202603240001，重试次数=0，任务类型标识=1，货架标识=D1
2026-03-24 14:29:31.232 +08:00 [INF] 缓存任务处理完成。Id=156，托盘号=PALLET0001，任务号=TASK202603240001
2026-03-24 14:29:59.348 +08:00 [WRN] 查询结果为空
2026-03-24 14:32:22.758 +08:00 [INF] TCP服务未启用，数据清理服务将不会启动。
2026-03-24 14:32:22.834 +08:00 [INF] TcpServerService 启动，监听 127.0.0.1:9000
2026-03-24 14:32:22.860 +08:00 [INF] 缓存任务处理器已启动
2026-03-24 14:32:22.898 +08:00 [INF] 当前只有1条缓存任务，且已缓存超过10秒，本轮直接尝试下发
2026-03-24 14:32:22.939 +08:00 [INF] 按调度策略选出1条缓存任务。最近完成任务类型=null，最近完成货架=null
2026-03-24 14:32:22.943 +08:00 [INF] 开始处理缓存任务。Id=156，托盘号=PALLET0001，任务号=TASK202603240001，重试次数=0，任务类型标识=1，货架标识=D1
2026-03-24 14:32:22.979 +08:00 [WRN] Overriding address(es) 'http://localhost:5055'. Binding to endpoints defined via IConfiguration and/or UseKestrel() instead.
2026-03-24 14:32:22.985 +08:00 [INF] 缓存任务处理完成。Id=156，托盘号=PALLET0001，任务号=TASK202603240001
2026-03-24 14:32:25.423 +08:00 [WRN] Failed to determine the https port for redirect.
2026-03-24 14:32:27.648 +08:00 [INF] 正在验证用户: admin
2026-03-24 14:32:27.651 +08:00 [INF] 输入的密码: admin123
2026-03-24 14:32:27.653 +08:00 [INF] 数据库中的密码: admin123
2026-03-24 14:32:27.654 +08:00 [INF] 密码验证结果: True
2026-03-24 14:32:27.677 +08:00 [INF] 更新最后登录时间成功
2026-03-24 14:32:27.680 +08:00 [INF] 用户 admin 登录成功
2026-03-24 14:32:27.761 +08:00 [WRN] 查询结果为空
2026-03-24 14:32:33.173 +08:00 [WRN] 查询结果为空
2026-03-24 14:32:38.164 +08:00 [WRN] 查询结果为空
2026-03-24 14:32:43.162 +08:00 [WRN] 查询结果为空
2026-03-24 14:32:48.163 +08:00 [WRN] 查询结果为空
2026-03-24 14:32:53.163 +08:00 [WRN] 查询结果为空
2026-03-24 14:32:58.161 +08:00 [WRN] 查询结果为空
2026-03-24 14:32:58.801 +08:00 [WRN] 查询结果为空
2026-03-24 14:33:03.125 +08:00 [WRN] 查询结果为空
2026-03-24 14:33:23.004 +08:00 [INF] 当前只有1条缓存任务，且已缓存超过10秒，本轮直接尝试下发
2026-03-24 14:33:23.011 +08:00 [INF] 按调度策略选出1条缓存任务。最近完成任务类型=null，最近完成货架=null
2026-03-24 14:33:23.016 +08:00 [INF] 开始处理缓存任务。Id=156，托盘号=PALLET0001，任务号=TASK202603240001，重试次数=1，任务类型标识=1，货架标识=D1
2026-03-24 14:33:23.037 +08:00 [INF] 缓存任务处理完成。Id=156，托盘号=PALLET0001，任务号=TASK202603240001
2026-03-24 14:34:36.583 +08:00 [WRN] 慢请求检测: GET /Tasks/Index - 1332ms - 来自 ::1
2026-03-24 14:34:43.202 +08:00 [INF] 当前只有1条缓存任务，且已缓存超过10秒，本轮直接尝试下发
2026-03-24 14:34:43.204 +08:00 [WRN] 慢请求检测: GET /Tasks/Index - 3115ms - 来自 ::1
2026-03-24 14:34:47.819 +08:00 [INF] 按调度策略选出1条缓存任务。最近完成任务类型=null，最近完成货架=null
2026-03-24 14:34:50.135 +08:00 [INF] 较慢请求: GET /api/connectionstatus - 643ms
2026-03-24 14:34:50.200 +08:00 [INF] 较慢请求: GET /Tasks/Index - 709ms
2026-03-24 14:34:50.231 +08:00 [INF] 开始处理缓存任务。Id=156，托盘号=PALLET0001，任务号=TASK202603240001，重试次数=2，任务类型标识=1，货架标识=D1
2026-03-24 14:34:58.940 +08:00 [INF] 缓存任务处理完成。Id=156，托盘号=PALLET0001，任务号=TASK202603240001
2026-03-24 14:36:16.134 +08:00 [INF] TCP服务未启用，数据清理服务将不会启动。
2026-03-24 14:36:16.205 +08:00 [INF] TcpServerService 启动，监听 127.0.0.1:9000
2026-03-24 14:36:16.227 +08:00 [INF] 缓存任务处理器已启动
2026-03-24 14:36:23.524 +08:00 [INF] 当前只有1条缓存任务，且已缓存超过10秒，本轮直接尝试下发
2026-03-24 14:36:23.556 +08:00 [INF] 按调度策略选出1条缓存任务。最近完成任务类型=null，最近完成货架=null
2026-03-24 14:36:23.559 +08:00 [INF] 开始处理缓存任务。Id=156，托盘号=PALLET0001，任务号=TASK202603240001，重试次数=3，任务类型标识=1，货架标识=D1
2026-03-24 14:36:23.591 +08:00 [WRN] Overriding address(es) 'http://localhost:5055'. Binding to endpoints defined via IConfiguration and/or UseKestrel() instead.
2026-03-24 14:36:23.596 +08:00 [WRN] 缓存任务本轮未下发，原因是起点或终点不可用。任务号=TASK202603240001，起点=06C20，终点=PA025，新的重试次数=4
2026-03-24 14:36:23.598 +08:00 [INF] 缓存任务处理完成。Id=156，托盘号=PALLET0001，任务号=TASK202603240001
2026-03-24 14:36:25.783 +08:00 [WRN] Failed to determine the https port for redirect.
2026-03-24 14:36:27.675 +08:00 [INF] 正在验证用户: admin
2026-03-24 14:36:27.680 +08:00 [INF] 输入的密码: admin123
2026-03-24 14:36:27.684 +08:00 [INF] 数据库中的密码: admin123
2026-03-24 14:36:27.687 +08:00 [INF] 密码验证结果: True
2026-03-24 14:36:27.710 +08:00 [INF] 更新最后登录时间成功
2026-03-24 14:36:27.713 +08:00 [INF] 用户 admin 登录成功
2026-03-24 14:36:27.791 +08:00 [WRN] 查询结果为空
2026-03-24 14:36:33.223 +08:00 [WRN] 查询结果为空
2026-03-24 14:36:38.215 +08:00 [WRN] 查询结果为空
2026-03-24 14:36:43.213 +08:00 [WRN] 查询结果为空
2026-03-24 14:36:48.211 +08:00 [WRN] 查询结果为空
2026-03-24 14:36:53.213 +08:00 [WRN] 查询结果为空
2026-03-24 14:36:58.213 +08:00 [WRN] 查询结果为空
2026-03-24 14:37:03.210 +08:00 [WRN] 查询结果为空
2026-03-24 14:37:08.245 +08:00 [WRN] 查询结果为空
2026-03-24 14:37:13.212 +08:00 [WRN] 查询结果为空
2026-03-24 14:37:18.211 +08:00 [WRN] 查询结果为空
2026-03-24 14:37:23.211 +08:00 [WRN] 查询结果为空
2026-03-24 14:37:23.616 +08:00 [INF] 当前只有1条缓存任务，且已缓存超过10秒，本轮直接尝试下发
2026-03-24 14:37:23.622 +08:00 [INF] 按调度策略选出1条缓存任务。最近完成任务类型=null，最近完成货架=null
2026-03-24 14:37:23.625 +08:00 [INF] 开始处理缓存任务。Id=156，托盘号=PALLET0001，任务号=TASK202603240001，重试次数=4，任务类型标识=1，货架标识=D1
2026-03-24 14:37:23.641 +08:00 [WRN] 缓存任务本轮未下发，原因是起点或终点不可用。任务号=TASK202603240001，起点=06C20，终点=PA025，新的重试次数=5
2026-03-24 14:37:23.647 +08:00 [INF] 缓存任务处理完成。Id=156，托盘号=PALLET0001，任务号=TASK202603240001
2026-03-24 14:37:28.211 +08:00 [WRN] 查询结果为空
2026-03-24 14:37:33.214 +08:00 [WRN] 查询结果为空
2026-03-24 14:37:38.214 +08:00 [WRN] 查询结果为空
2026-03-24 14:38:18.097 +08:00 [WRN] 查询结果为空
2026-03-24 14:38:23.660 +08:00 [INF] 当前只有1条缓存任务，且已缓存超过10秒，本轮直接尝试下发
2026-03-24 14:38:23.666 +08:00 [INF] 按调度策略选出1条缓存任务。最近完成任务类型=null，最近完成货架=null
2026-03-24 14:38:23.668 +08:00 [INF] 开始处理缓存任务。Id=156，托盘号=PALLET0001，任务号=TASK202603240001，重试次数=5，任务类型标识=1，货架标识=D1
2026-03-24 14:38:23.677 +08:00 [INF] 缓存任务起点终点校验通过，准备调用AddTaskAsync。任务号=TASK202603240001，起点=06C20，终点=PA025
2026-03-24 14:38:23.681 +08:00 [INF] 调用AddTaskAsync。托盘号=PALLET0001，任务号=TASK202603240001，任务类型=stockIn，起点=06C20，终点=PA025，任务类型标识=1，货架标识=D1
2026-03-24 14:38:26.994 +08:00 [INF] 开始处理AddTaskAsync请求: PalletNumber=PALLET0001, RequestCode=TASK202603240001, TaskType=stockIn, 起点=06C20, 终点=PA025, 物料=MAT001, 数量=1
2026-03-24 14:38:27.069 +08:00 [INF] 检测到需要拆分的任务（类型2），起点: 06C20
2026-03-24 14:38:27.146 +08:00 [INF] 已锁定任务起点储位: 06C20
2026-03-24 14:38:27.148 +08:00 [INF] 已锁定小地牛中转点储位: PC002
2026-03-24 14:38:27.154 +08:00 [INF] 已锁定三向车中转点储位: PD002
2026-03-24 14:38:27.160 +08:00 [INF] 已锁定任务终点储位: PA022
2026-03-24 14:38:27.169 +08:00 [INF] 任务拆分完成（类型2），分组ID: 1892cd55-9a36-42b0-8b60-c99cf75b0973，第一个任务: TASK202603240001_1，第二个任务: TASK202603240001_2
2026-03-24 14:38:27.194 +08:00 [INF] 任务拆分成功，原始任务: TASK202603240001，生成了 2 个子任务
2026-03-24 14:38:27.198 +08:00 [INF] AddTaskAsync返回结果。状态=Success，消息=任务拆分成功，生成了 2 个子任务，失败类型=null
2026-03-24 14:38:27.208 +08:00 [INF] 缓存任务下发成功。托盘号=PALLET0001，任务号=TASK202603240001
2026-03-24 14:38:27.216 +08:00 [INF] 缓存任务处理完成。Id=156，托盘号=PALLET0001，任务号=TASK202603240001
2026-03-24 16:17:12.205 +08:00 [INF] TCP服务未启用，数据清理服务将不会启动。
2026-03-24 16:17:12.262 +08:00 [INF] TcpServerService 启动，监听 127.0.0.1:9000
2026-03-24 16:17:12.283 +08:00 [INF] 缓存任务处理器已启动
2026-03-24 16:17:12.379 +08:00 [WRN] Overriding address(es) 'http://localhost:5055'. Binding to endpoints defined via IConfiguration and/or UseKestrel() instead.
2026-03-24 16:17:15.634 +08:00 [WRN] Failed to determine the https port for redirect.
