2026-01-20 09:24:20.923 +08:00 [INF] TCP服务未启用，数据清理服务将不会启动。
2026-01-20 09:24:20.989 +08:00 [INF] TcpServerService 启动，监听 127.0.0.1:9000
2026-01-20 09:24:21.012 +08:00 [INF] 任务缓存处理器已启动
2026-01-20 09:24:21.037 +08:00 [INF] 本次处理 4 个缓存任务
2026-01-20 09:24:21.038 +08:00 [INF] 开始处理缓存任务: Id=150, PalletNumber=20260115151127837, RequestCode=1768461087, RetryCount=5
2026-01-20 09:24:21.062 +08:00 [INF] 完成处理缓存任务: Id=150, PalletNumber=20260115151127837, RequestCode=1768461087
2026-01-20 09:24:21.063 +08:00 [INF] 开始处理缓存任务: Id=151, PalletNumber=20260115151137616, RequestCode=1768461097, RetryCount=5
2026-01-20 09:24:21.065 +08:00 [INF] 完成处理缓存任务: Id=151, PalletNumber=20260115151137616, RequestCode=1768461097
2026-01-20 09:24:21.066 +08:00 [INF] 开始处理缓存任务: Id=152, PalletNumber=20260115151151171, RequestCode=1768461111, RetryCount=21
2026-01-20 09:24:21.069 +08:00 [INF] 检测到点位可用，准备处理缓存任务: RequestCode=1768461111, 起点=06C06, 终点=06A07
2026-01-20 09:24:21.081 +08:00 [INF] 调用AddTaskAsync: PalletNumber=20260115151151171, RequestCode=1768461111, TaskType=manualTask, 起点=06C06, 终点=06A07
2026-01-20 09:24:21.088 +08:00 [INF] 开始处理AddTaskAsync请求: PalletNumber=20260115151151171, RequestCode=1768461111, TaskType=manualTask, 起点=06C06, 终点=06A07, 物料=, 数量=0
2026-01-20 09:24:21.111 +08:00 [INF] 检测到需要拆分的任务（类型2），起点: 06C06
2026-01-20 09:24:21.122 +08:00 [WRN] Overriding address(es) 'http://localhost:5055'. Binding to endpoints defined via IConfiguration and/or UseKestrel() instead.
2026-01-20 09:24:21.130 +08:00 [INF] 开始执行CacheTaskAsync: PalletNumber=20260115151151171, RequestCode=1768461111, 错误信息=中转点 PD002 已被锁定
2026-01-20 09:24:21.135 +08:00 [INF] 发现已存在的缓存任务，将更新而非新增: Id=152, PalletNumber=20260115151151171
2026-01-20 09:24:21.141 +08:00 [INF] 缓存任务已存在，已更新: PalletNumber=20260115151151171, RequestCode=1768461111, 错误信息: 中转点 PD002 已被锁定
2026-01-20 09:24:21.144 +08:00 [INF] CacheTaskAsync完成（更新已存在的缓存任务）
2026-01-20 09:24:21.152 +08:00 [INF] AddTaskAsync返回结果: Status=Success, Message=任务已缓存，等待点位释放后自动处理, FailType=
2026-01-20 09:24:21.167 +08:00 [INF] 缓存任务仍需等待点位释放: PalletNumber=20260115151151171, RequestCode=1768461111, 重试次数: 22
2026-01-20 09:24:21.168 +08:00 [INF] 完成处理缓存任务: Id=152, PalletNumber=20260115151151171, RequestCode=1768461111
2026-01-20 09:24:21.169 +08:00 [INF] 开始处理缓存任务: Id=149, PalletNumber=20260115150330837, RequestCode=1768460610, RetryCount=9
2026-01-20 09:24:21.172 +08:00 [INF] 完成处理缓存任务: Id=149, PalletNumber=20260115150330837, RequestCode=1768460610
2026-01-20 09:24:25.983 +08:00 [WRN] Failed to determine the https port for redirect.
2026-01-20 09:24:33.988 +08:00 [INF] 正在验证用户: admin
2026-01-20 09:24:33.990 +08:00 [INF] 输入的密码: admin123
2026-01-20 09:24:33.995 +08:00 [INF] 数据库中的密码: admin123
2026-01-20 09:24:33.997 +08:00 [INF] 密码验证结果: True
2026-01-20 09:24:34.018 +08:00 [INF] 更新最后登录时间成功
2026-01-20 09:24:34.021 +08:00 [INF] 用户 admin 登录成功
