2025-10-20 09:48:31.394 +08:00 [INF] TCP服务未启用，数据清理服务将不会启动。
2025-10-20 09:48:31.459 +08:00 [INF] TcpServerService 启动，监听 127.0.0.1:9000
2025-10-20 09:48:31.489 +08:00 [INF] 任务缓存处理器已启动
2025-10-20 09:48:31.609 +08:00 [WRN] Overriding address(es) 'http://localhost:5055'. Binding to endpoints defined via IConfiguration and/or UseKestrel() instead.
2025-10-20 09:48:36.092 +08:00 [WRN] Failed to determine the https port for redirect.
2025-10-20 09:48:47.226 +08:00 [INF] 正在验证用户: admin
2025-10-20 09:48:47.229 +08:00 [INF] 输入的密码: admin123
2025-10-20 09:48:47.230 +08:00 [INF] 数据库中的密码: admin123
2025-10-20 09:48:47.232 +08:00 [INF] 密码验证结果: True
2025-10-20 09:48:47.253 +08:00 [INF] 更新最后登录时间成功
2025-10-20 09:48:47.254 +08:00 [INF] 用户 admin 登录成功
2025-10-20 09:48:47.328 +08:00 [INF] 查询到任务数据: ID=151971, MaterialCode=, MaterialQuantity=0, PalletNumber=001
2025-10-20 09:48:54.039 +08:00 [ERR] Failed executing DbCommand (36ms) [Parameters=[@__p_0='?' (DbType = Int32), @__p_1='?' (DbType = Int32)], CommandType='"Text"', CommandTimeout='30']
SELECT [t].[Id], [t].[ConfirmTime], [t].[CreateTime], [t].[DestType], [t].[IsSplitTask], [t].[LastError], [t].[MaterialCode], [t].[MaterialQuantity], [t].[OriginalTaskId], [t].[PalletNumber], [t].[Priority], [t].[RequestCode], [t].[RetryCount], [t].[SourcePosition], [t].[SourceType], [t].[Status], [t].[TargetPosition], [t].[TaskGroupId], [t].[TaskSequence], [t].[TaskType]
FROM [TaskCaches] AS [t]
ORDER BY [t].[CreateTime] DESC
OFFSET @__p_0 ROWS FETCH NEXT @__p_1 ROWS ONLY
2025-10-20 09:48:54.126 +08:00 [ERR] An exception occurred while iterating over the results of a query for context type 'ApplicationDbContext'.
Microsoft.Data.SqlClient.SqlException (0x80131904): 对象名 'TaskCaches' 无效。
   at Microsoft.Data.SqlClient.SqlCommand.<>c.<ExecuteDbDataReaderAsync>b__188_0(Task`1 result)
   at System.Threading.Tasks.ContinuationResultTaskFromResultTask`2.InnerInvoke()
   at System.Threading.Tasks.Task.<>c.<.cctor>b__272_0(Object obj)
   at System.Threading.ExecutionContext.RunInternal(ExecutionContext executionContext, ContextCallback callback, Object state)
--- End of stack trace from previous location ---
   at System.Threading.ExecutionContext.RunInternal(ExecutionContext executionContext, ContextCallback callback, Object state)
   at System.Threading.Tasks.Task.ExecuteWithThreadLocal(Task& currentTaskSlot, Thread threadPoolThread)
--- End of stack trace from previous location ---
   at Microsoft.EntityFrameworkCore.Storage.RelationalCommand.ExecuteReaderAsync(RelationalCommandParameterObject parameterObject, CancellationToken cancellationToken)
   at Microsoft.EntityFrameworkCore.Storage.RelationalCommand.ExecuteReaderAsync(RelationalCommandParameterObject parameterObject, CancellationToken cancellationToken)
   at Microsoft.EntityFrameworkCore.Query.Internal.SingleQueryingEnumerable`1.AsyncEnumerator.InitializeReaderAsync(AsyncEnumerator enumerator, CancellationToken cancellationToken)
   at Microsoft.EntityFrameworkCore.Storage.ExecutionStrategy.<>c__DisplayClass33_0`2.<<ExecuteAsync>b__0>d.MoveNext()
--- End of stack trace from previous location ---
   at Microsoft.EntityFrameworkCore.Storage.ExecutionStrategy.ExecuteImplementationAsync[TState,TResult](Func`4 operation, Func`4 verifySucceeded, TState state, CancellationToken cancellationToken)
   at Microsoft.EntityFrameworkCore.Storage.ExecutionStrategy.ExecuteImplementationAsync[TState,TResult](Func`4 operation, Func`4 verifySucceeded, TState state, CancellationToken cancellationToken)
   at Microsoft.EntityFrameworkCore.Storage.ExecutionStrategy.ExecuteAsync[TState,TResult](TState state, Func`4 operation, Func`4 verifySucceeded, CancellationToken cancellationToken)
   at Microsoft.EntityFrameworkCore.Query.Internal.SingleQueryingEnumerable`1.AsyncEnumerator.MoveNextAsync()
ClientConnectionId:d5073b0a-fa0c-4cee-baf0-55e922375804
Error Number:208,State:1,Class:16
Microsoft.Data.SqlClient.SqlException (0x80131904): 对象名 'TaskCaches' 无效。
   at Microsoft.Data.SqlClient.SqlCommand.<>c.<ExecuteDbDataReaderAsync>b__188_0(Task`1 result)
   at System.Threading.Tasks.ContinuationResultTaskFromResultTask`2.InnerInvoke()
   at System.Threading.Tasks.Task.<>c.<.cctor>b__272_0(Object obj)
   at System.Threading.ExecutionContext.RunInternal(ExecutionContext executionContext, ContextCallback callback, Object state)
--- End of stack trace from previous location ---
   at System.Threading.ExecutionContext.RunInternal(ExecutionContext executionContext, ContextCallback callback, Object state)
   at System.Threading.Tasks.Task.ExecuteWithThreadLocal(Task& currentTaskSlot, Thread threadPoolThread)
--- End of stack trace from previous location ---
   at Microsoft.EntityFrameworkCore.Storage.RelationalCommand.ExecuteReaderAsync(RelationalCommandParameterObject parameterObject, CancellationToken cancellationToken)
   at Microsoft.EntityFrameworkCore.Storage.RelationalCommand.ExecuteReaderAsync(RelationalCommandParameterObject parameterObject, CancellationToken cancellationToken)
   at Microsoft.EntityFrameworkCore.Query.Internal.SingleQueryingEnumerable`1.AsyncEnumerator.InitializeReaderAsync(AsyncEnumerator enumerator, CancellationToken cancellationToken)
   at Microsoft.EntityFrameworkCore.Storage.ExecutionStrategy.<>c__DisplayClass33_0`2.<<ExecuteAsync>b__0>d.MoveNext()
--- End of stack trace from previous location ---
   at Microsoft.EntityFrameworkCore.Storage.ExecutionStrategy.ExecuteImplementationAsync[TState,TResult](Func`4 operation, Func`4 verifySucceeded, TState state, CancellationToken cancellationToken)
   at Microsoft.EntityFrameworkCore.Storage.ExecutionStrategy.ExecuteImplementationAsync[TState,TResult](Func`4 operation, Func`4 verifySucceeded, TState state, CancellationToken cancellationToken)
   at Microsoft.EntityFrameworkCore.Storage.ExecutionStrategy.ExecuteAsync[TState,TResult](TState state, Func`4 operation, Func`4 verifySucceeded, CancellationToken cancellationToken)
   at Microsoft.EntityFrameworkCore.Query.Internal.SingleQueryingEnumerable`1.AsyncEnumerator.MoveNextAsync()
ClientConnectionId:d5073b0a-fa0c-4cee-baf0-55e922375804
Error Number:208,State:1,Class:16
2025-10-20 09:48:54.208 +08:00 [ERR] 获取缓存任务列表失败
Microsoft.Data.SqlClient.SqlException (0x80131904): 对象名 'TaskCaches' 无效。
   at Microsoft.Data.SqlClient.SqlCommand.<>c.<ExecuteDbDataReaderAsync>b__188_0(Task`1 result)
   at System.Threading.Tasks.ContinuationResultTaskFromResultTask`2.InnerInvoke()
   at System.Threading.Tasks.Task.<>c.<.cctor>b__272_0(Object obj)
   at System.Threading.ExecutionContext.RunInternal(ExecutionContext executionContext, ContextCallback callback, Object state)
--- End of stack trace from previous location ---
   at System.Threading.ExecutionContext.RunInternal(ExecutionContext executionContext, ContextCallback callback, Object state)
   at System.Threading.Tasks.Task.ExecuteWithThreadLocal(Task& currentTaskSlot, Thread threadPoolThread)
--- End of stack trace from previous location ---
   at Microsoft.EntityFrameworkCore.Storage.RelationalCommand.ExecuteReaderAsync(RelationalCommandParameterObject parameterObject, CancellationToken cancellationToken)
   at Microsoft.EntityFrameworkCore.Storage.RelationalCommand.ExecuteReaderAsync(RelationalCommandParameterObject parameterObject, CancellationToken cancellationToken)
   at Microsoft.EntityFrameworkCore.Query.Internal.SingleQueryingEnumerable`1.AsyncEnumerator.InitializeReaderAsync(AsyncEnumerator enumerator, CancellationToken cancellationToken)
   at Microsoft.EntityFrameworkCore.Storage.ExecutionStrategy.<>c__DisplayClass33_0`2.<<ExecuteAsync>b__0>d.MoveNext()
--- End of stack trace from previous location ---
   at Microsoft.EntityFrameworkCore.Storage.ExecutionStrategy.ExecuteImplementationAsync[TState,TResult](Func`4 operation, Func`4 verifySucceeded, TState state, CancellationToken cancellationToken)
   at Microsoft.EntityFrameworkCore.Storage.ExecutionStrategy.ExecuteImplementationAsync[TState,TResult](Func`4 operation, Func`4 verifySucceeded, TState state, CancellationToken cancellationToken)
   at Microsoft.EntityFrameworkCore.Storage.ExecutionStrategy.ExecuteAsync[TState,TResult](TState state, Func`4 operation, Func`4 verifySucceeded, CancellationToken cancellationToken)
   at Microsoft.EntityFrameworkCore.Query.Internal.SingleQueryingEnumerable`1.AsyncEnumerator.MoveNextAsync()
   at Microsoft.EntityFrameworkCore.EntityFrameworkQueryableExtensions.ToListAsync[TSource](IQueryable`1 source, CancellationToken cancellationToken)
   at Microsoft.EntityFrameworkCore.EntityFrameworkQueryableExtensions.ToListAsync[TSource](IQueryable`1 source, CancellationToken cancellationToken)
   at WarehouseManagementSystem.Controllers.TasksController.CachedTasks(Int32 page, Int32 pageSize) in E:\NDCProject\AG240101广州舒适刀片\任务管理\Controllers\TasksController.cs:line 287
ClientConnectionId:d5073b0a-fa0c-4cee-baf0-55e922375804
Error Number:208,State:1,Class:16
2025-10-20 09:48:54.260 +08:00 [INF] 较慢请求: GET /Tasks/CachedTasks - 862ms
2025-10-20 09:49:00.940 +08:00 [ERR] Failed executing DbCommand (5ms) [Parameters=[], CommandType='"Text"', CommandTimeout='30']
SELECT [t].[Id], [t].[ConfirmTime], [t].[CreateTime], [t].[DestType], [t].[IsSplitTask], [t].[LastError], [t].[MaterialCode], [t].[MaterialQuantity], [t].[OriginalTaskId], [t].[PalletNumber], [t].[Priority], [t].[RequestCode], [t].[RetryCount], [t].[SourcePosition], [t].[SourceType], [t].[Status], [t].[TargetPosition], [t].[TaskGroupId], [t].[TaskSequence], [t].[TaskType]
FROM [TaskCaches] AS [t]
2025-10-20 09:49:00.950 +08:00 [ERR] An exception occurred while iterating over the results of a query for context type 'ApplicationDbContext'.
Microsoft.Data.SqlClient.SqlException (0x80131904): 对象名 'TaskCaches' 无效。
   at Microsoft.Data.SqlClient.SqlCommand.<>c.<ExecuteDbDataReaderAsync>b__188_0(Task`1 result)
   at System.Threading.Tasks.ContinuationResultTaskFromResultTask`2.InnerInvoke()
   at System.Threading.Tasks.Task.<>c.<.cctor>b__272_0(Object obj)
   at System.Threading.ExecutionContext.RunInternal(ExecutionContext executionContext, ContextCallback callback, Object state)
--- End of stack trace from previous location ---
   at System.Threading.ExecutionContext.RunInternal(ExecutionContext executionContext, ContextCallback callback, Object state)
   at System.Threading.Tasks.Task.ExecuteWithThreadLocal(Task& currentTaskSlot, Thread threadPoolThread)
--- End of stack trace from previous location ---
   at Microsoft.EntityFrameworkCore.Storage.RelationalCommand.ExecuteReaderAsync(RelationalCommandParameterObject parameterObject, CancellationToken cancellationToken)
   at Microsoft.EntityFrameworkCore.Storage.RelationalCommand.ExecuteReaderAsync(RelationalCommandParameterObject parameterObject, CancellationToken cancellationToken)
   at Microsoft.EntityFrameworkCore.Query.Internal.SingleQueryingEnumerable`1.AsyncEnumerator.InitializeReaderAsync(AsyncEnumerator enumerator, CancellationToken cancellationToken)
   at Microsoft.EntityFrameworkCore.Storage.ExecutionStrategy.<>c__DisplayClass33_0`2.<<ExecuteAsync>b__0>d.MoveNext()
--- End of stack trace from previous location ---
   at Microsoft.EntityFrameworkCore.Storage.ExecutionStrategy.ExecuteImplementationAsync[TState,TResult](Func`4 operation, Func`4 verifySucceeded, TState state, CancellationToken cancellationToken)
   at Microsoft.EntityFrameworkCore.Storage.ExecutionStrategy.ExecuteImplementationAsync[TState,TResult](Func`4 operation, Func`4 verifySucceeded, TState state, CancellationToken cancellationToken)
   at Microsoft.EntityFrameworkCore.Storage.ExecutionStrategy.ExecuteAsync[TState,TResult](TState state, Func`4 operation, Func`4 verifySucceeded, CancellationToken cancellationToken)
   at Microsoft.EntityFrameworkCore.Query.Internal.SingleQueryingEnumerable`1.AsyncEnumerator.MoveNextAsync()
ClientConnectionId:2b99f1d7-d887-4f6b-aed4-5e0c46e2fb94
Error Number:208,State:1,Class:16
Microsoft.Data.SqlClient.SqlException (0x80131904): 对象名 'TaskCaches' 无效。
   at Microsoft.Data.SqlClient.SqlCommand.<>c.<ExecuteDbDataReaderAsync>b__188_0(Task`1 result)
   at System.Threading.Tasks.ContinuationResultTaskFromResultTask`2.InnerInvoke()
   at System.Threading.Tasks.Task.<>c.<.cctor>b__272_0(Object obj)
   at System.Threading.ExecutionContext.RunInternal(ExecutionContext executionContext, ContextCallback callback, Object state)
--- End of stack trace from previous location ---
   at System.Threading.ExecutionContext.RunInternal(ExecutionContext executionContext, ContextCallback callback, Object state)
   at System.Threading.Tasks.Task.ExecuteWithThreadLocal(Task& currentTaskSlot, Thread threadPoolThread)
--- End of stack trace from previous location ---
   at Microsoft.EntityFrameworkCore.Storage.RelationalCommand.ExecuteReaderAsync(RelationalCommandParameterObject parameterObject, CancellationToken cancellationToken)
   at Microsoft.EntityFrameworkCore.Storage.RelationalCommand.ExecuteReaderAsync(RelationalCommandParameterObject parameterObject, CancellationToken cancellationToken)
   at Microsoft.EntityFrameworkCore.Query.Internal.SingleQueryingEnumerable`1.AsyncEnumerator.InitializeReaderAsync(AsyncEnumerator enumerator, CancellationToken cancellationToken)
   at Microsoft.EntityFrameworkCore.Storage.ExecutionStrategy.<>c__DisplayClass33_0`2.<<ExecuteAsync>b__0>d.MoveNext()
--- End of stack trace from previous location ---
   at Microsoft.EntityFrameworkCore.Storage.ExecutionStrategy.ExecuteImplementationAsync[TState,TResult](Func`4 operation, Func`4 verifySucceeded, TState state, CancellationToken cancellationToken)
   at Microsoft.EntityFrameworkCore.Storage.ExecutionStrategy.ExecuteImplementationAsync[TState,TResult](Func`4 operation, Func`4 verifySucceeded, TState state, CancellationToken cancellationToken)
   at Microsoft.EntityFrameworkCore.Storage.ExecutionStrategy.ExecuteAsync[TState,TResult](TState state, Func`4 operation, Func`4 verifySucceeded, CancellationToken cancellationToken)
   at Microsoft.EntityFrameworkCore.Query.Internal.SingleQueryingEnumerable`1.AsyncEnumerator.MoveNextAsync()
ClientConnectionId:2b99f1d7-d887-4f6b-aed4-5e0c46e2fb94
Error Number:208,State:1,Class:16
2025-10-20 09:49:01.014 +08:00 [ERR] 清空所有缓存任务异常
Microsoft.Data.SqlClient.SqlException (0x80131904): 对象名 'TaskCaches' 无效。
   at Microsoft.Data.SqlClient.SqlCommand.<>c.<ExecuteDbDataReaderAsync>b__188_0(Task`1 result)
   at System.Threading.Tasks.ContinuationResultTaskFromResultTask`2.InnerInvoke()
   at System.Threading.Tasks.Task.<>c.<.cctor>b__272_0(Object obj)
   at System.Threading.ExecutionContext.RunInternal(ExecutionContext executionContext, ContextCallback callback, Object state)
--- End of stack trace from previous location ---
   at System.Threading.ExecutionContext.RunInternal(ExecutionContext executionContext, ContextCallback callback, Object state)
   at System.Threading.Tasks.Task.ExecuteWithThreadLocal(Task& currentTaskSlot, Thread threadPoolThread)
--- End of stack trace from previous location ---
   at Microsoft.EntityFrameworkCore.Storage.RelationalCommand.ExecuteReaderAsync(RelationalCommandParameterObject parameterObject, CancellationToken cancellationToken)
   at Microsoft.EntityFrameworkCore.Storage.RelationalCommand.ExecuteReaderAsync(RelationalCommandParameterObject parameterObject, CancellationToken cancellationToken)
   at Microsoft.EntityFrameworkCore.Query.Internal.SingleQueryingEnumerable`1.AsyncEnumerator.InitializeReaderAsync(AsyncEnumerator enumerator, CancellationToken cancellationToken)
   at Microsoft.EntityFrameworkCore.Storage.ExecutionStrategy.<>c__DisplayClass33_0`2.<<ExecuteAsync>b__0>d.MoveNext()
--- End of stack trace from previous location ---
   at Microsoft.EntityFrameworkCore.Storage.ExecutionStrategy.ExecuteImplementationAsync[TState,TResult](Func`4 operation, Func`4 verifySucceeded, TState state, CancellationToken cancellationToken)
   at Microsoft.EntityFrameworkCore.Storage.ExecutionStrategy.ExecuteImplementationAsync[TState,TResult](Func`4 operation, Func`4 verifySucceeded, TState state, CancellationToken cancellationToken)
   at Microsoft.EntityFrameworkCore.Storage.ExecutionStrategy.ExecuteAsync[TState,TResult](TState state, Func`4 operation, Func`4 verifySucceeded, CancellationToken cancellationToken)
   at Microsoft.EntityFrameworkCore.Query.Internal.SingleQueryingEnumerable`1.AsyncEnumerator.MoveNextAsync()
   at Microsoft.EntityFrameworkCore.EntityFrameworkQueryableExtensions.ToListAsync[TSource](IQueryable`1 source, CancellationToken cancellationToken)
   at Microsoft.EntityFrameworkCore.EntityFrameworkQueryableExtensions.ToListAsync[TSource](IQueryable`1 source, CancellationToken cancellationToken)
   at WarehouseManagementSystem.Controllers.TasksController.ClearAllCachedTasks() in E:\NDCProject\AG240101广州舒适刀片\任务管理\Controllers\TasksController.cs:line 417
ClientConnectionId:2b99f1d7-d887-4f6b-aed4-5e0c46e2fb94
Error Number:208,State:1,Class:16
2025-10-20 09:49:04.608 +08:00 [ERR] Failed executing DbCommand (5ms) [Parameters=[], CommandType='"Text"', CommandTimeout='30']
SELECT [t].[Id], [t].[ConfirmTime], [t].[CreateTime], [t].[DestType], [t].[IsSplitTask], [t].[LastError], [t].[MaterialCode], [t].[MaterialQuantity], [t].[OriginalTaskId], [t].[PalletNumber], [t].[Priority], [t].[RequestCode], [t].[RetryCount], [t].[SourcePosition], [t].[SourceType], [t].[Status], [t].[TargetPosition], [t].[TaskGroupId], [t].[TaskSequence], [t].[TaskType]
FROM [TaskCaches] AS [t]
2025-10-20 09:49:04.616 +08:00 [ERR] An exception occurred while iterating over the results of a query for context type 'ApplicationDbContext'.
Microsoft.Data.SqlClient.SqlException (0x80131904): 对象名 'TaskCaches' 无效。
   at Microsoft.Data.SqlClient.SqlCommand.<>c.<ExecuteDbDataReaderAsync>b__188_0(Task`1 result)
   at System.Threading.Tasks.ContinuationResultTaskFromResultTask`2.InnerInvoke()
   at System.Threading.Tasks.Task.<>c.<.cctor>b__272_0(Object obj)
   at System.Threading.ExecutionContext.RunInternal(ExecutionContext executionContext, ContextCallback callback, Object state)
--- End of stack trace from previous location ---
   at System.Threading.ExecutionContext.RunInternal(ExecutionContext executionContext, ContextCallback callback, Object state)
   at System.Threading.Tasks.Task.ExecuteWithThreadLocal(Task& currentTaskSlot, Thread threadPoolThread)
--- End of stack trace from previous location ---
   at Microsoft.EntityFrameworkCore.Storage.RelationalCommand.ExecuteReaderAsync(RelationalCommandParameterObject parameterObject, CancellationToken cancellationToken)
   at Microsoft.EntityFrameworkCore.Storage.RelationalCommand.ExecuteReaderAsync(RelationalCommandParameterObject parameterObject, CancellationToken cancellationToken)
   at Microsoft.EntityFrameworkCore.Query.Internal.SingleQueryingEnumerable`1.AsyncEnumerator.InitializeReaderAsync(AsyncEnumerator enumerator, CancellationToken cancellationToken)
   at Microsoft.EntityFrameworkCore.Storage.ExecutionStrategy.<>c__DisplayClass33_0`2.<<ExecuteAsync>b__0>d.MoveNext()
--- End of stack trace from previous location ---
   at Microsoft.EntityFrameworkCore.Storage.ExecutionStrategy.ExecuteImplementationAsync[TState,TResult](Func`4 operation, Func`4 verifySucceeded, TState state, CancellationToken cancellationToken)
   at Microsoft.EntityFrameworkCore.Storage.ExecutionStrategy.ExecuteImplementationAsync[TState,TResult](Func`4 operation, Func`4 verifySucceeded, TState state, CancellationToken cancellationToken)
   at Microsoft.EntityFrameworkCore.Storage.ExecutionStrategy.ExecuteAsync[TState,TResult](TState state, Func`4 operation, Func`4 verifySucceeded, CancellationToken cancellationToken)
   at Microsoft.EntityFrameworkCore.Query.Internal.SingleQueryingEnumerable`1.AsyncEnumerator.MoveNextAsync()
ClientConnectionId:2b99f1d7-d887-4f6b-aed4-5e0c46e2fb94
Error Number:208,State:1,Class:16
Microsoft.Data.SqlClient.SqlException (0x80131904): 对象名 'TaskCaches' 无效。
   at Microsoft.Data.SqlClient.SqlCommand.<>c.<ExecuteDbDataReaderAsync>b__188_0(Task`1 result)
   at System.Threading.Tasks.ContinuationResultTaskFromResultTask`2.InnerInvoke()
   at System.Threading.Tasks.Task.<>c.<.cctor>b__272_0(Object obj)
   at System.Threading.ExecutionContext.RunInternal(ExecutionContext executionContext, ContextCallback callback, Object state)
--- End of stack trace from previous location ---
   at System.Threading.ExecutionContext.RunInternal(ExecutionContext executionContext, ContextCallback callback, Object state)
   at System.Threading.Tasks.Task.ExecuteWithThreadLocal(Task& currentTaskSlot, Thread threadPoolThread)
--- End of stack trace from previous location ---
   at Microsoft.EntityFrameworkCore.Storage.RelationalCommand.ExecuteReaderAsync(RelationalCommandParameterObject parameterObject, CancellationToken cancellationToken)
   at Microsoft.EntityFrameworkCore.Storage.RelationalCommand.ExecuteReaderAsync(RelationalCommandParameterObject parameterObject, CancellationToken cancellationToken)
   at Microsoft.EntityFrameworkCore.Query.Internal.SingleQueryingEnumerable`1.AsyncEnumerator.InitializeReaderAsync(AsyncEnumerator enumerator, CancellationToken cancellationToken)
   at Microsoft.EntityFrameworkCore.Storage.ExecutionStrategy.<>c__DisplayClass33_0`2.<<ExecuteAsync>b__0>d.MoveNext()
--- End of stack trace from previous location ---
   at Microsoft.EntityFrameworkCore.Storage.ExecutionStrategy.ExecuteImplementationAsync[TState,TResult](Func`4 operation, Func`4 verifySucceeded, TState state, CancellationToken cancellationToken)
   at Microsoft.EntityFrameworkCore.Storage.ExecutionStrategy.ExecuteImplementationAsync[TState,TResult](Func`4 operation, Func`4 verifySucceeded, TState state, CancellationToken cancellationToken)
   at Microsoft.EntityFrameworkCore.Storage.ExecutionStrategy.ExecuteAsync[TState,TResult](TState state, Func`4 operation, Func`4 verifySucceeded, CancellationToken cancellationToken)
   at Microsoft.EntityFrameworkCore.Query.Internal.SingleQueryingEnumerable`1.AsyncEnumerator.MoveNextAsync()
ClientConnectionId:2b99f1d7-d887-4f6b-aed4-5e0c46e2fb94
Error Number:208,State:1,Class:16
2025-10-20 09:49:04.689 +08:00 [ERR] 清空所有缓存任务异常
Microsoft.Data.SqlClient.SqlException (0x80131904): 对象名 'TaskCaches' 无效。
   at Microsoft.Data.SqlClient.SqlCommand.<>c.<ExecuteDbDataReaderAsync>b__188_0(Task`1 result)
   at System.Threading.Tasks.ContinuationResultTaskFromResultTask`2.InnerInvoke()
   at System.Threading.Tasks.Task.<>c.<.cctor>b__272_0(Object obj)
   at System.Threading.ExecutionContext.RunInternal(ExecutionContext executionContext, ContextCallback callback, Object state)
--- End of stack trace from previous location ---
   at System.Threading.ExecutionContext.RunInternal(ExecutionContext executionContext, ContextCallback callback, Object state)
   at System.Threading.Tasks.Task.ExecuteWithThreadLocal(Task& currentTaskSlot, Thread threadPoolThread)
--- End of stack trace from previous location ---
   at Microsoft.EntityFrameworkCore.Storage.RelationalCommand.ExecuteReaderAsync(RelationalCommandParameterObject parameterObject, CancellationToken cancellationToken)
   at Microsoft.EntityFrameworkCore.Storage.RelationalCommand.ExecuteReaderAsync(RelationalCommandParameterObject parameterObject, CancellationToken cancellationToken)
   at Microsoft.EntityFrameworkCore.Query.Internal.SingleQueryingEnumerable`1.AsyncEnumerator.InitializeReaderAsync(AsyncEnumerator enumerator, CancellationToken cancellationToken)
   at Microsoft.EntityFrameworkCore.Storage.ExecutionStrategy.<>c__DisplayClass33_0`2.<<ExecuteAsync>b__0>d.MoveNext()
--- End of stack trace from previous location ---
   at Microsoft.EntityFrameworkCore.Storage.ExecutionStrategy.ExecuteImplementationAsync[TState,TResult](Func`4 operation, Func`4 verifySucceeded, TState state, CancellationToken cancellationToken)
   at Microsoft.EntityFrameworkCore.Storage.ExecutionStrategy.ExecuteImplementationAsync[TState,TResult](Func`4 operation, Func`4 verifySucceeded, TState state, CancellationToken cancellationToken)
   at Microsoft.EntityFrameworkCore.Storage.ExecutionStrategy.ExecuteAsync[TState,TResult](TState state, Func`4 operation, Func`4 verifySucceeded, CancellationToken cancellationToken)
   at Microsoft.EntityFrameworkCore.Query.Internal.SingleQueryingEnumerable`1.AsyncEnumerator.MoveNextAsync()
   at Microsoft.EntityFrameworkCore.EntityFrameworkQueryableExtensions.ToListAsync[TSource](IQueryable`1 source, CancellationToken cancellationToken)
   at Microsoft.EntityFrameworkCore.EntityFrameworkQueryableExtensions.ToListAsync[TSource](IQueryable`1 source, CancellationToken cancellationToken)
   at WarehouseManagementSystem.Controllers.TasksController.ClearAllCachedTasks() in E:\NDCProject\AG240101广州舒适刀片\任务管理\Controllers\TasksController.cs:line 417
ClientConnectionId:2b99f1d7-d887-4f6b-aed4-5e0c46e2fb94
Error Number:208,State:1,Class:16
2025-10-20 09:49:34.308 +08:00 [INF] 查询到任务数据: ID=151971, MaterialCode=, MaterialQuantity=0, PalletNumber=001
2025-10-20 09:49:47.506 +08:00 [INF] 接收到的任务数据: TaskType=manualTask, Source=06A05, Target=06A06, Priority=1, RequestCode=1760924987
2025-10-20 09:49:51.253 +08:00 [INF] 任务起点: 06A05, 终点: 06A06
2025-10-20 09:49:51.267 +08:00 [WRN] 慢请求检测: POST /Tasks/CreateTask - 3854ms - 来自 ::1
2025-10-20 09:49:51.296 +08:00 [INF] 查询到任务数据: ID=151973, MaterialCode=, MaterialQuantity=0, PalletNumber=
2025-10-20 09:50:04.597 +08:00 [INF] 接收到的任务数据: TaskType=manualTask, Source=06A05, Target=06B05, Priority=1, RequestCode=1760925004
2025-10-20 09:50:27.092 +08:00 [INF] 任务起点: 06A05, 终点: 06B05
2025-10-20 09:50:30.971 +08:00 [WRN] 慢请求检测: POST /Tasks/CreateTask - 26374ms - 来自 ::1
2025-10-20 09:50:31.007 +08:00 [INF] 查询到任务数据: ID=151974, MaterialCode=, MaterialQuantity=0, PalletNumber=
2025-10-20 09:51:27.476 +08:00 [INF] 接收到的任务数据: TaskType=manualTask, Source=PA001, Target=05A01, Priority=1, RequestCode=1760925087
2025-10-20 09:51:34.066 +08:00 [INF] 检测到需要拆分的任务（类型1），起点: PA001
2025-10-20 09:52:02.770 +08:00 [WRN] 慢请求检测: GET /api/connectionstatus - 1565ms - 来自 ::1
2025-10-20 09:52:12.497 +08:00 [INF] 已锁定任务起点储位: PA001
2025-10-20 09:52:12.717 +08:00 [INF] 已锁定小地牛中转点储位: PC001
2025-10-20 09:52:12.925 +08:00 [INF] 已锁定三向车中转点储位: PD001
2025-10-20 09:52:13.165 +08:00 [INF] 已锁定任务终点储位: 05A01
2025-10-20 09:52:13.995 +08:00 [INF] 任务拆分完成，分组ID: fa4b8190-3e25-479e-93f7-066a4fce2b90，第一个任务: 1760925087_1，第二个任务: 1760925087_2
2025-10-20 09:52:21.059 +08:00 [INF] 任务拆分成功，原始任务: 1760925087，生成了 2 个子任务
2025-10-20 09:52:24.081 +08:00 [WRN] 慢请求检测: POST /Tasks/CreateTask - 56605ms - 来自 ::1
2025-10-20 09:52:24.129 +08:00 [INF] 查询到任务数据: ID=151975, MaterialCode=, MaterialQuantity=0, PalletNumber=
2025-10-20 09:53:11.128 +08:00 [INF] 接收到的任务数据: TaskType=manualTask, Source=PA020, Target=05B01, Priority=1, RequestCode=1760925191
2025-10-20 09:53:17.697 +08:00 [INF] 检测到需要拆分的任务（类型1），起点: PA020
2025-10-20 09:53:31.632 +08:00 [ERR] 任务拆分失败: 小地牛中转点 71 已被锁定，不可以生成任务
System.ArgumentException: 小地牛中转点 71 已被锁定，不可以生成任务
   at WarehouseManagementSystem.Service.RcsTaskService.SplitTaskType1Async(AddTaskRequest request, IDbConnection connection, IDbTransaction transaction) in E:\NDCProject\AG240101广州舒适刀片\任务管理\Service\RcsTaskService.cs:line 1640
   at WarehouseManagementSystem.Service.RcsTaskService.AddTaskAsync(AddTaskRequest request) in E:\NDCProject\AG240101广州舒适刀片\任务管理\Service\RcsTaskService.cs:line 72
2025-10-20 09:53:31.639 +08:00 [WRN] 慢请求检测: POST /Tasks/CreateTask - 20511ms - 来自 ::1
2025-10-20 10:21:29.929 +08:00 [INF] TCP服务未启用，数据清理服务将不会启动。
2025-10-20 10:21:29.989 +08:00 [INF] TcpServerService 启动，监听 127.0.0.1:9000
2025-10-20 10:21:30.012 +08:00 [INF] 任务缓存处理器已启动
2025-10-20 10:21:30.108 +08:00 [WRN] Overriding address(es) 'http://localhost:5055'. Binding to endpoints defined via IConfiguration and/or UseKestrel() instead.
2025-10-20 10:21:31.962 +08:00 [WRN] Failed to determine the https port for redirect.
2025-10-20 10:22:04.327 +08:00 [INF] 正在验证用户: admin
2025-10-20 10:22:04.330 +08:00 [INF] 输入的密码: admin123
2025-10-20 10:22:04.331 +08:00 [INF] 数据库中的密码: admin123
2025-10-20 10:22:04.332 +08:00 [INF] 密码验证结果: True
2025-10-20 10:22:04.352 +08:00 [INF] 更新最后登录时间成功
2025-10-20 10:22:04.353 +08:00 [INF] 用户 admin 登录成功
2025-10-20 10:22:04.426 +08:00 [INF] 查询到任务数据: ID=151975, MaterialCode=, MaterialQuantity=0, PalletNumber=
2025-10-20 10:22:34.484 +08:00 [INF] 接收到的任务数据: TaskType=manualTask, Source=PA003, Target=05A12, Priority=1, RequestCode=1760926954
2025-10-20 10:22:45.689 +08:00 [INF] 检测到需要拆分的任务（类型1），起点: PA003
2025-10-20 10:23:14.206 +08:00 [INF] 任务已缓存: 1760926954, 错误信息: 起点 PC001 已被锁定
2025-10-20 10:23:15.392 +08:00 [INF] 较慢请求: GET /api/connectionstatus - 586ms
2025-10-20 10:23:16.504 +08:00 [ERR] 任务拆分失败: 小地牛中转点 71 已被锁定，不可以生成任务
System.ArgumentException: 小地牛中转点 71 已被锁定，不可以生成任务
   at WarehouseManagementSystem.Service.RcsTaskService.SplitTaskType1Async(AddTaskRequest request, IDbConnection connection, IDbTransaction transaction) in E:\NDCProject\AG240101广州舒适刀片\任务管理\Service\RcsTaskService.cs:line 1641
   at WarehouseManagementSystem.Service.RcsTaskService.AddTaskAsync(AddTaskRequest request) in E:\NDCProject\AG240101广州舒适刀片\任务管理\Service\RcsTaskService.cs:line 72
2025-10-20 10:23:16.572 +08:00 [WRN] 慢请求检测: POST /Tasks/CreateTask - 42182ms - 来自 ::1
2025-10-20 10:23:22.111 +08:00 [ERR] Failed executing DbCommand (20ms) [Parameters=[@__p_0='?' (DbType = Int32), @__p_1='?' (DbType = Int32)], CommandType='"Text"', CommandTimeout='30']
SELECT [t].[Id], [t].[ConfirmTime], [t].[CreateTime], [t].[DestType], [t].[IsSplitTask], [t].[LastError], [t].[MaterialCode], [t].[MaterialQuantity], [t].[OriginalTaskId], [t].[PalletNumber], [t].[Priority], [t].[RequestCode], [t].[RetryCount], [t].[SourcePosition], [t].[SourceType], [t].[Status], [t].[TargetPosition], [t].[TaskGroupId], [t].[TaskSequence], [t].[TaskType]
FROM [TaskCaches] AS [t]
ORDER BY [t].[CreateTime] DESC
OFFSET @__p_0 ROWS FETCH NEXT @__p_1 ROWS ONLY
2025-10-20 10:23:22.148 +08:00 [ERR] An exception occurred while iterating over the results of a query for context type 'ApplicationDbContext'.
Microsoft.Data.SqlClient.SqlException (0x80131904): 对象名 'TaskCaches' 无效。
   at Microsoft.Data.SqlClient.SqlCommand.<>c.<ExecuteDbDataReaderAsync>b__188_0(Task`1 result)
   at System.Threading.Tasks.ContinuationResultTaskFromResultTask`2.InnerInvoke()
   at System.Threading.Tasks.Task.<>c.<.cctor>b__272_0(Object obj)
   at System.Threading.ExecutionContext.RunInternal(ExecutionContext executionContext, ContextCallback callback, Object state)
--- End of stack trace from previous location ---
   at System.Threading.ExecutionContext.RunInternal(ExecutionContext executionContext, ContextCallback callback, Object state)
   at System.Threading.Tasks.Task.ExecuteWithThreadLocal(Task& currentTaskSlot, Thread threadPoolThread)
--- End of stack trace from previous location ---
   at Microsoft.EntityFrameworkCore.Storage.RelationalCommand.ExecuteReaderAsync(RelationalCommandParameterObject parameterObject, CancellationToken cancellationToken)
   at Microsoft.EntityFrameworkCore.Storage.RelationalCommand.ExecuteReaderAsync(RelationalCommandParameterObject parameterObject, CancellationToken cancellationToken)
   at Microsoft.EntityFrameworkCore.Query.Internal.SingleQueryingEnumerable`1.AsyncEnumerator.InitializeReaderAsync(AsyncEnumerator enumerator, CancellationToken cancellationToken)
   at Microsoft.EntityFrameworkCore.Storage.ExecutionStrategy.<>c__DisplayClass33_0`2.<<ExecuteAsync>b__0>d.MoveNext()
--- End of stack trace from previous location ---
   at Microsoft.EntityFrameworkCore.Storage.ExecutionStrategy.ExecuteImplementationAsync[TState,TResult](Func`4 operation, Func`4 verifySucceeded, TState state, CancellationToken cancellationToken)
   at Microsoft.EntityFrameworkCore.Storage.ExecutionStrategy.ExecuteImplementationAsync[TState,TResult](Func`4 operation, Func`4 verifySucceeded, TState state, CancellationToken cancellationToken)
   at Microsoft.EntityFrameworkCore.Storage.ExecutionStrategy.ExecuteAsync[TState,TResult](TState state, Func`4 operation, Func`4 verifySucceeded, CancellationToken cancellationToken)
   at Microsoft.EntityFrameworkCore.Query.Internal.SingleQueryingEnumerable`1.AsyncEnumerator.MoveNextAsync()
ClientConnectionId:3df93014-960d-4d07-a3ef-ef9bd8ec7b37
Error Number:208,State:1,Class:16
Microsoft.Data.SqlClient.SqlException (0x80131904): 对象名 'TaskCaches' 无效。
   at Microsoft.Data.SqlClient.SqlCommand.<>c.<ExecuteDbDataReaderAsync>b__188_0(Task`1 result)
   at System.Threading.Tasks.ContinuationResultTaskFromResultTask`2.InnerInvoke()
   at System.Threading.Tasks.Task.<>c.<.cctor>b__272_0(Object obj)
   at System.Threading.ExecutionContext.RunInternal(ExecutionContext executionContext, ContextCallback callback, Object state)
--- End of stack trace from previous location ---
   at System.Threading.ExecutionContext.RunInternal(ExecutionContext executionContext, ContextCallback callback, Object state)
   at System.Threading.Tasks.Task.ExecuteWithThreadLocal(Task& currentTaskSlot, Thread threadPoolThread)
--- End of stack trace from previous location ---
   at Microsoft.EntityFrameworkCore.Storage.RelationalCommand.ExecuteReaderAsync(RelationalCommandParameterObject parameterObject, CancellationToken cancellationToken)
   at Microsoft.EntityFrameworkCore.Storage.RelationalCommand.ExecuteReaderAsync(RelationalCommandParameterObject parameterObject, CancellationToken cancellationToken)
   at Microsoft.EntityFrameworkCore.Query.Internal.SingleQueryingEnumerable`1.AsyncEnumerator.InitializeReaderAsync(AsyncEnumerator enumerator, CancellationToken cancellationToken)
   at Microsoft.EntityFrameworkCore.Storage.ExecutionStrategy.<>c__DisplayClass33_0`2.<<ExecuteAsync>b__0>d.MoveNext()
--- End of stack trace from previous location ---
   at Microsoft.EntityFrameworkCore.Storage.ExecutionStrategy.ExecuteImplementationAsync[TState,TResult](Func`4 operation, Func`4 verifySucceeded, TState state, CancellationToken cancellationToken)
   at Microsoft.EntityFrameworkCore.Storage.ExecutionStrategy.ExecuteImplementationAsync[TState,TResult](Func`4 operation, Func`4 verifySucceeded, TState state, CancellationToken cancellationToken)
   at Microsoft.EntityFrameworkCore.Storage.ExecutionStrategy.ExecuteAsync[TState,TResult](TState state, Func`4 operation, Func`4 verifySucceeded, CancellationToken cancellationToken)
   at Microsoft.EntityFrameworkCore.Query.Internal.SingleQueryingEnumerable`1.AsyncEnumerator.MoveNextAsync()
ClientConnectionId:3df93014-960d-4d07-a3ef-ef9bd8ec7b37
Error Number:208,State:1,Class:16
2025-10-20 10:23:22.210 +08:00 [ERR] 获取缓存任务列表失败
Microsoft.Data.SqlClient.SqlException (0x80131904): 对象名 'TaskCaches' 无效。
   at Microsoft.Data.SqlClient.SqlCommand.<>c.<ExecuteDbDataReaderAsync>b__188_0(Task`1 result)
   at System.Threading.Tasks.ContinuationResultTaskFromResultTask`2.InnerInvoke()
   at System.Threading.Tasks.Task.<>c.<.cctor>b__272_0(Object obj)
   at System.Threading.ExecutionContext.RunInternal(ExecutionContext executionContext, ContextCallback callback, Object state)
--- End of stack trace from previous location ---
   at System.Threading.ExecutionContext.RunInternal(ExecutionContext executionContext, ContextCallback callback, Object state)
   at System.Threading.Tasks.Task.ExecuteWithThreadLocal(Task& currentTaskSlot, Thread threadPoolThread)
--- End of stack trace from previous location ---
   at Microsoft.EntityFrameworkCore.Storage.RelationalCommand.ExecuteReaderAsync(RelationalCommandParameterObject parameterObject, CancellationToken cancellationToken)
   at Microsoft.EntityFrameworkCore.Storage.RelationalCommand.ExecuteReaderAsync(RelationalCommandParameterObject parameterObject, CancellationToken cancellationToken)
   at Microsoft.EntityFrameworkCore.Query.Internal.SingleQueryingEnumerable`1.AsyncEnumerator.InitializeReaderAsync(AsyncEnumerator enumerator, CancellationToken cancellationToken)
   at Microsoft.EntityFrameworkCore.Storage.ExecutionStrategy.<>c__DisplayClass33_0`2.<<ExecuteAsync>b__0>d.MoveNext()
--- End of stack trace from previous location ---
   at Microsoft.EntityFrameworkCore.Storage.ExecutionStrategy.ExecuteImplementationAsync[TState,TResult](Func`4 operation, Func`4 verifySucceeded, TState state, CancellationToken cancellationToken)
   at Microsoft.EntityFrameworkCore.Storage.ExecutionStrategy.ExecuteImplementationAsync[TState,TResult](Func`4 operation, Func`4 verifySucceeded, TState state, CancellationToken cancellationToken)
   at Microsoft.EntityFrameworkCore.Storage.ExecutionStrategy.ExecuteAsync[TState,TResult](TState state, Func`4 operation, Func`4 verifySucceeded, CancellationToken cancellationToken)
   at Microsoft.EntityFrameworkCore.Query.Internal.SingleQueryingEnumerable`1.AsyncEnumerator.MoveNextAsync()
   at Microsoft.EntityFrameworkCore.EntityFrameworkQueryableExtensions.ToListAsync[TSource](IQueryable`1 source, CancellationToken cancellationToken)
   at Microsoft.EntityFrameworkCore.EntityFrameworkQueryableExtensions.ToListAsync[TSource](IQueryable`1 source, CancellationToken cancellationToken)
   at WarehouseManagementSystem.Controllers.TasksController.CachedTasks(Int32 page, Int32 pageSize) in E:\NDCProject\AG240101广州舒适刀片\任务管理\Controllers\TasksController.cs:line 287
ClientConnectionId:3df93014-960d-4d07-a3ef-ef9bd8ec7b37
Error Number:208,State:1,Class:16
2025-10-20 10:23:22.230 +08:00 [INF] 较慢请求: GET /Tasks/CachedTasks - 686ms
2025-10-20 10:25:57.915 +08:00 [INF] 查询到任务数据: ID=151975, MaterialCode=, MaterialQuantity=0, PalletNumber=
2025-10-20 10:26:08.292 +08:00 [INF] 接收到的任务数据: TaskType=manualTask, Source=PA003, Target=05A13, Priority=1, RequestCode=1760927168
2025-10-20 10:26:12.607 +08:00 [INF] 检测到需要拆分的任务（类型1），起点: PA003
2025-10-20 10:26:40.016 +08:00 [INF] 任务已缓存: 1760927168, 错误信息: 起点 PC001 已被锁定
2025-10-20 10:26:47.507 +08:00 [ERR] 任务拆分失败: 小地牛中转点 71 已被锁定，不可以生成任务
System.ArgumentException: 小地牛中转点 71 已被锁定，不可以生成任务
   at WarehouseManagementSystem.Service.RcsTaskService.SplitTaskType1Async(AddTaskRequest request, IDbConnection connection, IDbTransaction transaction) in E:\NDCProject\AG240101广州舒适刀片\任务管理\Service\RcsTaskService.cs:line 1641
   at WarehouseManagementSystem.Service.RcsTaskService.AddTaskAsync(AddTaskRequest request) in E:\NDCProject\AG240101广州舒适刀片\任务管理\Service\RcsTaskService.cs:line 72
2025-10-20 10:26:47.512 +08:00 [WRN] 慢请求检测: POST /Tasks/CreateTask - 39220ms - 来自 ::1
2025-10-20 10:41:56.511 +08:00 [INF] TCP服务未启用，数据清理服务将不会启动。
2025-10-20 10:41:56.569 +08:00 [INF] TcpServerService 启动，监听 127.0.0.1:9000
2025-10-20 10:41:56.588 +08:00 [INF] 任务缓存处理器已启动
2025-10-20 10:41:56.682 +08:00 [WRN] Overriding address(es) 'http://localhost:5055'. Binding to endpoints defined via IConfiguration and/or UseKestrel() instead.
2025-10-20 10:41:58.440 +08:00 [WRN] Failed to determine the https port for redirect.
2025-10-20 10:42:03.102 +08:00 [INF] 正在验证用户: admin
2025-10-20 10:42:03.103 +08:00 [INF] 输入的密码: admin123
2025-10-20 10:42:03.105 +08:00 [INF] 数据库中的密码: admin123
2025-10-20 10:42:03.108 +08:00 [INF] 密码验证结果: True
2025-10-20 10:42:03.127 +08:00 [INF] 更新最后登录时间成功
2025-10-20 10:42:03.128 +08:00 [INF] 用户 admin 登录成功
2025-10-20 10:42:03.205 +08:00 [INF] 查询到任务数据: ID=151975, MaterialCode=, MaterialQuantity=0, PalletNumber=
2025-10-20 10:42:59.769 +08:00 [INF] 接收到的任务数据: TaskType=manualTask, Source=PA003, Target=05A26, Priority=1, RequestCode=1760928179
2025-10-20 10:43:09.157 +08:00 [INF] 检测到需要拆分的任务（类型1），起点: PA003
2025-10-20 10:43:30.944 +08:00 [INF] 较慢请求: GET /api/connectionstatus - 538ms
2025-10-20 10:43:32.327 +08:00 [INF] 准备缓存任务: RequestCode=1760928179, Source=PA003, Target=05A26, Error=起点 PC001 已被锁定
2025-10-20 10:43:34.044 +08:00 [INF] 任务缓存结果: 影响行数=1, RequestCode=1760928179
2025-10-20 10:43:34.561 +08:00 [INF] 任务已缓存: 1760928179, 错误信息: 起点 PC001 已被锁定
2025-10-20 10:43:36.139 +08:00 [ERR] 任务拆分失败: 小地牛中转点 71 已被锁定，不可以生成任务
System.ArgumentException: 小地牛中转点 71 已被锁定，不可以生成任务
   at WarehouseManagementSystem.Service.RcsTaskService.SplitTaskType1Async(AddTaskRequest request, IDbConnection connection, IDbTransaction transaction) in E:\NDCProject\AG240101广州舒适刀片\任务管理\Service\RcsTaskService.cs:line 1651
   at WarehouseManagementSystem.Service.RcsTaskService.AddTaskAsync(AddTaskRequest request) in E:\NDCProject\AG240101广州舒适刀片\任务管理\Service\RcsTaskService.cs:line 72
2025-10-20 10:43:36.220 +08:00 [WRN] 慢请求检测: POST /Tasks/CreateTask - 36527ms - 来自 ::1
2025-10-20 10:44:48.005 +08:00 [INF] 查询到任务数据: ID=151975, MaterialCode=, MaterialQuantity=0, PalletNumber=
2025-10-20 10:44:59.925 +08:00 [INF] 接收到的任务数据: TaskType=manualTask, Source=PA003, Target=05A23, Priority=1, RequestCode=1760928299
2025-10-20 10:45:08.121 +08:00 [INF] 检测到需要拆分的任务（类型1），起点: PA003
2025-10-20 10:45:39.146 +08:00 [INF] 准备缓存任务: RequestCode=1760928299, Source=PA003, Target=05A23, Error=起点 PC001 已被锁定
2025-10-20 10:45:49.779 +08:00 [INF] 任务缓存结果: 影响行数=1, RequestCode=1760928299
2025-10-20 10:45:54.992 +08:00 [INF] 任务已缓存: 1760928299, 错误信息: 起点 PC001 已被锁定
2025-10-20 10:46:01.650 +08:00 [ERR] 任务拆分失败: 小地牛中转点 71 已被锁定，不可以生成任务
System.ArgumentException: 小地牛中转点 71 已被锁定，不可以生成任务
   at WarehouseManagementSystem.Service.RcsTaskService.SplitTaskType1Async(AddTaskRequest request, IDbConnection connection, IDbTransaction transaction) in E:\NDCProject\AG240101广州舒适刀片\任务管理\Service\RcsTaskService.cs:line 1651
   at WarehouseManagementSystem.Service.RcsTaskService.AddTaskAsync(AddTaskRequest request) in E:\NDCProject\AG240101广州舒适刀片\任务管理\Service\RcsTaskService.cs:line 72
2025-10-20 10:46:01.655 +08:00 [WRN] 慢请求检测: POST /Tasks/CreateTask - 61730ms - 来自 ::1
2025-10-20 10:56:41.670 +08:00 [INF] TCP服务未启用，数据清理服务将不会启动。
2025-10-20 10:56:41.725 +08:00 [INF] TcpServerService 启动，监听 127.0.0.1:9000
2025-10-20 10:56:41.747 +08:00 [INF] 任务缓存处理器已启动
2025-10-20 10:56:41.818 +08:00 [WRN] Overriding address(es) 'http://localhost:5055'. Binding to endpoints defined via IConfiguration and/or UseKestrel() instead.
2025-10-20 10:56:43.667 +08:00 [WRN] Failed to determine the https port for redirect.
2025-10-20 10:56:50.222 +08:00 [INF] 正在验证用户: admin
2025-10-20 10:56:50.224 +08:00 [INF] 输入的密码: admin123
2025-10-20 10:56:50.226 +08:00 [INF] 数据库中的密码: admin123
2025-10-20 10:56:50.228 +08:00 [INF] 密码验证结果: True
2025-10-20 10:56:50.247 +08:00 [INF] 更新最后登录时间成功
2025-10-20 10:56:50.250 +08:00 [INF] 用户 admin 登录成功
2025-10-20 10:56:50.321 +08:00 [INF] 查询到任务数据: ID=151975, MaterialCode=, MaterialQuantity=0, PalletNumber=
2025-10-20 10:57:01.334 +08:00 [INF] 接收到的任务数据: TaskType=manualTask, Source=PA003, Target=05A22, Priority=1, RequestCode=1760929021
2025-10-20 10:57:07.512 +08:00 [INF] 检测到需要拆分的任务（类型1），起点: PA003
2025-10-20 10:57:30.010 +08:00 [INF] 任务已缓存: 1760929021, 错误信息: 起点 PC001 已被锁定
2025-10-20 10:57:31.536 +08:00 [INF] 较慢请求: GET /api/connectionstatus - 523ms
2025-10-20 10:57:33.974 +08:00 [INF] 任务拆分成功，原始任务: 1760929021，生成了 0 个子任务
2025-10-20 10:57:33.978 +08:00 [WRN] 慢请求检测: POST /Tasks/CreateTask - 32713ms - 来自 ::1
2025-10-20 10:57:33.996 +08:00 [INF] 查询到任务数据: ID=151975, MaterialCode=, MaterialQuantity=0, PalletNumber=
2025-10-20 10:57:41.770 +08:00 [INF] 检测到点位可用，准备处理缓存任务: 1760929021
2025-10-20 10:57:58.510 +08:00 [INF] 检测到需要拆分的任务（类型1），起点: PA003
2025-10-20 10:58:17.783 +08:00 [INF] 任务已缓存: 1760929021, 错误信息: 起点 PC001 已被锁定
2025-10-20 10:58:19.907 +08:00 [INF] 任务拆分成功，原始任务: 1760929021，生成了 0 个子任务
2025-10-20 10:58:19.938 +08:00 [INF] 缓存任务处理成功: 1760929021
2025-10-20 10:59:19.970 +08:00 [INF] 检测到点位可用，准备处理缓存任务: 1760929021
2025-10-20 10:59:24.240 +08:00 [INF] 检测到需要拆分的任务（类型1），起点: PA003
2025-10-20 10:59:27.234 +08:00 [INF] 任务已缓存: 1760929021, 错误信息: 起点 PC001 已被锁定
2025-10-20 10:59:27.248 +08:00 [INF] 任务拆分成功，原始任务: 1760929021，生成了 0 个子任务
2025-10-20 10:59:27.251 +08:00 [INF] 缓存任务处理成功: 1760929021
2025-10-20 11:00:25.084 +08:00 [INF] 查询到任务数据: ID=151975, MaterialCode=, MaterialQuantity=0, PalletNumber=
2025-10-20 11:01:15.122 +08:00 [INF] 检测到点位可用，准备处理缓存任务: 1760929021
2025-10-20 11:01:34.208 +08:00 [INF] 检测到需要拆分的任务（类型1），起点: PA003
2025-10-20 11:01:39.152 +08:00 [INF] 任务已缓存: 1760929021, 错误信息: 起点 PC001 已被锁定
2025-10-20 11:01:39.192 +08:00 [INF] 任务拆分成功，原始任务: 1760929021，生成了 0 个子任务
2025-10-20 11:01:39.196 +08:00 [INF] 缓存任务处理成功: 1760929021
2025-10-20 11:02:54.598 +08:00 [INF] 检测到点位可用，准备处理缓存任务: 1760929021
2025-10-20 11:03:02.044 +08:00 [INF] 检测到需要拆分的任务（类型1），起点: PA003
2025-10-20 11:18:06.537 +08:00 [INF] TCP服务未启用，数据清理服务将不会启动。
2025-10-20 11:18:06.595 +08:00 [INF] TcpServerService 启动，监听 127.0.0.1:9000
2025-10-20 11:18:06.618 +08:00 [INF] 任务缓存处理器已启动
2025-10-20 11:18:06.660 +08:00 [INF] 检测到点位可用，准备处理缓存任务: 1760929021
2025-10-20 11:18:06.710 +08:00 [WRN] 缓存任务处理失败: 1760929021, 错误: 托盘已存在
2025-10-20 11:18:06.724 +08:00 [WRN] Overriding address(es) 'http://localhost:5055'. Binding to endpoints defined via IConfiguration and/or UseKestrel() instead.
2025-10-20 11:18:08.260 +08:00 [WRN] Failed to determine the https port for redirect.
2025-10-20 11:18:10.722 +08:00 [INF] 正在验证用户: admin
2025-10-20 11:18:10.725 +08:00 [INF] 输入的密码: admin123
2025-10-20 11:18:10.727 +08:00 [INF] 数据库中的密码: admin123
2025-10-20 11:18:10.729 +08:00 [INF] 密码验证结果: True
2025-10-20 11:18:10.753 +08:00 [INF] 更新最后登录时间成功
2025-10-20 11:18:10.755 +08:00 [INF] 用户 admin 登录成功
2025-10-20 11:18:10.834 +08:00 [INF] 查询到任务数据: ID=151975, MaterialCode=, MaterialQuantity=0, PalletNumber=
2025-10-20 11:18:13.989 +08:00 [INF] 接收到取消任务请求，任务ID: 151975
2025-10-20 11:18:14.014 +08:00 [INF] 拆分任务分组 fa4b8190-3e25-479e-93f7-066a4fce2b90 已成功取消，共取消 2 个任务
2025-10-20 11:18:14.017 +08:00 [INF] 取消任务结果: 成功=True, 消息=拆分任务分组已成功取消，共取消 2 个任务
2025-10-20 11:18:16.367 +08:00 [INF] 接收到取消任务请求，任务ID: 151976
2025-10-20 11:18:16.372 +08:00 [INF] 取消任务结果: 成功=False, 消息=已完成的任务不能取消
2025-10-20 11:18:16.383 +08:00 [INF] 查询到任务数据: ID=151975, MaterialCode=, MaterialQuantity=0, PalletNumber=
2025-10-20 11:18:18.486 +08:00 [INF] 接收到取消任务请求，任务ID: 151974
2025-10-20 11:18:18.491 +08:00 [INF] 任务 151974 已成功取消
2025-10-20 11:18:18.492 +08:00 [INF] 取消任务结果: 成功=True, 消息=任务已成功取消
2025-10-20 11:18:20.628 +08:00 [INF] 查询到任务数据: ID=151975, MaterialCode=, MaterialQuantity=0, PalletNumber=
2025-10-20 11:18:23.438 +08:00 [INF] 接收到取消任务请求，任务ID: 151973
2025-10-20 11:18:23.444 +08:00 [INF] 任务 151973 已成功取消
2025-10-20 11:18:23.445 +08:00 [INF] 取消任务结果: 成功=True, 消息=任务已成功取消
2025-10-20 11:18:25.672 +08:00 [INF] 查询到任务数据: ID=151975, MaterialCode=, MaterialQuantity=0, PalletNumber=
2025-10-20 11:18:47.358 +08:00 [INF] 查询到任务数据: ID=151975, MaterialCode=, MaterialQuantity=0, PalletNumber=
2025-10-20 11:18:53.981 +08:00 [INF] 查询到任务数据: ID=151975, MaterialCode=, MaterialQuantity=0, PalletNumber=
2025-10-20 11:19:15.726 +08:00 [INF] 接收到的任务数据: TaskType=manualTask, Source=PA003, Target=05A22, Priority=1, RequestCode=1760930355
2025-10-20 11:19:25.686 +08:00 [INF] 接收到的任务数据: TaskType=manualTask, Source=PA003, Target=05A22, Priority=1, RequestCode=1760930365
2025-10-20 11:19:25.692 +08:00 [INF] 检测到需要拆分的任务（类型1），起点: PA003
2025-10-20 11:19:25.711 +08:00 [INF] 任务已缓存: 1760930365, 错误信息: 起点 PC001 已被锁定
2025-10-20 11:19:25.714 +08:00 [INF] 任务拆分成功，原始任务: 1760930365，生成了 0 个子任务
2025-10-20 11:19:25.736 +08:00 [WRN] 查询结果为空
2025-10-20 11:19:28.323 +08:00 [WRN] 查询结果为空
2025-10-20 11:20:06.730 +08:00 [INF] 检测到点位可用，准备处理缓存任务: 1760930365
2025-10-20 11:20:06.732 +08:00 [INF] 检测到需要拆分的任务（类型1），起点: PA003
2025-10-20 11:20:06.737 +08:00 [INF] 任务已缓存: 1760930365, 错误信息: 起点 PC001 已被锁定
2025-10-20 11:20:06.750 +08:00 [INF] 任务拆分成功，原始任务: 1760930365，生成了 0 个子任务
2025-10-20 11:20:06.753 +08:00 [INF] 缓存任务处理成功: 1760930365
2025-10-20 11:21:06.764 +08:00 [INF] 检测到点位可用，准备处理缓存任务: 1760930365
2025-10-20 11:21:06.767 +08:00 [INF] 检测到需要拆分的任务（类型1），起点: PA003
2025-10-20 11:21:06.772 +08:00 [INF] 任务已缓存: 1760930365, 错误信息: 起点 PC001 已被锁定
2025-10-20 11:21:06.776 +08:00 [INF] 任务拆分成功，原始任务: 1760930365，生成了 0 个子任务
2025-10-20 11:21:06.778 +08:00 [INF] 缓存任务处理成功: 1760930365
2025-10-20 11:22:06.791 +08:00 [INF] 检测到点位可用，准备处理缓存任务: 1760930365
2025-10-20 11:22:06.793 +08:00 [INF] 检测到需要拆分的任务（类型1），起点: PA003
2025-10-20 11:22:06.798 +08:00 [INF] 任务已缓存: 1760930365, 错误信息: 起点 PC001 已被锁定
2025-10-20 11:22:06.808 +08:00 [INF] 任务拆分成功，原始任务: 1760930365，生成了 0 个子任务
2025-10-20 11:22:06.820 +08:00 [INF] 缓存任务处理成功: 1760930365
2025-10-20 11:22:44.977 +08:00 [WRN] 查询结果为空
2025-10-20 11:22:54.541 +08:00 [INF] 接收到的任务数据: TaskType=manualTask, Source=PA003, Target=05A26, Priority=1, RequestCode=1760930574
2025-10-20 11:22:54.544 +08:00 [INF] 检测到需要拆分的任务（类型1），起点: PA003
2025-10-20 11:22:54.550 +08:00 [INF] 任务已缓存: 1760930574, 错误信息: 起点 PC001 已被锁定
2025-10-20 11:22:54.554 +08:00 [INF] 任务拆分成功，原始任务: 1760930574，生成了 0 个子任务
2025-10-20 11:22:54.576 +08:00 [WRN] 查询结果为空
2025-10-20 11:23:06.843 +08:00 [INF] 检测到点位可用，准备处理缓存任务: 1760930574
2025-10-20 11:23:06.845 +08:00 [INF] 检测到需要拆分的任务（类型1），起点: PA003
2025-10-20 11:23:06.848 +08:00 [INF] 任务已缓存: 1760930574, 错误信息: 起点 PC001 已被锁定
2025-10-20 11:23:06.851 +08:00 [INF] 任务拆分成功，原始任务: 1760930574，生成了 0 个子任务
2025-10-20 11:23:06.855 +08:00 [INF] 缓存任务处理成功: 1760930574
2025-10-20 11:23:06.857 +08:00 [INF] 检测到点位可用，准备处理缓存任务: 1760930365
2025-10-20 11:23:06.858 +08:00 [INF] 检测到需要拆分的任务（类型1），起点: PA003
2025-10-20 11:23:06.862 +08:00 [INF] 任务已缓存: 1760930365, 错误信息: 起点 PC001 已被锁定
2025-10-20 11:23:06.864 +08:00 [INF] 任务拆分成功，原始任务: 1760930365，生成了 0 个子任务
2025-10-20 11:23:06.867 +08:00 [INF] 缓存任务处理成功: 1760930365
2025-10-20 11:25:46.825 +08:00 [INF] TCP服务未启用，数据清理服务将不会启动。
2025-10-20 11:25:46.894 +08:00 [INF] TcpServerService 启动，监听 127.0.0.1:9000
2025-10-20 11:25:46.914 +08:00 [INF] 任务缓存处理器已启动
2025-10-20 11:25:46.949 +08:00 [INF] 检测到点位可用，准备处理缓存任务: 1760930574
2025-10-20 11:25:46.988 +08:00 [INF] 检测到需要拆分的任务（类型1），起点: PA003
2025-10-20 11:25:47.007 +08:00 [WRN] Overriding address(es) 'http://localhost:5055'. Binding to endpoints defined via IConfiguration and/or UseKestrel() instead.
2025-10-20 11:25:47.021 +08:00 [INF] 任务已缓存: 1760930574, 错误信息: 中转点 PC001 已被锁定
2025-10-20 11:25:47.026 +08:00 [INF] 任务拆分成功，原始任务: 1760930574，生成了 0 个子任务
2025-10-20 11:25:47.031 +08:00 [INF] 缓存任务处理成功: 1760930574
2025-10-20 11:25:47.033 +08:00 [INF] 检测到点位可用，准备处理缓存任务: 1760930365
2025-10-20 11:25:47.035 +08:00 [INF] 检测到需要拆分的任务（类型1），起点: PA003
2025-10-20 11:25:47.039 +08:00 [INF] 任务已缓存: 1760930365, 错误信息: 中转点 PC001 已被锁定
2025-10-20 11:25:47.041 +08:00 [INF] 任务拆分成功，原始任务: 1760930365，生成了 0 个子任务
2025-10-20 11:25:47.043 +08:00 [INF] 缓存任务处理成功: 1760930365
2025-10-20 11:25:48.627 +08:00 [WRN] Failed to determine the https port for redirect.
2025-10-20 11:25:54.436 +08:00 [INF] 正在验证用户: admin
2025-10-20 11:25:54.438 +08:00 [INF] 输入的密码: admin123
2025-10-20 11:25:54.440 +08:00 [INF] 数据库中的密码: admin123
2025-10-20 11:25:54.441 +08:00 [INF] 密码验证结果: True
2025-10-20 11:25:54.455 +08:00 [INF] 更新最后登录时间成功
2025-10-20 11:25:54.457 +08:00 [INF] 用户 admin 登录成功
2025-10-20 11:25:54.523 +08:00 [WRN] 查询结果为空
2025-10-20 11:25:59.137 +08:00 [WRN] 查询结果为空
2025-10-20 11:26:05.773 +08:00 [WRN] 查询结果为空
2025-10-20 11:26:14.936 +08:00 [INF] 接收到的任务数据: TaskType=manualTask, Source=PA003, Target=05A24, Priority=1, RequestCode=1760930774
2025-10-20 11:26:14.939 +08:00 [INF] 检测到需要拆分的任务（类型1），起点: PA003
2025-10-20 11:26:14.944 +08:00 [INF] 任务已缓存: 1760930774, 错误信息: 中转点 PC001 已被锁定
2025-10-20 11:26:14.947 +08:00 [INF] 任务拆分成功，原始任务: 1760930774，生成了 0 个子任务
2025-10-20 11:26:14.965 +08:00 [WRN] 查询结果为空
2025-10-20 11:26:19.485 +08:00 [WRN] 查询结果为空
2025-10-20 11:26:47.060 +08:00 [INF] 检测到点位可用，准备处理缓存任务: 1760930774
2025-10-20 11:26:47.062 +08:00 [INF] 检测到需要拆分的任务（类型1），起点: PA003
2025-10-20 11:26:47.066 +08:00 [INF] 任务已缓存: 1760930774, 错误信息: 中转点 PC001 已被锁定
2025-10-20 11:26:47.068 +08:00 [INF] 任务拆分成功，原始任务: 1760930774，生成了 0 个子任务
2025-10-20 11:26:47.071 +08:00 [INF] 缓存任务处理成功: 1760930774
2025-10-20 11:26:52.411 +08:00 [INF] 接收到的任务数据: TaskType=manualTask, Source=PA004, Target=05A23, Priority=1, RequestCode=1760930812
2025-10-20 11:26:52.415 +08:00 [INF] 检测到需要拆分的任务（类型1），起点: PA004
2025-10-20 11:26:52.419 +08:00 [INF] 任务已缓存: 1760930812, 错误信息: 中转点 PC001 已被锁定
2025-10-20 11:26:52.431 +08:00 [INF] 任务拆分成功，原始任务: 1760930812，生成了 0 个子任务
2025-10-20 11:26:52.448 +08:00 [WRN] 查询结果为空
2025-10-20 11:26:56.093 +08:00 [WRN] 查询结果为空
2025-10-20 11:27:47.087 +08:00 [INF] 检测到点位可用，准备处理缓存任务: 1760930812
2025-10-20 11:27:47.090 +08:00 [INF] 检测到需要拆分的任务（类型1），起点: PA004
2025-10-20 11:27:47.094 +08:00 [INF] 任务已缓存: 1760930812, 错误信息: 中转点 PC001 已被锁定
2025-10-20 11:27:47.096 +08:00 [INF] 任务拆分成功，原始任务: 1760930812，生成了 0 个子任务
2025-10-20 11:27:47.099 +08:00 [INF] 缓存任务处理成功: 1760930812
2025-10-20 11:27:47.101 +08:00 [INF] 检测到点位可用，准备处理缓存任务: 1760930774
2025-10-20 11:27:47.103 +08:00 [INF] 检测到需要拆分的任务（类型1），起点: PA003
2025-10-20 11:27:47.106 +08:00 [INF] 任务已缓存: 1760930774, 错误信息: 中转点 PC001 已被锁定
2025-10-20 11:27:47.108 +08:00 [INF] 任务拆分成功，原始任务: 1760930774，生成了 0 个子任务
2025-10-20 11:27:47.110 +08:00 [INF] 缓存任务处理成功: 1760930774
2025-10-20 11:29:50.069 +08:00 [INF] TCP服务未启用，数据清理服务将不会启动。
2025-10-20 11:29:50.127 +08:00 [INF] TcpServerService 启动，监听 127.0.0.1:9000
2025-10-20 11:29:50.149 +08:00 [INF] 任务缓存处理器已启动
2025-10-20 11:29:50.186 +08:00 [INF] 检测到点位可用，准备处理缓存任务: 1760930812
2025-10-20 11:29:50.220 +08:00 [INF] 检测到需要拆分的任务（类型1），起点: PA004
2025-10-20 11:29:50.240 +08:00 [WRN] Overriding address(es) 'http://localhost:5055'. Binding to endpoints defined via IConfiguration and/or UseKestrel() instead.
2025-10-20 11:29:50.254 +08:00 [INF] 任务已缓存: 1760930812, 错误信息: 中转点 PC001 已被锁定
2025-10-20 11:29:50.259 +08:00 [INF] 任务拆分成功，原始任务: 1760930812，生成了 0 个子任务
2025-10-20 11:29:50.263 +08:00 [INF] 缓存任务处理成功: 1760930812
2025-10-20 11:29:50.266 +08:00 [INF] 检测到点位可用，准备处理缓存任务: 1760930774
2025-10-20 11:29:50.268 +08:00 [INF] 检测到需要拆分的任务（类型1），起点: PA003
2025-10-20 11:29:50.271 +08:00 [INF] 任务已缓存: 1760930774, 错误信息: 中转点 PC001 已被锁定
2025-10-20 11:29:50.273 +08:00 [INF] 任务拆分成功，原始任务: 1760930774，生成了 0 个子任务
2025-10-20 11:29:50.275 +08:00 [INF] 缓存任务处理成功: 1760930774
2025-10-20 11:29:52.185 +08:00 [WRN] Failed to determine the https port for redirect.
2025-10-20 11:29:56.951 +08:00 [INF] 正在验证用户: admin
2025-10-20 11:29:56.955 +08:00 [INF] 输入的密码: admin123
2025-10-20 11:29:56.956 +08:00 [INF] 数据库中的密码: admin123
2025-10-20 11:29:56.958 +08:00 [INF] 密码验证结果: True
2025-10-20 11:29:56.971 +08:00 [INF] 更新最后登录时间成功
2025-10-20 11:29:56.972 +08:00 [INF] 用户 admin 登录成功
2025-10-20 11:29:57.034 +08:00 [WRN] 查询结果为空
2025-10-20 11:30:18.098 +08:00 [INF] 接收到的任务数据: TaskType=manualTask, Source=PC003, Target=05A27, Priority=1, RequestCode=1760931015
2025-10-20 11:30:19.775 +08:00 [INF] 任务起点: PC003, 终点: 05A27
2025-10-20 11:30:29.070 +08:00 [WRN] 慢请求检测: POST /Tasks/CreateTask - 16749ms - 来自 ::1
2025-10-20 11:30:29.092 +08:00 [INF] 查询到任务数据: ID=151977, MaterialCode=, MaterialQuantity=0, PalletNumber=
2025-10-20 11:30:50.282 +08:00 [INF] 检测到点位可用，准备处理缓存任务: 1760930812
2025-10-20 11:30:50.292 +08:00 [WRN] 缓存任务处理失败: 1760930812, 错误: 托盘已存在
2025-10-20 11:30:50.294 +08:00 [INF] 检测到点位可用，准备处理缓存任务: 1760930774
2025-10-20 11:30:50.296 +08:00 [WRN] 缓存任务处理失败: 1760930774, 错误: 托盘已存在
2025-10-20 11:31:31.321 +08:00 [INF] 查询到任务数据: ID=151977, MaterialCode=, MaterialQuantity=0, PalletNumber=
2025-10-20 11:31:40.834 +08:00 [INF] 查询到任务数据: ID=151977, MaterialCode=, MaterialQuantity=0, PalletNumber=
2025-10-20 11:31:50.310 +08:00 [INF] 检测到点位可用，准备处理缓存任务: 1760930774
2025-10-20 11:31:50.314 +08:00 [WRN] 缓存任务处理失败: 1760930774, 错误: 托盘已存在
2025-10-20 11:33:18.879 +08:00 [INF] TCP服务未启用，数据清理服务将不会启动。
2025-10-20 11:33:18.932 +08:00 [INF] TcpServerService 启动，监听 127.0.0.1:9000
2025-10-20 11:33:18.952 +08:00 [INF] 任务缓存处理器已启动
2025-10-20 11:33:18.981 +08:00 [INF] 检测到点位可用，准备处理缓存任务: 1760930774
2025-10-20 11:33:19.003 +08:00 [INF] 检测到需要拆分的任务（类型1），起点: PA003
2025-10-20 11:33:19.023 +08:00 [WRN] Overriding address(es) 'http://localhost:5055'. Binding to endpoints defined via IConfiguration and/or UseKestrel() instead.
2025-10-20 11:33:19.043 +08:00 [INF] 任务已缓存: 1760930774, 错误信息: 中转点 PC001 已被锁定
2025-10-20 11:33:19.048 +08:00 [INF] 任务拆分成功，原始任务: 1760930774，生成了 0 个子任务
2025-10-20 11:33:19.052 +08:00 [INF] 缓存任务处理成功: 1760930774
2025-10-20 11:33:20.765 +08:00 [WRN] Failed to determine the https port for redirect.
2025-10-20 11:33:22.458 +08:00 [INF] 正在验证用户: admin
2025-10-20 11:33:22.459 +08:00 [INF] 输入的密码: admin123
2025-10-20 11:33:22.460 +08:00 [INF] 数据库中的密码: admin123
2025-10-20 11:33:22.462 +08:00 [INF] 密码验证结果: True
2025-10-20 11:33:22.475 +08:00 [INF] 更新最后登录时间成功
2025-10-20 11:33:22.476 +08:00 [INF] 用户 admin 登录成功
2025-10-20 11:33:22.542 +08:00 [INF] 查询到任务数据: ID=151977, MaterialCode=, MaterialQuantity=0, PalletNumber=
2025-10-20 11:33:50.742 +08:00 [INF] 查询到任务数据: ID=151977, MaterialCode=, MaterialQuantity=0, PalletNumber=
2025-10-20 11:33:55.394 +08:00 [INF] 查询到任务数据: ID=151977, MaterialCode=, MaterialQuantity=0, PalletNumber=
2025-10-20 11:34:19.073 +08:00 [INF] 检测到点位可用，准备处理缓存任务: 1760930774
2025-10-20 11:34:19.074 +08:00 [INF] 检测到需要拆分的任务（类型1），起点: PA003
2025-10-20 11:34:19.080 +08:00 [INF] 任务已缓存: 1760930774, 错误信息: 中转点 PC001 已被锁定
2025-10-20 11:34:19.092 +08:00 [INF] 任务拆分成功，原始任务: 1760930774，生成了 0 个子任务
2025-10-20 11:34:19.096 +08:00 [INF] 缓存任务处理成功: 1760930774
2025-10-20 11:34:43.646 +08:00 [INF] 接收到取消任务请求，任务ID: 151977
2025-10-20 11:35:16.070 +08:00 [INF] 任务 151977 已成功取消
2025-10-20 11:35:18.880 +08:00 [INF] 取消任务结果: 成功=True, 消息=任务已成功取消
2025-10-20 11:35:18.920 +08:00 [WRN] 慢请求检测: POST /Tasks/Cancel - 38408ms - 来自 ::1
2025-10-20 11:35:19.105 +08:00 [INF] 检测到点位可用，准备处理缓存任务: 1760930774
2025-10-20 11:35:19.106 +08:00 [INF] 检测到需要拆分的任务（类型1），起点: PA003
2025-10-20 11:35:19.113 +08:00 [INF] 任务已缓存: 1760930774, 错误信息: 中转点 PC001 已被锁定
2025-10-20 11:35:19.128 +08:00 [INF] 任务拆分成功，原始任务: 1760930774，生成了 0 个子任务
2025-10-20 11:35:19.132 +08:00 [INF] 缓存任务处理成功: 1760930774
2025-10-20 11:35:22.459 +08:00 [INF] 查询到任务数据: ID=151977, MaterialCode=, MaterialQuantity=0, PalletNumber=
2025-10-20 11:35:25.541 +08:00 [INF] 查询到任务数据: ID=151977, MaterialCode=, MaterialQuantity=0, PalletNumber=
2025-10-20 11:35:27.148 +08:00 [INF] 查询到任务数据: ID=151977, MaterialCode=, MaterialQuantity=0, PalletNumber=
2025-10-20 11:35:34.602 +08:00 [INF] 查询到任务数据: ID=151977, MaterialCode=, MaterialQuantity=0, PalletNumber=
2025-10-20 11:38:19.169 +08:00 [INF] 检测到点位可用，准备处理缓存任务: 1760930774
2025-10-20 11:38:19.171 +08:00 [INF] 检测到需要拆分的任务（类型1），起点: PA003
2025-10-20 11:38:19.183 +08:00 [INF] 已锁定任务起点储位: PA003
2025-10-20 11:38:19.184 +08:00 [INF] 已锁定小地牛中转点储位: PC001
2025-10-20 11:38:19.186 +08:00 [INF] 已锁定三向车中转点储位: PD001
2025-10-20 11:38:19.187 +08:00 [INF] 已锁定任务终点储位: 05A24
2025-10-20 11:38:19.190 +08:00 [INF] 任务拆分完成，分组ID: 9c4d02ea-1d49-4110-b58c-31f2952aa6a2，第一个任务: 1760930774_1，第二个任务: 1760930774_2
2025-10-20 11:38:19.201 +08:00 [INF] 任务拆分成功，原始任务: 1760930774，生成了 2 个子任务
2025-10-20 11:38:19.204 +08:00 [INF] 缓存任务处理成功: 1760930774
2025-10-20 11:38:26.819 +08:00 [INF] 查询到任务数据: ID=151978, MaterialCode=, MaterialQuantity=0, PalletNumber=
2025-10-20 11:38:27.755 +08:00 [INF] 查询到任务数据: ID=151978, MaterialCode=, MaterialQuantity=0, PalletNumber=
2025-10-20 11:38:28.325 +08:00 [INF] 查询到任务数据: ID=151978, MaterialCode=, MaterialQuantity=0, PalletNumber=
2025-10-20 11:38:28.708 +08:00 [INF] 查询到任务数据: ID=151978, MaterialCode=, MaterialQuantity=0, PalletNumber=
2025-10-20 11:38:31.564 +08:00 [INF] 查询到任务数据: ID=151978, MaterialCode=, MaterialQuantity=0, PalletNumber=
2025-10-20 11:38:32.565 +08:00 [INF] 查询到任务数据: ID=151978, MaterialCode=, MaterialQuantity=0, PalletNumber=
2025-10-20 12:00:50.809 +08:00 [INF] TCP服务未启用，数据清理服务将不会启动。
2025-10-20 12:00:50.866 +08:00 [INF] TcpServerService 启动，监听 127.0.0.1:9000
2025-10-20 12:00:50.887 +08:00 [INF] 任务缓存处理器已启动
2025-10-20 12:00:50.978 +08:00 [WRN] Overriding address(es) 'http://localhost:5055'. Binding to endpoints defined via IConfiguration and/or UseKestrel() instead.
2025-10-20 12:00:53.381 +08:00 [WRN] Failed to determine the https port for redirect.
2025-10-20 12:01:01.796 +08:00 [INF] 正在验证用户: admin
2025-10-20 12:01:01.799 +08:00 [INF] 输入的密码: admin123
2025-10-20 12:01:01.801 +08:00 [INF] 数据库中的密码: admin123
2025-10-20 12:01:01.803 +08:00 [INF] 密码验证结果: True
2025-10-20 12:01:01.825 +08:00 [INF] 更新最后登录时间成功
2025-10-20 12:01:01.827 +08:00 [INF] 用户 admin 登录成功
2025-10-20 12:01:01.894 +08:00 [INF] 查询到任务数据: ID=151978, MaterialCode=, MaterialQuantity=0, PalletNumber=
