2025-12-18 10:58:27.072 +08:00 [INF] TCP服务未启用，数据清理服务将不会启动。
2025-12-18 10:58:27.210 +08:00 [INF] TcpServerService 启动，监听 127.0.0.1:9000
2025-12-18 10:58:27.241 +08:00 [INF] 任务缓存处理器已启动
2025-12-18 10:58:27.271 +08:00 [INF] 本次处理 0 个缓存任务
2025-12-18 10:58:27.362 +08:00 [WRN] Overriding address(es) 'http://localhost:5055'. Binding to endpoints defined via IConfiguration and/or UseKestrel() instead.
2025-12-18 10:58:30.603 +08:00 [WRN] Failed to determine the https port for redirect.
2025-12-18 10:58:32.252 +08:00 [INF] 正在验证用户: admin
2025-12-18 10:58:32.254 +08:00 [INF] 输入的密码: admin123
2025-12-18 10:58:32.255 +08:00 [INF] 数据库中的密码: admin123
2025-12-18 10:58:32.256 +08:00 [INF] 密码验证结果: True
2025-12-18 10:58:32.277 +08:00 [INF] 更新最后登录时间成功
2025-12-18 10:58:32.278 +08:00 [INF] 用户 admin 登录成功
2025-12-18 10:59:27.289 +08:00 [INF] 本次处理 0 个缓存任务
2025-12-18 11:00:27.298 +08:00 [INF] 本次处理 0 个缓存任务
2025-12-18 11:01:27.311 +08:00 [INF] 本次处理 0 个缓存任务
2025-12-18 11:02:27.325 +08:00 [INF] 本次处理 0 个缓存任务
2025-12-18 11:03:27.340 +08:00 [INF] 本次处理 0 个缓存任务
2025-12-18 11:04:27.353 +08:00 [INF] 本次处理 0 个缓存任务
2025-12-18 11:04:40.083 +08:00 [INF] TCP服务未启用，数据清理服务将不会启动。
2025-12-18 11:04:40.178 +08:00 [INF] TcpServerService 启动，监听 127.0.0.1:9000
2025-12-18 11:04:40.212 +08:00 [INF] 任务缓存处理器已启动
2025-12-18 11:04:40.233 +08:00 [INF] 本次处理 0 个缓存任务
2025-12-18 11:04:40.309 +08:00 [WRN] Overriding address(es) 'http://localhost:5055'. Binding to endpoints defined via IConfiguration and/or UseKestrel() instead.
2025-12-18 11:04:42.424 +08:00 [WRN] Failed to determine the https port for redirect.
2025-12-18 11:04:44.166 +08:00 [INF] 正在验证用户: admin
2025-12-18 11:04:44.170 +08:00 [INF] 输入的密码: admin123
2025-12-18 11:04:44.172 +08:00 [INF] 数据库中的密码: admin123
2025-12-18 11:04:44.176 +08:00 [INF] 密码验证结果: True
2025-12-18 11:04:44.197 +08:00 [INF] 更新最后登录时间成功
2025-12-18 11:04:44.199 +08:00 [INF] 用户 admin 登录成功
