2025-10-22 10:24:17.276 +08:00 [INF] TCP服务未启用，数据清理服务将不会启动。
2025-10-22 10:24:17.337 +08:00 [INF] TcpServerService 启动，监听 127.0.0.1:9000
2025-10-22 10:24:17.360 +08:00 [INF] 任务缓存处理器已启动
2025-10-22 10:24:17.461 +08:00 [WRN] Overriding address(es) 'http://localhost:5055'. Binding to endpoints defined via IConfiguration and/or UseKestrel() instead.
2025-10-22 10:24:22.839 +08:00 [WRN] Failed to determine the https port for redirect.
2025-10-22 10:24:36.068 +08:00 [INF] 正在验证用户: test
2025-10-22 10:24:36.070 +08:00 [INF] 输入的密码: admin123
2025-10-22 10:24:36.073 +08:00 [INF] 数据库中的密码: test123
2025-10-22 10:24:36.076 +08:00 [INF] 密码验证结果: False
2025-10-22 10:24:40.714 +08:00 [INF] 正在验证用户: admin
2025-10-22 10:24:40.716 +08:00 [INF] 输入的密码: admin888
2025-10-22 10:24:40.717 +08:00 [INF] 数据库中的密码: admin123
2025-10-22 10:24:40.718 +08:00 [INF] 密码验证结果: False
2025-10-22 10:24:47.138 +08:00 [INF] 正在验证用户: admin
2025-10-22 10:24:47.141 +08:00 [INF] 输入的密码: admin123
2025-10-22 10:24:47.142 +08:00 [INF] 数据库中的密码: admin123
2025-10-22 10:24:47.143 +08:00 [INF] 密码验证结果: True
2025-10-22 10:24:47.172 +08:00 [INF] 更新最后登录时间成功
2025-10-22 10:24:47.173 +08:00 [INF] 用户 admin 登录成功
2025-10-22 10:24:47.229 +08:00 [WRN] 查询结果为空
2025-10-22 10:25:07.179 +08:00 [INF] 接收到的任务数据: TaskType=manualTask, Source=06A05, Target=05A11, Priority=1, RequestCode=1761099907
2025-10-22 10:25:07.207 +08:00 [INF] 任务起点: 06A05, 终点: 05A11
2025-10-22 10:25:07.265 +08:00 [INF] 查询到任务数据: ID=151980, MaterialCode=, MaterialQuantity=0, PalletNumber=
2025-10-22 10:25:26.554 +08:00 [INF] 接收到的任务数据: TaskType=rmHandover, Source=06B06, Target=06A05, Priority=1, RequestCode=1761099926
2025-10-22 10:25:26.569 +08:00 [INF] 已锁定储位: 18
2025-10-22 10:25:26.573 +08:00 [INF] 自动分配的目标位置 18 已被锁定，将任务缓存
2025-10-22 10:25:26.580 +08:00 [INF] 任务已缓存: 1761099926, 错误信息: 自动分配的目标位置 18 已被锁定
2025-10-22 10:25:26.603 +08:00 [INF] 查询到任务数据: ID=151980, MaterialCode=, MaterialQuantity=0, PalletNumber=
2025-10-22 10:25:34.385 +08:00 [INF] 查询到任务数据: ID=151980, MaterialCode=, MaterialQuantity=0, PalletNumber=
2025-10-22 10:25:38.425 +08:00 [INF] 查询到任务数据: ID=151980, MaterialCode=, MaterialQuantity=0, PalletNumber=
2025-10-22 10:25:44.383 +08:00 [INF] 查询到任务数据: ID=151980, MaterialCode=, MaterialQuantity=0, PalletNumber=
2025-10-22 10:26:17.404 +08:00 [INF] 检测到点位可用，准备处理缓存任务: 1761099926
2025-10-22 10:26:17.413 +08:00 [INF] 已锁定储位: 15
2025-10-22 10:26:17.416 +08:00 [INF] 自动分配的目标位置 15 已被锁定，将任务缓存
2025-10-22 10:26:17.418 +08:00 [INF] 任务已缓存: 1761099926, 错误信息: 自动分配的目标位置 15 已被锁定
2025-10-22 10:26:17.420 +08:00 [INF] 缓存任务仍需等待点位释放: 1761099926
2025-10-22 10:27:17.435 +08:00 [INF] 检测到点位可用，准备处理缓存任务: 1761099926
2025-10-22 10:27:17.444 +08:00 [INF] 已锁定储位: 14
2025-10-22 10:27:17.447 +08:00 [INF] 自动分配的目标位置 14 已被锁定，将任务缓存
2025-10-22 10:27:17.450 +08:00 [INF] 任务已缓存: 1761099926, 错误信息: 自动分配的目标位置 14 已被锁定
2025-10-22 10:27:17.452 +08:00 [INF] 缓存任务仍需等待点位释放: 1761099926
2025-10-22 10:27:17.457 +08:00 [INF] 检测到点位可用，准备处理缓存任务: 1761099926
2025-10-22 10:27:17.463 +08:00 [INF] 已锁定储位: 17
2025-10-22 10:27:17.466 +08:00 [INF] 自动分配的目标位置 17 已被锁定，将任务缓存
2025-10-22 10:27:17.468 +08:00 [INF] 任务已缓存: 1761099926, 错误信息: 自动分配的目标位置 17 已被锁定
2025-10-22 10:27:17.469 +08:00 [INF] 缓存任务仍需等待点位释放: 1761099926
2025-10-22 10:28:17.483 +08:00 [INF] 检测到点位可用，准备处理缓存任务: 1761099926
2025-10-22 10:28:17.493 +08:00 [INF] 已锁定储位: 20
2025-10-22 10:28:17.498 +08:00 [INF] 自动分配的目标位置 20 已被锁定，将任务缓存
2025-10-22 10:28:17.501 +08:00 [INF] 任务已缓存: 1761099926, 错误信息: 自动分配的目标位置 20 已被锁定
2025-10-22 10:28:17.504 +08:00 [INF] 缓存任务仍需等待点位释放: 1761099926
2025-10-22 10:28:17.510 +08:00 [INF] 检测到点位可用，准备处理缓存任务: 1761099926
2025-10-22 10:28:17.520 +08:00 [INF] 已锁定储位: 16
2025-10-22 10:28:17.524 +08:00 [INF] 自动分配的目标位置 16 已被锁定，将任务缓存
2025-10-22 10:28:17.528 +08:00 [INF] 任务已缓存: 1761099926, 错误信息: 自动分配的目标位置 16 已被锁定
2025-10-22 10:28:17.531 +08:00 [INF] 缓存任务仍需等待点位释放: 1761099926
2025-10-22 10:28:17.536 +08:00 [INF] 检测到点位可用，准备处理缓存任务: 1761099926
2025-10-22 10:28:17.546 +08:00 [INF] 已锁定储位: 19
2025-10-22 10:28:17.551 +08:00 [INF] 自动分配的目标位置 19 已被锁定，将任务缓存
2025-10-22 10:28:17.554 +08:00 [INF] 任务已缓存: 1761099926, 错误信息: 自动分配的目标位置 19 已被锁定
2025-10-22 10:28:17.556 +08:00 [INF] 缓存任务仍需等待点位释放: 1761099926
2025-10-22 10:28:17.565 +08:00 [INF] 检测到点位可用，准备处理缓存任务: 1761099926
2025-10-22 10:28:17.575 +08:00 [WRN] 缓存任务处理失败: 1761099926, 错误: 无可用目标库位
2025-10-22 10:28:17.947 +08:00 [INF] 查询到任务数据: ID=151980, MaterialCode=, MaterialQuantity=0, PalletNumber=
2025-10-22 10:28:19.178 +08:00 [INF] 查询到任务数据: ID=151980, MaterialCode=, MaterialQuantity=0, PalletNumber=
2025-10-22 10:28:19.577 +08:00 [INF] 查询到任务数据: ID=151980, MaterialCode=, MaterialQuantity=0, PalletNumber=
2025-10-22 10:28:19.941 +08:00 [INF] 查询到任务数据: ID=151980, MaterialCode=, MaterialQuantity=0, PalletNumber=
2025-10-22 10:28:20.277 +08:00 [INF] 查询到任务数据: ID=151980, MaterialCode=, MaterialQuantity=0, PalletNumber=
2025-10-22 10:28:20.636 +08:00 [INF] 查询到任务数据: ID=151980, MaterialCode=, MaterialQuantity=0, PalletNumber=
2025-10-22 10:28:20.944 +08:00 [INF] 查询到任务数据: ID=151980, MaterialCode=, MaterialQuantity=0, PalletNumber=
2025-10-22 10:29:17.595 +08:00 [INF] 检测到点位可用，准备处理缓存任务: 1761099926
2025-10-22 10:29:17.612 +08:00 [WRN] 缓存任务处理失败: 1761099926, 错误: 无可用目标库位
2025-10-22 10:29:17.615 +08:00 [INF] 检测到点位可用，准备处理缓存任务: 1761099926
2025-10-22 10:29:17.620 +08:00 [WRN] 缓存任务处理失败: 1761099926, 错误: 无可用目标库位
2025-10-22 10:29:17.621 +08:00 [INF] 检测到点位可用，准备处理缓存任务: 1761099926
2025-10-22 10:29:17.625 +08:00 [WRN] 缓存任务处理失败: 1761099926, 错误: 无可用目标库位
2025-10-22 10:29:17.628 +08:00 [INF] 检测到点位可用，准备处理缓存任务: 1761099926
2025-10-22 10:29:17.632 +08:00 [WRN] 缓存任务处理失败: 1761099926, 错误: 无可用目标库位
2025-10-22 10:29:17.634 +08:00 [INF] 检测到点位可用，准备处理缓存任务: 1761099926
2025-10-22 10:29:17.638 +08:00 [WRN] 缓存任务处理失败: 1761099926, 错误: 无可用目标库位
2025-10-22 10:29:17.641 +08:00 [INF] 检测到点位可用，准备处理缓存任务: 1761099926
2025-10-22 10:29:17.645 +08:00 [WRN] 缓存任务处理失败: 1761099926, 错误: 无可用目标库位
2025-10-22 10:29:17.648 +08:00 [INF] 检测到点位可用，准备处理缓存任务: 1761099926
2025-10-22 10:29:17.652 +08:00 [WRN] 缓存任务处理失败: 1761099926, 错误: 无可用目标库位
2025-10-22 10:30:17.668 +08:00 [INF] 检测到点位可用，准备处理缓存任务: 1761099926
2025-10-22 10:30:17.675 +08:00 [WRN] 缓存任务处理失败: 1761099926, 错误: 无可用目标库位
2025-10-22 10:30:17.678 +08:00 [INF] 检测到点位可用，准备处理缓存任务: 1761099926
2025-10-22 10:30:17.683 +08:00 [WRN] 缓存任务处理失败: 1761099926, 错误: 无可用目标库位
2025-10-22 10:30:17.685 +08:00 [INF] 检测到点位可用，准备处理缓存任务: 1761099926
2025-10-22 10:30:17.692 +08:00 [WRN] 缓存任务处理失败: 1761099926, 错误: 无可用目标库位
2025-10-22 10:30:17.695 +08:00 [INF] 检测到点位可用，准备处理缓存任务: 1761099926
2025-10-22 10:30:17.702 +08:00 [WRN] 缓存任务处理失败: 1761099926, 错误: 无可用目标库位
2025-10-22 10:30:17.706 +08:00 [INF] 检测到点位可用，准备处理缓存任务: 1761099926
2025-10-22 10:30:17.712 +08:00 [WRN] 缓存任务处理失败: 1761099926, 错误: 无可用目标库位
2025-10-22 10:30:17.717 +08:00 [INF] 检测到点位可用，准备处理缓存任务: 1761099926
2025-10-22 10:30:17.721 +08:00 [WRN] 缓存任务处理失败: 1761099926, 错误: 无可用目标库位
2025-10-22 10:30:17.723 +08:00 [INF] 检测到点位可用，准备处理缓存任务: 1761099926
2025-10-22 10:30:17.728 +08:00 [WRN] 缓存任务处理失败: 1761099926, 错误: 无可用目标库位
2025-10-22 10:31:17.747 +08:00 [INF] 检测到点位可用，准备处理缓存任务: 1761099926
2025-10-22 10:31:17.756 +08:00 [WRN] 缓存任务处理失败: 1761099926, 错误: 无可用目标库位
2025-10-22 10:31:17.759 +08:00 [INF] 检测到点位可用，准备处理缓存任务: 1761099926
2025-10-22 10:31:17.765 +08:00 [WRN] 缓存任务处理失败: 1761099926, 错误: 无可用目标库位
2025-10-22 10:31:17.769 +08:00 [INF] 检测到点位可用，准备处理缓存任务: 1761099926
2025-10-22 10:31:17.775 +08:00 [WRN] 缓存任务处理失败: 1761099926, 错误: 无可用目标库位
2025-10-22 10:31:17.779 +08:00 [INF] 检测到点位可用，准备处理缓存任务: 1761099926
2025-10-22 10:31:17.785 +08:00 [WRN] 缓存任务处理失败: 1761099926, 错误: 无可用目标库位
2025-10-22 10:31:17.788 +08:00 [INF] 检测到点位可用，准备处理缓存任务: 1761099926
2025-10-22 10:31:17.794 +08:00 [WRN] 缓存任务处理失败: 1761099926, 错误: 无可用目标库位
2025-10-22 10:31:17.799 +08:00 [INF] 检测到点位可用，准备处理缓存任务: 1761099926
2025-10-22 10:31:17.810 +08:00 [WRN] 缓存任务处理失败: 1761099926, 错误: 无可用目标库位
2025-10-22 10:31:17.816 +08:00 [INF] 检测到点位可用，准备处理缓存任务: 1761099926
2025-10-22 10:31:17.827 +08:00 [WRN] 缓存任务处理失败: 1761099926, 错误: 无可用目标库位
2025-10-22 10:32:17.844 +08:00 [INF] 检测到点位可用，准备处理缓存任务: 1761099926
2025-10-22 10:32:17.861 +08:00 [WRN] 缓存任务处理失败: 1761099926, 错误: 无可用目标库位
2025-10-22 10:32:17.863 +08:00 [INF] 检测到点位可用，准备处理缓存任务: 1761099926
2025-10-22 10:32:17.867 +08:00 [WRN] 缓存任务处理失败: 1761099926, 错误: 无可用目标库位
2025-10-22 10:32:17.869 +08:00 [INF] 检测到点位可用，准备处理缓存任务: 1761099926
2025-10-22 10:32:17.874 +08:00 [WRN] 缓存任务处理失败: 1761099926, 错误: 无可用目标库位
2025-10-22 10:32:17.876 +08:00 [INF] 检测到点位可用，准备处理缓存任务: 1761099926
2025-10-22 10:32:17.881 +08:00 [WRN] 缓存任务处理失败: 1761099926, 错误: 无可用目标库位
2025-10-22 10:32:17.883 +08:00 [INF] 检测到点位可用，准备处理缓存任务: 1761099926
2025-10-22 10:32:17.888 +08:00 [WRN] 缓存任务处理失败: 1761099926, 错误: 无可用目标库位
2025-10-22 10:32:17.891 +08:00 [INF] 检测到点位可用，准备处理缓存任务: 1761099926
2025-10-22 10:32:17.895 +08:00 [WRN] 缓存任务处理失败: 1761099926, 错误: 无可用目标库位
2025-10-22 10:32:17.897 +08:00 [INF] 检测到点位可用，准备处理缓存任务: 1761099926
2025-10-22 10:32:17.901 +08:00 [WRN] 缓存任务处理失败: 1761099926, 错误: 无可用目标库位
2025-10-22 10:33:28.495 +08:00 [INF] TCP服务未启用，数据清理服务将不会启动。
2025-10-22 10:33:28.548 +08:00 [INF] TcpServerService 启动，监听 127.0.0.1:9000
2025-10-22 10:33:28.568 +08:00 [INF] 任务缓存处理器已启动
2025-10-22 10:33:28.614 +08:00 [INF] 检测到点位可用，准备处理缓存任务: 1761099926
2025-10-22 10:33:28.671 +08:00 [WRN] 缓存任务处理失败: 1761099926, 错误: 无可用目标库位
2025-10-22 10:33:28.672 +08:00 [WRN] Overriding address(es) 'http://localhost:5055'. Binding to endpoints defined via IConfiguration and/or UseKestrel() instead.
2025-10-22 10:33:28.673 +08:00 [INF] 检测到点位可用，准备处理缓存任务: 1761099926
2025-10-22 10:33:28.678 +08:00 [WRN] 缓存任务处理失败: 1761099926, 错误: 无可用目标库位
2025-10-22 10:33:28.681 +08:00 [INF] 检测到点位可用，准备处理缓存任务: 1761099926
2025-10-22 10:33:28.686 +08:00 [WRN] 缓存任务处理失败: 1761099926, 错误: 无可用目标库位
2025-10-22 10:33:28.689 +08:00 [INF] 检测到点位可用，准备处理缓存任务: 1761099926
2025-10-22 10:33:28.693 +08:00 [WRN] 缓存任务处理失败: 1761099926, 错误: 无可用目标库位
2025-10-22 10:33:28.695 +08:00 [INF] 检测到点位可用，准备处理缓存任务: 1761099926
2025-10-22 10:33:28.699 +08:00 [WRN] 缓存任务处理失败: 1761099926, 错误: 无可用目标库位
2025-10-22 10:33:28.701 +08:00 [INF] 检测到点位可用，准备处理缓存任务: 1761099926
2025-10-22 10:33:28.705 +08:00 [WRN] 缓存任务处理失败: 1761099926, 错误: 无可用目标库位
2025-10-22 10:33:28.707 +08:00 [INF] 检测到点位可用，准备处理缓存任务: 1761099926
2025-10-22 10:33:28.711 +08:00 [WRN] 缓存任务处理失败: 1761099926, 错误: 无可用目标库位
2025-10-22 10:33:30.798 +08:00 [WRN] Failed to determine the https port for redirect.
2025-10-22 10:33:34.469 +08:00 [INF] 正在验证用户: admin
2025-10-22 10:33:34.471 +08:00 [INF] 输入的密码: admin888
2025-10-22 10:33:34.474 +08:00 [INF] 数据库中的密码: admin123
2025-10-22 10:33:34.478 +08:00 [INF] 密码验证结果: False
2025-10-22 10:33:44.510 +08:00 [INF] 正在验证用户: admin
2025-10-22 10:33:44.512 +08:00 [INF] 输入的密码: admin123
2025-10-22 10:33:44.513 +08:00 [INF] 数据库中的密码: admin123
2025-10-22 10:33:44.515 +08:00 [INF] 密码验证结果: True
2025-10-22 10:33:44.529 +08:00 [INF] 更新最后登录时间成功
2025-10-22 10:33:44.530 +08:00 [INF] 用户 admin 登录成功
2025-10-22 10:33:44.581 +08:00 [INF] 查询到任务数据: ID=151980, MaterialCode=, MaterialQuantity=0, PalletNumber=
2025-10-22 10:33:50.340 +08:00 [INF] 查询到任务数据: ID=151980, MaterialCode=, MaterialQuantity=0, PalletNumber=
2025-10-22 10:33:52.711 +08:00 [INF] 查询到任务数据: ID=151980, MaterialCode=, MaterialQuantity=0, PalletNumber=
2025-10-22 10:33:53.103 +08:00 [INF] 查询到任务数据: ID=151980, MaterialCode=, MaterialQuantity=0, PalletNumber=
2025-10-22 10:33:53.379 +08:00 [INF] 查询到任务数据: ID=151980, MaterialCode=, MaterialQuantity=0, PalletNumber=
2025-10-22 10:33:53.617 +08:00 [INF] 查询到任务数据: ID=151980, MaterialCode=, MaterialQuantity=0, PalletNumber=
2025-10-22 10:33:53.842 +08:00 [INF] 查询到任务数据: ID=151980, MaterialCode=, MaterialQuantity=0, PalletNumber=
2025-10-22 10:34:04.022 +08:00 [INF] 查询到任务数据: ID=151980, MaterialCode=, MaterialQuantity=0, PalletNumber=
2025-10-22 10:34:05.517 +08:00 [INF] 查询到任务数据: ID=151980, MaterialCode=, MaterialQuantity=0, PalletNumber=
2025-10-22 10:34:06.043 +08:00 [INF] 查询到任务数据: ID=151980, MaterialCode=, MaterialQuantity=0, PalletNumber=
2025-10-22 10:34:06.465 +08:00 [INF] 查询到任务数据: ID=151980, MaterialCode=, MaterialQuantity=0, PalletNumber=
2025-10-22 10:34:06.886 +08:00 [INF] 查询到任务数据: ID=151980, MaterialCode=, MaterialQuantity=0, PalletNumber=
2025-10-22 10:34:07.218 +08:00 [INF] 查询到任务数据: ID=151980, MaterialCode=, MaterialQuantity=0, PalletNumber=
2025-10-22 10:34:07.547 +08:00 [INF] 查询到任务数据: ID=151980, MaterialCode=, MaterialQuantity=0, PalletNumber=
2025-10-22 10:34:07.866 +08:00 [INF] 查询到任务数据: ID=151980, MaterialCode=, MaterialQuantity=0, PalletNumber=
2025-10-22 10:34:08.136 +08:00 [INF] 查询到任务数据: ID=151980, MaterialCode=, MaterialQuantity=0, PalletNumber=
2025-10-22 10:34:08.435 +08:00 [INF] 查询到任务数据: ID=151980, MaterialCode=, MaterialQuantity=0, PalletNumber=
2025-10-22 10:34:28.718 +08:00 [INF] 检测到点位可用，准备处理缓存任务: 1761099926
2025-10-22 10:34:28.724 +08:00 [WRN] 缓存任务处理失败: 1761099926, 错误: 无可用目标库位
2025-10-22 10:34:28.726 +08:00 [INF] 检测到点位可用，准备处理缓存任务: 1761099926
2025-10-22 10:34:28.730 +08:00 [WRN] 缓存任务处理失败: 1761099926, 错误: 无可用目标库位
2025-10-22 10:34:28.732 +08:00 [INF] 检测到点位可用，准备处理缓存任务: 1761099926
2025-10-22 10:34:28.737 +08:00 [WRN] 缓存任务处理失败: 1761099926, 错误: 无可用目标库位
2025-10-22 10:34:28.739 +08:00 [INF] 检测到点位可用，准备处理缓存任务: 1761099926
2025-10-22 10:34:28.743 +08:00 [WRN] 缓存任务处理失败: 1761099926, 错误: 无可用目标库位
2025-10-22 10:34:28.746 +08:00 [INF] 检测到点位可用，准备处理缓存任务: 1761099926
2025-10-22 10:34:28.751 +08:00 [WRN] 缓存任务处理失败: 1761099926, 错误: 无可用目标库位
2025-10-22 10:34:28.753 +08:00 [INF] 检测到点位可用，准备处理缓存任务: 1761099926
2025-10-22 10:34:28.758 +08:00 [WRN] 缓存任务处理失败: 1761099926, 错误: 无可用目标库位
2025-10-22 10:34:28.760 +08:00 [INF] 检测到点位可用，准备处理缓存任务: 1761099926
2025-10-22 10:34:28.764 +08:00 [WRN] 缓存任务处理失败: 1761099926, 错误: 无可用目标库位
2025-10-22 10:34:36.326 +08:00 [INF] 查询到任务数据: ID=151980, MaterialCode=, MaterialQuantity=0, PalletNumber=
2025-10-22 10:34:36.608 +08:00 [INF] 查询到任务数据: ID=151980, MaterialCode=, MaterialQuantity=0, PalletNumber=
2025-10-22 10:34:37.081 +08:00 [INF] 查询到任务数据: ID=151980, MaterialCode=, MaterialQuantity=0, PalletNumber=
2025-10-22 10:34:37.364 +08:00 [INF] 查询到任务数据: ID=151980, MaterialCode=, MaterialQuantity=0, PalletNumber=
2025-10-22 10:34:37.619 +08:00 [INF] 查询到任务数据: ID=151980, MaterialCode=, MaterialQuantity=0, PalletNumber=
2025-10-22 10:34:37.859 +08:00 [INF] 查询到任务数据: ID=151980, MaterialCode=, MaterialQuantity=0, PalletNumber=
2025-10-22 10:34:38.074 +08:00 [INF] 查询到任务数据: ID=151980, MaterialCode=, MaterialQuantity=0, PalletNumber=
2025-10-22 10:34:38.302 +08:00 [INF] 查询到任务数据: ID=151980, MaterialCode=, MaterialQuantity=0, PalletNumber=
2025-10-22 10:34:38.514 +08:00 [INF] 查询到任务数据: ID=151980, MaterialCode=, MaterialQuantity=0, PalletNumber=
2025-10-22 10:34:50.807 +08:00 [INF] 查询到任务数据: ID=151980, MaterialCode=, MaterialQuantity=0, PalletNumber=
2025-10-22 10:35:00.785 +08:00 [WRN] 慢请求检测: GET /Tasks/Index - 9981ms - 来自 ::1
2025-10-22 10:35:03.162 +08:00 [INF] 查询到任务数据: ID=151980, MaterialCode=, MaterialQuantity=0, PalletNumber=
2025-10-22 10:35:05.446 +08:00 [WRN] 慢请求检测: GET /Tasks/Index - 2287ms - 来自 ::1
2025-10-22 10:35:22.159 +08:00 [INF] 查询到任务数据: ID=151980, MaterialCode=, MaterialQuantity=0, PalletNumber=
2025-10-22 10:35:29.491 +08:00 [INF] 检测到点位可用，准备处理缓存任务: 1761099926
2025-10-22 10:35:29.569 +08:00 [WRN] 缓存任务处理失败: 1761099926, 错误: 无可用目标库位
2025-10-22 10:35:29.594 +08:00 [INF] 检测到点位可用，准备处理缓存任务: 1761099926
2025-10-22 10:35:34.538 +08:00 [WRN] 缓存任务处理失败: 1761099926, 错误: 无可用目标库位
2025-10-22 10:35:34.568 +08:00 [WRN] 慢请求检测: GET /Tasks/Index - 12414ms - 来自 ::1
2025-10-22 10:35:34.581 +08:00 [INF] 检测到点位可用，准备处理缓存任务: 1761099926
2025-10-22 10:35:34.601 +08:00 [WRN] 缓存任务处理失败: 1761099926, 错误: 无可用目标库位
2025-10-22 10:35:34.607 +08:00 [INF] 检测到点位可用，准备处理缓存任务: 1761099926
2025-10-22 10:35:34.620 +08:00 [WRN] 缓存任务处理失败: 1761099926, 错误: 无可用目标库位
2025-10-22 10:35:34.625 +08:00 [INF] 检测到点位可用，准备处理缓存任务: 1761099926
2025-10-22 10:35:34.635 +08:00 [WRN] 缓存任务处理失败: 1761099926, 错误: 无可用目标库位
2025-10-22 10:35:34.638 +08:00 [INF] 检测到点位可用，准备处理缓存任务: 1761099926
2025-10-22 10:35:34.650 +08:00 [WRN] 缓存任务处理失败: 1761099926, 错误: 无可用目标库位
2025-10-22 10:35:34.654 +08:00 [INF] 检测到点位可用，准备处理缓存任务: 1761099926
2025-10-22 10:35:34.663 +08:00 [WRN] 缓存任务处理失败: 1761099926, 错误: 无可用目标库位
2025-10-22 10:35:43.388 +08:00 [INF] 查询到任务数据: ID=151980, MaterialCode=, MaterialQuantity=0, PalletNumber=
2025-10-22 10:35:56.996 +08:00 [WRN] 慢请求检测: GET /Tasks/Index - 13611ms - 来自 ::1
2025-10-22 10:36:23.781 +08:00 [INF] 查询到任务数据: ID=151980, MaterialCode=, MaterialQuantity=0, PalletNumber=
2025-10-22 10:36:42.053 +08:00 [INF] 检测到点位可用，准备处理缓存任务: 1761099926
2025-10-22 10:36:42.101 +08:00 [WRN] 慢请求检测: GET /Tasks/Index - 20825ms - 来自 ::1
2025-10-22 10:36:42.109 +08:00 [WRN] 缓存任务处理失败: 1761099926, 错误: 无可用目标库位
2025-10-22 10:36:42.155 +08:00 [INF] 检测到点位可用，准备处理缓存任务: 1761099926
2025-10-22 10:36:42.176 +08:00 [WRN] 缓存任务处理失败: 1761099926, 错误: 无可用目标库位
2025-10-22 10:36:42.184 +08:00 [INF] 检测到点位可用，准备处理缓存任务: 1761099926
2025-10-22 10:36:42.200 +08:00 [WRN] 缓存任务处理失败: 1761099926, 错误: 无可用目标库位
2025-10-22 10:36:42.207 +08:00 [INF] 检测到点位可用，准备处理缓存任务: 1761099926
2025-10-22 10:36:42.219 +08:00 [WRN] 缓存任务处理失败: 1761099926, 错误: 无可用目标库位
2025-10-22 10:36:42.229 +08:00 [INF] 检测到点位可用，准备处理缓存任务: 1761099926
2025-10-22 10:36:42.242 +08:00 [WRN] 缓存任务处理失败: 1761099926, 错误: 无可用目标库位
2025-10-22 10:36:42.250 +08:00 [INF] 检测到点位可用，准备处理缓存任务: 1761099926
2025-10-22 10:36:42.270 +08:00 [WRN] 缓存任务处理失败: 1761099926, 错误: 无可用目标库位
2025-10-22 10:36:42.289 +08:00 [INF] 检测到点位可用，准备处理缓存任务: 1761099926
2025-10-22 10:36:42.304 +08:00 [WRN] 缓存任务处理失败: 1761099926, 错误: 无可用目标库位
2025-10-22 10:37:07.119 +08:00 [INF] 查询到任务数据: ID=151980, MaterialCode=, MaterialQuantity=0, PalletNumber=
2025-10-22 10:37:37.440 +08:00 [WRN] 慢请求检测: GET /Tasks/Index - 45029ms - 来自 ::1
2025-10-22 10:37:42.324 +08:00 [INF] 检测到点位可用，准备处理缓存任务: 1761099926
2025-10-22 10:37:42.342 +08:00 [WRN] 缓存任务处理失败: 1761099926, 错误: 无可用目标库位
2025-10-22 10:37:42.346 +08:00 [INF] 检测到点位可用，准备处理缓存任务: 1761099926
2025-10-22 10:37:42.351 +08:00 [WRN] 缓存任务处理失败: 1761099926, 错误: 无可用目标库位
2025-10-22 10:37:42.354 +08:00 [INF] 检测到点位可用，准备处理缓存任务: 1761099926
2025-10-22 10:37:42.359 +08:00 [WRN] 缓存任务处理失败: 1761099926, 错误: 无可用目标库位
2025-10-22 10:37:42.361 +08:00 [INF] 检测到点位可用，准备处理缓存任务: 1761099926
2025-10-22 10:37:42.365 +08:00 [WRN] 缓存任务处理失败: 1761099926, 错误: 无可用目标库位
2025-10-22 10:37:42.368 +08:00 [INF] 检测到点位可用，准备处理缓存任务: 1761099926
2025-10-22 10:37:42.373 +08:00 [WRN] 缓存任务处理失败: 1761099926, 错误: 无可用目标库位
2025-10-22 10:37:42.376 +08:00 [INF] 检测到点位可用，准备处理缓存任务: 1761099926
2025-10-22 10:37:42.380 +08:00 [WRN] 缓存任务处理失败: 1761099926, 错误: 无可用目标库位
2025-10-22 10:37:42.384 +08:00 [INF] 检测到点位可用，准备处理缓存任务: 1761099926
2025-10-22 10:37:42.390 +08:00 [WRN] 缓存任务处理失败: 1761099926, 错误: 无可用目标库位
2025-10-22 10:37:46.661 +08:00 [INF] 查询到任务数据: ID=151980, MaterialCode=, MaterialQuantity=0, PalletNumber=
2025-10-22 10:37:46.666 +08:00 [WRN] 慢请求检测: GET /Tasks/Index - 2800ms - 来自 ::1
2025-10-22 10:40:25.319 +08:00 [INF] TCP服务未启用，数据清理服务将不会启动。
2025-10-22 10:40:25.389 +08:00 [INF] TcpServerService 启动，监听 127.0.0.1:9000
2025-10-22 10:40:25.414 +08:00 [INF] 任务缓存处理器已启动
2025-10-22 10:40:25.452 +08:00 [INF] 检测到点位可用，准备处理缓存任务: 1761099926
2025-10-22 10:40:25.529 +08:00 [WRN] 缓存任务处理失败: 1761099926, 错误: 无可用目标库位
2025-10-22 10:40:25.533 +08:00 [INF] 检测到点位可用，准备处理缓存任务: 1761099926
2025-10-22 10:40:25.551 +08:00 [WRN] 缓存任务处理失败: 1761099926, 错误: 无可用目标库位
2025-10-22 10:40:25.552 +08:00 [WRN] Overriding address(es) 'http://localhost:5055'. Binding to endpoints defined via IConfiguration and/or UseKestrel() instead.
2025-10-22 10:40:25.555 +08:00 [INF] 检测到点位可用，准备处理缓存任务: 1761099926
2025-10-22 10:40:25.564 +08:00 [WRN] 缓存任务处理失败: 1761099926, 错误: 无可用目标库位
2025-10-22 10:40:25.568 +08:00 [INF] 检测到点位可用，准备处理缓存任务: 1761099926
2025-10-22 10:40:25.577 +08:00 [WRN] 缓存任务处理失败: 1761099926, 错误: 无可用目标库位
2025-10-22 10:40:25.580 +08:00 [INF] 检测到点位可用，准备处理缓存任务: 1761099926
2025-10-22 10:40:25.589 +08:00 [WRN] 缓存任务处理失败: 1761099926, 错误: 无可用目标库位
2025-10-22 10:40:25.594 +08:00 [INF] 检测到点位可用，准备处理缓存任务: 1761099926
2025-10-22 10:40:25.602 +08:00 [WRN] 缓存任务处理失败: 1761099926, 错误: 无可用目标库位
2025-10-22 10:40:25.606 +08:00 [INF] 检测到点位可用，准备处理缓存任务: 1761099926
2025-10-22 10:40:25.614 +08:00 [WRN] 缓存任务处理失败: 1761099926, 错误: 无可用目标库位
2025-10-22 10:40:27.832 +08:00 [WRN] Failed to determine the https port for redirect.
2025-10-22 10:40:30.434 +08:00 [INF] 正在验证用户: admin
2025-10-22 10:40:30.436 +08:00 [INF] 输入的密码: admin123
2025-10-22 10:40:30.438 +08:00 [INF] 数据库中的密码: admin123
2025-10-22 10:40:30.440 +08:00 [INF] 密码验证结果: True
2025-10-22 10:40:30.459 +08:00 [INF] 更新最后登录时间成功
2025-10-22 10:40:30.460 +08:00 [INF] 用户 admin 登录成功
2025-10-22 10:40:30.531 +08:00 [INF] 查询到任务数据: ID=151980, MaterialCode=, MaterialQuantity=0, PalletNumber=
2025-10-22 10:40:33.250 +08:00 [INF] 查询到任务数据: ID=151980, MaterialCode=, MaterialQuantity=0, PalletNumber=
2025-10-22 10:40:35.232 +08:00 [INF] 查询到任务数据: ID=151980, MaterialCode=, MaterialQuantity=0, PalletNumber=
2025-10-22 10:40:37.230 +08:00 [INF] 查询到任务数据: ID=151980, MaterialCode=, MaterialQuantity=0, PalletNumber=
2025-10-22 10:40:39.229 +08:00 [INF] 查询到任务数据: ID=151980, MaterialCode=, MaterialQuantity=0, PalletNumber=
2025-10-22 10:40:41.229 +08:00 [INF] 查询到任务数据: ID=151980, MaterialCode=, MaterialQuantity=0, PalletNumber=
2025-10-22 10:40:54.551 +08:00 [INF] 查询到任务数据: ID=151980, MaterialCode=, MaterialQuantity=0, PalletNumber=
2025-10-22 10:40:56.571 +08:00 [INF] 查询到任务数据: ID=151980, MaterialCode=, MaterialQuantity=0, PalletNumber=
2025-10-22 10:40:58.552 +08:00 [INF] 查询到任务数据: ID=151980, MaterialCode=, MaterialQuantity=0, PalletNumber=
2025-10-22 10:41:00.550 +08:00 [INF] 查询到任务数据: ID=151980, MaterialCode=, MaterialQuantity=0, PalletNumber=
2025-10-22 10:41:02.552 +08:00 [INF] 查询到任务数据: ID=151980, MaterialCode=, MaterialQuantity=0, PalletNumber=
2025-10-22 10:41:04.550 +08:00 [INF] 查询到任务数据: ID=151980, MaterialCode=, MaterialQuantity=0, PalletNumber=
2025-10-22 10:41:08.781 +08:00 [INF] 查询到任务数据: ID=151980, MaterialCode=, MaterialQuantity=0, PalletNumber=
2025-10-22 10:41:08.785 +08:00 [WRN] 慢请求检测: GET /Tasks/Index - 2239ms - 来自 ::1
2025-10-22 10:41:10.983 +08:00 [INF] 查询到任务数据: ID=151980, MaterialCode=, MaterialQuantity=0, PalletNumber=
2025-10-22 10:41:10.986 +08:00 [WRN] 慢请求检测: GET /Tasks/Index - 2197ms - 来自 ::1
2025-10-22 10:41:13.330 +08:00 [INF] 查询到任务数据: ID=151980, MaterialCode=, MaterialQuantity=0, PalletNumber=
2025-10-22 10:41:13.344 +08:00 [WRN] 慢请求检测: GET /Tasks/Index - 2353ms - 来自 ::1
2025-10-22 10:41:13.357 +08:00 [INF] 查询到任务数据: ID=151980, MaterialCode=, MaterialQuantity=0, PalletNumber=
2025-10-22 10:41:14.551 +08:00 [INF] 查询到任务数据: ID=151980, MaterialCode=, MaterialQuantity=0, PalletNumber=
2025-10-22 10:41:16.549 +08:00 [INF] 查询到任务数据: ID=151980, MaterialCode=, MaterialQuantity=0, PalletNumber=
2025-10-22 10:41:25.638 +08:00 [INF] 检测到点位可用，准备处理缓存任务: 1761099926
2025-10-22 10:41:25.646 +08:00 [WRN] 缓存任务处理失败: 1761099926, 错误: 无可用目标库位
2025-10-22 10:41:25.651 +08:00 [INF] 检测到点位可用，准备处理缓存任务: 1761099926
2025-10-22 10:41:25.664 +08:00 [WRN] 缓存任务处理失败: 1761099926, 错误: 无可用目标库位
2025-10-22 10:41:25.668 +08:00 [INF] 检测到点位可用，准备处理缓存任务: 1761099926
2025-10-22 10:41:25.678 +08:00 [WRN] 缓存任务处理失败: 1761099926, 错误: 无可用目标库位
2025-10-22 10:41:25.681 +08:00 [INF] 检测到点位可用，准备处理缓存任务: 1761099926
2025-10-22 10:41:25.691 +08:00 [WRN] 缓存任务处理失败: 1761099926, 错误: 无可用目标库位
2025-10-22 10:41:25.696 +08:00 [INF] 检测到点位可用，准备处理缓存任务: 1761099926
2025-10-22 10:41:25.704 +08:00 [WRN] 缓存任务处理失败: 1761099926, 错误: 无可用目标库位
2025-10-22 10:41:25.709 +08:00 [INF] 检测到点位可用，准备处理缓存任务: 1761099926
2025-10-22 10:41:25.719 +08:00 [WRN] 缓存任务处理失败: 1761099926, 错误: 无可用目标库位
2025-10-22 10:41:25.722 +08:00 [INF] 检测到点位可用，准备处理缓存任务: 1761099926
2025-10-22 10:41:25.731 +08:00 [WRN] 缓存任务处理失败: 1761099926, 错误: 无可用目标库位
2025-10-22 10:41:26.550 +08:00 [INF] 查询到任务数据: ID=151980, MaterialCode=, MaterialQuantity=0, PalletNumber=
2025-10-22 10:41:28.551 +08:00 [INF] 查询到任务数据: ID=151980, MaterialCode=, MaterialQuantity=0, PalletNumber=
2025-10-22 10:41:30.549 +08:00 [INF] 查询到任务数据: ID=151980, MaterialCode=, MaterialQuantity=0, PalletNumber=
2025-10-22 10:41:41.534 +08:00 [INF] 查询到任务数据: ID=151980, MaterialCode=, MaterialQuantity=0, PalletNumber=
2025-10-22 10:41:44.393 +08:00 [INF] 查询到任务数据: ID=151980, MaterialCode=, MaterialQuantity=0, PalletNumber=
2025-10-22 10:41:46.541 +08:00 [INF] 查询到任务数据: ID=151980, MaterialCode=, MaterialQuantity=0, PalletNumber=
2025-10-22 10:41:56.181 +08:00 [INF] 查询到任务数据: ID=151980, MaterialCode=, MaterialQuantity=0, PalletNumber=
2025-10-22 10:41:58.326 +08:00 [INF] 查询到任务数据: ID=151980, MaterialCode=, MaterialQuantity=0, PalletNumber=
2025-10-22 10:42:00.324 +08:00 [INF] 查询到任务数据: ID=151980, MaterialCode=, MaterialQuantity=0, PalletNumber=
2025-10-22 10:42:02.323 +08:00 [INF] 查询到任务数据: ID=151980, MaterialCode=, MaterialQuantity=0, PalletNumber=
2025-10-22 10:42:04.323 +08:00 [INF] 查询到任务数据: ID=151980, MaterialCode=, MaterialQuantity=0, PalletNumber=
2025-10-22 10:42:06.324 +08:00 [INF] 查询到任务数据: ID=151980, MaterialCode=, MaterialQuantity=0, PalletNumber=
2025-10-22 10:42:08.326 +08:00 [INF] 查询到任务数据: ID=151980, MaterialCode=, MaterialQuantity=0, PalletNumber=
2025-10-22 10:42:10.324 +08:00 [INF] 查询到任务数据: ID=151980, MaterialCode=, MaterialQuantity=0, PalletNumber=
2025-10-22 10:42:12.324 +08:00 [INF] 查询到任务数据: ID=151980, MaterialCode=, MaterialQuantity=0, PalletNumber=
2025-10-22 10:42:14.324 +08:00 [INF] 查询到任务数据: ID=151980, MaterialCode=, MaterialQuantity=0, PalletNumber=
2025-10-22 10:42:16.323 +08:00 [INF] 查询到任务数据: ID=151980, MaterialCode=, MaterialQuantity=0, PalletNumber=
2025-10-22 10:42:18.324 +08:00 [INF] 查询到任务数据: ID=151980, MaterialCode=, MaterialQuantity=0, PalletNumber=
2025-10-22 10:42:20.322 +08:00 [INF] 查询到任务数据: ID=151980, MaterialCode=, MaterialQuantity=0, PalletNumber=
2025-10-22 10:42:22.324 +08:00 [INF] 查询到任务数据: ID=151980, MaterialCode=, MaterialQuantity=0, PalletNumber=
2025-10-22 10:42:24.324 +08:00 [INF] 查询到任务数据: ID=151980, MaterialCode=, MaterialQuantity=0, PalletNumber=
2025-10-22 10:42:25.746 +08:00 [INF] 检测到点位可用，准备处理缓存任务: 1761099926
2025-10-22 10:42:25.763 +08:00 [WRN] 缓存任务处理失败: 1761099926, 错误: 无可用目标库位
2025-10-22 10:42:25.765 +08:00 [INF] 检测到点位可用，准备处理缓存任务: 1761099926
2025-10-22 10:42:25.771 +08:00 [WRN] 缓存任务处理失败: 1761099926, 错误: 无可用目标库位
2025-10-22 10:42:25.773 +08:00 [INF] 检测到点位可用，准备处理缓存任务: 1761099926
2025-10-22 10:42:25.777 +08:00 [WRN] 缓存任务处理失败: 1761099926, 错误: 无可用目标库位
2025-10-22 10:42:25.780 +08:00 [INF] 检测到点位可用，准备处理缓存任务: 1761099926
2025-10-22 10:42:25.784 +08:00 [WRN] 缓存任务处理失败: 1761099926, 错误: 无可用目标库位
2025-10-22 10:42:25.787 +08:00 [INF] 检测到点位可用，准备处理缓存任务: 1761099926
2025-10-22 10:42:25.791 +08:00 [WRN] 缓存任务处理失败: 1761099926, 错误: 无可用目标库位
2025-10-22 10:42:25.795 +08:00 [INF] 检测到点位可用，准备处理缓存任务: 1761099926
2025-10-22 10:42:25.799 +08:00 [WRN] 缓存任务处理失败: 1761099926, 错误: 无可用目标库位
2025-10-22 10:42:25.803 +08:00 [INF] 检测到点位可用，准备处理缓存任务: 1761099926
2025-10-22 10:42:25.808 +08:00 [WRN] 缓存任务处理失败: 1761099926, 错误: 无可用目标库位
2025-10-22 10:42:26.323 +08:00 [INF] 查询到任务数据: ID=151980, MaterialCode=, MaterialQuantity=0, PalletNumber=
2025-10-22 10:42:28.325 +08:00 [INF] 查询到任务数据: ID=151980, MaterialCode=, MaterialQuantity=0, PalletNumber=
2025-10-22 10:42:30.322 +08:00 [INF] 查询到任务数据: ID=151980, MaterialCode=, MaterialQuantity=0, PalletNumber=
2025-10-22 10:42:32.322 +08:00 [INF] 查询到任务数据: ID=151980, MaterialCode=, MaterialQuantity=0, PalletNumber=
2025-10-22 10:42:34.323 +08:00 [INF] 查询到任务数据: ID=151980, MaterialCode=, MaterialQuantity=0, PalletNumber=
2025-10-22 10:42:36.324 +08:00 [INF] 查询到任务数据: ID=151980, MaterialCode=, MaterialQuantity=0, PalletNumber=
2025-10-22 10:42:38.325 +08:00 [INF] 查询到任务数据: ID=151980, MaterialCode=, MaterialQuantity=0, PalletNumber=
2025-10-22 10:42:40.323 +08:00 [INF] 查询到任务数据: ID=151980, MaterialCode=, MaterialQuantity=0, PalletNumber=
2025-10-22 10:42:42.323 +08:00 [INF] 查询到任务数据: ID=151980, MaterialCode=, MaterialQuantity=0, PalletNumber=
2025-10-22 10:42:44.324 +08:00 [INF] 查询到任务数据: ID=151980, MaterialCode=, MaterialQuantity=0, PalletNumber=
2025-10-22 10:42:46.323 +08:00 [INF] 查询到任务数据: ID=151980, MaterialCode=, MaterialQuantity=0, PalletNumber=
2025-10-22 10:42:48.325 +08:00 [INF] 查询到任务数据: ID=151980, MaterialCode=, MaterialQuantity=0, PalletNumber=
2025-10-22 10:42:50.322 +08:00 [INF] 查询到任务数据: ID=151980, MaterialCode=, MaterialQuantity=0, PalletNumber=
2025-10-22 10:42:52.322 +08:00 [INF] 查询到任务数据: ID=151980, MaterialCode=, MaterialQuantity=0, PalletNumber=
2025-10-22 10:42:54.322 +08:00 [INF] 查询到任务数据: ID=151980, MaterialCode=, MaterialQuantity=0, PalletNumber=
2025-10-22 10:42:56.322 +08:00 [INF] 查询到任务数据: ID=151980, MaterialCode=, MaterialQuantity=0, PalletNumber=
2025-10-22 10:42:58.323 +08:00 [INF] 查询到任务数据: ID=151980, MaterialCode=, MaterialQuantity=0, PalletNumber=
2025-10-22 10:43:00.322 +08:00 [INF] 查询到任务数据: ID=151980, MaterialCode=, MaterialQuantity=0, PalletNumber=
2025-10-22 10:43:02.323 +08:00 [INF] 查询到任务数据: ID=151980, MaterialCode=, MaterialQuantity=0, PalletNumber=
2025-10-22 10:43:04.323 +08:00 [INF] 查询到任务数据: ID=151980, MaterialCode=, MaterialQuantity=0, PalletNumber=
2025-10-22 10:43:06.325 +08:00 [INF] 查询到任务数据: ID=151980, MaterialCode=, MaterialQuantity=0, PalletNumber=
2025-10-22 10:43:08.326 +08:00 [INF] 查询到任务数据: ID=151980, MaterialCode=, MaterialQuantity=0, PalletNumber=
2025-10-22 10:43:10.323 +08:00 [INF] 查询到任务数据: ID=151980, MaterialCode=, MaterialQuantity=0, PalletNumber=
2025-10-22 10:43:12.322 +08:00 [INF] 查询到任务数据: ID=151980, MaterialCode=, MaterialQuantity=0, PalletNumber=
2025-10-22 10:43:14.322 +08:00 [INF] 查询到任务数据: ID=151980, MaterialCode=, MaterialQuantity=0, PalletNumber=
2025-10-22 10:43:16.322 +08:00 [INF] 查询到任务数据: ID=151980, MaterialCode=, MaterialQuantity=0, PalletNumber=
2025-10-22 10:43:18.325 +08:00 [INF] 查询到任务数据: ID=151980, MaterialCode=, MaterialQuantity=0, PalletNumber=
2025-10-22 10:43:20.329 +08:00 [INF] 查询到任务数据: ID=151980, MaterialCode=, MaterialQuantity=0, PalletNumber=
2025-10-22 10:43:22.322 +08:00 [INF] 查询到任务数据: ID=151980, MaterialCode=, MaterialQuantity=0, PalletNumber=
2025-10-22 10:43:24.323 +08:00 [INF] 查询到任务数据: ID=151980, MaterialCode=, MaterialQuantity=0, PalletNumber=
2025-10-22 10:43:25.824 +08:00 [INF] 检测到点位可用，准备处理缓存任务: 1761099926
2025-10-22 10:43:25.831 +08:00 [WRN] 缓存任务处理失败: 1761099926, 错误: 无可用目标库位
2025-10-22 10:43:25.833 +08:00 [INF] 检测到点位可用，准备处理缓存任务: 1761099926
2025-10-22 10:43:25.838 +08:00 [WRN] 缓存任务处理失败: 1761099926, 错误: 无可用目标库位
2025-10-22 10:43:25.841 +08:00 [INF] 检测到点位可用，准备处理缓存任务: 1761099926
2025-10-22 10:43:25.849 +08:00 [WRN] 缓存任务处理失败: 1761099926, 错误: 无可用目标库位
2025-10-22 10:43:25.851 +08:00 [INF] 检测到点位可用，准备处理缓存任务: 1761099926
2025-10-22 10:43:25.857 +08:00 [WRN] 缓存任务处理失败: 1761099926, 错误: 无可用目标库位
2025-10-22 10:43:25.860 +08:00 [INF] 检测到点位可用，准备处理缓存任务: 1761099926
2025-10-22 10:43:25.864 +08:00 [WRN] 缓存任务处理失败: 1761099926, 错误: 无可用目标库位
2025-10-22 10:43:25.867 +08:00 [INF] 检测到点位可用，准备处理缓存任务: 1761099926
2025-10-22 10:43:25.873 +08:00 [WRN] 缓存任务处理失败: 1761099926, 错误: 无可用目标库位
2025-10-22 10:43:25.877 +08:00 [INF] 检测到点位可用，准备处理缓存任务: 1761099926
2025-10-22 10:43:25.882 +08:00 [WRN] 缓存任务处理失败: 1761099926, 错误: 无可用目标库位
2025-10-22 10:43:26.323 +08:00 [INF] 查询到任务数据: ID=151980, MaterialCode=, MaterialQuantity=0, PalletNumber=
2025-10-22 10:43:28.324 +08:00 [INF] 查询到任务数据: ID=151980, MaterialCode=, MaterialQuantity=0, PalletNumber=
2025-10-22 10:43:30.322 +08:00 [INF] 查询到任务数据: ID=151980, MaterialCode=, MaterialQuantity=0, PalletNumber=
2025-10-22 10:43:32.321 +08:00 [INF] 查询到任务数据: ID=151980, MaterialCode=, MaterialQuantity=0, PalletNumber=
2025-10-22 10:43:34.323 +08:00 [INF] 查询到任务数据: ID=151980, MaterialCode=, MaterialQuantity=0, PalletNumber=
2025-10-22 10:43:36.322 +08:00 [INF] 查询到任务数据: ID=151980, MaterialCode=, MaterialQuantity=0, PalletNumber=
2025-10-22 10:43:38.335 +08:00 [INF] 查询到任务数据: ID=151980, MaterialCode=, MaterialQuantity=0, PalletNumber=
2025-10-22 10:43:40.323 +08:00 [INF] 查询到任务数据: ID=151980, MaterialCode=, MaterialQuantity=0, PalletNumber=
2025-10-22 10:43:42.325 +08:00 [INF] 查询到任务数据: ID=151980, MaterialCode=, MaterialQuantity=0, PalletNumber=
2025-10-22 10:43:44.323 +08:00 [INF] 查询到任务数据: ID=151980, MaterialCode=, MaterialQuantity=0, PalletNumber=
2025-10-22 10:43:46.323 +08:00 [INF] 查询到任务数据: ID=151980, MaterialCode=, MaterialQuantity=0, PalletNumber=
2025-10-22 10:43:48.325 +08:00 [INF] 查询到任务数据: ID=151980, MaterialCode=, MaterialQuantity=0, PalletNumber=
2025-10-22 10:43:50.322 +08:00 [INF] 查询到任务数据: ID=151980, MaterialCode=, MaterialQuantity=0, PalletNumber=
2025-10-22 10:43:52.323 +08:00 [INF] 查询到任务数据: ID=151980, MaterialCode=, MaterialQuantity=0, PalletNumber=
2025-10-22 10:43:54.324 +08:00 [INF] 查询到任务数据: ID=151980, MaterialCode=, MaterialQuantity=0, PalletNumber=
2025-10-22 10:43:56.321 +08:00 [INF] 查询到任务数据: ID=151980, MaterialCode=, MaterialQuantity=0, PalletNumber=
2025-10-22 10:43:58.323 +08:00 [INF] 查询到任务数据: ID=151980, MaterialCode=, MaterialQuantity=0, PalletNumber=
2025-10-22 10:44:00.324 +08:00 [INF] 查询到任务数据: ID=151980, MaterialCode=, MaterialQuantity=0, PalletNumber=
2025-10-22 10:44:02.324 +08:00 [INF] 查询到任务数据: ID=151980, MaterialCode=, MaterialQuantity=0, PalletNumber=
2025-10-22 10:44:04.324 +08:00 [INF] 查询到任务数据: ID=151980, MaterialCode=, MaterialQuantity=0, PalletNumber=
2025-10-22 10:44:06.324 +08:00 [INF] 查询到任务数据: ID=151980, MaterialCode=, MaterialQuantity=0, PalletNumber=
2025-10-22 10:44:08.327 +08:00 [INF] 查询到任务数据: ID=151980, MaterialCode=, MaterialQuantity=0, PalletNumber=
2025-10-22 10:44:10.323 +08:00 [INF] 查询到任务数据: ID=151980, MaterialCode=, MaterialQuantity=0, PalletNumber=
2025-10-22 10:44:12.323 +08:00 [INF] 查询到任务数据: ID=151980, MaterialCode=, MaterialQuantity=0, PalletNumber=
2025-10-22 10:44:14.322 +08:00 [INF] 查询到任务数据: ID=151980, MaterialCode=, MaterialQuantity=0, PalletNumber=
2025-10-22 10:44:16.322 +08:00 [INF] 查询到任务数据: ID=151980, MaterialCode=, MaterialQuantity=0, PalletNumber=
2025-10-22 10:44:18.324 +08:00 [INF] 查询到任务数据: ID=151980, MaterialCode=, MaterialQuantity=0, PalletNumber=
2025-10-22 10:44:20.324 +08:00 [INF] 查询到任务数据: ID=151980, MaterialCode=, MaterialQuantity=0, PalletNumber=
2025-10-22 10:44:22.323 +08:00 [INF] 查询到任务数据: ID=151980, MaterialCode=, MaterialQuantity=0, PalletNumber=
2025-10-22 10:44:24.323 +08:00 [INF] 查询到任务数据: ID=151980, MaterialCode=, MaterialQuantity=0, PalletNumber=
2025-10-22 10:44:25.898 +08:00 [INF] 检测到点位可用，准备处理缓存任务: 1761099926
2025-10-22 10:44:25.906 +08:00 [WRN] 缓存任务处理失败: 1761099926, 错误: 无可用目标库位
2025-10-22 10:44:25.908 +08:00 [INF] 检测到点位可用，准备处理缓存任务: 1761099926
2025-10-22 10:44:25.912 +08:00 [WRN] 缓存任务处理失败: 1761099926, 错误: 无可用目标库位
2025-10-22 10:44:25.915 +08:00 [INF] 检测到点位可用，准备处理缓存任务: 1761099926
2025-10-22 10:44:25.920 +08:00 [WRN] 缓存任务处理失败: 1761099926, 错误: 无可用目标库位
2025-10-22 10:44:25.922 +08:00 [INF] 检测到点位可用，准备处理缓存任务: 1761099926
2025-10-22 10:44:25.926 +08:00 [WRN] 缓存任务处理失败: 1761099926, 错误: 无可用目标库位
2025-10-22 10:44:25.928 +08:00 [INF] 检测到点位可用，准备处理缓存任务: 1761099926
2025-10-22 10:44:25.932 +08:00 [WRN] 缓存任务处理失败: 1761099926, 错误: 无可用目标库位
2025-10-22 10:44:25.935 +08:00 [INF] 检测到点位可用，准备处理缓存任务: 1761099926
2025-10-22 10:44:25.939 +08:00 [WRN] 缓存任务处理失败: 1761099926, 错误: 无可用目标库位
2025-10-22 10:44:25.941 +08:00 [INF] 检测到点位可用，准备处理缓存任务: 1761099926
2025-10-22 10:44:25.946 +08:00 [WRN] 缓存任务处理失败: 1761099926, 错误: 无可用目标库位
2025-10-22 10:44:26.323 +08:00 [INF] 查询到任务数据: ID=151980, MaterialCode=, MaterialQuantity=0, PalletNumber=
2025-10-22 10:44:28.326 +08:00 [INF] 查询到任务数据: ID=151980, MaterialCode=, MaterialQuantity=0, PalletNumber=
2025-10-22 10:53:44.298 +08:00 [INF] TCP服务未启用，数据清理服务将不会启动。
2025-10-22 10:53:44.358 +08:00 [INF] TcpServerService 启动，监听 127.0.0.1:9000
2025-10-22 10:53:44.378 +08:00 [INF] 任务缓存处理器已启动
2025-10-22 10:53:44.415 +08:00 [INF] 检测到点位可用，准备处理缓存任务: 1761099926
2025-10-22 10:53:44.467 +08:00 [WRN] Overriding address(es) 'http://localhost:5055'. Binding to endpoints defined via IConfiguration and/or UseKestrel() instead.
2025-10-22 10:53:44.470 +08:00 [WRN] 缓存任务处理失败: 1761099926, 错误: 无可用目标库位
2025-10-22 10:53:44.472 +08:00 [INF] 检测到点位可用，准备处理缓存任务: 1761099926
2025-10-22 10:53:44.477 +08:00 [WRN] 缓存任务处理失败: 1761099926, 错误: 无可用目标库位
2025-10-22 10:53:44.479 +08:00 [INF] 检测到点位可用，准备处理缓存任务: 1761099926
2025-10-22 10:53:44.489 +08:00 [WRN] 缓存任务处理失败: 1761099926, 错误: 无可用目标库位
2025-10-22 10:53:44.491 +08:00 [INF] 检测到点位可用，准备处理缓存任务: 1761099926
2025-10-22 10:53:44.497 +08:00 [WRN] 缓存任务处理失败: 1761099926, 错误: 无可用目标库位
2025-10-22 10:53:44.500 +08:00 [INF] 检测到点位可用，准备处理缓存任务: 1761099926
2025-10-22 10:53:44.506 +08:00 [WRN] 缓存任务处理失败: 1761099926, 错误: 无可用目标库位
2025-10-22 10:53:44.509 +08:00 [INF] 检测到点位可用，准备处理缓存任务: 1761099926
2025-10-22 10:53:44.514 +08:00 [WRN] 缓存任务处理失败: 1761099926, 错误: 无可用目标库位
2025-10-22 10:53:44.516 +08:00 [INF] 检测到点位可用，准备处理缓存任务: 1761099926
2025-10-22 10:53:44.523 +08:00 [WRN] 缓存任务处理失败: 1761099926, 错误: 无可用目标库位
2025-10-22 10:53:46.041 +08:00 [WRN] Failed to determine the https port for redirect.
2025-10-22 10:53:48.632 +08:00 [INF] 正在验证用户: admin
2025-10-22 10:53:48.636 +08:00 [INF] 输入的密码: admin123
2025-10-22 10:53:48.649 +08:00 [INF] 数据库中的密码: admin123
2025-10-22 10:53:48.662 +08:00 [INF] 密码验证结果: True
2025-10-22 10:53:48.688 +08:00 [INF] 更新最后登录时间成功
2025-10-22 10:53:48.693 +08:00 [INF] 用户 admin 登录成功
2025-10-22 10:53:48.849 +08:00 [INF] 查询到任务数据: ID=151980, MaterialCode=, MaterialQuantity=0, PalletNumber=
2025-10-22 10:53:51.237 +08:00 [INF] 查询到任务数据: ID=151980, MaterialCode=, MaterialQuantity=0, PalletNumber=
2025-10-22 10:53:53.227 +08:00 [INF] 查询到任务数据: ID=151980, MaterialCode=, MaterialQuantity=0, PalletNumber=
2025-10-22 10:53:55.226 +08:00 [INF] 查询到任务数据: ID=151980, MaterialCode=, MaterialQuantity=0, PalletNumber=
2025-10-22 10:54:44.542 +08:00 [INF] 检测到点位可用，准备处理缓存任务: 1761099926
2025-10-22 10:54:44.558 +08:00 [WRN] 缓存任务处理失败: 1761099926, 错误: 无可用目标库位
2025-10-22 10:54:44.562 +08:00 [INF] 检测到点位可用，准备处理缓存任务: 1761099926
2025-10-22 10:54:44.567 +08:00 [WRN] 缓存任务处理失败: 1761099926, 错误: 无可用目标库位
2025-10-22 10:54:44.569 +08:00 [INF] 检测到点位可用，准备处理缓存任务: 1761099926
2025-10-22 10:54:44.574 +08:00 [WRN] 缓存任务处理失败: 1761099926, 错误: 无可用目标库位
2025-10-22 10:54:44.577 +08:00 [INF] 检测到点位可用，准备处理缓存任务: 1761099926
2025-10-22 10:54:44.581 +08:00 [WRN] 缓存任务处理失败: 1761099926, 错误: 无可用目标库位
2025-10-22 10:54:44.583 +08:00 [INF] 检测到点位可用，准备处理缓存任务: 1761099926
2025-10-22 10:54:44.587 +08:00 [WRN] 缓存任务处理失败: 1761099926, 错误: 无可用目标库位
2025-10-22 10:54:44.589 +08:00 [INF] 检测到点位可用，准备处理缓存任务: 1761099926
2025-10-22 10:54:44.594 +08:00 [WRN] 缓存任务处理失败: 1761099926, 错误: 无可用目标库位
2025-10-22 10:54:44.596 +08:00 [INF] 检测到点位可用，准备处理缓存任务: 1761099926
2025-10-22 10:54:44.601 +08:00 [WRN] 缓存任务处理失败: 1761099926, 错误: 无可用目标库位
2025-10-22 10:54:55.413 +08:00 [INF] 查询到任务数据: ID=151980, MaterialCode=, MaterialQuantity=0, PalletNumber=
2025-10-22 10:54:57.612 +08:00 [INF] 查询到任务数据: ID=151980, MaterialCode=, MaterialQuantity=0, PalletNumber=
2025-10-22 10:54:59.610 +08:00 [INF] 查询到任务数据: ID=151980, MaterialCode=, MaterialQuantity=0, PalletNumber=
2025-10-22 10:55:01.611 +08:00 [INF] 查询到任务数据: ID=151980, MaterialCode=, MaterialQuantity=0, PalletNumber=
2025-10-22 10:55:03.610 +08:00 [INF] 查询到任务数据: ID=151980, MaterialCode=, MaterialQuantity=0, PalletNumber=
2025-10-22 10:55:05.610 +08:00 [INF] 查询到任务数据: ID=151980, MaterialCode=, MaterialQuantity=0, PalletNumber=
2025-10-22 10:55:07.612 +08:00 [INF] 查询到任务数据: ID=151980, MaterialCode=, MaterialQuantity=0, PalletNumber=
2025-10-22 10:55:09.611 +08:00 [INF] 查询到任务数据: ID=151980, MaterialCode=, MaterialQuantity=0, PalletNumber=
2025-10-22 10:55:11.609 +08:00 [INF] 查询到任务数据: ID=151980, MaterialCode=, MaterialQuantity=0, PalletNumber=
2025-10-22 10:55:13.611 +08:00 [INF] 查询到任务数据: ID=151980, MaterialCode=, MaterialQuantity=0, PalletNumber=
2025-10-22 10:55:15.610 +08:00 [INF] 查询到任务数据: ID=151980, MaterialCode=, MaterialQuantity=0, PalletNumber=
2025-10-22 10:55:17.611 +08:00 [INF] 查询到任务数据: ID=151980, MaterialCode=, MaterialQuantity=0, PalletNumber=
2025-10-22 10:55:19.613 +08:00 [INF] 查询到任务数据: ID=151980, MaterialCode=, MaterialQuantity=0, PalletNumber=
2025-10-22 10:55:21.620 +08:00 [INF] 查询到任务数据: ID=151980, MaterialCode=, MaterialQuantity=0, PalletNumber=
2025-10-22 10:55:23.611 +08:00 [INF] 查询到任务数据: ID=151980, MaterialCode=, MaterialQuantity=0, PalletNumber=
2025-10-22 10:55:25.610 +08:00 [INF] 查询到任务数据: ID=151980, MaterialCode=, MaterialQuantity=0, PalletNumber=
2025-10-22 10:55:27.621 +08:00 [INF] 查询到任务数据: ID=151980, MaterialCode=, MaterialQuantity=0, PalletNumber=
2025-10-22 10:55:29.619 +08:00 [INF] 查询到任务数据: ID=151980, MaterialCode=, MaterialQuantity=0, PalletNumber=
2025-10-22 10:55:31.611 +08:00 [INF] 查询到任务数据: ID=151980, MaterialCode=, MaterialQuantity=0, PalletNumber=
2025-10-22 10:55:33.611 +08:00 [INF] 查询到任务数据: ID=151980, MaterialCode=, MaterialQuantity=0, PalletNumber=
2025-10-22 10:55:35.612 +08:00 [INF] 查询到任务数据: ID=151980, MaterialCode=, MaterialQuantity=0, PalletNumber=
2025-10-22 10:55:36.725 +08:00 [INF] 接收到的任务数据: TaskType=manualTask, Source=06A05, Target=05A22, Priority=1, RequestCode=1761101736
2025-10-22 10:55:36.732 +08:00 [INF] 任务起点: 06A05, 终点: 05A22
2025-10-22 10:55:36.760 +08:00 [INF] 查询到任务数据: ID=151981, MaterialCode=, MaterialQuantity=0, PalletNumber=
2025-10-22 10:55:38.933 +08:00 [INF] 查询到任务数据: ID=151981, MaterialCode=, MaterialQuantity=0, PalletNumber=
2025-10-22 10:55:40.932 +08:00 [INF] 查询到任务数据: ID=151981, MaterialCode=, MaterialQuantity=0, PalletNumber=
2025-10-22 10:55:42.932 +08:00 [INF] 查询到任务数据: ID=151981, MaterialCode=, MaterialQuantity=0, PalletNumber=
2025-10-22 10:55:44.931 +08:00 [INF] 查询到任务数据: ID=151981, MaterialCode=, MaterialQuantity=0, PalletNumber=
2025-10-22 10:55:46.930 +08:00 [INF] 查询到任务数据: ID=151981, MaterialCode=, MaterialQuantity=0, PalletNumber=
2025-10-22 10:55:48.932 +08:00 [INF] 查询到任务数据: ID=151981, MaterialCode=, MaterialQuantity=0, PalletNumber=
2025-10-22 10:55:50.054 +08:00 [INF] 接收到的任务数据: TaskType=manualTask, Source=06A05, Target=05A22, Priority=1, RequestCode=1761101750
2025-10-22 10:55:50.059 +08:00 [INF] 任务起点: 06A05, 终点: 05A22
2025-10-22 10:55:50.095 +08:00 [INF] 查询到任务数据: ID=151982, MaterialCode=, MaterialQuantity=0, PalletNumber=
2025-10-22 10:55:52.228 +08:00 [INF] 查询到任务数据: ID=151982, MaterialCode=, MaterialQuantity=0, PalletNumber=
2025-10-22 10:55:54.226 +08:00 [INF] 查询到任务数据: ID=151982, MaterialCode=, MaterialQuantity=0, PalletNumber=
2025-10-22 10:55:56.228 +08:00 [INF] 查询到任务数据: ID=151982, MaterialCode=, MaterialQuantity=0, PalletNumber=
2025-10-22 10:55:58.226 +08:00 [INF] 查询到任务数据: ID=151982, MaterialCode=, MaterialQuantity=0, PalletNumber=
2025-10-22 10:56:00.227 +08:00 [INF] 查询到任务数据: ID=151982, MaterialCode=, MaterialQuantity=0, PalletNumber=
2025-10-22 10:56:02.228 +08:00 [INF] 查询到任务数据: ID=151982, MaterialCode=, MaterialQuantity=0, PalletNumber=
2025-10-22 10:56:04.226 +08:00 [INF] 查询到任务数据: ID=151982, MaterialCode=, MaterialQuantity=0, PalletNumber=
2025-10-22 10:56:06.227 +08:00 [INF] 查询到任务数据: ID=151982, MaterialCode=, MaterialQuantity=0, PalletNumber=
2025-10-22 10:56:08.228 +08:00 [INF] 查询到任务数据: ID=151982, MaterialCode=, MaterialQuantity=0, PalletNumber=
2025-10-22 10:56:10.226 +08:00 [INF] 查询到任务数据: ID=151982, MaterialCode=, MaterialQuantity=0, PalletNumber=
2025-10-22 10:56:12.228 +08:00 [INF] 查询到任务数据: ID=151982, MaterialCode=, MaterialQuantity=0, PalletNumber=
2025-10-22 10:56:14.226 +08:00 [INF] 查询到任务数据: ID=151982, MaterialCode=, MaterialQuantity=0, PalletNumber=
2025-10-22 10:56:16.227 +08:00 [INF] 查询到任务数据: ID=151982, MaterialCode=, MaterialQuantity=0, PalletNumber=
2025-10-22 10:56:18.226 +08:00 [INF] 查询到任务数据: ID=151982, MaterialCode=, MaterialQuantity=0, PalletNumber=
2025-10-22 10:56:20.226 +08:00 [INF] 查询到任务数据: ID=151982, MaterialCode=, MaterialQuantity=0, PalletNumber=
2025-10-22 10:56:22.227 +08:00 [INF] 查询到任务数据: ID=151982, MaterialCode=, MaterialQuantity=0, PalletNumber=
2025-10-22 10:56:24.226 +08:00 [INF] 查询到任务数据: ID=151982, MaterialCode=, MaterialQuantity=0, PalletNumber=
2025-10-22 10:56:26.227 +08:00 [INF] 查询到任务数据: ID=151982, MaterialCode=, MaterialQuantity=0, PalletNumber=
2025-10-22 10:56:26.316 +08:00 [INF] 接收到的任务数据: TaskType=manualTask, Source=06A05, Target=05A11, Priority=1, RequestCode=1761101786
2025-10-22 10:56:26.322 +08:00 [INF] 任务起点: 06A05, 终点: 05A11
2025-10-22 10:56:26.340 +08:00 [INF] 查询到任务数据: ID=151983, MaterialCode=, MaterialQuantity=0, PalletNumber=
2025-10-22 10:56:28.482 +08:00 [INF] 查询到任务数据: ID=151983, MaterialCode=, MaterialQuantity=0, PalletNumber=
2025-10-22 10:56:30.482 +08:00 [INF] 查询到任务数据: ID=151983, MaterialCode=, MaterialQuantity=0, PalletNumber=
2025-10-22 10:56:32.482 +08:00 [INF] 查询到任务数据: ID=151983, MaterialCode=, MaterialQuantity=0, PalletNumber=
2025-10-22 10:56:32.882 +08:00 [INF] 查询到任务数据: ID=151983, MaterialCode=, MaterialQuantity=0, PalletNumber=
2025-10-22 10:56:34.999 +08:00 [INF] 查询到任务数据: ID=151983, MaterialCode=, MaterialQuantity=0, PalletNumber=
2025-10-22 10:56:36.998 +08:00 [INF] 查询到任务数据: ID=151983, MaterialCode=, MaterialQuantity=0, PalletNumber=
2025-10-22 10:56:38.999 +08:00 [INF] 查询到任务数据: ID=151983, MaterialCode=, MaterialQuantity=0, PalletNumber=
2025-10-22 10:56:40.999 +08:00 [INF] 查询到任务数据: ID=151983, MaterialCode=, MaterialQuantity=0, PalletNumber=
2025-10-22 10:56:42.998 +08:00 [INF] 查询到任务数据: ID=151983, MaterialCode=, MaterialQuantity=0, PalletNumber=
2025-10-22 10:56:44.999 +08:00 [INF] 查询到任务数据: ID=151983, MaterialCode=, MaterialQuantity=0, PalletNumber=
2025-10-22 10:56:46.998 +08:00 [INF] 查询到任务数据: ID=151983, MaterialCode=, MaterialQuantity=0, PalletNumber=
2025-10-22 10:56:48.998 +08:00 [INF] 查询到任务数据: ID=151983, MaterialCode=, MaterialQuantity=0, PalletNumber=
2025-10-22 10:56:50.999 +08:00 [INF] 查询到任务数据: ID=151983, MaterialCode=, MaterialQuantity=0, PalletNumber=
2025-10-22 10:56:53.000 +08:00 [INF] 查询到任务数据: ID=151983, MaterialCode=, MaterialQuantity=0, PalletNumber=
2025-10-22 10:56:54.999 +08:00 [INF] 查询到任务数据: ID=151983, MaterialCode=, MaterialQuantity=0, PalletNumber=
2025-10-22 10:56:56.998 +08:00 [INF] 查询到任务数据: ID=151983, MaterialCode=, MaterialQuantity=0, PalletNumber=
2025-10-22 10:56:58.998 +08:00 [INF] 查询到任务数据: ID=151983, MaterialCode=, MaterialQuantity=0, PalletNumber=
2025-10-22 10:57:00.997 +08:00 [INF] 查询到任务数据: ID=151983, MaterialCode=, MaterialQuantity=0, PalletNumber=
2025-10-22 10:57:02.998 +08:00 [INF] 查询到任务数据: ID=151983, MaterialCode=, MaterialQuantity=0, PalletNumber=
2025-10-22 10:57:04.999 +08:00 [INF] 查询到任务数据: ID=151983, MaterialCode=, MaterialQuantity=0, PalletNumber=
2025-10-22 10:57:07.008 +08:00 [INF] 查询到任务数据: ID=151983, MaterialCode=, MaterialQuantity=0, PalletNumber=
2025-10-22 10:57:09.068 +08:00 [INF] 查询到任务数据: ID=151983, MaterialCode=, MaterialQuantity=0, PalletNumber=
2025-10-22 10:57:10.998 +08:00 [INF] 查询到任务数据: ID=151983, MaterialCode=, MaterialQuantity=0, PalletNumber=
2025-10-22 10:57:13.119 +08:00 [INF] 查询到任务数据: ID=151983, MaterialCode=, MaterialQuantity=0, PalletNumber=
2025-10-22 10:57:14.998 +08:00 [INF] 查询到任务数据: ID=151983, MaterialCode=, MaterialQuantity=0, PalletNumber=
2025-10-22 10:57:16.877 +08:00 [INF] 接收到的任务数据: TaskType=manualTask, Source=06A05, Target=05B24, Priority=1, RequestCode=1761101836
2025-10-22 10:57:16.882 +08:00 [INF] 任务起点: 06A05, 终点: 05B24
2025-10-22 10:57:16.900 +08:00 [INF] 查询到任务数据: ID=151984, MaterialCode=, MaterialQuantity=0, PalletNumber=
2025-10-22 10:57:19.047 +08:00 [INF] 查询到任务数据: ID=151984, MaterialCode=, MaterialQuantity=0, PalletNumber=
2025-10-22 10:57:21.047 +08:00 [INF] 查询到任务数据: ID=151984, MaterialCode=, MaterialQuantity=0, PalletNumber=
2025-10-22 10:57:23.047 +08:00 [INF] 查询到任务数据: ID=151984, MaterialCode=, MaterialQuantity=0, PalletNumber=
2025-10-22 10:57:25.046 +08:00 [INF] 查询到任务数据: ID=151984, MaterialCode=, MaterialQuantity=0, PalletNumber=
2025-10-22 10:57:27.050 +08:00 [INF] 查询到任务数据: ID=151984, MaterialCode=, MaterialQuantity=0, PalletNumber=
2025-10-22 10:57:29.048 +08:00 [INF] 查询到任务数据: ID=151984, MaterialCode=, MaterialQuantity=0, PalletNumber=
2025-10-22 10:57:31.049 +08:00 [INF] 查询到任务数据: ID=151984, MaterialCode=, MaterialQuantity=0, PalletNumber=
2025-10-22 10:57:33.049 +08:00 [INF] 查询到任务数据: ID=151984, MaterialCode=, MaterialQuantity=0, PalletNumber=
2025-10-22 10:57:35.047 +08:00 [INF] 查询到任务数据: ID=151984, MaterialCode=, MaterialQuantity=0, PalletNumber=
2025-10-22 10:57:37.048 +08:00 [INF] 查询到任务数据: ID=151984, MaterialCode=, MaterialQuantity=0, PalletNumber=
2025-10-22 10:57:39.047 +08:00 [INF] 查询到任务数据: ID=151984, MaterialCode=, MaterialQuantity=0, PalletNumber=
2025-10-22 10:57:41.048 +08:00 [INF] 查询到任务数据: ID=151984, MaterialCode=, MaterialQuantity=0, PalletNumber=
2025-10-22 10:57:43.047 +08:00 [INF] 查询到任务数据: ID=151984, MaterialCode=, MaterialQuantity=0, PalletNumber=
2025-10-22 10:57:45.048 +08:00 [INF] 查询到任务数据: ID=151984, MaterialCode=, MaterialQuantity=0, PalletNumber=
2025-10-22 10:57:47.053 +08:00 [INF] 查询到任务数据: ID=151984, MaterialCode=, MaterialQuantity=0, PalletNumber=
2025-10-22 10:57:49.050 +08:00 [INF] 查询到任务数据: ID=151984, MaterialCode=, MaterialQuantity=0, PalletNumber=
2025-10-22 10:57:51.048 +08:00 [INF] 查询到任务数据: ID=151984, MaterialCode=, MaterialQuantity=0, PalletNumber=
2025-10-22 10:57:53.047 +08:00 [INF] 查询到任务数据: ID=151984, MaterialCode=, MaterialQuantity=0, PalletNumber=
2025-10-22 10:57:55.048 +08:00 [INF] 查询到任务数据: ID=151984, MaterialCode=, MaterialQuantity=0, PalletNumber=
2025-10-22 10:57:57.048 +08:00 [INF] 查询到任务数据: ID=151984, MaterialCode=, MaterialQuantity=0, PalletNumber=
2025-10-22 10:57:59.046 +08:00 [INF] 查询到任务数据: ID=151984, MaterialCode=, MaterialQuantity=0, PalletNumber=
2025-10-22 10:58:07.289 +08:00 [INF] 接收到取消任务请求，任务ID: 151984
2025-10-22 10:58:07.312 +08:00 [INF] 接收到取消任务请求，任务ID: 151984
2025-10-22 10:58:07.341 +08:00 [INF] 查询到任务数据: ID=151984, MaterialCode=, MaterialQuantity=0, PalletNumber=
2025-10-22 10:58:07.362 +08:00 [INF] 任务 151984 已成功取消
2025-10-22 10:58:07.362 +08:00 [INF] 任务 151984 已成功取消
2025-10-22 10:58:07.364 +08:00 [INF] 取消任务结果: 成功=True, 消息=任务已成功取消
2025-10-22 10:58:07.364 +08:00 [INF] 取消任务结果: 成功=True, 消息=任务已成功取消
2025-10-22 10:58:07.366 +08:00 [WRN] 慢请求检测: POST /Tasks/Cancel - 6529ms - 来自 ::1
2025-10-22 10:58:10.513 +08:00 [INF] 查询到任务数据: ID=151984, MaterialCode=, MaterialQuantity=0, PalletNumber=
2025-10-22 10:58:10.768 +08:00 [INF] 查询到任务数据: ID=151984, MaterialCode=, MaterialQuantity=0, PalletNumber=
2025-10-22 10:58:12.140 +08:00 [INF] 接收到取消任务请求，任务ID: 151983
2025-10-22 10:58:12.146 +08:00 [INF] 任务 151983 已成功取消
2025-10-22 10:58:12.147 +08:00 [INF] 取消任务结果: 成功=True, 消息=任务已成功取消
2025-10-22 10:58:12.915 +08:00 [INF] 查询到任务数据: ID=151984, MaterialCode=, MaterialQuantity=0, PalletNumber=
2025-10-22 10:58:14.366 +08:00 [INF] 接收到取消任务请求，任务ID: 151982
2025-10-22 10:58:14.373 +08:00 [INF] 任务 151982 已成功取消
2025-10-22 10:58:14.375 +08:00 [INF] 取消任务结果: 成功=True, 消息=任务已成功取消
2025-10-22 10:58:14.884 +08:00 [INF] 接收到取消任务请求，任务ID: 151982
2025-10-22 10:58:14.890 +08:00 [INF] 取消任务结果: 成功=False, 消息=已完成的任务不能取消
2025-10-22 10:58:16.008 +08:00 [INF] 查询到任务数据: ID=151984, MaterialCode=, MaterialQuantity=0, PalletNumber=
2025-10-22 10:58:20.738 +08:00 [INF] 接收到取消任务请求，任务ID: 151981
2025-10-22 10:58:20.745 +08:00 [INF] 任务 151981 已成功取消
2025-10-22 10:58:20.748 +08:00 [INF] 查询到任务数据: ID=151984, MaterialCode=, MaterialQuantity=0, PalletNumber=
2025-10-22 10:58:20.748 +08:00 [INF] 取消任务结果: 成功=True, 消息=任务已成功取消
2025-10-22 10:58:23.554 +08:00 [INF] 查询到任务数据: ID=151984, MaterialCode=, MaterialQuantity=0, PalletNumber=
2025-10-22 10:58:25.056 +08:00 [INF] 查询到任务数据: ID=151984, MaterialCode=, MaterialQuantity=0, PalletNumber=
2025-10-22 10:58:27.178 +08:00 [INF] 查询到任务数据: ID=151984, MaterialCode=, MaterialQuantity=0, PalletNumber=
2025-10-22 10:58:29.176 +08:00 [INF] 查询到任务数据: ID=151984, MaterialCode=, MaterialQuantity=0, PalletNumber=
2025-10-22 10:58:31.175 +08:00 [INF] 查询到任务数据: ID=151984, MaterialCode=, MaterialQuantity=0, PalletNumber=
2025-10-22 10:58:33.177 +08:00 [INF] 查询到任务数据: ID=151984, MaterialCode=, MaterialQuantity=0, PalletNumber=
2025-10-22 10:58:35.177 +08:00 [INF] 查询到任务数据: ID=151984, MaterialCode=, MaterialQuantity=0, PalletNumber=
2025-10-22 10:58:37.178 +08:00 [INF] 查询到任务数据: ID=151984, MaterialCode=, MaterialQuantity=0, PalletNumber=
2025-10-22 10:58:39.177 +08:00 [INF] 查询到任务数据: ID=151984, MaterialCode=, MaterialQuantity=0, PalletNumber=
2025-10-22 10:58:41.178 +08:00 [INF] 查询到任务数据: ID=151984, MaterialCode=, MaterialQuantity=0, PalletNumber=
2025-10-22 10:58:43.177 +08:00 [INF] 查询到任务数据: ID=151984, MaterialCode=, MaterialQuantity=0, PalletNumber=
2025-10-22 10:58:45.178 +08:00 [INF] 查询到任务数据: ID=151984, MaterialCode=, MaterialQuantity=0, PalletNumber=
2025-10-22 10:58:47.185 +08:00 [INF] 查询到任务数据: ID=151984, MaterialCode=, MaterialQuantity=0, PalletNumber=
2025-10-22 10:58:49.180 +08:00 [INF] 查询到任务数据: ID=151984, MaterialCode=, MaterialQuantity=0, PalletNumber=
2025-10-22 10:58:51.178 +08:00 [INF] 查询到任务数据: ID=151984, MaterialCode=, MaterialQuantity=0, PalletNumber=
2025-10-22 10:58:53.177 +08:00 [INF] 查询到任务数据: ID=151984, MaterialCode=, MaterialQuantity=0, PalletNumber=
2025-10-22 10:58:55.179 +08:00 [INF] 查询到任务数据: ID=151984, MaterialCode=, MaterialQuantity=0, PalletNumber=
2025-10-22 10:58:57.177 +08:00 [INF] 查询到任务数据: ID=151984, MaterialCode=, MaterialQuantity=0, PalletNumber=
2025-10-22 10:58:59.178 +08:00 [INF] 查询到任务数据: ID=151984, MaterialCode=, MaterialQuantity=0, PalletNumber=
2025-10-22 10:59:01.177 +08:00 [INF] 查询到任务数据: ID=151984, MaterialCode=, MaterialQuantity=0, PalletNumber=
2025-10-22 10:59:03.177 +08:00 [INF] 查询到任务数据: ID=151984, MaterialCode=, MaterialQuantity=0, PalletNumber=
2025-10-22 10:59:05.179 +08:00 [INF] 查询到任务数据: ID=151984, MaterialCode=, MaterialQuantity=0, PalletNumber=
2025-10-22 10:59:07.177 +08:00 [INF] 查询到任务数据: ID=151984, MaterialCode=, MaterialQuantity=0, PalletNumber=
2025-10-22 10:59:09.177 +08:00 [INF] 查询到任务数据: ID=151984, MaterialCode=, MaterialQuantity=0, PalletNumber=
2025-10-22 10:59:11.176 +08:00 [INF] 查询到任务数据: ID=151984, MaterialCode=, MaterialQuantity=0, PalletNumber=
2025-10-22 10:59:13.176 +08:00 [INF] 查询到任务数据: ID=151984, MaterialCode=, MaterialQuantity=0, PalletNumber=
2025-10-22 10:59:15.177 +08:00 [INF] 查询到任务数据: ID=151984, MaterialCode=, MaterialQuantity=0, PalletNumber=
2025-10-22 10:59:17.178 +08:00 [INF] 查询到任务数据: ID=151984, MaterialCode=, MaterialQuantity=0, PalletNumber=
2025-10-22 10:59:19.175 +08:00 [INF] 查询到任务数据: ID=151984, MaterialCode=, MaterialQuantity=0, PalletNumber=
2025-10-22 10:59:21.176 +08:00 [INF] 查询到任务数据: ID=151984, MaterialCode=, MaterialQuantity=0, PalletNumber=
2025-10-22 10:59:23.186 +08:00 [INF] 查询到任务数据: ID=151984, MaterialCode=, MaterialQuantity=0, PalletNumber=
2025-10-22 10:59:25.179 +08:00 [INF] 查询到任务数据: ID=151984, MaterialCode=, MaterialQuantity=0, PalletNumber=
2025-10-22 10:59:27.179 +08:00 [INF] 查询到任务数据: ID=151984, MaterialCode=, MaterialQuantity=0, PalletNumber=
2025-10-22 10:59:29.177 +08:00 [INF] 查询到任务数据: ID=151984, MaterialCode=, MaterialQuantity=0, PalletNumber=
2025-10-22 10:59:31.177 +08:00 [INF] 查询到任务数据: ID=151984, MaterialCode=, MaterialQuantity=0, PalletNumber=
2025-10-22 10:59:33.177 +08:00 [INF] 查询到任务数据: ID=151984, MaterialCode=, MaterialQuantity=0, PalletNumber=
2025-10-22 10:59:35.176 +08:00 [INF] 查询到任务数据: ID=151984, MaterialCode=, MaterialQuantity=0, PalletNumber=
2025-10-22 10:59:37.175 +08:00 [INF] 查询到任务数据: ID=151984, MaterialCode=, MaterialQuantity=0, PalletNumber=
2025-10-22 10:59:39.827 +08:00 [INF] 查询到任务数据: ID=151984, MaterialCode=, MaterialQuantity=0, PalletNumber=
2025-10-22 10:59:41.176 +08:00 [INF] 查询到任务数据: ID=151984, MaterialCode=, MaterialQuantity=0, PalletNumber=
2025-10-22 10:59:43.177 +08:00 [INF] 查询到任务数据: ID=151984, MaterialCode=, MaterialQuantity=0, PalletNumber=
2025-10-22 10:59:44.765 +08:00 [INF] 接收到的任务数据: TaskType=manualTask, Source=05B01, Target=PA011, Priority=1, RequestCode=1761101984
2025-10-22 10:59:44.769 +08:00 [INF] 检测到需要拆分的任务（类型2），起点: 05B01
2025-10-22 10:59:44.787 +08:00 [INF] 任务已缓存: 1761101984, 错误信息: 中转点 PD001 已被锁定
2025-10-22 10:59:44.790 +08:00 [INF] 任务拆分成功，原始任务: 1761101984，生成了 0 个子任务
2025-10-22 10:59:44.816 +08:00 [INF] 查询到任务数据: ID=151984, MaterialCode=, MaterialQuantity=0, PalletNumber=
2025-10-22 10:59:46.977 +08:00 [INF] 查询到任务数据: ID=151984, MaterialCode=, MaterialQuantity=0, PalletNumber=
2025-10-22 10:59:48.974 +08:00 [INF] 查询到任务数据: ID=151984, MaterialCode=, MaterialQuantity=0, PalletNumber=
2025-10-22 10:59:50.975 +08:00 [INF] 查询到任务数据: ID=151984, MaterialCode=, MaterialQuantity=0, PalletNumber=
2025-10-22 10:59:52.974 +08:00 [INF] 查询到任务数据: ID=151984, MaterialCode=, MaterialQuantity=0, PalletNumber=
2025-10-22 10:59:54.974 +08:00 [INF] 查询到任务数据: ID=151984, MaterialCode=, MaterialQuantity=0, PalletNumber=
2025-10-22 10:59:56.973 +08:00 [INF] 查询到任务数据: ID=151984, MaterialCode=, MaterialQuantity=0, PalletNumber=
2025-10-22 10:59:58.974 +08:00 [INF] 查询到任务数据: ID=151984, MaterialCode=, MaterialQuantity=0, PalletNumber=
2025-10-22 11:00:00.973 +08:00 [INF] 查询到任务数据: ID=151984, MaterialCode=, MaterialQuantity=0, PalletNumber=
2025-10-22 11:00:02.973 +08:00 [INF] 查询到任务数据: ID=151984, MaterialCode=, MaterialQuantity=0, PalletNumber=
2025-10-22 11:00:04.973 +08:00 [INF] 查询到任务数据: ID=151984, MaterialCode=, MaterialQuantity=0, PalletNumber=
2025-10-22 11:00:06.972 +08:00 [INF] 查询到任务数据: ID=151984, MaterialCode=, MaterialQuantity=0, PalletNumber=
2025-10-22 11:00:08.974 +08:00 [INF] 查询到任务数据: ID=151984, MaterialCode=, MaterialQuantity=0, PalletNumber=
2025-10-22 11:00:10.973 +08:00 [INF] 查询到任务数据: ID=151984, MaterialCode=, MaterialQuantity=0, PalletNumber=
2025-10-22 11:00:12.972 +08:00 [INF] 查询到任务数据: ID=151984, MaterialCode=, MaterialQuantity=0, PalletNumber=
2025-10-22 11:00:14.975 +08:00 [INF] 查询到任务数据: ID=151984, MaterialCode=, MaterialQuantity=0, PalletNumber=
2025-10-22 11:00:16.973 +08:00 [INF] 查询到任务数据: ID=151984, MaterialCode=, MaterialQuantity=0, PalletNumber=
2025-10-22 11:06:07.760 +08:00 [INF] TCP服务未启用，数据清理服务将不会启动。
2025-10-22 11:06:07.821 +08:00 [INF] TcpServerService 启动，监听 127.0.0.1:9000
2025-10-22 11:06:07.843 +08:00 [INF] 任务缓存处理器已启动
2025-10-22 11:06:07.882 +08:00 [INF] 检测到点位可用，准备处理缓存任务: 1761101984
2025-10-22 11:06:07.912 +08:00 [INF] 检测到需要拆分的任务（类型2），起点: 05B01
2025-10-22 11:06:07.955 +08:00 [INF] 任务已缓存: 1761101984, 错误信息: 中转点 PD001 已被锁定
2025-10-22 11:06:07.962 +08:00 [WRN] Overriding address(es) 'http://localhost:5055'. Binding to endpoints defined via IConfiguration and/or UseKestrel() instead.
2025-10-22 11:06:07.964 +08:00 [INF] 任务拆分成功，原始任务: 1761101984，生成了 0 个子任务
2025-10-22 11:06:07.969 +08:00 [INF] 缓存任务处理成功: 1761101984
2025-10-22 11:06:09.980 +08:00 [WRN] Failed to determine the https port for redirect.
2025-10-22 11:06:13.382 +08:00 [INF] 正在验证用户: admin
2025-10-22 11:06:13.384 +08:00 [INF] 输入的密码: admin123
2025-10-22 11:06:13.385 +08:00 [INF] 数据库中的密码: admin123
2025-10-22 11:06:13.386 +08:00 [INF] 密码验证结果: True
2025-10-22 11:06:13.400 +08:00 [INF] 更新最后登录时间成功
2025-10-22 11:06:13.402 +08:00 [INF] 用户 admin 登录成功
2025-10-22 11:06:13.463 +08:00 [INF] 查询到任务数据: ID=151984, MaterialCode=, MaterialQuantity=0, PalletNumber=
2025-10-22 11:06:15.758 +08:00 [INF] 查询到任务数据: ID=151984, MaterialCode=, MaterialQuantity=0, PalletNumber=
2025-10-22 11:06:17.739 +08:00 [INF] 查询到任务数据: ID=151984, MaterialCode=, MaterialQuantity=0, PalletNumber=
2025-10-22 11:06:19.738 +08:00 [INF] 查询到任务数据: ID=151984, MaterialCode=, MaterialQuantity=0, PalletNumber=
2025-10-22 11:06:21.740 +08:00 [INF] 查询到任务数据: ID=151984, MaterialCode=, MaterialQuantity=0, PalletNumber=
2025-10-22 11:06:23.738 +08:00 [INF] 查询到任务数据: ID=151984, MaterialCode=, MaterialQuantity=0, PalletNumber=
2025-10-22 11:06:25.737 +08:00 [INF] 查询到任务数据: ID=151984, MaterialCode=, MaterialQuantity=0, PalletNumber=
2025-10-22 11:06:27.737 +08:00 [INF] 查询到任务数据: ID=151984, MaterialCode=, MaterialQuantity=0, PalletNumber=
2025-10-22 11:06:29.736 +08:00 [INF] 查询到任务数据: ID=151984, MaterialCode=, MaterialQuantity=0, PalletNumber=
2025-10-22 11:06:31.740 +08:00 [INF] 查询到任务数据: ID=151984, MaterialCode=, MaterialQuantity=0, PalletNumber=
2025-10-22 11:06:33.739 +08:00 [INF] 查询到任务数据: ID=151984, MaterialCode=, MaterialQuantity=0, PalletNumber=
2025-10-22 11:06:35.739 +08:00 [INF] 查询到任务数据: ID=151984, MaterialCode=, MaterialQuantity=0, PalletNumber=
2025-10-22 11:06:37.737 +08:00 [INF] 查询到任务数据: ID=151984, MaterialCode=, MaterialQuantity=0, PalletNumber=
2025-10-22 11:07:07.979 +08:00 [INF] 检测到点位可用，准备处理缓存任务: 1761101984
2025-10-22 11:07:07.981 +08:00 [INF] 检测到需要拆分的任务（类型2），起点: 05B01
2025-10-22 11:07:07.986 +08:00 [INF] 任务已缓存: 1761101984, 错误信息: 中转点 PD001 已被锁定
2025-10-22 11:07:07.987 +08:00 [INF] 任务拆分成功，原始任务: 1761101984，生成了 0 个子任务
2025-10-22 11:07:07.991 +08:00 [INF] 缓存任务处理成功: 1761101984
2025-10-22 11:08:08.012 +08:00 [INF] 检测到点位可用，准备处理缓存任务: 1761101984
2025-10-22 11:08:08.014 +08:00 [INF] 检测到需要拆分的任务（类型2），起点: 05B01
2025-10-22 11:08:08.019 +08:00 [INF] 任务已缓存: 1761101984, 错误信息: 中转点 PD001 已被锁定
2025-10-22 11:08:08.021 +08:00 [INF] 任务拆分成功，原始任务: 1761101984，生成了 0 个子任务
2025-10-22 11:08:08.024 +08:00 [INF] 缓存任务处理成功: 1761101984
2025-10-22 11:08:47.300 +08:00 [INF] TCP服务未启用，数据清理服务将不会启动。
2025-10-22 11:08:47.357 +08:00 [INF] TcpServerService 启动，监听 127.0.0.1:9000
2025-10-22 11:08:47.375 +08:00 [INF] 任务缓存处理器已启动
2025-10-22 11:08:47.408 +08:00 [INF] 检测到点位可用，准备处理缓存任务: 1761101984
2025-10-22 11:08:47.439 +08:00 [INF] 检测到需要拆分的任务（类型2），起点: 05B01
2025-10-22 11:08:47.450 +08:00 [WRN] Overriding address(es) 'http://localhost:5055'. Binding to endpoints defined via IConfiguration and/or UseKestrel() instead.
2025-10-22 11:08:47.472 +08:00 [INF] 任务已缓存: 1761101984, 错误信息: 中转点 PD001 已被锁定
2025-10-22 11:08:47.477 +08:00 [INF] 任务拆分成功，原始任务: 1761101984，生成了 0 个子任务
2025-10-22 11:08:47.481 +08:00 [INF] 缓存任务处理成功: 1761101984
2025-10-22 11:08:49.158 +08:00 [WRN] Failed to determine the https port for redirect.
2025-10-22 11:08:50.558 +08:00 [INF] 正在验证用户: admin
2025-10-22 11:08:50.560 +08:00 [INF] 输入的密码: admin123
2025-10-22 11:08:50.562 +08:00 [INF] 数据库中的密码: admin123
2025-10-22 11:08:50.563 +08:00 [INF] 密码验证结果: True
2025-10-22 11:08:50.575 +08:00 [INF] 更新最后登录时间成功
2025-10-22 11:08:50.578 +08:00 [INF] 用户 admin 登录成功
2025-10-22 11:08:50.638 +08:00 [INF] 查询到任务数据: ID=151984, MaterialCode=, MaterialQuantity=0, PalletNumber=
2025-10-22 11:09:12.181 +08:00 [INF] 查询到任务数据: ID=151984, MaterialCode=, MaterialQuantity=0, PalletNumber=
2025-10-22 11:09:13.578 +08:00 [INF] 查询到任务数据: ID=151984, MaterialCode=, MaterialQuantity=0, PalletNumber=
2025-10-22 11:11:24.338 +08:00 [INF] TCP服务未启用，数据清理服务将不会启动。
2025-10-22 11:11:24.394 +08:00 [INF] TcpServerService 启动，监听 127.0.0.1:9000
2025-10-22 11:11:24.414 +08:00 [INF] 任务缓存处理器已启动
2025-10-22 11:11:24.467 +08:00 [INF] 检测到点位可用，准备处理缓存任务: 1761101984
2025-10-22 11:11:24.503 +08:00 [INF] 检测到需要拆分的任务（类型2），起点: 05B01
2025-10-22 11:11:24.526 +08:00 [WRN] Overriding address(es) 'http://localhost:5055'. Binding to endpoints defined via IConfiguration and/or UseKestrel() instead.
2025-10-22 11:11:24.536 +08:00 [INF] 任务已缓存: 1761101984, 错误信息: 中转点 PD001 已被锁定
2025-10-22 11:11:24.543 +08:00 [INF] 任务拆分成功，原始任务: 1761101984，生成了 0 个子任务
2025-10-22 11:11:24.547 +08:00 [INF] 缓存任务处理成功: 1761101984
2025-10-22 11:11:26.317 +08:00 [WRN] Failed to determine the https port for redirect.
2025-10-22 11:11:28.384 +08:00 [INF] 正在验证用户: admin
2025-10-22 11:11:28.386 +08:00 [INF] 输入的密码: admin123
2025-10-22 11:11:28.387 +08:00 [INF] 数据库中的密码: admin123
2025-10-22 11:11:28.388 +08:00 [INF] 密码验证结果: True
2025-10-22 11:11:28.401 +08:00 [INF] 更新最后登录时间成功
2025-10-22 11:11:28.403 +08:00 [INF] 用户 admin 登录成功
2025-10-22 11:11:28.465 +08:00 [INF] 查询到任务数据: ID=151984, MaterialCode=, MaterialQuantity=0, PalletNumber=
2025-10-22 11:11:30.782 +08:00 [INF] 查询到任务数据: ID=151984, MaterialCode=, MaterialQuantity=0, PalletNumber=
2025-10-22 11:11:43.465 +08:00 [INF] 查询到任务数据: ID=151984, MaterialCode=, MaterialQuantity=0, PalletNumber=
2025-10-22 11:11:45.349 +08:00 [WRN] 慢请求检测: GET /Tasks/Index - 1917ms - 来自 ::1
2025-10-22 11:11:46.247 +08:00 [INF] 查询到任务数据: ID=151984, MaterialCode=, MaterialQuantity=0, PalletNumber=
2025-10-22 11:11:47.338 +08:00 [WRN] 慢请求检测: GET /Tasks/Index - 1574ms - 来自 ::1
2025-10-22 11:11:47.346 +08:00 [INF] 查询到任务数据: ID=151984, MaterialCode=, MaterialQuantity=0, PalletNumber=
2025-10-22 11:11:51.078 +08:00 [WRN] 慢请求检测: GET /Tasks/Index - 3736ms - 来自 ::1
2025-10-22 11:11:51.123 +08:00 [INF] 查询到任务数据: ID=151984, MaterialCode=, MaterialQuantity=0, PalletNumber=
2025-10-22 11:11:52.834 +08:00 [WRN] 慢请求检测: GET /Tasks/Index - 1743ms - 来自 ::1
2025-10-22 11:11:52.841 +08:00 [INF] 查询到任务数据: ID=151984, MaterialCode=, MaterialQuantity=0, PalletNumber=
2025-10-22 11:11:52.853 +08:00 [INF] 查询到任务数据: ID=151984, MaterialCode=, MaterialQuantity=0, PalletNumber=
2025-10-22 11:11:52.854 +08:00 [WRN] 慢请求检测: POST /Tasks/CancelCachedTask - 20743ms - 来自 ::1
2025-10-22 11:11:55.000 +08:00 [INF] 查询到任务数据: ID=151984, MaterialCode=, MaterialQuantity=0, PalletNumber=
2025-10-22 11:11:55.004 +08:00 [INF] 查询到任务数据: ID=151984, MaterialCode=, MaterialQuantity=0, PalletNumber=
2025-10-22 11:11:57.160 +08:00 [INF] 查询到任务数据: ID=151984, MaterialCode=, MaterialQuantity=0, PalletNumber=
2025-10-22 11:11:59.159 +08:00 [INF] 查询到任务数据: ID=151984, MaterialCode=, MaterialQuantity=0, PalletNumber=
2025-10-22 11:12:01.157 +08:00 [INF] 查询到任务数据: ID=151984, MaterialCode=, MaterialQuantity=0, PalletNumber=
2025-10-22 11:12:03.158 +08:00 [INF] 查询到任务数据: ID=151984, MaterialCode=, MaterialQuantity=0, PalletNumber=
2025-10-22 11:24:59.965 +08:00 [INF] TCP服务未启用，数据清理服务将不会启动。
2025-10-22 11:25:00.034 +08:00 [INF] TcpServerService 启动，监听 127.0.0.1:9000
2025-10-22 11:25:00.059 +08:00 [INF] 任务缓存处理器已启动
2025-10-22 11:25:00.138 +08:00 [WRN] Overriding address(es) 'http://localhost:5055'. Binding to endpoints defined via IConfiguration and/or UseKestrel() instead.
2025-10-22 11:25:02.220 +08:00 [WRN] Failed to determine the https port for redirect.
2025-10-22 11:25:03.650 +08:00 [INF] 正在验证用户: admin
2025-10-22 11:25:03.652 +08:00 [INF] 输入的密码: admin123
2025-10-22 11:25:03.653 +08:00 [INF] 数据库中的密码: admin123
2025-10-22 11:25:03.655 +08:00 [INF] 密码验证结果: True
2025-10-22 11:25:03.671 +08:00 [INF] 更新最后登录时间成功
2025-10-22 11:25:03.674 +08:00 [INF] 用户 admin 登录成功
2025-10-22 11:25:03.738 +08:00 [INF] 查询到任务数据: ID=151984, MaterialCode=, MaterialQuantity=0, PalletNumber=
2025-10-22 11:25:06.176 +08:00 [INF] 查询到任务数据: ID=151984, MaterialCode=, MaterialQuantity=0, PalletNumber=
2025-10-22 11:25:08.170 +08:00 [INF] 查询到任务数据: ID=151984, MaterialCode=, MaterialQuantity=0, PalletNumber=
2025-10-22 11:25:10.168 +08:00 [INF] 查询到任务数据: ID=151984, MaterialCode=, MaterialQuantity=0, PalletNumber=
2025-10-22 11:25:12.170 +08:00 [INF] 查询到任务数据: ID=151984, MaterialCode=, MaterialQuantity=0, PalletNumber=
2025-10-22 11:25:14.168 +08:00 [INF] 查询到任务数据: ID=151984, MaterialCode=, MaterialQuantity=0, PalletNumber=
2025-10-22 11:25:16.167 +08:00 [INF] 查询到任务数据: ID=151984, MaterialCode=, MaterialQuantity=0, PalletNumber=
2025-10-22 11:25:18.167 +08:00 [INF] 查询到任务数据: ID=151984, MaterialCode=, MaterialQuantity=0, PalletNumber=
2025-10-22 11:25:20.178 +08:00 [INF] 查询到任务数据: ID=151984, MaterialCode=, MaterialQuantity=0, PalletNumber=
2025-10-22 11:25:22.167 +08:00 [INF] 查询到任务数据: ID=151984, MaterialCode=, MaterialQuantity=0, PalletNumber=
2025-10-22 11:25:24.168 +08:00 [INF] 查询到任务数据: ID=151984, MaterialCode=, MaterialQuantity=0, PalletNumber=
2025-10-22 11:25:26.208 +08:00 [INF] 查询到任务数据: ID=151984, MaterialCode=, MaterialQuantity=0, PalletNumber=
2025-10-22 11:25:28.178 +08:00 [INF] 查询到任务数据: ID=151984, MaterialCode=, MaterialQuantity=0, PalletNumber=
2025-10-22 11:25:30.180 +08:00 [INF] 查询到任务数据: ID=151984, MaterialCode=, MaterialQuantity=0, PalletNumber=
2025-10-22 11:25:32.170 +08:00 [INF] 查询到任务数据: ID=151984, MaterialCode=, MaterialQuantity=0, PalletNumber=
2025-10-22 11:25:34.167 +08:00 [INF] 查询到任务数据: ID=151984, MaterialCode=, MaterialQuantity=0, PalletNumber=
2025-10-22 11:25:36.168 +08:00 [INF] 查询到任务数据: ID=151984, MaterialCode=, MaterialQuantity=0, PalletNumber=
2025-10-22 11:25:38.166 +08:00 [INF] 查询到任务数据: ID=151984, MaterialCode=, MaterialQuantity=0, PalletNumber=
2025-10-22 11:25:40.173 +08:00 [INF] 查询到任务数据: ID=151984, MaterialCode=, MaterialQuantity=0, PalletNumber=
2025-10-22 11:25:42.167 +08:00 [INF] 查询到任务数据: ID=151984, MaterialCode=, MaterialQuantity=0, PalletNumber=
2025-10-22 11:25:44.169 +08:00 [INF] 查询到任务数据: ID=151984, MaterialCode=, MaterialQuantity=0, PalletNumber=
2025-10-22 11:25:46.168 +08:00 [INF] 查询到任务数据: ID=151984, MaterialCode=, MaterialQuantity=0, PalletNumber=
2025-10-22 11:25:48.167 +08:00 [INF] 查询到任务数据: ID=151984, MaterialCode=, MaterialQuantity=0, PalletNumber=
2025-10-22 11:25:50.167 +08:00 [INF] 查询到任务数据: ID=151984, MaterialCode=, MaterialQuantity=0, PalletNumber=
2025-10-22 11:25:52.167 +08:00 [INF] 查询到任务数据: ID=151984, MaterialCode=, MaterialQuantity=0, PalletNumber=
2025-10-22 11:25:54.168 +08:00 [INF] 查询到任务数据: ID=151984, MaterialCode=, MaterialQuantity=0, PalletNumber=
2025-10-22 11:25:56.167 +08:00 [INF] 查询到任务数据: ID=151984, MaterialCode=, MaterialQuantity=0, PalletNumber=
2025-10-22 11:25:58.168 +08:00 [INF] 查询到任务数据: ID=151984, MaterialCode=, MaterialQuantity=0, PalletNumber=
2025-10-22 11:26:00.165 +08:00 [INF] 查询到任务数据: ID=151984, MaterialCode=, MaterialQuantity=0, PalletNumber=
2025-10-22 11:26:02.167 +08:00 [INF] 查询到任务数据: ID=151984, MaterialCode=, MaterialQuantity=0, PalletNumber=
2025-10-22 11:26:04.167 +08:00 [INF] 查询到任务数据: ID=151984, MaterialCode=, MaterialQuantity=0, PalletNumber=
2025-10-22 11:26:06.167 +08:00 [INF] 查询到任务数据: ID=151984, MaterialCode=, MaterialQuantity=0, PalletNumber=
2025-10-22 11:26:08.167 +08:00 [INF] 查询到任务数据: ID=151984, MaterialCode=, MaterialQuantity=0, PalletNumber=
2025-10-22 11:26:10.169 +08:00 [INF] 查询到任务数据: ID=151984, MaterialCode=, MaterialQuantity=0, PalletNumber=
2025-10-22 11:26:12.167 +08:00 [INF] 查询到任务数据: ID=151984, MaterialCode=, MaterialQuantity=0, PalletNumber=
2025-10-22 11:26:14.173 +08:00 [INF] 查询到任务数据: ID=151984, MaterialCode=, MaterialQuantity=0, PalletNumber=
2025-10-22 11:26:16.170 +08:00 [INF] 查询到任务数据: ID=151984, MaterialCode=, MaterialQuantity=0, PalletNumber=
2025-10-22 11:26:18.169 +08:00 [INF] 查询到任务数据: ID=151984, MaterialCode=, MaterialQuantity=0, PalletNumber=
2025-10-22 11:26:20.168 +08:00 [INF] 查询到任务数据: ID=151984, MaterialCode=, MaterialQuantity=0, PalletNumber=
2025-10-22 11:26:22.166 +08:00 [INF] 查询到任务数据: ID=151984, MaterialCode=, MaterialQuantity=0, PalletNumber=
2025-10-22 11:26:24.167 +08:00 [INF] 查询到任务数据: ID=151984, MaterialCode=, MaterialQuantity=0, PalletNumber=
2025-10-22 11:26:26.168 +08:00 [INF] 查询到任务数据: ID=151984, MaterialCode=, MaterialQuantity=0, PalletNumber=
2025-10-22 11:26:28.167 +08:00 [INF] 查询到任务数据: ID=151984, MaterialCode=, MaterialQuantity=0, PalletNumber=
2025-10-22 11:26:30.169 +08:00 [INF] 查询到任务数据: ID=151984, MaterialCode=, MaterialQuantity=0, PalletNumber=
2025-10-22 11:26:32.175 +08:00 [INF] 查询到任务数据: ID=151984, MaterialCode=, MaterialQuantity=0, PalletNumber=
2025-10-22 11:26:34.167 +08:00 [INF] 查询到任务数据: ID=151984, MaterialCode=, MaterialQuantity=0, PalletNumber=
2025-10-22 11:26:36.169 +08:00 [INF] 查询到任务数据: ID=151984, MaterialCode=, MaterialQuantity=0, PalletNumber=
2025-10-22 11:26:38.168 +08:00 [INF] 查询到任务数据: ID=151984, MaterialCode=, MaterialQuantity=0, PalletNumber=
2025-10-22 11:26:40.168 +08:00 [INF] 查询到任务数据: ID=151984, MaterialCode=, MaterialQuantity=0, PalletNumber=
2025-10-22 11:26:42.167 +08:00 [INF] 查询到任务数据: ID=151984, MaterialCode=, MaterialQuantity=0, PalletNumber=
2025-10-22 11:26:44.166 +08:00 [INF] 查询到任务数据: ID=151984, MaterialCode=, MaterialQuantity=0, PalletNumber=
2025-10-22 11:26:46.167 +08:00 [INF] 查询到任务数据: ID=151984, MaterialCode=, MaterialQuantity=0, PalletNumber=
2025-10-22 11:26:48.168 +08:00 [INF] 查询到任务数据: ID=151984, MaterialCode=, MaterialQuantity=0, PalletNumber=
2025-10-22 11:26:50.170 +08:00 [INF] 查询到任务数据: ID=151984, MaterialCode=, MaterialQuantity=0, PalletNumber=
2025-10-22 11:26:52.169 +08:00 [INF] 查询到任务数据: ID=151984, MaterialCode=, MaterialQuantity=0, PalletNumber=
2025-10-22 11:26:54.168 +08:00 [INF] 查询到任务数据: ID=151984, MaterialCode=, MaterialQuantity=0, PalletNumber=
2025-10-22 11:26:56.166 +08:00 [INF] 查询到任务数据: ID=151984, MaterialCode=, MaterialQuantity=0, PalletNumber=
2025-10-22 11:26:58.168 +08:00 [INF] 查询到任务数据: ID=151984, MaterialCode=, MaterialQuantity=0, PalletNumber=
2025-10-22 11:27:00.167 +08:00 [INF] 查询到任务数据: ID=151984, MaterialCode=, MaterialQuantity=0, PalletNumber=
2025-10-22 11:27:02.168 +08:00 [INF] 查询到任务数据: ID=151984, MaterialCode=, MaterialQuantity=0, PalletNumber=
2025-10-22 11:27:04.167 +08:00 [INF] 查询到任务数据: ID=151984, MaterialCode=, MaterialQuantity=0, PalletNumber=
2025-10-22 11:27:06.168 +08:00 [INF] 查询到任务数据: ID=151984, MaterialCode=, MaterialQuantity=0, PalletNumber=
2025-10-22 11:27:08.167 +08:00 [INF] 查询到任务数据: ID=151984, MaterialCode=, MaterialQuantity=0, PalletNumber=
2025-10-22 11:27:10.170 +08:00 [INF] 查询到任务数据: ID=151984, MaterialCode=, MaterialQuantity=0, PalletNumber=
2025-10-22 11:27:12.168 +08:00 [INF] 查询到任务数据: ID=151984, MaterialCode=, MaterialQuantity=0, PalletNumber=
2025-10-22 11:27:14.168 +08:00 [INF] 查询到任务数据: ID=151984, MaterialCode=, MaterialQuantity=0, PalletNumber=
2025-10-22 11:27:16.166 +08:00 [INF] 查询到任务数据: ID=151984, MaterialCode=, MaterialQuantity=0, PalletNumber=
2025-10-22 11:27:18.168 +08:00 [INF] 查询到任务数据: ID=151984, MaterialCode=, MaterialQuantity=0, PalletNumber=
2025-10-22 11:27:20.168 +08:00 [INF] 查询到任务数据: ID=151984, MaterialCode=, MaterialQuantity=0, PalletNumber=
2025-10-22 11:27:22.168 +08:00 [INF] 查询到任务数据: ID=151984, MaterialCode=, MaterialQuantity=0, PalletNumber=
2025-10-22 11:27:24.167 +08:00 [INF] 查询到任务数据: ID=151984, MaterialCode=, MaterialQuantity=0, PalletNumber=
2025-10-22 11:27:26.169 +08:00 [INF] 查询到任务数据: ID=151984, MaterialCode=, MaterialQuantity=0, PalletNumber=
2025-10-22 11:27:28.169 +08:00 [INF] 查询到任务数据: ID=151984, MaterialCode=, MaterialQuantity=0, PalletNumber=
2025-10-22 11:27:30.168 +08:00 [INF] 查询到任务数据: ID=151984, MaterialCode=, MaterialQuantity=0, PalletNumber=
2025-10-22 11:27:32.172 +08:00 [INF] 查询到任务数据: ID=151984, MaterialCode=, MaterialQuantity=0, PalletNumber=
2025-10-22 11:27:34.168 +08:00 [INF] 查询到任务数据: ID=151984, MaterialCode=, MaterialQuantity=0, PalletNumber=
2025-10-22 11:27:36.167 +08:00 [INF] 查询到任务数据: ID=151984, MaterialCode=, MaterialQuantity=0, PalletNumber=
2025-10-22 11:27:38.168 +08:00 [INF] 查询到任务数据: ID=151984, MaterialCode=, MaterialQuantity=0, PalletNumber=
2025-10-22 11:27:40.168 +08:00 [INF] 查询到任务数据: ID=151984, MaterialCode=, MaterialQuantity=0, PalletNumber=
2025-10-22 11:27:42.169 +08:00 [INF] 查询到任务数据: ID=151984, MaterialCode=, MaterialQuantity=0, PalletNumber=
2025-10-22 11:27:44.167 +08:00 [INF] 查询到任务数据: ID=151984, MaterialCode=, MaterialQuantity=0, PalletNumber=
2025-10-22 11:27:46.168 +08:00 [INF] 查询到任务数据: ID=151984, MaterialCode=, MaterialQuantity=0, PalletNumber=
2025-10-22 11:27:48.167 +08:00 [INF] 查询到任务数据: ID=151984, MaterialCode=, MaterialQuantity=0, PalletNumber=
2025-10-22 11:27:50.169 +08:00 [INF] 查询到任务数据: ID=151984, MaterialCode=, MaterialQuantity=0, PalletNumber=
2025-10-22 11:27:52.167 +08:00 [INF] 查询到任务数据: ID=151984, MaterialCode=, MaterialQuantity=0, PalletNumber=
2025-10-22 11:27:54.169 +08:00 [INF] 查询到任务数据: ID=151984, MaterialCode=, MaterialQuantity=0, PalletNumber=
2025-10-22 11:27:56.167 +08:00 [INF] 查询到任务数据: ID=151984, MaterialCode=, MaterialQuantity=0, PalletNumber=
2025-10-22 11:27:58.167 +08:00 [INF] 查询到任务数据: ID=151984, MaterialCode=, MaterialQuantity=0, PalletNumber=
2025-10-22 11:28:00.167 +08:00 [INF] 查询到任务数据: ID=151984, MaterialCode=, MaterialQuantity=0, PalletNumber=
2025-10-22 11:28:02.167 +08:00 [INF] 查询到任务数据: ID=151984, MaterialCode=, MaterialQuantity=0, PalletNumber=
2025-10-22 11:28:04.167 +08:00 [INF] 查询到任务数据: ID=151984, MaterialCode=, MaterialQuantity=0, PalletNumber=
2025-10-22 11:28:06.168 +08:00 [INF] 查询到任务数据: ID=151984, MaterialCode=, MaterialQuantity=0, PalletNumber=
2025-10-22 11:28:08.170 +08:00 [INF] 查询到任务数据: ID=151984, MaterialCode=, MaterialQuantity=0, PalletNumber=
2025-10-22 11:28:10.169 +08:00 [INF] 查询到任务数据: ID=151984, MaterialCode=, MaterialQuantity=0, PalletNumber=
2025-10-22 11:28:12.169 +08:00 [INF] 查询到任务数据: ID=151984, MaterialCode=, MaterialQuantity=0, PalletNumber=
2025-10-22 11:28:14.168 +08:00 [INF] 查询到任务数据: ID=151984, MaterialCode=, MaterialQuantity=0, PalletNumber=
2025-10-22 11:28:16.168 +08:00 [INF] 查询到任务数据: ID=151984, MaterialCode=, MaterialQuantity=0, PalletNumber=
2025-10-22 11:28:18.166 +08:00 [INF] 查询到任务数据: ID=151984, MaterialCode=, MaterialQuantity=0, PalletNumber=
2025-10-22 11:28:20.167 +08:00 [INF] 查询到任务数据: ID=151984, MaterialCode=, MaterialQuantity=0, PalletNumber=
2025-10-22 11:28:22.167 +08:00 [INF] 查询到任务数据: ID=151984, MaterialCode=, MaterialQuantity=0, PalletNumber=
2025-10-22 11:28:24.167 +08:00 [INF] 查询到任务数据: ID=151984, MaterialCode=, MaterialQuantity=0, PalletNumber=
2025-10-22 11:28:26.168 +08:00 [INF] 查询到任务数据: ID=151984, MaterialCode=, MaterialQuantity=0, PalletNumber=
2025-10-22 11:28:28.170 +08:00 [INF] 查询到任务数据: ID=151984, MaterialCode=, MaterialQuantity=0, PalletNumber=
2025-10-22 11:28:30.170 +08:00 [INF] 查询到任务数据: ID=151984, MaterialCode=, MaterialQuantity=0, PalletNumber=
2025-10-22 11:28:32.171 +08:00 [INF] 查询到任务数据: ID=151984, MaterialCode=, MaterialQuantity=0, PalletNumber=
2025-10-22 11:28:34.172 +08:00 [INF] 查询到任务数据: ID=151984, MaterialCode=, MaterialQuantity=0, PalletNumber=
2025-10-22 11:28:36.167 +08:00 [INF] 查询到任务数据: ID=151984, MaterialCode=, MaterialQuantity=0, PalletNumber=
2025-10-22 11:28:38.167 +08:00 [INF] 查询到任务数据: ID=151984, MaterialCode=, MaterialQuantity=0, PalletNumber=
2025-10-22 11:28:40.167 +08:00 [INF] 查询到任务数据: ID=151984, MaterialCode=, MaterialQuantity=0, PalletNumber=
2025-10-22 11:28:42.168 +08:00 [INF] 查询到任务数据: ID=151984, MaterialCode=, MaterialQuantity=0, PalletNumber=
2025-10-22 11:28:44.168 +08:00 [INF] 查询到任务数据: ID=151984, MaterialCode=, MaterialQuantity=0, PalletNumber=
2025-10-22 11:28:46.168 +08:00 [INF] 查询到任务数据: ID=151984, MaterialCode=, MaterialQuantity=0, PalletNumber=
2025-10-22 11:28:48.169 +08:00 [INF] 查询到任务数据: ID=151984, MaterialCode=, MaterialQuantity=0, PalletNumber=
2025-10-22 11:28:50.170 +08:00 [INF] 查询到任务数据: ID=151984, MaterialCode=, MaterialQuantity=0, PalletNumber=
2025-10-22 11:28:52.167 +08:00 [INF] 查询到任务数据: ID=151984, MaterialCode=, MaterialQuantity=0, PalletNumber=
2025-10-22 11:28:54.168 +08:00 [INF] 查询到任务数据: ID=151984, MaterialCode=, MaterialQuantity=0, PalletNumber=
2025-10-22 11:28:56.200 +08:00 [INF] 查询到任务数据: ID=151984, MaterialCode=, MaterialQuantity=0, PalletNumber=
2025-10-22 11:28:58.168 +08:00 [INF] 查询到任务数据: ID=151984, MaterialCode=, MaterialQuantity=0, PalletNumber=
2025-10-22 11:29:00.167 +08:00 [INF] 查询到任务数据: ID=151984, MaterialCode=, MaterialQuantity=0, PalletNumber=
2025-10-22 11:29:02.167 +08:00 [INF] 查询到任务数据: ID=151984, MaterialCode=, MaterialQuantity=0, PalletNumber=
2025-10-22 11:29:04.166 +08:00 [INF] 查询到任务数据: ID=151984, MaterialCode=, MaterialQuantity=0, PalletNumber=
2025-10-22 11:29:06.167 +08:00 [INF] 查询到任务数据: ID=151984, MaterialCode=, MaterialQuantity=0, PalletNumber=
2025-10-22 11:29:08.168 +08:00 [INF] 查询到任务数据: ID=151984, MaterialCode=, MaterialQuantity=0, PalletNumber=
2025-10-22 11:29:10.168 +08:00 [INF] 查询到任务数据: ID=151984, MaterialCode=, MaterialQuantity=0, PalletNumber=
2025-10-22 11:29:12.168 +08:00 [INF] 查询到任务数据: ID=151984, MaterialCode=, MaterialQuantity=0, PalletNumber=
2025-10-22 11:29:14.168 +08:00 [INF] 查询到任务数据: ID=151984, MaterialCode=, MaterialQuantity=0, PalletNumber=
2025-10-22 11:29:16.168 +08:00 [INF] 查询到任务数据: ID=151984, MaterialCode=, MaterialQuantity=0, PalletNumber=
2025-10-22 11:29:21.078 +08:00 [INF] TCP服务未启用，数据清理服务将不会启动。
2025-10-22 11:29:21.250 +08:00 [INF] TcpServerService 启动，监听 127.0.0.1:9000
2025-10-22 11:29:21.286 +08:00 [INF] 任务缓存处理器已启动
2025-10-22 11:29:21.378 +08:00 [WRN] Overriding address(es) 'http://localhost:5055'. Binding to endpoints defined via IConfiguration and/or UseKestrel() instead.
2025-10-22 11:29:22.658 +08:00 [WRN] Failed to determine the https port for redirect.
2025-10-22 11:31:00.202 +08:00 [INF] 正在验证用户: admin
2025-10-22 11:31:00.204 +08:00 [INF] 输入的密码: admin123
2025-10-22 11:31:00.205 +08:00 [INF] 数据库中的密码: admin123
2025-10-22 11:31:00.206 +08:00 [INF] 密码验证结果: True
2025-10-22 11:31:00.223 +08:00 [INF] 更新最后登录时间成功
2025-10-22 11:31:00.224 +08:00 [INF] 用户 admin 登录成功
2025-10-22 11:31:00.311 +08:00 [INF] 查询到任务数据: ID=151984, MaterialCode=, MaterialQuantity=0, PalletNumber=
2025-10-22 11:31:02.667 +08:00 [INF] 查询到任务数据: ID=151984, MaterialCode=, MaterialQuantity=0, PalletNumber=
2025-10-22 11:31:02.761 +08:00 [INF] 查询到任务数据: ID=151980, MaterialCode=, MaterialQuantity=0, PalletNumber=
2025-10-22 11:31:03.642 +08:00 [INF] 查询到任务数据: ID=151980, MaterialCode=, MaterialQuantity=0, PalletNumber=
2025-10-22 11:31:05.069 +08:00 [INF] 查询到任务数据: ID=151980, MaterialCode=, MaterialQuantity=0, PalletNumber=
2025-10-22 11:31:06.590 +08:00 [INF] 查询到任务数据: ID=151980, MaterialCode=, MaterialQuantity=0, PalletNumber=
2025-10-22 11:31:07.567 +08:00 [INF] 查询到任务数据: ID=151984, MaterialCode=, MaterialQuantity=0, PalletNumber=
2025-10-22 11:31:08.747 +08:00 [INF] 查询到任务数据: ID=151980, MaterialCode=, MaterialQuantity=0, PalletNumber=
2025-10-22 11:31:10.114 +08:00 [INF] 查询到任务数据: ID=151984, MaterialCode=, MaterialQuantity=0, PalletNumber=
2025-10-22 11:31:11.564 +08:00 [INF] 查询到任务数据: ID=151980, MaterialCode=, MaterialQuantity=0, PalletNumber=
2025-10-22 11:31:12.764 +08:00 [INF] 查询到任务数据: ID=151984, MaterialCode=, MaterialQuantity=0, PalletNumber=
2025-10-22 11:31:13.478 +08:00 [INF] 查询到任务数据: ID=151980, MaterialCode=, MaterialQuantity=0, PalletNumber=
2025-10-22 11:31:14.260 +08:00 [INF] 查询到任务数据: ID=151984, MaterialCode=, MaterialQuantity=0, PalletNumber=
2025-10-22 11:31:14.786 +08:00 [INF] 查询到任务数据: ID=151980, MaterialCode=, MaterialQuantity=0, PalletNumber=
2025-10-22 11:31:15.758 +08:00 [INF] 查询到任务数据: ID=151984, MaterialCode=, MaterialQuantity=0, PalletNumber=
2025-10-22 11:31:16.307 +08:00 [INF] 查询到任务数据: ID=151980, MaterialCode=, MaterialQuantity=0, PalletNumber=
2025-10-22 11:31:17.207 +08:00 [INF] 查询到任务数据: ID=151980, MaterialCode=, MaterialQuantity=0, PalletNumber=
2025-10-22 11:31:17.931 +08:00 [INF] 查询到任务数据: ID=151980, MaterialCode=, MaterialQuantity=0, PalletNumber=
2025-10-22 11:31:18.647 +08:00 [INF] 查询到任务数据: ID=151980, MaterialCode=, MaterialQuantity=0, PalletNumber=
2025-10-22 11:31:19.410 +08:00 [INF] 查询到任务数据: ID=151980, MaterialCode=, MaterialQuantity=0, PalletNumber=
2025-10-22 11:31:21.070 +08:00 [INF] 查询到任务数据: ID=151980, MaterialCode=, MaterialQuantity=0, PalletNumber=
2025-10-22 11:31:22.009 +08:00 [INF] 查询到任务数据: ID=151980, MaterialCode=, MaterialQuantity=0, PalletNumber=
2025-10-22 11:31:23.060 +08:00 [INF] 查询到任务数据: ID=151980, MaterialCode=, MaterialQuantity=0, PalletNumber=
2025-10-22 11:31:25.160 +08:00 [INF] 查询到任务数据: ID=151980, MaterialCode=, MaterialQuantity=0, PalletNumber=
2025-10-22 11:31:26.291 +08:00 [INF] 查询到任务数据: ID=151980, MaterialCode=, MaterialQuantity=0, PalletNumber=
2025-10-22 11:31:27.074 +08:00 [INF] 查询到任务数据: ID=151984, MaterialCode=, MaterialQuantity=0, PalletNumber=
2025-10-22 11:31:28.140 +08:00 [INF] 查询到任务数据: ID=151980, MaterialCode=, MaterialQuantity=0, PalletNumber=
2025-10-22 11:31:30.237 +08:00 [INF] 查询到任务数据: ID=151980, MaterialCode=, MaterialQuantity=0, PalletNumber=
2025-10-22 11:31:31.194 +08:00 [INF] 查询到任务数据: ID=151980, MaterialCode=, MaterialQuantity=0, PalletNumber=
2025-10-22 11:31:33.318 +08:00 [INF] 查询到任务数据: ID=151980, MaterialCode=, MaterialQuantity=0, PalletNumber=
2025-10-22 11:31:35.318 +08:00 [INF] 查询到任务数据: ID=151980, MaterialCode=, MaterialQuantity=0, PalletNumber=
2025-10-22 11:31:37.318 +08:00 [INF] 查询到任务数据: ID=151980, MaterialCode=, MaterialQuantity=0, PalletNumber=
