2025-12-25 13:29:58.202 +08:00 [INF] TCP服务未启用，数据清理服务将不会启动。
2025-12-25 13:29:58.266 +08:00 [INF] TcpServerService 启动，监听 127.0.0.1:9000
2025-12-25 13:29:58.288 +08:00 [INF] 任务缓存处理器已启动
2025-12-25 13:29:58.319 +08:00 [INF] 本次处理 0 个缓存任务
2025-12-25 13:29:58.407 +08:00 [WRN] Overriding address(es) 'http://localhost:5055'. Binding to endpoints defined via IConfiguration and/or UseKestrel() instead.
2025-12-25 13:30:04.878 +08:00 [WRN] Failed to determine the https port for redirect.
2025-12-25 13:30:48.748 +08:00 [INF] 正在验证用户: admin
2025-12-25 13:30:48.750 +08:00 [INF] 输入的密码: admin123
2025-12-25 13:30:48.752 +08:00 [INF] 数据库中的密码: admin123
2025-12-25 13:30:48.753 +08:00 [INF] 密码验证结果: True
2025-12-25 13:30:48.776 +08:00 [INF] 更新最后登录时间成功
2025-12-25 13:30:48.778 +08:00 [INF] 用户 admin 登录成功
2025-12-25 13:30:58.324 +08:00 [INF] 本次处理 0 个缓存任务
2025-12-25 13:31:05.622 +08:00 [INF] 接收到的任务数据: TaskType=manualTask, Source=06A05, Target=06A06, Priority=1, RequestCode=1766640665
2025-12-25 13:31:05.635 +08:00 [INF] 开始处理AddTaskAsync请求: PalletNumber=, RequestCode=1766640665, TaskType=manualTask, 起点=06A05, 终点=06A06, 物料=, 数量=0
2025-12-25 13:31:05.639 +08:00 [INF] PalletNumber 为空，已自动生成时间戳: 20251225133105639
2025-12-25 13:31:05.660 +08:00 [INF] 检测到需要拆分的任务（类型2），起点: 06A05
2025-12-25 13:31:05.687 +08:00 [INF] 已锁定任务起点储位: 06A05
2025-12-25 13:31:05.689 +08:00 [INF] 已锁定小地牛中转点储位: PC002
2025-12-25 13:31:05.696 +08:00 [INF] 已锁定三向车中转点储位: PD002
2025-12-25 13:31:05.700 +08:00 [INF] 已锁定任务终点储位: 06A06
2025-12-25 13:31:05.702 +08:00 [INF] 任务拆分完成（类型2），分组ID: e82a83f4-e03b-44cd-a78d-e6a04824ceb8，第一个任务: 1766640665_1，第二个任务: 1766640665_2
2025-12-25 13:31:05.726 +08:00 [INF] 任务拆分成功，原始任务: 1766640665，生成了 2 个子任务
2025-12-25 13:31:24.137 +08:00 [INF] 接收到的任务数据: TaskType=manualTask, Source=06B06, Target=06A07, Priority=1, RequestCode=1766640684
2025-12-25 13:31:24.139 +08:00 [INF] 开始处理AddTaskAsync请求: PalletNumber=, RequestCode=1766640684, TaskType=manualTask, 起点=06B06, 终点=06A07, 物料=, 数量=0
2025-12-25 13:31:24.142 +08:00 [INF] PalletNumber 为空，已自动生成时间戳: 20251225133124142
2025-12-25 13:31:24.147 +08:00 [INF] 检测到需要拆分的任务（类型2），起点: 06B06
2025-12-25 13:31:24.154 +08:00 [INF] 开始执行CacheTaskAsync: PalletNumber=20251225133124142, RequestCode=1766640684, 错误信息=中转点 PD002 已被锁定
2025-12-25 13:31:24.169 +08:00 [INF] 准备插入新的缓存任务记录: PalletNumber=20251225133124142, RequestCode=1766640684
2025-12-25 13:31:24.182 +08:00 [INF] 任务已缓存: RequestCode=1766640684, PalletNumber=20251225133124142, 错误信息: 中转点 PD002 已被锁定
2025-12-25 13:31:24.186 +08:00 [INF] CacheTaskAsync完成（新增缓存任务）
2025-12-25 13:32:25.169 +08:00 [INF] TCP服务未启用，数据清理服务将不会启动。
2025-12-25 13:32:25.246 +08:00 [INF] TcpServerService 启动，监听 127.0.0.1:9000
2025-12-25 13:32:25.265 +08:00 [INF] 任务缓存处理器已启动
2025-12-25 13:32:25.283 +08:00 [INF] 本次处理 1 个缓存任务
2025-12-25 13:32:25.284 +08:00 [INF] 开始处理缓存任务: Id=148, PalletNumber=20251225133124142, RequestCode=1766640684, RetryCount=0
2025-12-25 13:32:25.306 +08:00 [INF] 检测到点位可用，准备处理缓存任务: RequestCode=1766640684, 起点=06B06, 终点=06A07
2025-12-25 13:32:25.318 +08:00 [INF] 调用AddTaskAsync: PalletNumber=20251225133124142, RequestCode=1766640684, TaskType=manualTask, 起点=06B06, 终点=06A07
2025-12-25 13:32:25.328 +08:00 [INF] 开始处理AddTaskAsync请求: PalletNumber=20251225133124142, RequestCode=1766640684, TaskType=manualTask, 起点=06B06, 终点=06A07, 物料=, 数量=0
2025-12-25 13:32:25.354 +08:00 [WRN] Overriding address(es) 'http://localhost:5055'. Binding to endpoints defined via IConfiguration and/or UseKestrel() instead.
2025-12-25 13:32:25.354 +08:00 [INF] 检测到需要拆分的任务（类型2），起点: 06B06
2025-12-25 13:32:25.380 +08:00 [INF] 开始执行CacheTaskAsync: PalletNumber=20251225133124142, RequestCode=1766640684, 错误信息=中转点 PD002 已被锁定
2025-12-25 13:32:25.383 +08:00 [INF] 发现已存在的缓存任务，将更新而非新增: Id=148, PalletNumber=20251225133124142
2025-12-25 13:32:25.388 +08:00 [INF] 缓存任务已存在，已更新: PalletNumber=20251225133124142, RequestCode=1766640684, 错误信息: 中转点 PD002 已被锁定
2025-12-25 13:32:25.390 +08:00 [INF] CacheTaskAsync完成（更新已存在的缓存任务）
2025-12-25 13:32:25.396 +08:00 [INF] AddTaskAsync返回结果: Status=Success, Message=任务已缓存，等待点位释放后自动处理, FailType=
2025-12-25 13:32:25.409 +08:00 [INF] 缓存任务仍需等待点位释放: PalletNumber=20251225133124142, RequestCode=1766640684, 重试次数: 1
2025-12-25 13:32:25.410 +08:00 [INF] 完成处理缓存任务: Id=148, PalletNumber=20251225133124142, RequestCode=1766640684
2025-12-25 13:32:26.968 +08:00 [WRN] Failed to determine the https port for redirect.
2025-12-25 13:32:28.661 +08:00 [INF] 正在验证用户: admin
2025-12-25 13:32:28.664 +08:00 [INF] 输入的密码: admin123
2025-12-25 13:32:28.679 +08:00 [INF] 数据库中的密码: admin123
2025-12-25 13:32:28.689 +08:00 [INF] 密码验证结果: True
2025-12-25 13:32:28.716 +08:00 [INF] 更新最后登录时间成功
2025-12-25 13:32:28.719 +08:00 [INF] 用户 admin 登录成功
2025-12-25 13:32:43.149 +08:00 [WRN] 慢请求检测: GET /Tasks/Index - 3153ms - 来自 ::1
2025-12-25 13:32:43.293 +08:00 [INF] 接收到的任务数据: TaskType=manualTask, Source=06C05, Target=06B07, Priority=1, RequestCode=1766640760
2025-12-25 13:37:51.913 +08:00 [INF] TCP服务未启用，数据清理服务将不会启动。
2025-12-25 13:37:51.972 +08:00 [INF] TcpServerService 启动，监听 127.0.0.1:9000
2025-12-25 13:37:51.994 +08:00 [INF] 任务缓存处理器已启动
2025-12-25 13:37:52.017 +08:00 [INF] 本次处理 1 个缓存任务
2025-12-25 13:37:52.018 +08:00 [INF] 开始处理缓存任务: Id=148, PalletNumber=20251225133124142, RequestCode=1766640684, RetryCount=1
2025-12-25 13:37:52.063 +08:00 [INF] 检测到点位可用，准备处理缓存任务: RequestCode=1766640684, 起点=06B06, 终点=06A07
2025-12-25 13:37:52.071 +08:00 [INF] 调用AddTaskAsync: PalletNumber=20251225133124142, RequestCode=1766640684, TaskType=manualTask, 起点=06B06, 终点=06A07
2025-12-25 13:37:52.084 +08:00 [INF] 开始处理AddTaskAsync请求: PalletNumber=20251225133124142, RequestCode=1766640684, TaskType=manualTask, 起点=06B06, 终点=06A07, 物料=, 数量=0
2025-12-25 13:37:52.100 +08:00 [INF] 检测到需要拆分的任务（类型2），起点: 06B06
2025-12-25 13:37:52.122 +08:00 [WRN] Overriding address(es) 'http://localhost:5055'. Binding to endpoints defined via IConfiguration and/or UseKestrel() instead.
2025-12-25 13:37:52.124 +08:00 [INF] 开始执行CacheTaskAsync: PalletNumber=20251225133124142, RequestCode=1766640684, 错误信息=中转点 PD002 已被锁定
2025-12-25 13:37:52.127 +08:00 [INF] 发现已存在的缓存任务，将更新而非新增: Id=148, PalletNumber=20251225133124142
2025-12-25 13:37:52.134 +08:00 [INF] 缓存任务已存在，已更新: PalletNumber=20251225133124142, RequestCode=1766640684, 错误信息: 中转点 PD002 已被锁定
2025-12-25 13:37:52.135 +08:00 [INF] CacheTaskAsync完成（更新已存在的缓存任务）
2025-12-25 13:37:52.141 +08:00 [INF] AddTaskAsync返回结果: Status=Success, Message=任务已缓存，等待点位释放后自动处理, FailType=
2025-12-25 13:37:52.159 +08:00 [INF] 缓存任务仍需等待点位释放: PalletNumber=20251225133124142, RequestCode=1766640684, 重试次数: 2
2025-12-25 13:37:52.160 +08:00 [INF] 完成处理缓存任务: Id=148, PalletNumber=20251225133124142, RequestCode=1766640684
2025-12-25 13:37:54.316 +08:00 [WRN] Failed to determine the https port for redirect.
2025-12-25 13:38:15.415 +08:00 [INF] 正在验证用户: admin
2025-12-25 13:38:15.417 +08:00 [INF] 输入的密码: admin123
2025-12-25 13:38:15.422 +08:00 [INF] 数据库中的密码: admin123
2025-12-25 13:38:15.425 +08:00 [INF] 密码验证结果: True
2025-12-25 13:38:15.440 +08:00 [INF] 更新最后登录时间成功
2025-12-25 13:38:15.441 +08:00 [INF] 用户 admin 登录成功
