2025-12-11 13:30:21.635 +08:00 [INF] TCP服务未启用，数据清理服务将不会启动。
2025-12-11 13:30:21.694 +08:00 [INF] TcpServerService 启动，监听 127.0.0.1:9000
2025-12-11 13:30:21.713 +08:00 [INF] 任务缓存处理器已启动
2025-12-11 13:30:21.733 +08:00 [INF] 本次处理 0 个缓存任务
2025-12-11 13:30:21.795 +08:00 [WRN] Overriding address(es) 'http://localhost:5055'. Binding to endpoints defined via IConfiguration and/or UseKestrel() instead.
2025-12-11 13:30:23.747 +08:00 [WRN] Failed to determine the https port for redirect.
2025-12-11 13:30:26.491 +08:00 [INF] 正在验证用户: admin
2025-12-11 13:30:26.492 +08:00 [INF] 输入的密码: admin123
2025-12-11 13:30:26.494 +08:00 [INF] 数据库中的密码: admin123
2025-12-11 13:30:26.496 +08:00 [INF] 密码验证结果: True
2025-12-11 13:30:26.515 +08:00 [INF] 更新最后登录时间成功
2025-12-11 13:30:26.517 +08:00 [INF] 用户 admin 登录成功
2025-12-11 13:30:26.579 +08:00 [WRN] 查询结果为空
2025-12-11 13:31:21.751 +08:00 [INF] 本次处理 0 个缓存任务
2025-12-11 13:31:51.072 +08:00 [INF] TCP服务未启用，数据清理服务将不会启动。
2025-12-11 13:31:51.123 +08:00 [INF] TcpServerService 启动，监听 127.0.0.1:9000
2025-12-11 13:31:51.143 +08:00 [INF] 任务缓存处理器已启动
2025-12-11 13:31:51.169 +08:00 [INF] 本次处理 0 个缓存任务
2025-12-11 13:31:51.228 +08:00 [WRN] Overriding address(es) 'http://localhost:5055'. Binding to endpoints defined via IConfiguration and/or UseKestrel() instead.
2025-12-11 13:31:52.942 +08:00 [WRN] Failed to determine the https port for redirect.
2025-12-11 13:31:55.457 +08:00 [INF] 正在验证用户: admin
2025-12-11 13:31:55.460 +08:00 [INF] 输入的密码: admin123
2025-12-11 13:31:55.463 +08:00 [INF] 数据库中的密码: admin123
2025-12-11 13:31:55.465 +08:00 [INF] 密码验证结果: True
2025-12-11 13:31:55.482 +08:00 [INF] 更新最后登录时间成功
2025-12-11 13:31:55.484 +08:00 [INF] 用户 admin 登录成功
2025-12-11 13:31:55.554 +08:00 [WRN] 查询结果为空
2025-12-11 14:00:22.570 +08:00 [INF] TCP服务未启用，数据清理服务将不会启动。
2025-12-11 14:00:22.631 +08:00 [INF] TcpServerService 启动，监听 127.0.0.1:9000
2025-12-11 14:00:22.655 +08:00 [INF] 任务缓存处理器已启动
2025-12-11 14:00:22.700 +08:00 [INF] 本次处理 0 个缓存任务
2025-12-11 14:00:22.781 +08:00 [WRN] Overriding address(es) 'http://localhost:5055'. Binding to endpoints defined via IConfiguration and/or UseKestrel() instead.
2025-12-11 14:00:24.699 +08:00 [WRN] Failed to determine the https port for redirect.
2025-12-11 14:00:27.517 +08:00 [INF] 正在验证用户: admin
2025-12-11 14:00:27.519 +08:00 [INF] 输入的密码: admin123
2025-12-11 14:00:27.520 +08:00 [INF] 数据库中的密码: admin123
2025-12-11 14:00:27.521 +08:00 [INF] 密码验证结果: True
2025-12-11 14:00:27.543 +08:00 [INF] 更新最后登录时间成功
2025-12-11 14:00:27.545 +08:00 [INF] 用户 admin 登录成功
2025-12-11 14:00:27.617 +08:00 [WRN] 查询结果为空
2025-12-11 14:11:38.156 +08:00 [INF] TCP服务未启用，数据清理服务将不会启动。
2025-12-11 14:11:38.212 +08:00 [INF] TcpServerService 启动，监听 127.0.0.1:9000
2025-12-11 14:11:38.235 +08:00 [INF] 任务缓存处理器已启动
2025-12-11 14:11:38.255 +08:00 [INF] 本次处理 0 个缓存任务
2025-12-11 14:11:38.337 +08:00 [WRN] Overriding address(es) 'http://localhost:5055'. Binding to endpoints defined via IConfiguration and/or UseKestrel() instead.
2025-12-11 14:11:39.999 +08:00 [WRN] Failed to determine the https port for redirect.
2025-12-11 14:11:43.450 +08:00 [INF] 正在验证用户: admin
2025-12-11 14:11:43.453 +08:00 [INF] 输入的密码: admin123
2025-12-11 14:11:43.456 +08:00 [INF] 数据库中的密码: admin123
2025-12-11 14:11:43.458 +08:00 [INF] 密码验证结果: True
2025-12-11 14:11:43.478 +08:00 [INF] 更新最后登录时间成功
2025-12-11 14:11:43.479 +08:00 [INF] 用户 admin 登录成功
2025-12-11 14:11:43.539 +08:00 [WRN] 查询结果为空
2025-12-11 16:51:07.068 +08:00 [INF] TCP服务未启用，数据清理服务将不会启动。
2025-12-11 16:51:07.128 +08:00 [INF] TcpServerService 启动，监听 127.0.0.1:9000
2025-12-11 16:51:07.148 +08:00 [INF] 任务缓存处理器已启动
2025-12-11 16:51:07.173 +08:00 [INF] 本次处理 0 个缓存任务
2025-12-11 16:51:07.254 +08:00 [WRN] Overriding address(es) 'http://localhost:5055'. Binding to endpoints defined via IConfiguration and/or UseKestrel() instead.
2025-12-11 16:51:12.025 +08:00 [WRN] Failed to determine the https port for redirect.
2025-12-11 16:51:56.784 +08:00 [INF] 正在验证用户: admin
2025-12-11 16:51:56.786 +08:00 [INF] 输入的密码: admin123
2025-12-11 16:51:56.787 +08:00 [INF] 数据库中的密码: admin123
2025-12-11 16:51:56.788 +08:00 [INF] 密码验证结果: True
2025-12-11 16:51:56.807 +08:00 [INF] 更新最后登录时间成功
2025-12-11 16:51:56.809 +08:00 [INF] 用户 admin 登录成功
2025-12-11 16:51:56.894 +08:00 [WRN] 查询结果为空
2025-12-11 16:52:02.249 +08:00 [WRN] 查询结果为空
2025-12-11 16:52:07.180 +08:00 [INF] 本次处理 0 个缓存任务
2025-12-11 16:52:07.247 +08:00 [WRN] 查询结果为空
2025-12-11 16:52:12.238 +08:00 [WRN] 查询结果为空
2025-12-11 16:52:18.102 +08:00 [WRN] 慢请求检测: GET /Tasks/ExportTasks - 1401ms - 来自 ::1
