2026-03-25 15:52:57.340 +08:00 [INF] TCP服务未启用，数据清理服务将不会启动。
2026-03-25 15:52:57.433 +08:00 [INF] TcpServerService 启动，监听 127.0.0.1:9000
2026-03-25 15:52:57.466 +08:00 [INF] 缓存任务处理器已启动
2026-03-25 15:52:57.640 +08:00 [WRN] Overriding address(es) 'http://localhost:5055'. Binding to endpoints defined via IConfiguration and/or UseKestrel() instead.
2026-03-25 15:53:05.332 +08:00 [WRN] Failed to determine the https port for redirect.
2026-03-25 15:53:07.641 +08:00 [INF] 正在验证用户: admin
2026-03-25 15:53:07.647 +08:00 [INF] 输入的密码: admin123
2026-03-25 15:53:07.651 +08:00 [INF] 数据库中的密码: admin123
2026-03-25 15:53:07.655 +08:00 [INF] 密码验证结果: True
2026-03-25 15:53:07.689 +08:00 [INF] 更新最后登录时间成功
2026-03-25 15:53:07.694 +08:00 [INF] 用户 admin 登录成功
2026-03-25 15:53:16.777 +08:00 [INF] 接收到的任务数据: TaskType=manualTask, Source=06A06, Target=06B07, Priority=1, RequestCode=1774425196
2026-03-25 15:53:16.781 +08:00 [INF] 页面接口建任务自动推导调度字段：起点=06A06，终点=06B07，任务出入库标识=0，货架标识=06
2026-03-25 15:53:16.801 +08:00 [INF] 开始处理AddTaskAsync请求: PalletNumber=, RequestCode=1774425196, TaskType=manualTask, 起点=06A06, 终点=06B07, 物料=, 数量=0
2026-03-25 15:53:16.809 +08:00 [INF] PalletNumber 为空，已自动生成时间戳: 20260325155316809
2026-03-25 15:53:16.834 +08:00 [INF] 检测到需要拆分的任务（类型2），起点: 06A06
2026-03-25 15:53:16.852 +08:00 [INF] 开始执行CacheTaskAsync: PalletNumber=20260325155316809, RequestCode=1774425196, 错误信息=中转点 PD002 已被锁定
2026-03-25 15:53:16.862 +08:00 [INF] 准备插入新的缓存任务记录: PalletNumber=20260325155316809, RequestCode=1774425196
2026-03-25 15:53:16.874 +08:00 [INF] 任务已缓存: RequestCode=1774425196, PalletNumber=20260325155316809, 错误信息: 中转点 PD002 已被锁定
2026-03-25 15:53:16.877 +08:00 [INF] CacheTaskAsync完成（新增缓存任务）
2026-03-25 15:53:39.349 +08:00 [INF] 接收到的任务数据: TaskType=manualTask, Source=06C06, Target=06A07, Priority=1, RequestCode=1774425219
2026-03-25 15:53:39.352 +08:00 [INF] 页面接口建任务自动推导调度字段：起点=06C06，终点=06A07，任务出入库标识=0，货架标识=06
2026-03-25 15:53:39.357 +08:00 [INF] 开始处理AddTaskAsync请求: PalletNumber=, RequestCode=1774425219, TaskType=manualTask, 起点=06C06, 终点=06A07, 物料=, 数量=0
2026-03-25 15:53:39.364 +08:00 [INF] PalletNumber 为空，已自动生成时间戳: 20260325155339364
2026-03-25 15:53:39.370 +08:00 [INF] 检测到需要拆分的任务（类型2），起点: 06C06
2026-03-25 15:53:39.377 +08:00 [INF] 开始执行CacheTaskAsync: PalletNumber=20260325155339364, RequestCode=1774425219, 错误信息=中转点 PD002 已被锁定
2026-03-25 15:53:39.387 +08:00 [INF] 准备插入新的缓存任务记录: PalletNumber=20260325155339364, RequestCode=1774425219
2026-03-25 15:53:39.393 +08:00 [INF] 任务已缓存: RequestCode=1774425219, PalletNumber=20260325155339364, 错误信息: 中转点 PD002 已被锁定
2026-03-25 15:53:39.402 +08:00 [INF] CacheTaskAsync完成（新增缓存任务）
2026-03-25 15:53:57.518 +08:00 [INF] 缓存任务数量较少，调度前等待10秒。当前待处理数量=2
2026-03-25 15:54:07.557 +08:00 [INF] 按调度策略选出2条缓存任务。最近完成任务类型=null，最近完成货架=null
2026-03-25 15:54:07.563 +08:00 [INF] 开始处理缓存任务。Id=157，托盘号=20260325155316809，任务号=1774425196，重试次数=0，任务类型标识=0，货架标识=06
2026-03-25 15:54:07.590 +08:00 [INF] 缓存任务起点终点校验通过，准备调用AddTaskAsync。任务号=1774425196，起点=06A06，终点=06B07
2026-03-25 15:54:07.600 +08:00 [INF] 调用AddTaskAsync。托盘号=20260325155316809，任务号=1774425196，任务类型=manualTask，起点=06A06，终点=06B07，任务类型标识=0，货架标识=06
2026-03-25 15:54:07.607 +08:00 [INF] 开始处理AddTaskAsync请求: PalletNumber=20260325155316809, RequestCode=1774425196, TaskType=manualTask, 起点=06A06, 终点=06B07, 物料=, 数量=0
2026-03-25 15:54:07.616 +08:00 [INF] 检测到需要拆分的任务（类型2），起点: 06A06
2026-03-25 15:54:07.624 +08:00 [INF] 开始执行CacheTaskAsync: PalletNumber=20260325155316809, RequestCode=1774425196, 错误信息=中转点 PD002 已被锁定
2026-03-25 15:54:07.631 +08:00 [INF] 发现已存在的缓存任务，将更新而非新增: Id=157, PalletNumber=20260325155316809
2026-03-25 15:54:07.641 +08:00 [INF] 缓存任务已存在，已更新: PalletNumber=20260325155316809, RequestCode=1774425196, 错误信息: 中转点 PD002 已被锁定
2026-03-25 15:54:07.644 +08:00 [INF] CacheTaskAsync完成（更新已存在的缓存任务）
2026-03-25 15:54:07.650 +08:00 [INF] AddTaskAsync返回结果。状态=Success，消息=任务已缓存，等待点位释放后自动处理，失败类型=null
2026-03-25 15:54:07.663 +08:00 [INF] 缓存任务继续保留等待重试。托盘号=20260325155316809，任务号=1774425196，重试次数=1
2026-03-25 15:54:07.666 +08:00 [INF] 缓存任务处理完成。Id=157，托盘号=20260325155316809，任务号=1774425196
2026-03-25 15:54:07.668 +08:00 [INF] 开始处理缓存任务。Id=158，托盘号=20260325155339364，任务号=1774425219，重试次数=0，任务类型标识=0，货架标识=06
2026-03-25 15:54:07.679 +08:00 [INF] 缓存任务起点终点校验通过，准备调用AddTaskAsync。任务号=1774425219，起点=06C06，终点=06A07
2026-03-25 15:54:07.684 +08:00 [INF] 调用AddTaskAsync。托盘号=20260325155339364，任务号=1774425219，任务类型=manualTask，起点=06C06，终点=06A07，任务类型标识=0，货架标识=06
2026-03-25 15:54:07.692 +08:00 [INF] 开始处理AddTaskAsync请求: PalletNumber=20260325155339364, RequestCode=1774425219, TaskType=manualTask, 起点=06C06, 终点=06A07, 物料=, 数量=0
2026-03-25 15:54:07.714 +08:00 [INF] 检测到需要拆分的任务（类型2），起点: 06C06
2026-03-25 15:54:07.726 +08:00 [INF] 开始执行CacheTaskAsync: PalletNumber=20260325155339364, RequestCode=1774425219, 错误信息=中转点 PD002 已被锁定
2026-03-25 15:54:07.737 +08:00 [INF] 发现已存在的缓存任务，将更新而非新增: Id=158, PalletNumber=20260325155339364
2026-03-25 15:54:07.740 +08:00 [INF] 缓存任务已存在，已更新: PalletNumber=20260325155339364, RequestCode=1774425219, 错误信息: 中转点 PD002 已被锁定
2026-03-25 15:54:07.744 +08:00 [INF] CacheTaskAsync完成（更新已存在的缓存任务）
2026-03-25 15:54:07.746 +08:00 [INF] AddTaskAsync返回结果。状态=Success，消息=任务已缓存，等待点位释放后自动处理，失败类型=null
2026-03-25 15:54:07.752 +08:00 [INF] 缓存任务继续保留等待重试。托盘号=20260325155339364，任务号=1774425219，重试次数=1
2026-03-25 15:54:07.756 +08:00 [INF] 缓存任务处理完成。Id=158，托盘号=20260325155339364，任务号=1774425219
2026-03-25 15:54:20.301 +08:00 [WRN] 慢请求检测: GET /Tasks/Index - 1999ms - 来自 ::1
2026-03-25 15:54:22.292 +08:00 [INF] 接收到的任务数据: TaskType=manualTask, Source=06A15, Target=06A11, Priority=1, RequestCode=1774425259
2026-03-25 15:54:32.612 +08:00 [WRN] 慢请求检测: GET /Tasks/Index - 1121ms - 来自 ::1
2026-03-25 15:54:38.171 +08:00 [WRN] 慢请求检测: GET /Tasks/Index - 2692ms - 来自 ::1
2026-03-25 15:54:38.217 +08:00 [INF] 页面接口建任务自动推导调度字段：起点=06A15，终点=06A11，任务出入库标识=0，货架标识=06
2026-03-25 15:54:40.667 +08:00 [INF] 开始处理AddTaskAsync请求: PalletNumber=, RequestCode=1774425259, TaskType=manualTask, 起点=06A15, 终点=06A11, 物料=, 数量=0
2026-03-25 15:54:40.794 +08:00 [INF] PalletNumber 为空，已自动生成时间戳: 20260325155440794
2026-03-25 15:54:40.811 +08:00 [INF] 检测到需要拆分的任务（类型2），起点: 06A15
2026-03-25 15:54:40.823 +08:00 [INF] 开始执行CacheTaskAsync: PalletNumber=20260325155440794, RequestCode=1774425259, 错误信息=中转点 PD002 已被锁定
2026-03-25 15:54:40.838 +08:00 [INF] 准备插入新的缓存任务记录: PalletNumber=20260325155440794, RequestCode=1774425259
2026-03-25 15:54:40.847 +08:00 [INF] 任务已缓存: RequestCode=1774425259, PalletNumber=20260325155440794, 错误信息: 中转点 PD002 已被锁定
2026-03-25 15:54:40.854 +08:00 [INF] CacheTaskAsync完成（新增缓存任务）
2026-03-25 15:54:40.859 +08:00 [WRN] 慢请求检测: POST /Tasks/CreateTask - 28063ms - 来自 ::1
