2025-10-15 22:03:23.027 +08:00 [INF] TCP服务未启用，数据清理服务将不会启动。
2025-10-15 22:03:23.090 +08:00 [INF] TcpServerService 启动，监听 127.0.0.1:9000
2025-10-15 22:03:23.193 +08:00 [WRN] Overriding address(es) 'http://localhost:5055'. Binding to endpoints defined via IConfiguration and/or UseKestrel() instead.
2025-10-15 22:03:26.856 +08:00 [WRN] Failed to determine the https port for redirect.
2025-10-15 22:03:28.817 +08:00 [INF] 正在验证用户: admin
2025-10-15 22:03:28.819 +08:00 [INF] 输入的密码: admin123
2025-10-15 22:03:28.820 +08:00 [INF] 数据库中的密码: admin123
2025-10-15 22:03:28.821 +08:00 [INF] 密码验证结果: True
2025-10-15 22:03:28.840 +08:00 [INF] 更新最后登录时间成功
2025-10-15 22:03:28.842 +08:00 [INF] 用户 admin 登录成功
2025-10-15 22:03:28.920 +08:00 [INF] 查询到任务数据: ID=151969, MaterialCode=, MaterialQuantity=0, PalletNumber=
2025-10-15 22:04:29.574 +08:00 [INF] 接收到的任务数据: TaskType=manualTask, Source=PA002, Target=06B05, Priority=1, RequestCode=1760537069
2025-10-15 22:06:21.775 +08:00 [INF] 接收到的任务数据: TaskType=manualTask, Source=PA002, Target=06B05, Priority=1, RequestCode=1760537181
2025-10-15 22:06:31.321 +08:00 [INF] 接收到的任务数据: TaskType=manualTask, Source=PA002, Target=06B05, Priority=1, RequestCode=1760537191
2025-10-15 22:06:31.325 +08:00 [INF] 检测到需要拆分的任务（类型1），起点: PA002
2025-10-15 22:07:18.292 +08:00 [ERR] 任务拆分失败: 小地牛中转点 72 已被锁定，不可以生成任务
System.ArgumentException: 小地牛中转点 72 已被锁定，不可以生成任务
   at WarehouseManagementSystem.Service.RcsTaskService.SplitTaskType1Async(AddTaskRequest request, IDbConnection connection, IDbTransaction transaction) in E:\NDCProject\AG240101广州舒适刀片\任务管理\Service\RcsTaskService.cs:line 1467
   at WarehouseManagementSystem.Service.RcsTaskService.AddTaskAsync(AddTaskRequest request) in E:\NDCProject\AG240101广州舒适刀片\任务管理\Service\RcsTaskService.cs:line 72
2025-10-15 22:07:18.361 +08:00 [WRN] 慢请求检测: POST /Tasks/CreateTask - 47040ms - 来自 ::1
2025-10-15 22:07:41.647 +08:00 [INF] 接收到的任务数据: TaskType=manualTask, Source=PA002, Target=06A24, Priority=1, RequestCode=1760537261
2025-10-15 22:07:45.166 +08:00 [INF] 检测到需要拆分的任务（类型1），起点: PA002
2025-10-15 22:07:59.029 +08:00 [ERR] 任务拆分失败: 小地牛中转点 72 已被锁定，不可以生成任务
System.ArgumentException: 小地牛中转点 72 已被锁定，不可以生成任务
   at WarehouseManagementSystem.Service.RcsTaskService.SplitTaskType1Async(AddTaskRequest request, IDbConnection connection, IDbTransaction transaction) in E:\NDCProject\AG240101广州舒适刀片\任务管理\Service\RcsTaskService.cs:line 1467
   at WarehouseManagementSystem.Service.RcsTaskService.AddTaskAsync(AddTaskRequest request) in E:\NDCProject\AG240101广州舒适刀片\任务管理\Service\RcsTaskService.cs:line 72
2025-10-15 22:07:59.033 +08:00 [WRN] 慢请求检测: POST /Tasks/CreateTask - 17386ms - 来自 ::1
2025-10-15 22:11:01.213 +08:00 [INF] 接收到的任务数据: TaskType=manualTask, Source=PA002, Target=06A24, Priority=1, RequestCode=1760537461
2025-10-15 22:11:01.217 +08:00 [INF] 检测到需要拆分的任务（类型1），起点: PA002
2025-10-15 22:11:18.797 +08:00 [INF] 已锁定任务起点储位: PA002
2025-10-15 22:11:19.059 +08:00 [INF] 已锁定小地牛中转点储位: PC002
2025-10-15 22:11:19.346 +08:00 [INF] 已锁定三向车中转点储位: PD002
2025-10-15 22:11:19.629 +08:00 [INF] 已锁定任务终点储位: 06A24
2025-10-15 22:11:20.974 +08:00 [INF] 任务拆分完成，分组ID: d484445d-39f8-4272-a2e9-68d8783e00bc，第一个任务: 1760537461_1，第二个任务: 1760537461_2
2025-10-15 22:11:21.009 +08:00 [INF] 任务拆分成功，原始任务: 1760537461，生成了 2 个子任务
2025-10-15 22:11:21.011 +08:00 [WRN] 慢请求检测: POST /Tasks/CreateTask - 19798ms - 来自 ::1
2025-10-15 22:11:21.036 +08:00 [INF] 查询到任务数据: ID=151971, MaterialCode=, MaterialQuantity=0, PalletNumber=001
2025-10-15 22:12:05.733 +08:00 [INF] 接收到取消任务请求，任务ID: 151972
2025-10-15 22:12:05.758 +08:00 [INF] 拆分任务分组 d484445d-39f8-4272-a2e9-68d8783e00bc 已成功取消，共取消 2 个任务
2025-10-15 22:12:05.760 +08:00 [INF] 取消任务结果: 成功=True, 消息=拆分任务分组已成功取消，共取消 2 个任务
2025-10-15 22:12:08.373 +08:00 [INF] 接收到取消任务请求，任务ID: 151971
2025-10-15 22:12:08.377 +08:00 [INF] 取消任务结果: 成功=False, 消息=已完成的任务不能取消
2025-10-15 22:12:09.462 +08:00 [INF] 查询到任务数据: ID=151971, MaterialCode=, MaterialQuantity=0, PalletNumber=001
2025-10-15 22:38:54.687 +08:00 [INF] TCP服务未启用，数据清理服务将不会启动。
2025-10-15 22:38:54.748 +08:00 [INF] TcpServerService 启动，监听 127.0.0.1:9000
2025-10-15 22:38:54.851 +08:00 [WRN] Overriding address(es) 'http://localhost:5055'. Binding to endpoints defined via IConfiguration and/or UseKestrel() instead.
2025-10-15 22:38:56.472 +08:00 [WRN] Failed to determine the https port for redirect.
2025-10-15 22:39:55.055 +08:00 [INF] TCP服务未启用，数据清理服务将不会启动。
2025-10-15 22:39:55.128 +08:00 [INF] TcpServerService 启动，监听 127.0.0.1:9000
2025-10-15 22:39:55.212 +08:00 [WRN] Overriding address(es) 'http://localhost:5055'. Binding to endpoints defined via IConfiguration and/or UseKestrel() instead.
2025-10-15 22:39:56.673 +08:00 [WRN] Failed to determine the https port for redirect.
2025-10-15 22:39:58.373 +08:00 [INF] 正在验证用户: admin
2025-10-15 22:39:58.375 +08:00 [INF] 输入的密码: admin123
2025-10-15 22:39:58.376 +08:00 [INF] 数据库中的密码: admin123
2025-10-15 22:39:58.377 +08:00 [INF] 密码验证结果: True
2025-10-15 22:39:58.393 +08:00 [INF] 更新最后登录时间成功
2025-10-15 22:39:58.394 +08:00 [INF] 用户 admin 登录成功
2025-10-15 22:39:58.485 +08:00 [INF] 查询到任务数据: ID=151971, MaterialCode=, MaterialQuantity=0, PalletNumber=001
2025-10-15 22:40:59.724 +08:00 [INF] 接收到的任务数据: TaskType=manualTask, Source=17A01, Target=PA001, Priority=1, RequestCode=1760539259
2025-10-15 22:41:04.869 +08:00 [INF] 接收到的任务数据: TaskType=manualTask, Source=17A01, Target=PA001, Priority=1, RequestCode=1760539264
2025-10-15 22:41:04.878 +08:00 [INF] 检测到需要拆分的任务（类型2），起点: 17A01
