2026-01-09 16:27:15.094 +08:00 [INF] TCP服务未启用，数据清理服务将不会启动。
2026-01-09 16:27:15.157 +08:00 [INF] TcpServerService 启动，监听 127.0.0.1:9000
2026-01-09 16:27:15.180 +08:00 [INF] 任务缓存处理器已启动
2026-01-09 16:27:15.207 +08:00 [INF] 本次处理 1 个缓存任务
2026-01-09 16:27:15.215 +08:00 [INF] 开始处理缓存任务: Id=148, PalletNumber=20251225133124142, RequestCode=1766640684, RetryCount=2
2026-01-09 16:27:15.244 +08:00 [INF] 检测到点位可用，准备处理缓存任务: RequestCode=1766640684, 起点=06B06, 终点=06A07
2026-01-09 16:27:15.253 +08:00 [INF] 调用AddTaskAsync: PalletNumber=20251225133124142, RequestCode=1766640684, TaskType=manualTask, 起点=06B06, 终点=06A07
2026-01-09 16:27:15.278 +08:00 [INF] 开始处理AddTaskAsync请求: PalletNumber=20251225133124142, RequestCode=1766640684, TaskType=manualTask, 起点=06B06, 终点=06A07, 物料=, 数量=0
2026-01-09 16:27:15.310 +08:00 [WRN] Overriding address(es) 'http://localhost:5055'. Binding to endpoints defined via IConfiguration and/or UseKestrel() instead.
2026-01-09 16:27:15.325 +08:00 [INF] 检测到需要拆分的任务（类型2），起点: 06B06
2026-01-09 16:27:15.339 +08:00 [INF] 开始执行CacheTaskAsync: PalletNumber=20251225133124142, RequestCode=1766640684, 错误信息=中转点 PD002 已被锁定
2026-01-09 16:27:15.343 +08:00 [INF] 发现已存在的缓存任务，将更新而非新增: Id=148, PalletNumber=20251225133124142
2026-01-09 16:27:15.353 +08:00 [INF] 缓存任务已存在，已更新: PalletNumber=20251225133124142, RequestCode=1766640684, 错误信息: 中转点 PD002 已被锁定
2026-01-09 16:27:15.357 +08:00 [INF] CacheTaskAsync完成（更新已存在的缓存任务）
2026-01-09 16:27:15.364 +08:00 [INF] AddTaskAsync返回结果: Status=Success, Message=任务已缓存，等待点位释放后自动处理, FailType=
2026-01-09 16:27:15.383 +08:00 [INF] 缓存任务仍需等待点位释放: PalletNumber=20251225133124142, RequestCode=1766640684, 重试次数: 3
2026-01-09 16:27:15.384 +08:00 [INF] 完成处理缓存任务: Id=148, PalletNumber=20251225133124142, RequestCode=1766640684
2026-01-09 16:27:17.944 +08:00 [WRN] Failed to determine the https port for redirect.
2026-01-09 16:28:15.394 +08:00 [INF] 本次处理 1 个缓存任务
2026-01-09 16:28:15.398 +08:00 [INF] 开始处理缓存任务: Id=148, PalletNumber=20251225133124142, RequestCode=1766640684, RetryCount=3
2026-01-09 16:28:15.406 +08:00 [INF] 检测到点位可用，准备处理缓存任务: RequestCode=1766640684, 起点=06B06, 终点=06A07
2026-01-09 16:28:15.414 +08:00 [INF] 调用AddTaskAsync: PalletNumber=20251225133124142, RequestCode=1766640684, TaskType=manualTask, 起点=06B06, 终点=06A07
2026-01-09 16:28:15.415 +08:00 [INF] 开始处理AddTaskAsync请求: PalletNumber=20251225133124142, RequestCode=1766640684, TaskType=manualTask, 起点=06B06, 终点=06A07, 物料=, 数量=0
2026-01-09 16:28:15.419 +08:00 [INF] 检测到需要拆分的任务（类型2），起点: 06B06
2026-01-09 16:28:15.423 +08:00 [INF] 开始执行CacheTaskAsync: PalletNumber=20251225133124142, RequestCode=1766640684, 错误信息=中转点 PD002 已被锁定
2026-01-09 16:28:15.428 +08:00 [INF] 发现已存在的缓存任务，将更新而非新增: Id=148, PalletNumber=20251225133124142
2026-01-09 16:28:15.431 +08:00 [INF] 缓存任务已存在，已更新: PalletNumber=20251225133124142, RequestCode=1766640684, 错误信息: 中转点 PD002 已被锁定
2026-01-09 16:28:15.433 +08:00 [INF] CacheTaskAsync完成（更新已存在的缓存任务）
2026-01-09 16:28:15.435 +08:00 [INF] AddTaskAsync返回结果: Status=Success, Message=任务已缓存，等待点位释放后自动处理, FailType=
2026-01-09 16:28:15.441 +08:00 [INF] 缓存任务仍需等待点位释放: PalletNumber=20251225133124142, RequestCode=1766640684, 重试次数: 4
2026-01-09 16:28:15.446 +08:00 [INF] 完成处理缓存任务: Id=148, PalletNumber=20251225133124142, RequestCode=1766640684
2026-01-09 16:29:15.463 +08:00 [INF] 本次处理 1 个缓存任务
2026-01-09 16:29:15.467 +08:00 [INF] 开始处理缓存任务: Id=148, PalletNumber=20251225133124142, RequestCode=1766640684, RetryCount=4
2026-01-09 16:29:15.485 +08:00 [INF] 检测到点位可用，准备处理缓存任务: RequestCode=1766640684, 起点=06B06, 终点=06A07
2026-01-09 16:29:15.488 +08:00 [INF] 调用AddTaskAsync: PalletNumber=20251225133124142, RequestCode=1766640684, TaskType=manualTask, 起点=06B06, 终点=06A07
2026-01-09 16:29:15.490 +08:00 [INF] 开始处理AddTaskAsync请求: PalletNumber=20251225133124142, RequestCode=1766640684, TaskType=manualTask, 起点=06B06, 终点=06A07, 物料=, 数量=0
2026-01-09 16:29:15.494 +08:00 [INF] 检测到需要拆分的任务（类型2），起点: 06B06
2026-01-09 16:29:15.497 +08:00 [INF] 开始执行CacheTaskAsync: PalletNumber=20251225133124142, RequestCode=1766640684, 错误信息=中转点 PD002 已被锁定
2026-01-09 16:29:15.500 +08:00 [INF] 发现已存在的缓存任务，将更新而非新增: Id=148, PalletNumber=20251225133124142
2026-01-09 16:29:15.503 +08:00 [INF] 缓存任务已存在，已更新: PalletNumber=20251225133124142, RequestCode=1766640684, 错误信息: 中转点 PD002 已被锁定
2026-01-09 16:29:15.505 +08:00 [INF] CacheTaskAsync完成（更新已存在的缓存任务）
2026-01-09 16:29:15.507 +08:00 [INF] AddTaskAsync返回结果: Status=Success, Message=任务已缓存，等待点位释放后自动处理, FailType=
2026-01-09 16:29:15.510 +08:00 [INF] 缓存任务仍需等待点位释放: PalletNumber=20251225133124142, RequestCode=1766640684, 重试次数: 5
2026-01-09 16:29:15.511 +08:00 [INF] 完成处理缓存任务: Id=148, PalletNumber=20251225133124142, RequestCode=1766640684
2026-01-09 16:29:51.396 +08:00 [INF] 正在验证用户: admin
2026-01-09 16:29:51.399 +08:00 [INF] 输入的密码: admin123
2026-01-09 16:29:51.403 +08:00 [INF] 数据库中的密码: admin123
2026-01-09 16:29:51.405 +08:00 [INF] 密码验证结果: True
2026-01-09 16:29:51.422 +08:00 [INF] 更新最后登录时间成功
2026-01-09 16:29:51.423 +08:00 [INF] 用户 admin 登录成功
2026-01-09 16:30:15.517 +08:00 [INF] 本次处理 1 个缓存任务
2026-01-09 16:30:15.518 +08:00 [INF] 开始处理缓存任务: Id=148, PalletNumber=20251225133124142, RequestCode=1766640684, RetryCount=5
2026-01-09 16:30:15.528 +08:00 [INF] 检测到点位可用，准备处理缓存任务: RequestCode=1766640684, 起点=06B06, 终点=06A07
2026-01-09 16:30:15.530 +08:00 [INF] 调用AddTaskAsync: PalletNumber=20251225133124142, RequestCode=1766640684, TaskType=manualTask, 起点=06B06, 终点=06A07
2026-01-09 16:30:15.534 +08:00 [INF] 开始处理AddTaskAsync请求: PalletNumber=20251225133124142, RequestCode=1766640684, TaskType=manualTask, 起点=06B06, 终点=06A07, 物料=, 数量=0
2026-01-09 16:30:15.546 +08:00 [INF] 检测到需要拆分的任务（类型2），起点: 06B06
2026-01-09 16:30:15.555 +08:00 [INF] 开始执行CacheTaskAsync: PalletNumber=20251225133124142, RequestCode=1766640684, 错误信息=中转点 PD002 已被锁定
2026-01-09 16:30:15.563 +08:00 [INF] 发现已存在的缓存任务，将更新而非新增: Id=148, PalletNumber=20251225133124142
2026-01-09 16:30:15.572 +08:00 [INF] 缓存任务已存在，已更新: PalletNumber=20251225133124142, RequestCode=1766640684, 错误信息: 中转点 PD002 已被锁定
2026-01-09 16:30:15.576 +08:00 [INF] CacheTaskAsync完成（更新已存在的缓存任务）
2026-01-09 16:30:15.584 +08:00 [INF] AddTaskAsync返回结果: Status=Success, Message=任务已缓存，等待点位释放后自动处理, FailType=
2026-01-09 16:30:15.589 +08:00 [INF] 缓存任务仍需等待点位释放: PalletNumber=20251225133124142, RequestCode=1766640684, 重试次数: 6
2026-01-09 16:30:15.591 +08:00 [INF] 完成处理缓存任务: Id=148, PalletNumber=20251225133124142, RequestCode=1766640684
2026-01-09 16:31:15.608 +08:00 [INF] 本次处理 1 个缓存任务
2026-01-09 16:31:15.610 +08:00 [INF] 开始处理缓存任务: Id=148, PalletNumber=20251225133124142, RequestCode=1766640684, RetryCount=6
2026-01-09 16:31:15.621 +08:00 [INF] 检测到点位可用，准备处理缓存任务: RequestCode=1766640684, 起点=06B06, 终点=06A07
2026-01-09 16:31:15.622 +08:00 [INF] 调用AddTaskAsync: PalletNumber=20251225133124142, RequestCode=1766640684, TaskType=manualTask, 起点=06B06, 终点=06A07
2026-01-09 16:31:15.623 +08:00 [INF] 开始处理AddTaskAsync请求: PalletNumber=20251225133124142, RequestCode=1766640684, TaskType=manualTask, 起点=06B06, 终点=06A07, 物料=, 数量=0
2026-01-09 16:31:15.628 +08:00 [INF] 检测到需要拆分的任务（类型2），起点: 06B06
2026-01-09 16:31:15.632 +08:00 [INF] 开始执行CacheTaskAsync: PalletNumber=20251225133124142, RequestCode=1766640684, 错误信息=中转点 PD002 已被锁定
2026-01-09 16:31:15.636 +08:00 [INF] 发现已存在的缓存任务，将更新而非新增: Id=148, PalletNumber=20251225133124142
2026-01-09 16:31:15.649 +08:00 [INF] 缓存任务已存在，已更新: PalletNumber=20251225133124142, RequestCode=1766640684, 错误信息: 中转点 PD002 已被锁定
2026-01-09 16:31:15.654 +08:00 [INF] CacheTaskAsync完成（更新已存在的缓存任务）
2026-01-09 16:31:15.659 +08:00 [INF] AddTaskAsync返回结果: Status=Success, Message=任务已缓存，等待点位释放后自动处理, FailType=
2026-01-09 16:31:15.669 +08:00 [INF] 缓存任务仍需等待点位释放: PalletNumber=20251225133124142, RequestCode=1766640684, 重试次数: 7
2026-01-09 16:31:15.670 +08:00 [INF] 完成处理缓存任务: Id=148, PalletNumber=20251225133124142, RequestCode=1766640684
2026-01-09 16:32:15.692 +08:00 [INF] 本次处理 1 个缓存任务
2026-01-09 16:32:15.693 +08:00 [INF] 开始处理缓存任务: Id=148, PalletNumber=20251225133124142, RequestCode=1766640684, RetryCount=7
2026-01-09 16:32:15.699 +08:00 [INF] 检测到点位可用，准备处理缓存任务: RequestCode=1766640684, 起点=06B06, 终点=06A07
2026-01-09 16:32:15.700 +08:00 [INF] 调用AddTaskAsync: PalletNumber=20251225133124142, RequestCode=1766640684, TaskType=manualTask, 起点=06B06, 终点=06A07
2026-01-09 16:32:15.701 +08:00 [INF] 开始处理AddTaskAsync请求: PalletNumber=20251225133124142, RequestCode=1766640684, TaskType=manualTask, 起点=06B06, 终点=06A07, 物料=, 数量=0
2026-01-09 16:32:15.706 +08:00 [INF] 检测到需要拆分的任务（类型2），起点: 06B06
2026-01-09 16:32:15.710 +08:00 [INF] 开始执行CacheTaskAsync: PalletNumber=20251225133124142, RequestCode=1766640684, 错误信息=中转点 PD002 已被锁定
2026-01-09 16:32:15.714 +08:00 [INF] 发现已存在的缓存任务，将更新而非新增: Id=148, PalletNumber=20251225133124142
2026-01-09 16:32:15.717 +08:00 [INF] 缓存任务已存在，已更新: PalletNumber=20251225133124142, RequestCode=1766640684, 错误信息: 中转点 PD002 已被锁定
2026-01-09 16:32:15.720 +08:00 [INF] CacheTaskAsync完成（更新已存在的缓存任务）
2026-01-09 16:32:15.732 +08:00 [INF] AddTaskAsync返回结果: Status=Success, Message=任务已缓存，等待点位释放后自动处理, FailType=
2026-01-09 16:32:15.736 +08:00 [INF] 缓存任务仍需等待点位释放: PalletNumber=20251225133124142, RequestCode=1766640684, 重试次数: 8
2026-01-09 16:32:15.737 +08:00 [INF] 完成处理缓存任务: Id=148, PalletNumber=20251225133124142, RequestCode=1766640684
2026-01-09 16:57:14.642 +08:00 [INF] TCP服务未启用，数据清理服务将不会启动。
2026-01-09 16:57:14.699 +08:00 [INF] TcpServerService 启动，监听 127.0.0.1:9000
2026-01-09 16:57:14.722 +08:00 [INF] 任务缓存处理器已启动
2026-01-09 16:57:14.748 +08:00 [INF] 本次处理 1 个缓存任务
2026-01-09 16:57:14.750 +08:00 [INF] 开始处理缓存任务: Id=148, PalletNumber=20251225133124142, RequestCode=1766640684, RetryCount=8
2026-01-09 16:57:14.774 +08:00 [INF] 检测到点位可用，准备处理缓存任务: RequestCode=1766640684, 起点=06B06, 终点=06A07
2026-01-09 16:57:14.781 +08:00 [INF] 调用AddTaskAsync: PalletNumber=20251225133124142, RequestCode=1766640684, TaskType=manualTask, 起点=06B06, 终点=06A07
2026-01-09 16:57:14.794 +08:00 [INF] 开始处理AddTaskAsync请求: PalletNumber=20251225133124142, RequestCode=1766640684, TaskType=manualTask, 起点=06B06, 终点=06A07, 物料=, 数量=0
2026-01-09 16:57:14.810 +08:00 [INF] 检测到需要拆分的任务（类型2），起点: 06B06
2026-01-09 16:57:14.841 +08:00 [INF] 开始执行CacheTaskAsync: PalletNumber=20251225133124142, RequestCode=1766640684, 错误信息=中转点 PD002 已被锁定
2026-01-09 16:57:14.842 +08:00 [WRN] Overriding address(es) 'http://localhost:5055'. Binding to endpoints defined via IConfiguration and/or UseKestrel() instead.
2026-01-09 16:57:14.845 +08:00 [INF] 发现已存在的缓存任务，将更新而非新增: Id=148, PalletNumber=20251225133124142
2026-01-09 16:57:14.852 +08:00 [INF] 缓存任务已存在，已更新: PalletNumber=20251225133124142, RequestCode=1766640684, 错误信息: 中转点 PD002 已被锁定
2026-01-09 16:57:14.855 +08:00 [INF] CacheTaskAsync完成（更新已存在的缓存任务）
2026-01-09 16:57:14.861 +08:00 [INF] AddTaskAsync返回结果: Status=Success, Message=任务已缓存，等待点位释放后自动处理, FailType=
2026-01-09 16:57:14.876 +08:00 [INF] 缓存任务仍需等待点位释放: PalletNumber=20251225133124142, RequestCode=1766640684, 重试次数: 9
2026-01-09 16:57:14.877 +08:00 [INF] 完成处理缓存任务: Id=148, PalletNumber=20251225133124142, RequestCode=1766640684
2026-01-09 16:57:17.578 +08:00 [WRN] Failed to determine the https port for redirect.
2026-01-09 16:57:19.220 +08:00 [INF] 正在验证用户: admin
2026-01-09 16:57:19.222 +08:00 [INF] 输入的密码: admin123
2026-01-09 16:57:19.228 +08:00 [INF] 数据库中的密码: admin123
2026-01-09 16:57:19.229 +08:00 [INF] 密码验证结果: True
2026-01-09 16:57:19.244 +08:00 [INF] 更新最后登录时间成功
2026-01-09 16:57:19.246 +08:00 [INF] 用户 admin 登录成功
2026-01-09 16:58:14.894 +08:00 [INF] 本次处理 1 个缓存任务
2026-01-09 16:58:14.895 +08:00 [INF] 开始处理缓存任务: Id=148, PalletNumber=20251225133124142, RequestCode=1766640684, RetryCount=9
2026-01-09 16:58:14.901 +08:00 [INF] 检测到点位可用，准备处理缓存任务: RequestCode=1766640684, 起点=06B06, 终点=06A07
2026-01-09 16:58:14.903 +08:00 [INF] 调用AddTaskAsync: PalletNumber=20251225133124142, RequestCode=1766640684, TaskType=manualTask, 起点=06B06, 终点=06A07
2026-01-09 16:58:14.904 +08:00 [INF] 开始处理AddTaskAsync请求: PalletNumber=20251225133124142, RequestCode=1766640684, TaskType=manualTask, 起点=06B06, 终点=06A07, 物料=, 数量=0
2026-01-09 16:58:14.908 +08:00 [INF] 检测到需要拆分的任务（类型2），起点: 06B06
2026-01-09 16:58:14.912 +08:00 [INF] 开始执行CacheTaskAsync: PalletNumber=20251225133124142, RequestCode=1766640684, 错误信息=中转点 PD002 已被锁定
2026-01-09 16:58:14.915 +08:00 [INF] 发现已存在的缓存任务，将更新而非新增: Id=148, PalletNumber=20251225133124142
2026-01-09 16:58:14.917 +08:00 [INF] 缓存任务已存在，已更新: PalletNumber=20251225133124142, RequestCode=1766640684, 错误信息: 中转点 PD002 已被锁定
2026-01-09 16:58:14.921 +08:00 [INF] CacheTaskAsync完成（更新已存在的缓存任务）
2026-01-09 16:58:14.923 +08:00 [INF] AddTaskAsync返回结果: Status=Success, Message=任务已缓存，等待点位释放后自动处理, FailType=
2026-01-09 16:58:14.926 +08:00 [INF] 缓存任务仍需等待点位释放: PalletNumber=20251225133124142, RequestCode=1766640684, 重试次数: 10
2026-01-09 16:58:14.927 +08:00 [INF] 完成处理缓存任务: Id=148, PalletNumber=20251225133124142, RequestCode=1766640684
2026-01-09 16:59:14.938 +08:00 [INF] 本次处理 1 个缓存任务
2026-01-09 16:59:14.940 +08:00 [INF] 开始处理缓存任务: Id=148, PalletNumber=20251225133124142, RequestCode=1766640684, RetryCount=10
2026-01-09 16:59:14.946 +08:00 [INF] 检测到点位可用，准备处理缓存任务: RequestCode=1766640684, 起点=06B06, 终点=06A07
2026-01-09 16:59:14.947 +08:00 [INF] 调用AddTaskAsync: PalletNumber=20251225133124142, RequestCode=1766640684, TaskType=manualTask, 起点=06B06, 终点=06A07
2026-01-09 16:59:14.949 +08:00 [INF] 开始处理AddTaskAsync请求: PalletNumber=20251225133124142, RequestCode=1766640684, TaskType=manualTask, 起点=06B06, 终点=06A07, 物料=, 数量=0
2026-01-09 16:59:14.953 +08:00 [INF] 检测到需要拆分的任务（类型2），起点: 06B06
2026-01-09 16:59:14.957 +08:00 [INF] 开始执行CacheTaskAsync: PalletNumber=20251225133124142, RequestCode=1766640684, 错误信息=中转点 PD002 已被锁定
2026-01-09 16:59:14.960 +08:00 [INF] 发现已存在的缓存任务，将更新而非新增: Id=148, PalletNumber=20251225133124142
2026-01-09 16:59:14.963 +08:00 [INF] 缓存任务已存在，已更新: PalletNumber=20251225133124142, RequestCode=1766640684, 错误信息: 中转点 PD002 已被锁定
2026-01-09 16:59:14.965 +08:00 [INF] CacheTaskAsync完成（更新已存在的缓存任务）
2026-01-09 16:59:14.967 +08:00 [INF] AddTaskAsync返回结果: Status=Success, Message=任务已缓存，等待点位释放后自动处理, FailType=
2026-01-09 16:59:14.970 +08:00 [INF] 缓存任务仍需等待点位释放: PalletNumber=20251225133124142, RequestCode=1766640684, 重试次数: 11
2026-01-09 16:59:14.971 +08:00 [INF] 完成处理缓存任务: Id=148, PalletNumber=20251225133124142, RequestCode=1766640684
2026-01-09 17:00:14.985 +08:00 [INF] 本次处理 1 个缓存任务
2026-01-09 17:00:14.987 +08:00 [INF] 开始处理缓存任务: Id=148, PalletNumber=20251225133124142, RequestCode=1766640684, RetryCount=11
2026-01-09 17:00:14.992 +08:00 [INF] 检测到点位可用，准备处理缓存任务: RequestCode=1766640684, 起点=06B06, 终点=06A07
2026-01-09 17:00:14.993 +08:00 [INF] 调用AddTaskAsync: PalletNumber=20251225133124142, RequestCode=1766640684, TaskType=manualTask, 起点=06B06, 终点=06A07
2026-01-09 17:00:14.995 +08:00 [INF] 开始处理AddTaskAsync请求: PalletNumber=20251225133124142, RequestCode=1766640684, TaskType=manualTask, 起点=06B06, 终点=06A07, 物料=, 数量=0
2026-01-09 17:00:14.999 +08:00 [INF] 检测到需要拆分的任务（类型2），起点: 06B06
2026-01-09 17:00:15.003 +08:00 [INF] 开始执行CacheTaskAsync: PalletNumber=20251225133124142, RequestCode=1766640684, 错误信息=中转点 PD002 已被锁定
2026-01-09 17:00:15.006 +08:00 [INF] 发现已存在的缓存任务，将更新而非新增: Id=148, PalletNumber=20251225133124142
2026-01-09 17:00:15.009 +08:00 [INF] 缓存任务已存在，已更新: PalletNumber=20251225133124142, RequestCode=1766640684, 错误信息: 中转点 PD002 已被锁定
2026-01-09 17:00:15.011 +08:00 [INF] CacheTaskAsync完成（更新已存在的缓存任务）
2026-01-09 17:00:15.015 +08:00 [INF] AddTaskAsync返回结果: Status=Success, Message=任务已缓存，等待点位释放后自动处理, FailType=
2026-01-09 17:00:15.018 +08:00 [INF] 缓存任务仍需等待点位释放: PalletNumber=20251225133124142, RequestCode=1766640684, 重试次数: 12
2026-01-09 17:00:15.019 +08:00 [INF] 完成处理缓存任务: Id=148, PalletNumber=20251225133124142, RequestCode=1766640684
2026-01-09 17:01:15.033 +08:00 [INF] 本次处理 1 个缓存任务
2026-01-09 17:01:15.035 +08:00 [INF] 开始处理缓存任务: Id=148, PalletNumber=20251225133124142, RequestCode=1766640684, RetryCount=12
2026-01-09 17:01:15.040 +08:00 [INF] 检测到点位可用，准备处理缓存任务: RequestCode=1766640684, 起点=06B06, 终点=06A07
2026-01-09 17:01:15.041 +08:00 [INF] 调用AddTaskAsync: PalletNumber=20251225133124142, RequestCode=1766640684, TaskType=manualTask, 起点=06B06, 终点=06A07
2026-01-09 17:01:15.042 +08:00 [INF] 开始处理AddTaskAsync请求: PalletNumber=20251225133124142, RequestCode=1766640684, TaskType=manualTask, 起点=06B06, 终点=06A07, 物料=, 数量=0
2026-01-09 17:01:15.047 +08:00 [INF] 检测到需要拆分的任务（类型2），起点: 06B06
2026-01-09 17:01:15.050 +08:00 [INF] 开始执行CacheTaskAsync: PalletNumber=20251225133124142, RequestCode=1766640684, 错误信息=中转点 PD002 已被锁定
2026-01-09 17:01:15.053 +08:00 [INF] 发现已存在的缓存任务，将更新而非新增: Id=148, PalletNumber=20251225133124142
2026-01-09 17:01:15.056 +08:00 [INF] 缓存任务已存在，已更新: PalletNumber=20251225133124142, RequestCode=1766640684, 错误信息: 中转点 PD002 已被锁定
2026-01-09 17:01:15.058 +08:00 [INF] CacheTaskAsync完成（更新已存在的缓存任务）
2026-01-09 17:01:15.060 +08:00 [INF] AddTaskAsync返回结果: Status=Success, Message=任务已缓存，等待点位释放后自动处理, FailType=
2026-01-09 17:01:15.066 +08:00 [INF] 缓存任务仍需等待点位释放: PalletNumber=20251225133124142, RequestCode=1766640684, 重试次数: 13
2026-01-09 17:01:15.067 +08:00 [INF] 完成处理缓存任务: Id=148, PalletNumber=20251225133124142, RequestCode=1766640684
2026-01-09 17:02:15.079 +08:00 [INF] 本次处理 1 个缓存任务
2026-01-09 17:02:15.081 +08:00 [INF] 开始处理缓存任务: Id=148, PalletNumber=20251225133124142, RequestCode=1766640684, RetryCount=13
2026-01-09 17:02:15.085 +08:00 [INF] 检测到点位可用，准备处理缓存任务: RequestCode=1766640684, 起点=06B06, 终点=06A07
2026-01-09 17:02:15.086 +08:00 [INF] 调用AddTaskAsync: PalletNumber=20251225133124142, RequestCode=1766640684, TaskType=manualTask, 起点=06B06, 终点=06A07
2026-01-09 17:02:15.089 +08:00 [INF] 开始处理AddTaskAsync请求: PalletNumber=20251225133124142, RequestCode=1766640684, TaskType=manualTask, 起点=06B06, 终点=06A07, 物料=, 数量=0
2026-01-09 17:02:15.093 +08:00 [INF] 检测到需要拆分的任务（类型2），起点: 06B06
2026-01-09 17:02:15.097 +08:00 [INF] 开始执行CacheTaskAsync: PalletNumber=20251225133124142, RequestCode=1766640684, 错误信息=中转点 PD002 已被锁定
2026-01-09 17:02:15.102 +08:00 [INF] 发现已存在的缓存任务，将更新而非新增: Id=148, PalletNumber=20251225133124142
2026-01-09 17:02:15.107 +08:00 [INF] 缓存任务已存在，已更新: PalletNumber=20251225133124142, RequestCode=1766640684, 错误信息: 中转点 PD002 已被锁定
2026-01-09 17:02:15.111 +08:00 [INF] CacheTaskAsync完成（更新已存在的缓存任务）
2026-01-09 17:02:15.115 +08:00 [INF] AddTaskAsync返回结果: Status=Success, Message=任务已缓存，等待点位释放后自动处理, FailType=
2026-01-09 17:02:15.119 +08:00 [INF] 缓存任务仍需等待点位释放: PalletNumber=20251225133124142, RequestCode=1766640684, 重试次数: 14
2026-01-09 17:02:15.120 +08:00 [INF] 完成处理缓存任务: Id=148, PalletNumber=20251225133124142, RequestCode=1766640684
2026-01-09 17:03:15.124 +08:00 [INF] 本次处理 1 个缓存任务
2026-01-09 17:03:15.126 +08:00 [INF] 开始处理缓存任务: Id=148, PalletNumber=20251225133124142, RequestCode=1766640684, RetryCount=14
2026-01-09 17:03:15.132 +08:00 [INF] 检测到点位可用，准备处理缓存任务: RequestCode=1766640684, 起点=06B06, 终点=06A07
2026-01-09 17:03:15.133 +08:00 [INF] 调用AddTaskAsync: PalletNumber=20251225133124142, RequestCode=1766640684, TaskType=manualTask, 起点=06B06, 终点=06A07
2026-01-09 17:03:15.135 +08:00 [INF] 开始处理AddTaskAsync请求: PalletNumber=20251225133124142, RequestCode=1766640684, TaskType=manualTask, 起点=06B06, 终点=06A07, 物料=, 数量=0
2026-01-09 17:03:15.144 +08:00 [INF] 检测到需要拆分的任务（类型2），起点: 06B06
2026-01-09 17:03:15.148 +08:00 [INF] 开始执行CacheTaskAsync: PalletNumber=20251225133124142, RequestCode=1766640684, 错误信息=中转点 PD002 已被锁定
2026-01-09 17:03:15.152 +08:00 [INF] 发现已存在的缓存任务，将更新而非新增: Id=148, PalletNumber=20251225133124142
2026-01-09 17:03:15.154 +08:00 [INF] 缓存任务已存在，已更新: PalletNumber=20251225133124142, RequestCode=1766640684, 错误信息: 中转点 PD002 已被锁定
2026-01-09 17:03:15.157 +08:00 [INF] CacheTaskAsync完成（更新已存在的缓存任务）
2026-01-09 17:03:15.158 +08:00 [INF] AddTaskAsync返回结果: Status=Success, Message=任务已缓存，等待点位释放后自动处理, FailType=
2026-01-09 17:03:15.163 +08:00 [INF] 缓存任务仍需等待点位释放: PalletNumber=20251225133124142, RequestCode=1766640684, 重试次数: 15
2026-01-09 17:03:15.164 +08:00 [INF] 完成处理缓存任务: Id=148, PalletNumber=20251225133124142, RequestCode=1766640684
2026-01-09 17:04:15.171 +08:00 [INF] 本次处理 1 个缓存任务
2026-01-09 17:04:15.172 +08:00 [INF] 开始处理缓存任务: Id=148, PalletNumber=20251225133124142, RequestCode=1766640684, RetryCount=15
2026-01-09 17:04:15.178 +08:00 [INF] 检测到点位可用，准备处理缓存任务: RequestCode=1766640684, 起点=06B06, 终点=06A07
2026-01-09 17:04:15.183 +08:00 [INF] 调用AddTaskAsync: PalletNumber=20251225133124142, RequestCode=1766640684, TaskType=manualTask, 起点=06B06, 终点=06A07
2026-01-09 17:04:15.186 +08:00 [INF] 开始处理AddTaskAsync请求: PalletNumber=20251225133124142, RequestCode=1766640684, TaskType=manualTask, 起点=06B06, 终点=06A07, 物料=, 数量=0
2026-01-09 17:04:15.190 +08:00 [INF] 检测到需要拆分的任务（类型2），起点: 06B06
2026-01-09 17:04:15.193 +08:00 [INF] 开始执行CacheTaskAsync: PalletNumber=20251225133124142, RequestCode=1766640684, 错误信息=中转点 PD002 已被锁定
2026-01-09 17:04:15.196 +08:00 [INF] 发现已存在的缓存任务，将更新而非新增: Id=148, PalletNumber=20251225133124142
2026-01-09 17:04:15.199 +08:00 [INF] 缓存任务已存在，已更新: PalletNumber=20251225133124142, RequestCode=1766640684, 错误信息: 中转点 PD002 已被锁定
2026-01-09 17:04:15.202 +08:00 [INF] CacheTaskAsync完成（更新已存在的缓存任务）
2026-01-09 17:04:15.203 +08:00 [INF] AddTaskAsync返回结果: Status=Success, Message=任务已缓存，等待点位释放后自动处理, FailType=
2026-01-09 17:04:15.206 +08:00 [INF] 缓存任务仍需等待点位释放: PalletNumber=20251225133124142, RequestCode=1766640684, 重试次数: 16
2026-01-09 17:04:15.207 +08:00 [INF] 完成处理缓存任务: Id=148, PalletNumber=20251225133124142, RequestCode=1766640684
2026-01-09 17:05:15.217 +08:00 [INF] 本次处理 1 个缓存任务
2026-01-09 17:05:15.219 +08:00 [INF] 开始处理缓存任务: Id=148, PalletNumber=20251225133124142, RequestCode=1766640684, RetryCount=16
2026-01-09 17:05:15.225 +08:00 [INF] 检测到点位可用，准备处理缓存任务: RequestCode=1766640684, 起点=06B06, 终点=06A07
2026-01-09 17:05:15.226 +08:00 [INF] 调用AddTaskAsync: PalletNumber=20251225133124142, RequestCode=1766640684, TaskType=manualTask, 起点=06B06, 终点=06A07
2026-01-09 17:05:15.227 +08:00 [INF] 开始处理AddTaskAsync请求: PalletNumber=20251225133124142, RequestCode=1766640684, TaskType=manualTask, 起点=06B06, 终点=06A07, 物料=, 数量=0
2026-01-09 17:05:15.231 +08:00 [INF] 检测到需要拆分的任务（类型2），起点: 06B06
2026-01-09 17:05:15.235 +08:00 [INF] 开始执行CacheTaskAsync: PalletNumber=20251225133124142, RequestCode=1766640684, 错误信息=中转点 PD002 已被锁定
2026-01-09 17:05:15.238 +08:00 [INF] 发现已存在的缓存任务，将更新而非新增: Id=148, PalletNumber=20251225133124142
2026-01-09 17:05:15.241 +08:00 [INF] 缓存任务已存在，已更新: PalletNumber=20251225133124142, RequestCode=1766640684, 错误信息: 中转点 PD002 已被锁定
2026-01-09 17:05:15.243 +08:00 [INF] CacheTaskAsync完成（更新已存在的缓存任务）
2026-01-09 17:05:15.244 +08:00 [INF] AddTaskAsync返回结果: Status=Success, Message=任务已缓存，等待点位释放后自动处理, FailType=
2026-01-09 17:05:15.248 +08:00 [INF] 缓存任务仍需等待点位释放: PalletNumber=20251225133124142, RequestCode=1766640684, 重试次数: 17
2026-01-09 17:05:15.249 +08:00 [INF] 完成处理缓存任务: Id=148, PalletNumber=20251225133124142, RequestCode=1766640684
2026-01-09 17:06:15.265 +08:00 [INF] 本次处理 1 个缓存任务
2026-01-09 17:06:15.268 +08:00 [INF] 开始处理缓存任务: Id=148, PalletNumber=20251225133124142, RequestCode=1766640684, RetryCount=17
2026-01-09 17:06:15.291 +08:00 [INF] 检测到点位可用，准备处理缓存任务: RequestCode=1766640684, 起点=06B06, 终点=06A07
2026-01-09 17:06:15.296 +08:00 [INF] 调用AddTaskAsync: PalletNumber=20251225133124142, RequestCode=1766640684, TaskType=manualTask, 起点=06B06, 终点=06A07
2026-01-09 17:06:15.314 +08:00 [INF] 开始处理AddTaskAsync请求: PalletNumber=20251225133124142, RequestCode=1766640684, TaskType=manualTask, 起点=06B06, 终点=06A07, 物料=, 数量=0
2026-01-09 17:06:15.347 +08:00 [INF] 检测到需要拆分的任务（类型2），起点: 06B06
2026-01-09 17:06:15.354 +08:00 [INF] 开始执行CacheTaskAsync: PalletNumber=20251225133124142, RequestCode=1766640684, 错误信息=中转点 PD002 已被锁定
2026-01-09 17:06:15.361 +08:00 [INF] 发现已存在的缓存任务，将更新而非新增: Id=148, PalletNumber=20251225133124142
2026-01-09 17:06:15.370 +08:00 [INF] 缓存任务已存在，已更新: PalletNumber=20251225133124142, RequestCode=1766640684, 错误信息: 中转点 PD002 已被锁定
2026-01-09 17:06:15.379 +08:00 [INF] CacheTaskAsync完成（更新已存在的缓存任务）
2026-01-09 17:06:15.385 +08:00 [INF] AddTaskAsync返回结果: Status=Success, Message=任务已缓存，等待点位释放后自动处理, FailType=
2026-01-09 17:06:15.391 +08:00 [INF] 缓存任务仍需等待点位释放: PalletNumber=20251225133124142, RequestCode=1766640684, 重试次数: 18
2026-01-09 17:06:15.394 +08:00 [INF] 完成处理缓存任务: Id=148, PalletNumber=20251225133124142, RequestCode=1766640684
