2025-10-10 10:21:57.676 +08:00 [INF] TCP服务未启用，数据清理服务将不会启动。
2025-10-10 10:21:57.743 +08:00 [INF] TcpServerService 启动，监听 127.0.0.1:9000
2025-10-10 10:21:57.851 +08:00 [WRN] Overriding address(es) 'http://localhost:5055'. Binding to endpoints defined via IConfiguration and/or UseKestrel() instead.
2025-10-10 10:22:01.444 +08:00 [WRN] Failed to determine the https port for redirect.
2025-10-10 10:22:39.325 +08:00 [INF] 正在验证用户: admin
2025-10-10 10:22:39.326 +08:00 [INF] 输入的密码: admin123
2025-10-10 10:22:39.329 +08:00 [INF] 数据库中的密码: admin123
2025-10-10 10:22:39.330 +08:00 [INF] 密码验证结果: True
2025-10-10 10:22:39.357 +08:00 [INF] 更新最后登录时间成功
2025-10-10 10:22:39.359 +08:00 [INF] 用户 admin 登录成功
2025-10-10 10:22:39.477 +08:00 [INF] 查询到任务数据: ID=150959, MaterialCode=, MaterialQuantity=0, PalletNumber=
2025-10-10 10:23:21.560 +08:00 [INF] 查询到任务数据: ID=150959, MaterialCode=, MaterialQuantity=0, PalletNumber=
2025-10-10 10:26:53.307 +08:00 [INF] TCP服务未启用，数据清理服务将不会启动。
2025-10-10 10:26:53.373 +08:00 [INF] TcpServerService 启动，监听 127.0.0.1:9000
2025-10-10 10:26:53.466 +08:00 [WRN] Overriding address(es) 'http://localhost:5055'. Binding to endpoints defined via IConfiguration and/or UseKestrel() instead.
2025-10-10 10:26:55.402 +08:00 [WRN] Failed to determine the https port for redirect.
2025-10-10 10:26:57.586 +08:00 [INF] 正在验证用户: admin
2025-10-10 10:26:57.588 +08:00 [INF] 输入的密码: admin123
2025-10-10 10:26:57.589 +08:00 [INF] 数据库中的密码: admin123
2025-10-10 10:26:57.590 +08:00 [INF] 密码验证结果: True
2025-10-10 10:26:57.608 +08:00 [INF] 更新最后登录时间成功
2025-10-10 10:26:57.610 +08:00 [INF] 用户 admin 登录成功
2025-10-10 10:26:57.696 +08:00 [INF] 查询到任务数据: ID=150959, MaterialCode=, MaterialQuantity=0, PalletNumber=
2025-10-10 10:27:01.351 +08:00 [INF] 查询到任务数据: ID=150959, MaterialCode=, MaterialQuantity=0, PalletNumber=
2025-10-10 10:27:10.553 +08:00 [INF] 查询到任务数据: ID=150959, MaterialCode=, MaterialQuantity=0, PalletNumber=
2025-10-10 10:28:59.927 +08:00 [INF] TCP服务未启用，数据清理服务将不会启动。
2025-10-10 10:28:59.987 +08:00 [INF] TcpServerService 启动，监听 127.0.0.1:9000
2025-10-10 10:29:00.082 +08:00 [WRN] Overriding address(es) 'http://localhost:5055'. Binding to endpoints defined via IConfiguration and/or UseKestrel() instead.
2025-10-10 10:29:01.767 +08:00 [WRN] Failed to determine the https port for redirect.
2025-10-10 10:29:03.503 +08:00 [INF] 正在验证用户: admin
2025-10-10 10:29:03.505 +08:00 [INF] 输入的密码: admin123
2025-10-10 10:29:03.506 +08:00 [INF] 数据库中的密码: admin123
2025-10-10 10:29:03.509 +08:00 [INF] 密码验证结果: True
2025-10-10 10:29:03.529 +08:00 [INF] 更新最后登录时间成功
2025-10-10 10:29:03.531 +08:00 [INF] 用户 admin 登录成功
2025-10-10 10:29:03.638 +08:00 [INF] 查询到任务数据: ID=150959, MaterialCode=, MaterialQuantity=0, PalletNumber=
2025-10-10 10:37:33.153 +08:00 [INF] TCP服务未启用，数据清理服务将不会启动。
2025-10-10 10:37:33.214 +08:00 [INF] TcpServerService 启动，监听 127.0.0.1:9000
2025-10-10 10:37:33.318 +08:00 [WRN] Overriding address(es) 'http://localhost:5055'. Binding to endpoints defined via IConfiguration and/or UseKestrel() instead.
2025-10-10 10:37:35.009 +08:00 [WRN] Failed to determine the https port for redirect.
2025-10-10 10:37:36.679 +08:00 [INF] 正在验证用户: admin
2025-10-10 10:37:36.681 +08:00 [INF] 输入的密码: admin123
2025-10-10 10:37:36.683 +08:00 [INF] 数据库中的密码: admin123
2025-10-10 10:37:36.685 +08:00 [INF] 密码验证结果: True
2025-10-10 10:37:36.710 +08:00 [INF] 更新最后登录时间成功
2025-10-10 10:37:36.711 +08:00 [INF] 用户 admin 登录成功
2025-10-10 10:37:36.800 +08:00 [INF] 查询到任务数据: ID=150959, MaterialCode=, MaterialQuantity=0, PalletNumber=
2025-10-10 10:42:34.341 +08:00 [INF] TCP服务未启用，数据清理服务将不会启动。
2025-10-10 10:42:34.397 +08:00 [INF] TcpServerService 启动，监听 127.0.0.1:9000
2025-10-10 10:42:34.517 +08:00 [WRN] Overriding address(es) 'http://localhost:5055'. Binding to endpoints defined via IConfiguration and/or UseKestrel() instead.
2025-10-10 10:42:37.984 +08:00 [WRN] Failed to determine the https port for redirect.
2025-10-10 10:42:39.670 +08:00 [INF] 正在验证用户: admin
2025-10-10 10:42:39.672 +08:00 [INF] 输入的密码: admin123
2025-10-10 10:42:39.674 +08:00 [INF] 数据库中的密码: admin123
2025-10-10 10:42:39.676 +08:00 [INF] 密码验证结果: True
2025-10-10 10:42:39.699 +08:00 [INF] 更新最后登录时间成功
2025-10-10 10:42:39.701 +08:00 [INF] 用户 admin 登录成功
2025-10-10 10:42:39.788 +08:00 [INF] 查询到任务数据: ID=150959, MaterialCode=, MaterialQuantity=0, PalletNumber=
2025-10-10 10:44:20.479 +08:00 [INF] TCP服务未启用，数据清理服务将不会启动。
2025-10-10 10:44:20.536 +08:00 [INF] TcpServerService 启动，监听 127.0.0.1:9000
2025-10-10 10:44:20.622 +08:00 [WRN] Overriding address(es) 'http://localhost:5055'. Binding to endpoints defined via IConfiguration and/or UseKestrel() instead.
2025-10-10 10:44:22.389 +08:00 [WRN] Failed to determine the https port for redirect.
2025-10-10 10:44:46.375 +08:00 [INF] 正在验证用户: admin
2025-10-10 10:44:46.377 +08:00 [INF] 输入的密码: admin123
2025-10-10 10:44:46.379 +08:00 [INF] 数据库中的密码: admin123
2025-10-10 10:44:46.380 +08:00 [INF] 密码验证结果: True
2025-10-10 10:44:46.404 +08:00 [INF] 更新最后登录时间成功
2025-10-10 10:44:46.406 +08:00 [INF] 用户 admin 登录成功
2025-10-10 10:44:46.492 +08:00 [INF] 查询到任务数据: ID=150959, MaterialCode=, MaterialQuantity=0, PalletNumber=
2025-10-10 10:45:26.501 +08:00 [INF] 接收到的任务数据: TaskType=0, Source=06A05, Target=06B05, Priority=1, RequestCode=即使为空，也被发任务
2025-10-10 10:45:28.311 +08:00 [INF] 任务创建成功
2025-10-10 10:45:29.854 +08:00 [WRN] 慢请求检测: POST /Tasks/CreateTask - 31361ms - 来自 ::1
2025-10-10 10:45:29.880 +08:00 [INF] 查询到任务数据: ID=151958, MaterialCode=, MaterialQuantity=0, PalletNumber=null
2025-10-10 10:45:42.251 +08:00 [INF] 接收到取消任务请求，任务ID: 150959
2025-10-10 10:45:42.264 +08:00 [INF] 任务 150959 已成功取消
2025-10-10 10:45:42.266 +08:00 [INF] 取消任务结果: 成功=True, 消息=任务已成功取消
2025-10-10 10:45:44.874 +08:00 [INF] 查询到任务数据: ID=151958, MaterialCode=, MaterialQuantity=0, PalletNumber=null
2025-10-10 10:45:46.382 +08:00 [INF] 接收到取消任务请求，任务ID: 151958
2025-10-10 10:45:46.389 +08:00 [INF] 任务 151958 已成功取消
2025-10-10 10:45:46.390 +08:00 [INF] 取消任务结果: 成功=True, 消息=任务已成功取消
2025-10-10 10:45:48.563 +08:00 [INF] 查询到任务数据: ID=151958, MaterialCode=, MaterialQuantity=0, PalletNumber=null
2025-10-10 10:48:37.117 +08:00 [INF] TCP服务未启用，数据清理服务将不会启动。
2025-10-10 10:48:37.191 +08:00 [INF] TcpServerService 启动，监听 127.0.0.1:9000
2025-10-10 10:48:37.291 +08:00 [WRN] Overriding address(es) 'http://localhost:5055'. Binding to endpoints defined via IConfiguration and/or UseKestrel() instead.
2025-10-10 10:48:39.993 +08:00 [WRN] Failed to determine the https port for redirect.
2025-10-10 10:48:50.689 +08:00 [INF] 正在验证用户: admin
2025-10-10 10:48:50.691 +08:00 [INF] 输入的密码: admin123
2025-10-10 10:48:50.692 +08:00 [INF] 数据库中的密码: admin123
2025-10-10 10:48:50.694 +08:00 [INF] 密码验证结果: True
2025-10-10 10:48:50.719 +08:00 [INF] 更新最后登录时间成功
2025-10-10 10:48:50.722 +08:00 [INF] 用户 admin 登录成功
2025-10-10 10:48:50.799 +08:00 [INF] 查询到任务数据: ID=151958, MaterialCode=, MaterialQuantity=0, PalletNumber=null
2025-10-10 10:49:04.215 +08:00 [INF] 接收到的任务数据: TaskType=manualTask, Source=06A05, Target=06B05, Priority=1, RequestCode=1760064544
2025-10-10 10:49:04.251 +08:00 [INF] 任务创建成功
2025-10-10 10:49:04.256 +08:00 [WRN] 慢请求检测: POST /Tasks/CreateTask - 3237ms - 来自 ::1
2025-10-10 10:49:04.284 +08:00 [INF] 查询到任务数据: ID=151959, MaterialCode=, MaterialQuantity=0, PalletNumber=
2025-10-10 10:49:27.182 +08:00 [INF] 接收到取消任务请求，任务ID: 151959
2025-10-10 10:49:27.194 +08:00 [INF] 任务 151959 已成功取消
2025-10-10 10:49:27.196 +08:00 [INF] 取消任务结果: 成功=True, 消息=任务已成功取消
2025-10-10 10:49:30.000 +08:00 [INF] 查询到任务数据: ID=151959, MaterialCode=, MaterialQuantity=0, PalletNumber=
2025-10-10 10:52:21.462 +08:00 [INF] TCP服务未启用，数据清理服务将不会启动。
2025-10-10 10:52:21.528 +08:00 [INF] TcpServerService 启动，监听 127.0.0.1:9000
2025-10-10 10:52:21.619 +08:00 [WRN] Overriding address(es) 'http://localhost:5055'. Binding to endpoints defined via IConfiguration and/or UseKestrel() instead.
2025-10-10 10:52:23.498 +08:00 [WRN] Failed to determine the https port for redirect.
2025-10-10 10:52:25.905 +08:00 [INF] 正在验证用户: admin
2025-10-10 10:52:25.907 +08:00 [INF] 输入的密码: admin123
2025-10-10 10:52:25.908 +08:00 [INF] 数据库中的密码: admin123
2025-10-10 10:52:25.910 +08:00 [INF] 密码验证结果: True
2025-10-10 10:52:25.934 +08:00 [INF] 更新最后登录时间成功
2025-10-10 10:52:25.936 +08:00 [INF] 用户 admin 登录成功
2025-10-10 10:52:26.046 +08:00 [INF] 查询到任务数据: ID=151959, MaterialCode=, MaterialQuantity=0, PalletNumber=
2025-10-10 10:52:38.268 +08:00 [INF] 接收到的任务数据: TaskType=manualTask, Source=06C05, Target=06C07, Priority=10, RequestCode=1760064758
2025-10-10 10:52:38.282 +08:00 [WRN] 慢请求检测: POST /Tasks/CreateTask - 2704ms - 来自 ::1
2025-10-10 10:52:48.579 +08:00 [INF] 接收到的任务数据: TaskType=manualTask, Source=06C05, Target=06C07, Priority=3, RequestCode=1760064768
2025-10-10 10:52:48.623 +08:00 [INF] 任务创建成功
2025-10-10 10:52:48.625 +08:00 [WRN] 慢请求检测: POST /Tasks/CreateTask - 3483ms - 来自 ::1
2025-10-10 10:52:48.644 +08:00 [INF] 查询到任务数据: ID=151960, MaterialCode=, MaterialQuantity=0, PalletNumber=
2025-10-10 10:52:57.893 +08:00 [INF] 接收到取消任务请求，任务ID: 151960
2025-10-10 10:52:57.915 +08:00 [INF] 任务 151960 已成功取消
2025-10-10 10:52:57.917 +08:00 [INF] 取消任务结果: 成功=True, 消息=任务已成功取消
2025-10-10 10:53:00.335 +08:00 [INF] 查询到任务数据: ID=151960, MaterialCode=, MaterialQuantity=0, PalletNumber=
2025-10-10 17:55:16.135 +08:00 [INF] TCP服务未启用，数据清理服务将不会启动。
2025-10-10 17:55:16.203 +08:00 [INF] TcpServerService 启动，监听 127.0.0.1:9000
2025-10-10 17:55:16.326 +08:00 [WRN] Overriding address(es) 'http://localhost:5055'. Binding to endpoints defined via IConfiguration and/or UseKestrel() instead.
2025-10-10 17:55:21.101 +08:00 [WRN] Failed to determine the https port for redirect.
2025-10-10 17:56:06.938 +08:00 [INF] 正在验证用户: admin
2025-10-10 17:56:06.941 +08:00 [INF] 输入的密码: admin123
2025-10-10 17:56:06.943 +08:00 [INF] 数据库中的密码: admin123
2025-10-10 17:56:06.945 +08:00 [INF] 密码验证结果: True
2025-10-10 17:56:06.971 +08:00 [INF] 更新最后登录时间成功
2025-10-10 17:56:06.974 +08:00 [INF] 用户 admin 登录成功
2025-10-10 17:56:07.090 +08:00 [INF] 查询到任务数据: ID=151960, MaterialCode=, MaterialQuantity=0, PalletNumber=
