2025-11-13 10:04:17.935 +08:00 [INF] TCP服务未启用，数据清理服务将不会启动。
2025-11-13 10:04:18.010 +08:00 [INF] TcpServerService 启动，监听 127.0.0.1:9000
2025-11-13 10:04:18.033 +08:00 [INF] 任务缓存处理器已启动
2025-11-13 10:04:18.052 +08:00 [INF] 本次处理 0 个缓存任务
2025-11-13 10:04:18.119 +08:00 [WRN] Overriding address(es) 'http://localhost:5055'. Binding to endpoints defined via IConfiguration and/or UseKestrel() instead.
2025-11-13 10:04:21.211 +08:00 [WRN] Failed to determine the https port for redirect.
2025-11-13 10:04:22.879 +08:00 [INF] 正在验证用户: admin
2025-11-13 10:04:22.881 +08:00 [INF] 输入的密码: admin123
2025-11-13 10:04:22.882 +08:00 [INF] 数据库中的密码: admin123
2025-11-13 10:04:22.884 +08:00 [INF] 密码验证结果: True
2025-11-13 10:04:22.902 +08:00 [INF] 更新最后登录时间成功
2025-11-13 10:04:22.905 +08:00 [INF] 用户 admin 登录成功
2025-11-13 10:04:58.454 +08:00 [INF] 接收到取消任务请求，任务ID: 152018
2025-11-13 10:04:58.490 +08:00 [INF] 已解锁任务 152018 的起点: 06A05
2025-11-13 10:04:58.494 +08:00 [INF] 已解锁任务 152018 的终点: PD002
2025-11-13 10:04:58.496 +08:00 [INF] 已解锁任务 152019 的起点: PC002
2025-11-13 10:04:58.500 +08:00 [INF] 已解锁任务 152019 的终点: PA016
2025-11-13 10:04:58.505 +08:00 [INF] 拆分任务分组 839334c1-0e0a-42d4-89f1-6129ec4fac54 已成功取消，共取消 2 个任务
2025-11-13 10:04:58.507 +08:00 [INF] 取消任务结果: 成功=True, 消息=拆分任务分组已成功取消，共取消 2 个任务
2025-11-13 10:04:59.377 +08:00 [INF] 接收到取消任务请求，任务ID: 152018
2025-11-13 10:04:59.383 +08:00 [INF] 取消任务结果: 成功=False, 消息=已完成的任务不能取消
2025-11-13 10:05:18.061 +08:00 [INF] 本次处理 0 个缓存任务
2025-11-13 10:06:18.073 +08:00 [INF] 本次处理 0 个缓存任务
2025-11-13 10:07:18.076 +08:00 [INF] 本次处理 0 个缓存任务
2025-11-13 10:08:18.095 +08:00 [INF] 本次处理 0 个缓存任务
2025-11-13 10:08:51.840 +08:00 [INF] 接收到的任务数据: TaskType=manualTask, Source=06A05, Target=PA001, Priority=1, RequestCode=1762999731
2025-11-13 10:08:51.855 +08:00 [INF] 开始处理AddTaskAsync请求: PalletNumber=, RequestCode=1762999731, TaskType=manualTask, 起点=06A05, 终点=PA001, 物料=, 数量=0
2025-11-13 10:08:51.860 +08:00 [INF] PalletNumber 为空，已自动生成时间戳: 20251113100851860
2025-11-13 10:08:51.868 +08:00 [INF] 检测到需要拆分的任务（类型2），起点: 06A05
2025-11-13 10:08:51.892 +08:00 [INF] 已锁定任务起点储位: 06A05
2025-11-13 10:08:51.894 +08:00 [INF] 已锁定小地牛中转点储位: PC002
2025-11-13 10:08:51.897 +08:00 [INF] 已锁定三向车中转点储位: PD002
2025-11-13 10:08:51.900 +08:00 [INF] 已锁定任务终点储位: PA001
2025-11-13 10:08:51.904 +08:00 [INF] 任务拆分完成（类型2），分组ID: ffd1834a-140c-4476-8b65-179f8fe5bde8，第一个任务: 1762999731_1，第二个任务: 1762999731_2
2025-11-13 10:08:51.929 +08:00 [INF] 任务拆分成功，原始任务: 1762999731，生成了 2 个子任务
2025-11-13 10:09:18.109 +08:00 [INF] 本次处理 0 个缓存任务
