2026-03-03 11:04:44.587 +08:00 [INF] TCP服务未启用，数据清理服务将不会启动。
2026-03-03 11:04:44.651 +08:00 [INF] TcpServerService 启动，监听 127.0.0.1:9000
2026-03-03 11:04:44.675 +08:00 [INF] 任务缓存处理器已启动
2026-03-03 11:04:44.704 +08:00 [INF] 本次处理 4 个缓存任务
2026-03-03 11:04:44.706 +08:00 [INF] 开始处理缓存任务: Id=150, PalletNumber=20260115151127837, RequestCode=1768461087, RetryCount=5
2026-03-03 11:04:44.764 +08:00 [INF] 完成处理缓存任务: Id=150, PalletNumber=20260115151127837, RequestCode=1768461087
2026-03-03 11:04:44.766 +08:00 [INF] 开始处理缓存任务: Id=151, PalletNumber=20260115151137616, RequestCode=1768461097, RetryCount=5
2026-03-03 11:04:44.770 +08:00 [INF] 完成处理缓存任务: Id=151, PalletNumber=20260115151137616, RequestCode=1768461097
2026-03-03 11:04:44.771 +08:00 [INF] 开始处理缓存任务: Id=152, PalletNumber=20260115151151171, RequestCode=1768461111, RetryCount=22
2026-03-03 11:04:44.780 +08:00 [INF] 检测到点位可用，准备处理缓存任务: RequestCode=1768461111, 起点=06C06, 终点=06A07
2026-03-03 11:04:44.787 +08:00 [INF] 调用AddTaskAsync: PalletNumber=20260115151151171, RequestCode=1768461111, TaskType=manualTask, 起点=06C06, 终点=06A07
2026-03-03 11:04:44.805 +08:00 [INF] 开始处理AddTaskAsync请求: PalletNumber=20260115151151171, RequestCode=1768461111, TaskType=manualTask, 起点=06C06, 终点=06A07, 物料=, 数量=0
2026-03-03 11:04:44.820 +08:00 [WRN] Overriding address(es) 'http://localhost:5055'. Binding to endpoints defined via IConfiguration and/or UseKestrel() instead.
2026-03-03 11:04:44.832 +08:00 [INF] 检测到需要拆分的任务（类型2），起点: 06C06
2026-03-03 11:04:44.849 +08:00 [INF] 开始执行CacheTaskAsync: PalletNumber=20260115151151171, RequestCode=1768461111, 错误信息=中转点 PD002 已被锁定
2026-03-03 11:04:44.853 +08:00 [INF] 发现已存在的缓存任务，将更新而非新增: Id=152, PalletNumber=20260115151151171
2026-03-03 11:04:44.864 +08:00 [INF] 缓存任务已存在，已更新: PalletNumber=20260115151151171, RequestCode=1768461111, 错误信息: 中转点 PD002 已被锁定
2026-03-03 11:04:44.866 +08:00 [INF] CacheTaskAsync完成（更新已存在的缓存任务）
2026-03-03 11:04:44.875 +08:00 [INF] AddTaskAsync返回结果: Status=Success, Message=任务已缓存，等待点位释放后自动处理, FailType=
2026-03-03 11:04:44.891 +08:00 [INF] 缓存任务仍需等待点位释放: PalletNumber=20260115151151171, RequestCode=1768461111, 重试次数: 23
2026-03-03 11:04:44.892 +08:00 [INF] 完成处理缓存任务: Id=152, PalletNumber=20260115151151171, RequestCode=1768461111
2026-03-03 11:04:44.895 +08:00 [INF] 开始处理缓存任务: Id=149, PalletNumber=20260115150330837, RequestCode=1768460610, RetryCount=9
2026-03-03 11:04:44.901 +08:00 [INF] 完成处理缓存任务: Id=149, PalletNumber=20260115150330837, RequestCode=1768460610
2026-03-03 11:04:50.805 +08:00 [WRN] Failed to determine the https port for redirect.
2026-03-03 11:05:44.916 +08:00 [INF] 本次处理 4 个缓存任务
2026-03-03 11:05:44.922 +08:00 [INF] 开始处理缓存任务: Id=150, PalletNumber=20260115151127837, RequestCode=1768461087, RetryCount=5
2026-03-03 11:05:44.928 +08:00 [INF] 完成处理缓存任务: Id=150, PalletNumber=20260115151127837, RequestCode=1768461087
2026-03-03 11:05:44.929 +08:00 [INF] 开始处理缓存任务: Id=151, PalletNumber=20260115151137616, RequestCode=1768461097, RetryCount=5
2026-03-03 11:05:44.931 +08:00 [INF] 完成处理缓存任务: Id=151, PalletNumber=20260115151137616, RequestCode=1768461097
2026-03-03 11:05:44.932 +08:00 [INF] 开始处理缓存任务: Id=152, PalletNumber=20260115151151171, RequestCode=1768461111, RetryCount=23
2026-03-03 11:05:44.942 +08:00 [INF] 检测到点位可用，准备处理缓存任务: RequestCode=1768461111, 起点=06C06, 终点=06A07
2026-03-03 11:05:44.943 +08:00 [INF] 调用AddTaskAsync: PalletNumber=20260115151151171, RequestCode=1768461111, TaskType=manualTask, 起点=06C06, 终点=06A07
2026-03-03 11:05:44.944 +08:00 [INF] 开始处理AddTaskAsync请求: PalletNumber=20260115151151171, RequestCode=1768461111, TaskType=manualTask, 起点=06C06, 终点=06A07, 物料=, 数量=0
2026-03-03 11:05:44.948 +08:00 [INF] 检测到需要拆分的任务（类型2），起点: 06C06
2026-03-03 11:05:44.951 +08:00 [INF] 开始执行CacheTaskAsync: PalletNumber=20260115151151171, RequestCode=1768461111, 错误信息=中转点 PD002 已被锁定
2026-03-03 11:05:44.954 +08:00 [INF] 发现已存在的缓存任务，将更新而非新增: Id=152, PalletNumber=20260115151151171
2026-03-03 11:05:44.957 +08:00 [INF] 缓存任务已存在，已更新: PalletNumber=20260115151151171, RequestCode=1768461111, 错误信息: 中转点 PD002 已被锁定
2026-03-03 11:05:44.960 +08:00 [INF] CacheTaskAsync完成（更新已存在的缓存任务）
2026-03-03 11:05:44.961 +08:00 [INF] AddTaskAsync返回结果: Status=Success, Message=任务已缓存，等待点位释放后自动处理, FailType=
2026-03-03 11:05:44.966 +08:00 [INF] 缓存任务仍需等待点位释放: PalletNumber=20260115151151171, RequestCode=1768461111, 重试次数: 24
2026-03-03 11:05:44.967 +08:00 [INF] 完成处理缓存任务: Id=152, PalletNumber=20260115151151171, RequestCode=1768461111
2026-03-03 11:05:44.968 +08:00 [INF] 开始处理缓存任务: Id=149, PalletNumber=20260115150330837, RequestCode=1768460610, RetryCount=9
2026-03-03 11:05:44.970 +08:00 [INF] 完成处理缓存任务: Id=149, PalletNumber=20260115150330837, RequestCode=1768460610
2026-03-03 11:06:43.102 +08:00 [INF] 正在验证用户: admin
2026-03-03 11:06:43.118 +08:00 [INF] 输入的密码: admin123
2026-03-03 11:06:43.123 +08:00 [INF] 数据库中的密码: admin123
2026-03-03 11:06:43.129 +08:00 [INF] 密码验证结果: True
2026-03-03 11:06:43.163 +08:00 [INF] 更新最后登录时间成功
2026-03-03 11:06:43.167 +08:00 [INF] 用户 admin 登录成功
2026-03-03 11:06:44.974 +08:00 [INF] 本次处理 4 个缓存任务
2026-03-03 11:06:44.975 +08:00 [INF] 开始处理缓存任务: Id=150, PalletNumber=20260115151127837, RequestCode=1768461087, RetryCount=5
2026-03-03 11:06:44.981 +08:00 [INF] 完成处理缓存任务: Id=150, PalletNumber=20260115151127837, RequestCode=1768461087
2026-03-03 11:06:44.982 +08:00 [INF] 开始处理缓存任务: Id=151, PalletNumber=20260115151137616, RequestCode=1768461097, RetryCount=5
2026-03-03 11:06:44.988 +08:00 [INF] 完成处理缓存任务: Id=151, PalletNumber=20260115151137616, RequestCode=1768461097
2026-03-03 11:06:44.990 +08:00 [INF] 开始处理缓存任务: Id=152, PalletNumber=20260115151151171, RequestCode=1768461111, RetryCount=24
2026-03-03 11:06:44.996 +08:00 [INF] 检测到点位可用，准备处理缓存任务: RequestCode=1768461111, 起点=06C06, 终点=06A07
2026-03-03 11:06:44.997 +08:00 [INF] 调用AddTaskAsync: PalletNumber=20260115151151171, RequestCode=1768461111, TaskType=manualTask, 起点=06C06, 终点=06A07
2026-03-03 11:06:44.999 +08:00 [INF] 开始处理AddTaskAsync请求: PalletNumber=20260115151151171, RequestCode=1768461111, TaskType=manualTask, 起点=06C06, 终点=06A07, 物料=, 数量=0
2026-03-03 11:06:45.005 +08:00 [INF] 检测到需要拆分的任务（类型2），起点: 06C06
2026-03-03 11:06:45.010 +08:00 [INF] 开始执行CacheTaskAsync: PalletNumber=20260115151151171, RequestCode=1768461111, 错误信息=中转点 PD002 已被锁定
2026-03-03 11:06:45.013 +08:00 [INF] 发现已存在的缓存任务，将更新而非新增: Id=152, PalletNumber=20260115151151171
2026-03-03 11:06:45.017 +08:00 [INF] 缓存任务已存在，已更新: PalletNumber=20260115151151171, RequestCode=1768461111, 错误信息: 中转点 PD002 已被锁定
2026-03-03 11:06:45.020 +08:00 [INF] CacheTaskAsync完成（更新已存在的缓存任务）
2026-03-03 11:06:45.022 +08:00 [INF] AddTaskAsync返回结果: Status=Success, Message=任务已缓存，等待点位释放后自动处理, FailType=
2026-03-03 11:06:45.026 +08:00 [INF] 缓存任务仍需等待点位释放: PalletNumber=20260115151151171, RequestCode=1768461111, 重试次数: 25
2026-03-03 11:06:45.028 +08:00 [INF] 完成处理缓存任务: Id=152, PalletNumber=20260115151151171, RequestCode=1768461111
2026-03-03 11:06:45.030 +08:00 [INF] 开始处理缓存任务: Id=149, PalletNumber=20260115150330837, RequestCode=1768460610, RetryCount=9
2026-03-03 11:06:45.037 +08:00 [INF] 完成处理缓存任务: Id=149, PalletNumber=20260115150330837, RequestCode=1768460610
