2026-03-06 10:08:51.304 +08:00 [INF] TCP服务未启用，数据清理服务将不会启动。
2026-03-06 10:08:51.361 +08:00 [INF] TcpServerService 启动，监听 127.0.0.1:9000
2026-03-06 10:08:51.382 +08:00 [INF] 任务缓存处理器已启动
2026-03-06 10:08:51.405 +08:00 [INF] 本次处理 4 个缓存任务
2026-03-06 10:08:51.410 +08:00 [INF] 开始处理缓存任务: Id=150, PalletNumber=20260115151127837, RequestCode=1768461087, RetryCount=5
2026-03-06 10:08:51.434 +08:00 [INF] 完成处理缓存任务: Id=150, PalletNumber=20260115151127837, RequestCode=1768461087
2026-03-06 10:08:51.435 +08:00 [INF] 开始处理缓存任务: Id=151, PalletNumber=20260115151137616, RequestCode=1768461097, RetryCount=5
2026-03-06 10:08:51.438 +08:00 [INF] 完成处理缓存任务: Id=151, PalletNumber=20260115151137616, RequestCode=1768461097
2026-03-06 10:08:51.447 +08:00 [INF] 开始处理缓存任务: Id=152, PalletNumber=20260115151151171, RequestCode=1768461111, RetryCount=25
2026-03-06 10:08:51.449 +08:00 [INF] 检测到点位可用，准备处理缓存任务: RequestCode=1768461111, 起点=06C06, 终点=06A07
2026-03-06 10:08:51.470 +08:00 [INF] 调用AddTaskAsync: PalletNumber=20260115151151171, RequestCode=1768461111, TaskType=manualTask, 起点=06C06, 终点=06A07
2026-03-06 10:08:51.474 +08:00 [WRN] Overriding address(es) 'http://localhost:5055'. Binding to endpoints defined via IConfiguration and/or UseKestrel() instead.
2026-03-06 10:08:51.478 +08:00 [INF] 开始处理AddTaskAsync请求: PalletNumber=20260115151151171, RequestCode=1768461111, TaskType=manualTask, 起点=06C06, 终点=06A07, 物料=, 数量=0
2026-03-06 10:08:51.492 +08:00 [INF] 检测到需要拆分的任务（类型2），起点: 06C06
2026-03-06 10:08:51.506 +08:00 [INF] 开始执行CacheTaskAsync: PalletNumber=20260115151151171, RequestCode=1768461111, 错误信息=中转点 PD002 已被锁定
2026-03-06 10:08:51.510 +08:00 [INF] 发现已存在的缓存任务，将更新而非新增: Id=152, PalletNumber=20260115151151171
2026-03-06 10:08:51.515 +08:00 [INF] 缓存任务已存在，已更新: PalletNumber=20260115151151171, RequestCode=1768461111, 错误信息: 中转点 PD002 已被锁定
2026-03-06 10:08:51.518 +08:00 [INF] CacheTaskAsync完成（更新已存在的缓存任务）
2026-03-06 10:08:51.525 +08:00 [INF] AddTaskAsync返回结果: Status=Success, Message=任务已缓存，等待点位释放后自动处理, FailType=
2026-03-06 10:08:51.540 +08:00 [INF] 缓存任务仍需等待点位释放: PalletNumber=20260115151151171, RequestCode=1768461111, 重试次数: 26
2026-03-06 10:08:51.541 +08:00 [INF] 完成处理缓存任务: Id=152, PalletNumber=20260115151151171, RequestCode=1768461111
2026-03-06 10:08:51.542 +08:00 [INF] 开始处理缓存任务: Id=149, PalletNumber=20260115150330837, RequestCode=1768460610, RetryCount=9
2026-03-06 10:08:51.544 +08:00 [INF] 完成处理缓存任务: Id=149, PalletNumber=20260115150330837, RequestCode=1768460610
2026-03-06 10:08:54.528 +08:00 [WRN] Failed to determine the https port for redirect.
2026-03-06 10:09:02.945 +08:00 [INF] 正在验证用户: admin
2026-03-06 10:09:02.947 +08:00 [INF] 输入的密码: admin123
2026-03-06 10:09:02.952 +08:00 [INF] 数据库中的密码: admin123
2026-03-06 10:09:02.959 +08:00 [INF] 密码验证结果: True
2026-03-06 10:09:02.982 +08:00 [INF] 更新最后登录时间成功
2026-03-06 10:09:02.983 +08:00 [INF] 用户 admin 登录成功
2026-03-06 10:09:51.560 +08:00 [INF] 本次处理 4 个缓存任务
2026-03-06 10:09:51.562 +08:00 [INF] 开始处理缓存任务: Id=150, PalletNumber=20260115151127837, RequestCode=1768461087, RetryCount=5
2026-03-06 10:09:51.572 +08:00 [INF] 完成处理缓存任务: Id=150, PalletNumber=20260115151127837, RequestCode=1768461087
2026-03-06 10:09:51.573 +08:00 [INF] 开始处理缓存任务: Id=151, PalletNumber=20260115151137616, RequestCode=1768461097, RetryCount=5
2026-03-06 10:09:51.575 +08:00 [INF] 完成处理缓存任务: Id=151, PalletNumber=20260115151137616, RequestCode=1768461097
2026-03-06 10:09:51.577 +08:00 [INF] 开始处理缓存任务: Id=152, PalletNumber=20260115151151171, RequestCode=1768461111, RetryCount=26
2026-03-06 10:09:51.580 +08:00 [INF] 检测到点位可用，准备处理缓存任务: RequestCode=1768461111, 起点=06C06, 终点=06A07
2026-03-06 10:09:51.582 +08:00 [INF] 调用AddTaskAsync: PalletNumber=20260115151151171, RequestCode=1768461111, TaskType=manualTask, 起点=06C06, 终点=06A07
2026-03-06 10:09:51.583 +08:00 [INF] 开始处理AddTaskAsync请求: PalletNumber=20260115151151171, RequestCode=1768461111, TaskType=manualTask, 起点=06C06, 终点=06A07, 物料=, 数量=0
2026-03-06 10:09:51.588 +08:00 [INF] 检测到需要拆分的任务（类型2），起点: 06C06
2026-03-06 10:09:51.591 +08:00 [INF] 开始执行CacheTaskAsync: PalletNumber=20260115151151171, RequestCode=1768461111, 错误信息=中转点 PD002 已被锁定
2026-03-06 10:09:51.595 +08:00 [INF] 发现已存在的缓存任务，将更新而非新增: Id=152, PalletNumber=20260115151151171
2026-03-06 10:09:51.599 +08:00 [INF] 缓存任务已存在，已更新: PalletNumber=20260115151151171, RequestCode=1768461111, 错误信息: 中转点 PD002 已被锁定
2026-03-06 10:09:51.601 +08:00 [INF] CacheTaskAsync完成（更新已存在的缓存任务）
2026-03-06 10:09:51.602 +08:00 [INF] AddTaskAsync返回结果: Status=Success, Message=任务已缓存，等待点位释放后自动处理, FailType=
2026-03-06 10:09:51.605 +08:00 [INF] 缓存任务仍需等待点位释放: PalletNumber=20260115151151171, RequestCode=1768461111, 重试次数: 27
2026-03-06 10:09:51.606 +08:00 [INF] 完成处理缓存任务: Id=152, PalletNumber=20260115151151171, RequestCode=1768461111
2026-03-06 10:09:51.608 +08:00 [INF] 开始处理缓存任务: Id=149, PalletNumber=20260115150330837, RequestCode=1768460610, RetryCount=9
2026-03-06 10:09:51.610 +08:00 [INF] 完成处理缓存任务: Id=149, PalletNumber=20260115150330837, RequestCode=1768460610
2026-03-06 10:10:51.626 +08:00 [INF] 本次处理 4 个缓存任务
2026-03-06 10:10:51.628 +08:00 [INF] 开始处理缓存任务: Id=150, PalletNumber=20260115151127837, RequestCode=1768461087, RetryCount=5
2026-03-06 10:10:51.637 +08:00 [INF] 完成处理缓存任务: Id=150, PalletNumber=20260115151127837, RequestCode=1768461087
2026-03-06 10:10:51.638 +08:00 [INF] 开始处理缓存任务: Id=151, PalletNumber=20260115151137616, RequestCode=1768461097, RetryCount=5
2026-03-06 10:10:51.644 +08:00 [INF] 完成处理缓存任务: Id=151, PalletNumber=20260115151137616, RequestCode=1768461097
2026-03-06 10:10:51.646 +08:00 [INF] 开始处理缓存任务: Id=152, PalletNumber=20260115151151171, RequestCode=1768461111, RetryCount=27
2026-03-06 10:10:51.654 +08:00 [INF] 检测到点位可用，准备处理缓存任务: RequestCode=1768461111, 起点=06C06, 终点=06A07
2026-03-06 10:10:51.655 +08:00 [INF] 调用AddTaskAsync: PalletNumber=20260115151151171, RequestCode=1768461111, TaskType=manualTask, 起点=06C06, 终点=06A07
2026-03-06 10:10:51.657 +08:00 [INF] 开始处理AddTaskAsync请求: PalletNumber=20260115151151171, RequestCode=1768461111, TaskType=manualTask, 起点=06C06, 终点=06A07, 物料=, 数量=0
2026-03-06 10:10:51.662 +08:00 [INF] 检测到需要拆分的任务（类型2），起点: 06C06
2026-03-06 10:10:51.666 +08:00 [INF] 开始执行CacheTaskAsync: PalletNumber=20260115151151171, RequestCode=1768461111, 错误信息=中转点 PD002 已被锁定
2026-03-06 10:10:51.670 +08:00 [INF] 发现已存在的缓存任务，将更新而非新增: Id=152, PalletNumber=20260115151151171
2026-03-06 10:10:51.674 +08:00 [INF] 缓存任务已存在，已更新: PalletNumber=20260115151151171, RequestCode=1768461111, 错误信息: 中转点 PD002 已被锁定
2026-03-06 10:10:51.676 +08:00 [INF] CacheTaskAsync完成（更新已存在的缓存任务）
2026-03-06 10:10:51.678 +08:00 [INF] AddTaskAsync返回结果: Status=Success, Message=任务已缓存，等待点位释放后自动处理, FailType=
2026-03-06 10:10:51.682 +08:00 [INF] 缓存任务仍需等待点位释放: PalletNumber=20260115151151171, RequestCode=1768461111, 重试次数: 28
2026-03-06 10:10:51.684 +08:00 [INF] 完成处理缓存任务: Id=152, PalletNumber=20260115151151171, RequestCode=1768461111
2026-03-06 10:10:51.685 +08:00 [INF] 开始处理缓存任务: Id=149, PalletNumber=20260115150330837, RequestCode=1768460610, RetryCount=9
2026-03-06 10:10:51.690 +08:00 [INF] 完成处理缓存任务: Id=149, PalletNumber=20260115150330837, RequestCode=1768460610
2026-03-06 10:11:51.706 +08:00 [INF] 本次处理 4 个缓存任务
2026-03-06 10:11:51.708 +08:00 [INF] 开始处理缓存任务: Id=150, PalletNumber=20260115151127837, RequestCode=1768461087, RetryCount=5
2026-03-06 10:11:51.715 +08:00 [INF] 完成处理缓存任务: Id=150, PalletNumber=20260115151127837, RequestCode=1768461087
2026-03-06 10:11:51.716 +08:00 [INF] 开始处理缓存任务: Id=151, PalletNumber=20260115151137616, RequestCode=1768461097, RetryCount=5
2026-03-06 10:11:51.718 +08:00 [INF] 完成处理缓存任务: Id=151, PalletNumber=20260115151137616, RequestCode=1768461097
2026-03-06 10:11:51.720 +08:00 [INF] 开始处理缓存任务: Id=152, PalletNumber=20260115151151171, RequestCode=1768461111, RetryCount=28
2026-03-06 10:11:51.722 +08:00 [INF] 检测到点位可用，准备处理缓存任务: RequestCode=1768461111, 起点=06C06, 终点=06A07
2026-03-06 10:11:51.724 +08:00 [INF] 调用AddTaskAsync: PalletNumber=20260115151151171, RequestCode=1768461111, TaskType=manualTask, 起点=06C06, 终点=06A07
2026-03-06 10:11:51.725 +08:00 [INF] 开始处理AddTaskAsync请求: PalletNumber=20260115151151171, RequestCode=1768461111, TaskType=manualTask, 起点=06C06, 终点=06A07, 物料=, 数量=0
2026-03-06 10:11:51.729 +08:00 [INF] 检测到需要拆分的任务（类型2），起点: 06C06
2026-03-06 10:11:51.734 +08:00 [INF] 开始执行CacheTaskAsync: PalletNumber=20260115151151171, RequestCode=1768461111, 错误信息=中转点 PD002 已被锁定
2026-03-06 10:11:51.738 +08:00 [INF] 发现已存在的缓存任务，将更新而非新增: Id=152, PalletNumber=20260115151151171
2026-03-06 10:11:51.741 +08:00 [INF] 缓存任务已存在，已更新: PalletNumber=20260115151151171, RequestCode=1768461111, 错误信息: 中转点 PD002 已被锁定
2026-03-06 10:11:51.743 +08:00 [INF] CacheTaskAsync完成（更新已存在的缓存任务）
2026-03-06 10:11:51.745 +08:00 [INF] AddTaskAsync返回结果: Status=Success, Message=任务已缓存，等待点位释放后自动处理, FailType=
2026-03-06 10:11:51.748 +08:00 [INF] 缓存任务仍需等待点位释放: PalletNumber=20260115151151171, RequestCode=1768461111, 重试次数: 29
2026-03-06 10:11:51.749 +08:00 [INF] 完成处理缓存任务: Id=152, PalletNumber=20260115151151171, RequestCode=1768461111
2026-03-06 10:11:51.751 +08:00 [INF] 开始处理缓存任务: Id=149, PalletNumber=20260115150330837, RequestCode=1768460610, RetryCount=9
2026-03-06 10:11:51.753 +08:00 [INF] 完成处理缓存任务: Id=149, PalletNumber=20260115150330837, RequestCode=1768460610
2026-03-06 10:12:51.766 +08:00 [INF] 本次处理 4 个缓存任务
2026-03-06 10:12:51.768 +08:00 [INF] 开始处理缓存任务: Id=150, PalletNumber=20260115151127837, RequestCode=1768461087, RetryCount=5
2026-03-06 10:12:51.778 +08:00 [INF] 完成处理缓存任务: Id=150, PalletNumber=20260115151127837, RequestCode=1768461087
2026-03-06 10:12:51.779 +08:00 [INF] 开始处理缓存任务: Id=151, PalletNumber=20260115151137616, RequestCode=1768461097, RetryCount=5
2026-03-06 10:12:51.784 +08:00 [INF] 完成处理缓存任务: Id=151, PalletNumber=20260115151137616, RequestCode=1768461097
2026-03-06 10:12:51.786 +08:00 [INF] 开始处理缓存任务: Id=152, PalletNumber=20260115151151171, RequestCode=1768461111, RetryCount=29
2026-03-06 10:12:51.789 +08:00 [INF] 检测到点位可用，准备处理缓存任务: RequestCode=1768461111, 起点=06C06, 终点=06A07
2026-03-06 10:12:51.790 +08:00 [INF] 调用AddTaskAsync: PalletNumber=20260115151151171, RequestCode=1768461111, TaskType=manualTask, 起点=06C06, 终点=06A07
2026-03-06 10:12:51.792 +08:00 [INF] 开始处理AddTaskAsync请求: PalletNumber=20260115151151171, RequestCode=1768461111, TaskType=manualTask, 起点=06C06, 终点=06A07, 物料=, 数量=0
2026-03-06 10:12:51.797 +08:00 [INF] 检测到需要拆分的任务（类型2），起点: 06C06
2026-03-06 10:12:51.801 +08:00 [INF] 开始执行CacheTaskAsync: PalletNumber=20260115151151171, RequestCode=1768461111, 错误信息=中转点 PD002 已被锁定
2026-03-06 10:12:51.804 +08:00 [INF] 发现已存在的缓存任务，将更新而非新增: Id=152, PalletNumber=20260115151151171
2026-03-06 10:12:51.808 +08:00 [INF] 缓存任务已存在，已更新: PalletNumber=20260115151151171, RequestCode=1768461111, 错误信息: 中转点 PD002 已被锁定
2026-03-06 10:12:51.810 +08:00 [INF] CacheTaskAsync完成（更新已存在的缓存任务）
2026-03-06 10:12:51.811 +08:00 [INF] AddTaskAsync返回结果: Status=Success, Message=任务已缓存，等待点位释放后自动处理, FailType=
2026-03-06 10:12:51.816 +08:00 [INF] 缓存任务仍需等待点位释放: PalletNumber=20260115151151171, RequestCode=1768461111, 重试次数: 30
2026-03-06 10:12:51.817 +08:00 [INF] 完成处理缓存任务: Id=152, PalletNumber=20260115151151171, RequestCode=1768461111
2026-03-06 10:12:51.818 +08:00 [INF] 开始处理缓存任务: Id=149, PalletNumber=20260115150330837, RequestCode=1768460610, RetryCount=9
2026-03-06 10:12:51.820 +08:00 [INF] 完成处理缓存任务: Id=149, PalletNumber=20260115150330837, RequestCode=1768460610
2026-03-06 10:13:53.858 +08:00 [INF] 本次处理 4 个缓存任务
2026-03-06 10:13:53.860 +08:00 [INF] 开始处理缓存任务: Id=150, PalletNumber=20260115151127837, RequestCode=1768461087, RetryCount=5
2026-03-06 10:13:53.885 +08:00 [INF] 完成处理缓存任务: Id=150, PalletNumber=20260115151127837, RequestCode=1768461087
2026-03-06 10:13:53.886 +08:00 [INF] 开始处理缓存任务: Id=151, PalletNumber=20260115151137616, RequestCode=1768461097, RetryCount=5
2026-03-06 10:13:53.896 +08:00 [INF] 完成处理缓存任务: Id=151, PalletNumber=20260115151137616, RequestCode=1768461097
2026-03-06 10:13:53.897 +08:00 [INF] 开始处理缓存任务: Id=152, PalletNumber=20260115151151171, RequestCode=1768461111, RetryCount=30
2026-03-06 10:13:53.908 +08:00 [INF] 检测到点位可用，准备处理缓存任务: RequestCode=1768461111, 起点=06C06, 终点=06A07
2026-03-06 10:13:53.911 +08:00 [INF] 调用AddTaskAsync: PalletNumber=20260115151151171, RequestCode=1768461111, TaskType=manualTask, 起点=06C06, 终点=06A07
2026-03-06 10:13:53.918 +08:00 [INF] 开始处理AddTaskAsync请求: PalletNumber=20260115151151171, RequestCode=1768461111, TaskType=manualTask, 起点=06C06, 终点=06A07, 物料=, 数量=0
2026-03-06 10:13:53.934 +08:00 [INF] 检测到需要拆分的任务（类型2），起点: 06C06
2026-03-06 10:13:53.944 +08:00 [INF] 开始执行CacheTaskAsync: PalletNumber=20260115151151171, RequestCode=1768461111, 错误信息=中转点 PD002 已被锁定
2026-03-06 10:13:53.950 +08:00 [INF] 发现已存在的缓存任务，将更新而非新增: Id=152, PalletNumber=20260115151151171
2026-03-06 10:13:53.954 +08:00 [INF] 缓存任务已存在，已更新: PalletNumber=20260115151151171, RequestCode=1768461111, 错误信息: 中转点 PD002 已被锁定
2026-03-06 10:13:53.957 +08:00 [INF] CacheTaskAsync完成（更新已存在的缓存任务）
2026-03-06 10:13:53.959 +08:00 [INF] AddTaskAsync返回结果: Status=Success, Message=任务已缓存，等待点位释放后自动处理, FailType=
2026-03-06 10:13:53.965 +08:00 [INF] 缓存任务仍需等待点位释放: PalletNumber=20260115151151171, RequestCode=1768461111, 重试次数: 31
2026-03-06 10:13:53.966 +08:00 [INF] 完成处理缓存任务: Id=152, PalletNumber=20260115151151171, RequestCode=1768461111
2026-03-06 10:13:53.968 +08:00 [INF] 开始处理缓存任务: Id=149, PalletNumber=20260115150330837, RequestCode=1768460610, RetryCount=9
2026-03-06 10:13:53.974 +08:00 [INF] 完成处理缓存任务: Id=149, PalletNumber=20260115150330837, RequestCode=1768460610
